[2026-05-26 16:40:01] [Middleware] 服务已启动 127.0.0.1:5001
[2026-05-26 16:40:01] [Middleware] 新节点加入: ('127.0.0.1', 60623)
[2026-05-26 16:40:01] [Middleware] 节点 ('127.0.0.1', 60623) 订阅主题: note/publish
[2026-05-26 16:40:01] [Middleware] 新节点加入: ('127.0.0.1', 60624)
[2026-05-26 16:40:01] [Middleware] 节点 ('127.0.0.1', 60623) 订阅主题: note/publish
[2026-05-26 16:40:01] [Middleware] 节点 ('127.0.0.1', 60624) 订阅主题: note/like
[2026-05-26 16:40:01] [Middleware] 新节点加入: ('127.0.0.1', 60625)
[2026-05-26 16:40:01] [Middleware] 节点 ('127.0.0.1', 60624) 订阅主题: note/comment
[2026-05-26 16:40:01] [Middleware] 节点 ('127.0.0.1', 60625) 订阅主题: note/like
[2026-05-26 16:40:01] [Middleware] 新节点加入: ('127.0.0.1', 60626)
[2026-05-26 16:40:01] [Middleware] 节点 ('127.0.0.1', 60625) 订阅主题: note/comment
[2026-05-26 16:40:01] [Middleware] 新节点加入: ('127.0.0.1', 60627)
[2026-05-26 16:40:02] [Middleware] 节点 ('127.0.0.1', 60626) 订阅主题: query/request
[2026-05-26 16:40:08] [Middleware] 新节点加入: ('127.0.0.1', 54884)
[2026-05-26 16:40:08] [Middleware] 节点 ('127.0.0.1', 54884) 订阅主题: query/response
[2026-05-26 16:40:08] [Middleware] 接收到查询请求放入队列 - ID: 1779784808.9505682, 类型: get_notes
[2026-05-26 16:40:09] [Middleware] 分发查询请求 - 主题: query/request, 内容: {'query_id': '1779784808.9505682', 'query_type': 'get_notes', 'params': {}}
[2026-05-26 16:40:09] [Middleware] 接收到消息 - 主题: query/response, 内容: {'status': 'success', 'data': [{'id': 'a16394cd-45b4-45aa-b129-b92a54fd46a8', 'title': '123', 'content': '123', 'author': 'guest', 'created_at': None, 'likes': 5, 'comments': 0, 'heat': 10, 'status': 'approved'}, {'id': 'c216fe9f-591f-4616-a21c-813aff198c85', 'title': '333', 'content': '333', 'author': 'guest', 'created_at': None, 'likes': 16, 'comments': 1, 'heat': 35, 'status': 'approved'}, {'id': '4cbd6681-8b0d-4de1-ada9-9bf2900a8573', 'title': '111', 'content': '1111', 'author': 'guest', 'created_at': None, 'likes': 0, 'comments': 0, 'heat': 0, 'status': 'approved'}, {'id': 'f4e8c84e-0b91-4105-a36e-701623db2646', 'title': '123', 'content': '123', 'author': 'guest', 'created_at': None, 'likes': 0, 'comments': 0, 'heat': 0, 'status': 'approved'}, {'id': '1da6e627-985d-4349-812a-e7e417697b1d', 'title': '324', 'content': '432', 'author': 'guest', 'created_at': None, 'likes': 0, 'comments': 0, 'heat': 0, 'status': 'approved'}, {'id': 'f5ccadc4-9790-4523-8d87-fe7fa42b9ea3', 'title': '888', 'content': '888', 'author': 'guest', 'created_at': None, 'likes': 5, 'comments': 0, 'heat': 10, 'status': 'approved'}, {'id': '16e53912-a6f0-495d-aa52-e962e746dfa1', 'title': '123222', 'content': 'qqwe', 'author': 'guest', 'created_at': None, 'likes': 0, 'comments': 0, 'heat': 0, 'status': 'approved'}], 'query_id': '1779784808.9505682'}
[2026-05-26 16:40:09] [Middleware] 分发消息 - 主题: query/response, 内容: {'status': 'success', 'data': [{'id': 'a16394cd-45b4-45aa-b129-b92a54fd46a8', 'title': '123', 'content': '123', 'author': 'guest', 'created_at': None, 'likes': 5, 'comments': 0, 'heat': 10, 'status': 'approved'}, {'id': 'c216fe9f-591f-4616-a21c-813aff198c85', 'title': '333', 'content': '333', 'author': 'guest', 'created_at': None, 'likes': 16, 'comments': 1, 'heat': 35, 'status': 'approved'}, {'id': '4cbd6681-8b0d-4de1-ada9-9bf2900a8573', 'title': '111', 'content': '1111', 'author': 'guest', 'created_at': None, 'likes': 0, 'comments': 0, 'heat': 0, 'status': 'approved'}, {'id': 'f4e8c84e-0b91-4105-a36e-701623db2646', 'title': '123', 'content': '123', 'author': 'guest', 'created_at': None, 'likes': 0, 'comments': 0, 'heat': 0, 'status': 'approved'}, {'id': '1da6e627-985d-4349-812a-e7e417697b1d', 'title': '324', 'content': '432', 'author': 'guest', 'created_at': None, 'likes': 0, 'comments': 0, 'heat': 0, 'status': 'approved'}, {'id': 'f5ccadc4-9790-4523-8d87-fe7fa42b9ea3', 'title': '888', 'content': '888', 'author': 'guest', 'created_at': None, 'likes': 5, 'comments': 0, 'heat': 10, 'status': 'approved'}, {'id': '16e53912-a6f0-495d-aa52-e962e746dfa1', 'title': '123222', 'content': 'qqwe', 'author': 'guest', 'created_at': None, 'likes': 0, 'comments': 0, 'heat': 0, 'status': 'approved'}], 'query_id': '1779784808.9505682'}
[2026-05-26 16:40:17] [Middleware] 新节点加入: ('127.0.0.1', 60416)
[2026-05-26 16:40:17] [Middleware] 接收到消息 - 主题: note/publish, 内容: {'note_id': '53c9ac4a-4bcf-48f1-9134-31f0a1a32c6a', 'title': '546445654', 'content': '4564', 'author': 'guest', 'created_at': None}
[2026-05-26 16:40:17] [Middleware] 接收到查询请求放入队列 - ID: 1779784817.947379, 类型: get_notes
[2026-05-26 16:40:18] [Middleware] 分发消息 - 主题: note/publish, 内容: {'note_id': '53c9ac4a-4bcf-48f1-9134-31f0a1a32c6a', 'title': '546445654', 'content': '4564', 'author': 'guest', 'created_at': None}
[2026-05-26 16:40:18] [Middleware] 分发查询请求 - 主题: query/request, 内容: {'query_id': '1779784817.947379', 'query_type': 'get_notes', 'params': {}}
[2026-05-26 16:40:18] [Middleware] 接收到消息 - 主题: query/response, 内容: {'status': 'success', 'data': [{'id': 'a16394cd-45b4-45aa-b129-b92a54fd46a8', 'title': '123', 'content': '123', 'author': 'guest', 'created_at': None, 'likes': 5, 'comments': 0, 'heat': 10, 'status': 'approved'}, {'id': 'c216fe9f-591f-4616-a21c-813aff198c85', 'title': '333', 'content': '333', 'author': 'guest', 'created_at': None, 'likes': 16, 'comments': 1, 'heat': 35, 'status': 'approved'}, {'id': '4cbd6681-8b0d-4de1-ada9-9bf2900a8573', 'title': '111', 'content': '1111', 'author': 'guest', 'created_at': None, 'likes': 0, 'comments': 0, 'heat': 0, 'status': 'approved'}, {'id': 'f4e8c84e-0b91-4105-a36e-701623db2646', 'title': '123', 'content': '123', 'author': 'guest', 'created_at': None, 'likes': 0, 'comments': 0, 'heat': 0, 'status': 'approved'}, {'id': '1da6e627-985d-4349-812a-e7e417697b1d', 'title': '324', 'content': '432', 'author': 'guest', 'created_at': None, 'likes': 0, 'comments': 0, 'heat': 0, 'status': 'approved'}, {'id': 'f5ccadc4-9790-4523-8d87-fe7fa42b9ea3', 'title': '888', 'content': '888', 'author': 'guest', 'created_at': None, 'likes': 5, 'comments': 0, 'heat': 10, 'status': 'approved'}, {'id': '16e53912-a6f0-495d-aa52-e962e746dfa1', 'title': '123222', 'content': 'qqwe', 'author': 'guest', 'created_at': None, 'likes': 0, 'comments': 0, 'heat': 0, 'status': 'approved'}, {'id': '53c9ac4a-4bcf-48f1-9134-31f0a1a32c6a', 'title': '546445654', 'content': '4564', 'author': 'guest', 'created_at': None, 'likes': 0, 'comments': 0, 'heat': 0, 'status': 'approved'}], 'query_id': '1779784817.947379'}
[2026-05-26 16:40:18] [Middleware] 分发消息 - 主题: query/response, 内容: {'status': 'success', 'data': [{'id': 'a16394cd-45b4-45aa-b129-b92a54fd46a8', 'title': '123', 'content': '123', 'author': 'guest', 'created_at': None, 'likes': 5, 'comments': 0, 'heat': 10, 'status': 'approved'}, {'id': 'c216fe9f-591f-4616-a21c-813aff198c85', 'title': '333', 'content': '333', 'author': 'guest', 'created_at': None, 'likes': 16, 'comments': 1, 'heat': 35, 'status': 'approved'}, {'id': '4cbd6681-8b0d-4de1-ada9-9bf2900a8573', 'title': '111', 'content': '1111', 'author': 'guest', 'created_at': None, 'likes': 0, 'comments': 0, 'heat': 0, 'status': 'approved'}, {'id': 'f4e8c84e-0b91-4105-a36e-701623db2646', 'title': '123', 'content': '123', 'author': 'guest', 'created_at': None, 'likes': 0, 'comments': 0, 'heat': 0, 'status': 'approved'}, {'id': '1da6e627-985d-4349-812a-e7e417697b1d', 'title': '324', 'content': '432', 'author': 'guest', 'created_at': None, 'likes': 0, 'comments': 0, 'heat': 0, 'status': 'approved'}, {'id': 'f5ccadc4-9790-4523-8d87-fe7fa42b9ea3', 'title': '888', 'content': '888', 'author': 'guest', 'created_at': None, 'likes': 5, 'comments': 0, 'heat': 10, 'status': 'approved'}, {'id': '16e53912-a6f0-495d-aa52-e962e746dfa1', 'title': '123222', 'content': 'qqwe', 'author': 'guest', 'created_at': None, 'likes': 0, 'comments': 0, 'heat': 0, 'status': 'approved'}, {'id': '53c9ac4a-4bcf-48f1-9134-31f0a1a32c6a', 'title': '546445654', 'content': '4564', 'author': 'guest', 'created_at': None, 'likes': 0, 'comments': 0, 'heat': 0, 'status': 'approved'}], 'query_id': '1779784817.947379'}
[2026-05-26 16:40:19] [Middleware] 接收到查询请求放入队列 - ID: 1779784819.3776448, 类型: get_note
[2026-05-26 16:40:19] [Middleware] 分发查询请求 - 主题: query/request, 内容: {'query_id': '1779784819.3776448', 'query_type': 'get_note', 'params': {'note_id': 'a16394cd-45b4-45aa-b129-b92a54fd46a8'}}
[2026-05-26 16:40:19] [Middleware] 接收到消息 - 主题: query/response, 内容: {'status': 'success', 'data': {'id': 'a16394cd-45b4-45aa-b129-b92a54fd46a8', 'title': '123', 'content': '123', 'author': 'guest', 'created_at': None, 'likes': 5, 'comments': 0, 'heat': 10, 'status': 'approved'}, 'query_id': '1779784819.3776448'}
[2026-05-26 16:40:19] [Middleware] 分发消息 - 主题: query/response, 内容: {'status': 'success', 'data': {'id': 'a16394cd-45b4-45aa-b129-b92a54fd46a8', 'title': '123', 'content': '123', 'author': 'guest', 'created_at': None, 'likes': 5, 'comments': 0, 'heat': 10, 'status': 'approved'}, 'query_id': '1779784819.3776448'}
[2026-05-26 16:40:19] [Middleware] 接收到查询请求放入队列 - ID: 1779784819.5898716, 类型: get_comments
[2026-05-26 16:40:19] [Middleware] 分发查询请求 - 主题: query/request, 内容: {'query_id': '1779784819.5898716', 'query_type': 'get_comments', 'params': {'note_id': 'a16394cd-45b4-45aa-b129-b92a54fd46a8'}}
[2026-05-26 16:40:19] [Middleware] 接收到消息 - 主题: query/response, 内容: {'status': 'success', 'data': [], 'query_id': '1779784819.5898716'}
[2026-05-26 16:40:19] [Middleware] 分发消息 - 主题: query/response, 内容: {'status': 'success', 'data': [], 'query_id': '1779784819.5898716'}
[2026-05-26 16:40:19] [Middleware] 接收到查询请求放入队列 - ID: 1779784819.8202481, 类型: get_like_count
[2026-05-26 16:40:19] [Middleware] 分发查询请求 - 主题: query/request, 内容: {'query_id': '1779784819.8202481', 'query_type': 'get_like_count', 'params': {'note_id': 'a16394cd-45b4-45aa-b129-b92a54fd46a8'}}
[2026-05-26 16:40:19] [Middleware] 接收到消息 - 主题: query/response, 内容: {'status': 'success', 'data': 5, 'query_id': '1779784819.8202481'}
[2026-05-26 16:40:19] [Middleware] 分发消息 - 主题: query/response, 内容: {'status': 'success', 'data': 5, 'query_id': '1779784819.8202481'}
[2026-05-26 16:40:21] [Middleware] 接收到消息 - 主题: note/like, 内容: {'note_id': 'a16394cd-45b4-45aa-b129-b92a54fd46a8', 'user_id': 'guest'}
[2026-05-26 16:40:21] [Middleware] 接收到查询请求放入队列 - ID: 1779784821.707294, 类型: get_note
[2026-05-26 16:40:21] [Middleware] 分发消息 - 主题: note/like, 内容: {'note_id': 'a16394cd-45b4-45aa-b129-b92a54fd46a8', 'user_id': 'guest'}
[2026-05-26 16:40:21] [Middleware] 分发查询请求 - 主题: query/request, 内容: {'query_id': '1779784821.707294', 'query_type': 'get_note', 'params': {'note_id': 'a16394cd-45b4-45aa-b129-b92a54fd46a8'}}
[2026-05-26 16:40:21] [Middleware] 接收到消息 - 主题: query/response, 内容: {'status': 'success', 'data': {'id': 'a16394cd-45b4-45aa-b129-b92a54fd46a8', 'title': '123', 'content': '123', 'author': 'guest', 'created_at': None, 'likes': 5, 'comments': 0, 'heat': 10, 'status': 'approved'}, 'query_id': '1779784821.707294'}
[2026-05-26 16:40:21] [Middleware] 分发消息 - 主题: query/response, 内容: {'status': 'success', 'data': {'id': 'a16394cd-45b4-45aa-b129-b92a54fd46a8', 'title': '123', 'content': '123', 'author': 'guest', 'created_at': None, 'likes': 5, 'comments': 0, 'heat': 10, 'status': 'approved'}, 'query_id': '1779784821.707294'}
[2026-05-26 16:40:21] [Middleware] 接收到查询请求放入队列 - ID: 1779784821.9336958, 类型: get_comments
[2026-05-26 16:40:21] [Middleware] 分发查询请求 - 主题: query/request, 内容: {'query_id': '1779784821.9336958', 'query_type': 'get_comments', 'params': {'note_id': 'a16394cd-45b4-45aa-b129-b92a54fd46a8'}}
[2026-05-26 16:40:21] [Middleware] 接收到消息 - 主题: query/response, 内容: {'status': 'success', 'data': [], 'query_id': '1779784821.9336958'}
[2026-05-26 16:40:22] [Middleware] 分发消息 - 主题: query/response, 内容: {'status': 'success', 'data': [], 'query_id': '1779784821.9336958'}
[2026-05-26 16:40:22] [Middleware] 接收到查询请求放入队列 - ID: 1779784822.158313, 类型: get_like_count
[2026-05-26 16:40:22] [Middleware] 分发查询请求 - 主题: query/request, 内容: {'query_id': '1779784822.158313', 'query_type': 'get_like_count', 'params': {'note_id': 'a16394cd-45b4-45aa-b129-b92a54fd46a8'}}
[2026-05-26 16:40:22] [Middleware] 接收到消息 - 主题: query/response, 内容: {'status': 'success', 'data': 5, 'query_id': '1779784822.158313'}
[2026-05-26 16:40:22] [Middleware] 分发消息 - 主题: query/response, 内容: {'status': 'success', 'data': 5, 'query_id': '1779784822.158313'}
[2026-05-26 16:40:23] [Middleware] 接收到消息 - 主题: note/like, 内容: {'note_id': 'a16394cd-45b4-45aa-b129-b92a54fd46a8', 'user_id': 'guest'}
[2026-05-26 16:40:23] [Middleware] 分发消息 - 主题: note/like, 内容: {'note_id': 'a16394cd-45b4-45aa-b129-b92a54fd46a8', 'user_id': 'guest'}
[2026-05-26 16:40:23] [Middleware] 接收到查询请求放入队列 - ID: 1779784823.3821366, 类型: get_note
[2026-05-26 16:40:23] [Middleware] 分发查询请求 - 主题: query/request, 内容: {'query_id': '1779784823.3821366', 'query_type': 'get_note', 'params': {'note_id': 'a16394cd-45b4-45aa-b129-b92a54fd46a8'}}
[2026-05-26 16:40:23] [Middleware] 接收到消息 - 主题: query/response, 内容: {'status': 'success', 'data': {'id': 'a16394cd-45b4-45aa-b129-b92a54fd46a8', 'title': '123', 'content': '123', 'author': 'guest', 'created_at': None, 'likes': 5, 'comments': 0, 'heat': 14, 'status': 'approved'}, 'query_id': '1779784823.3821366'}
[2026-05-26 16:40:23] [Middleware] 分发消息 - 主题: query/response, 内容: {'status': 'success', 'data': {'id': 'a16394cd-45b4-45aa-b129-b92a54fd46a8', 'title': '123', 'content': '123', 'author': 'guest', 'created_at': None, 'likes': 5, 'comments': 0, 'heat': 14, 'status': 'approved'}, 'query_id': '1779784823.3821366'}
[2026-05-26 16:40:23] [Middleware] 接收到查询请求放入队列 - ID: 1779784823.7103872, 类型: get_comments
[2026-05-26 16:40:23] [Middleware] 分发查询请求 - 主题: query/request, 内容: {'query_id': '1779784823.7103872', 'query_type': 'get_comments', 'params': {'note_id': 'a16394cd-45b4-45aa-b129-b92a54fd46a8'}}
[2026-05-26 16:40:23] [Middleware] 接收到消息 - 主题: query/response, 内容: {'status': 'success', 'data': [], 'query_id': '1779784823.7103872'}
[2026-05-26 16:40:23] [Middleware] 分发消息 - 主题: query/response, 内容: {'status': 'success', 'data': [], 'query_id': '1779784823.7103872'}
[2026-05-26 16:40:23] [Middleware] 接收到查询请求放入队列 - ID: 1779784823.933496, 类型: get_like_count
[2026-05-26 16:40:24] [Middleware] 分发查询请求 - 主题: query/request, 内容: {'query_id': '1779784823.933496', 'query_type': 'get_like_count', 'params': {'note_id': 'a16394cd-45b4-45aa-b129-b92a54fd46a8'}}
[2026-05-26 16:40:24] [Middleware] 接收到消息 - 主题: query/response, 内容: {'status': 'success', 'data': 5, 'query_id': '1779784823.933496'}
[2026-05-26 16:40:24] [Middleware] 分发消息 - 主题: query/response, 内容: {'status': 'success', 'data': 5, 'query_id': '1779784823.933496'}
[2026-05-26 16:40:25] [Middleware] 接收到消息 - 主题: note/like, 内容: {'note_id': 'a16394cd-45b4-45aa-b129-b92a54fd46a8', 'user_id': 'guest'}
[2026-05-26 16:40:25] [Middleware] 接收到查询请求放入队列 - ID: 1779784825.6286485, 类型: get_note
[2026-05-26 16:40:25] [Middleware] 分发消息 - 主题: note/like, 内容: {'note_id': 'a16394cd-45b4-45aa-b129-b92a54fd46a8', 'user_id': 'guest'}
[2026-05-26 16:40:25] [Middleware] 分发查询请求 - 主题: query/request, 内容: {'query_id': '1779784825.6286485', 'query_type': 'get_note', 'params': {'note_id': 'a16394cd-45b4-45aa-b129-b92a54fd46a8'}}
[2026-05-26 16:40:25] [Middleware] 接收到消息 - 主题: query/response, 内容: {'status': 'success', 'data': {'id': 'a16394cd-45b4-45aa-b129-b92a54fd46a8', 'title': '123', 'content': '123', 'author': 'guest', 'created_at': None, 'likes': 5, 'comments': 0, 'heat': 16, 'status': 'approved'}, 'query_id': '1779784825.6286485'}
[2026-05-26 16:40:25] [Middleware] 分发消息 - 主题: query/response, 内容: {'status': 'success', 'data': {'id': 'a16394cd-45b4-45aa-b129-b92a54fd46a8', 'title': '123', 'content': '123', 'author': 'guest', 'created_at': None, 'likes': 5, 'comments': 0, 'heat': 16, 'status': 'approved'}, 'query_id': '1779784825.6286485'}
[2026-05-26 16:40:25] [Middleware] 接收到查询请求放入队列 - ID: 1779784825.958485, 类型: get_comments
[2026-05-26 16:40:26] [Middleware] 分发查询请求 - 主题: query/request, 内容: {'query_id': '1779784825.958485', 'query_type': 'get_comments', 'params': {'note_id': 'a16394cd-45b4-45aa-b129-b92a54fd46a8'}}
[2026-05-26 16:40:26] [Middleware] 接收到消息 - 主题: query/response, 内容: {'status': 'success', 'data': [], 'query_id': '1779784825.958485'}
[2026-05-26 16:40:26] [Middleware] 分发消息 - 主题: query/response, 内容: {'status': 'success', 'data': [], 'query_id': '1779784825.958485'}
[2026-05-26 16:40:26] [Middleware] 接收到查询请求放入队列 - ID: 1779784826.1872265, 类型: get_like_count
[2026-05-26 16:40:26] [Middleware] 分发查询请求 - 主题: query/request, 内容: {'query_id': '1779784826.1872265', 'query_type': 'get_like_count', 'params': {'note_id': 'a16394cd-45b4-45aa-b129-b92a54fd46a8'}}
[2026-05-26 16:40:26] [Middleware] 接收到消息 - 主题: query/response, 内容: {'status': 'success', 'data': 5, 'query_id': '1779784826.1872265'}
[2026-05-26 16:40:26] [Middleware] 分发消息 - 主题: query/response, 内容: {'status': 'success', 'data': 5, 'query_id': '1779784826.1872265'}
[2026-05-26 16:40:29] [Middleware] 接收到消息 - 主题: note/comment, 内容: {'note_id': 'a16394cd-45b4-45aa-b129-b92a54fd46a8', 'user_id': 'guest', 'comment_text': '3242'}
[2026-05-26 16:40:29] [Middleware] 接收到查询请求放入队列 - ID: 1779784829.7272747, 类型: get_note
[2026-05-26 16:40:29] [Middleware] 分发查询请求 - 主题: query/request, 内容: {'query_id': '1779784829.7272747', 'query_type': 'get_note', 'params': {'note_id': 'a16394cd-45b4-45aa-b129-b92a54fd46a8'}}
[2026-05-26 16:40:29] [Middleware] 分发消息 - 主题: note/comment, 内容: {'note_id': 'a16394cd-45b4-45aa-b129-b92a54fd46a8', 'user_id': 'guest', 'comment_text': '3242'}
[2026-05-26 16:40:29] [Middleware] 接收到消息 - 主题: query/response, 内容: {'status': 'success', 'data': {'id': 'a16394cd-45b4-45aa-b129-b92a54fd46a8', 'title': '123', 'content': '123', 'author': 'guest', 'created_at': None, 'likes': 5, 'comments': 0, 'heat': 16, 'status': 'approved'}, 'query_id': '1779784829.7272747'}
[2026-05-26 16:40:29] [Middleware] 分发消息 - 主题: query/response, 内容: {'status': 'success', 'data': {'id': 'a16394cd-45b4-45aa-b129-b92a54fd46a8', 'title': '123', 'content': '123', 'author': 'guest', 'created_at': None, 'likes': 5, 'comments': 0, 'heat': 16, 'status': 'approved'}, 'query_id': '1779784829.7272747'}
[2026-05-26 16:40:29] [Middleware] 接收到查询请求放入队列 - ID: 1779784829.9505112, 类型: get_comments
[2026-05-26 16:40:30] [Middleware] 分发查询请求 - 主题: query/request, 内容: {'query_id': '1779784829.9505112', 'query_type': 'get_comments', 'params': {'note_id': 'a16394cd-45b4-45aa-b129-b92a54fd46a8'}}
[2026-05-26 16:40:30] [Middleware] 接收到消息 - 主题: query/response, 内容: {'status': 'success', 'data': [], 'query_id': '1779784829.9505112'}
[2026-05-26 16:40:30] [Middleware] 分发消息 - 主题: query/response, 内容: {'status': 'success', 'data': [], 'query_id': '1779784829.9505112'}
[2026-05-26 16:40:30] [Middleware] 接收到查询请求放入队列 - ID: 1779784830.1699638, 类型: get_like_count
[2026-05-26 16:40:30] [Middleware] 分发查询请求 - 主题: query/request, 内容: {'query_id': '1779784830.1699638', 'query_type': 'get_like_count', 'params': {'note_id': 'a16394cd-45b4-45aa-b129-b92a54fd46a8'}}
[2026-05-26 16:40:30] [Middleware] 接收到消息 - 主题: query/response, 内容: {'status': 'success', 'data': 5, 'query_id': '1779784830.1699638'}
[2026-05-26 16:40:30] [Middleware] 分发消息 - 主题: query/response, 内容: {'status': 'success', 'data': 5, 'query_id': '1779784830.1699638'}
[2026-05-26 16:40:36] [Middleware] 接收到查询请求放入队列 - ID: 1779784836.6393392, 类型: get_notes
[2026-05-26 16:40:36] [Middleware] 分发查询请求 - 主题: query/request, 内容: {'query_id': '1779784836.6393392', 'query_type': 'get_notes', 'params': {}}
[2026-05-26 16:40:36] [Middleware] 接收到消息 - 主题: query/response, 内容: {'status': 'success', 'data': [{'id': 'a16394cd-45b4-45aa-b129-b92a54fd46a8', 'title': '123', 'content': '123', 'author': 'guest', 'created_at': None, 'likes': 5, 'comments': 0, 'heat': 19, 'status': 'approved'}, {'id': 'c216fe9f-591f-4616-a21c-813aff198c85', 'title': '333', 'content': '333', 'author': 'guest', 'created_at': None, 'likes': 16, 'comments': 1, 'heat': 35, 'status': 'approved'}, {'id': '4cbd6681-8b0d-4de1-ada9-9bf2900a8573', 'title': '111', 'content': '1111', 'author': 'guest', 'created_at': None, 'likes': 0, 'comments': 0, 'heat': 0, 'status': 'approved'}, {'id': 'f4e8c84e-0b91-4105-a36e-701623db2646', 'title': '123', 'content': '123', 'author': 'guest', 'created_at': None, 'likes': 0, 'comments': 0, 'heat': 0, 'status': 'approved'}, {'id': '1da6e627-985d-4349-812a-e7e417697b1d', 'title': '324', 'content': '432', 'author': 'guest', 'created_at': None, 'likes': 0, 'comments': 0, 'heat': 0, 'status': 'approved'}, {'id': 'f5ccadc4-9790-4523-8d87-fe7fa42b9ea3', 'title': '888', 'content': '888', 'author': 'guest', 'created_at': None, 'likes': 5, 'comments': 0, 'heat': 10, 'status': 'approved'}, {'id': '16e53912-a6f0-495d-aa52-e962e746dfa1', 'title': '123222', 'content': 'qqwe', 'author': 'guest', 'created_at': None, 'likes': 0, 'comments': 0, 'heat': 0, 'status': 'approved'}, {'id': '53c9ac4a-4bcf-48f1-9134-31f0a1a32c6a', 'title': '546445654', 'content': '4564', 'author': 'guest', 'created_at': None, 'likes': 0, 'comments': 0, 'heat': 0, 'status': 'approved'}], 'query_id': '1779784836.6393392'}
[2026-05-26 16:40:36] [Middleware] 分发消息 - 主题: query/response, 内容: {'status': 'success', 'data': [{'id': 'a16394cd-45b4-45aa-b129-b92a54fd46a8', 'title': '123', 'content': '123', 'author': 'guest', 'created_at': None, 'likes': 5, 'comments': 0, 'heat': 19, 'status': 'approved'}, {'id': 'c216fe9f-591f-4616-a21c-813aff198c85', 'title': '333', 'content': '333', 'author': 'guest', 'created_at': None, 'likes': 16, 'comments': 1, 'heat': 35, 'status': 'approved'}, {'id': '4cbd6681-8b0d-4de1-ada9-9bf2900a8573', 'title': '111', 'content': '1111', 'author': 'guest', 'created_at': None, 'likes': 0, 'comments': 0, 'heat': 0, 'status': 'approved'}, {'id': 'f4e8c84e-0b91-4105-a36e-701623db2646', 'title': '123', 'content': '123', 'author': 'guest', 'created_at': None, 'likes': 0, 'comments': 0, 'heat': 0, 'status': 'approved'}, {'id': '1da6e627-985d-4349-812a-e7e417697b1d', 'title': '324', 'content': '432', 'author': 'guest', 'created_at': None, 'likes': 0, 'comments': 0, 'heat': 0, 'status': 'approved'}, {'id': 'f5ccadc4-9790-4523-8d87-fe7fa42b9ea3', 'title': '888', 'content': '888', 'author': 'guest', 'created_at': None, 'likes': 5, 'comments': 0, 'heat': 10, 'status': 'approved'}, {'id': '16e53912-a6f0-495d-aa52-e962e746dfa1', 'title': '123222', 'content': 'qqwe', 'author': 'guest', 'created_at': None, 'likes': 0, 'comments': 0, 'heat': 0, 'status': 'approved'}, {'id': '53c9ac4a-4bcf-48f1-9134-31f0a1a32c6a', 'title': '546445654', 'content': '4564', 'author': 'guest', 'created_at': None, 'likes': 0, 'comments': 0, 'heat': 0, 'status': 'approved'}], 'query_id': '1779784836.6393392'}
