[2026-05-26 16:40:09] [QueryConsumer] 处理查询请求 - ID: 1779784808.9505682, 类型: get_notes
[2026-05-26 16:40:09] [QueryConsumer] 查询完成 - ID: 1779784808.9505682, 状态: success
[2026-05-26 16:40:18] [QueryConsumer] 处理查询请求 - ID: 1779784817.947379, 类型: get_notes
[2026-05-26 16:40:18] [QueryConsumer] 查询完成 - ID: 1779784817.947379, 状态: success
[2026-05-26 16:40:19] [QueryConsumer] 处理查询请求 - ID: 1779784819.3776448, 类型: get_note
[2026-05-26 16:40:19] [QueryConsumer] 查询完成 - ID: 1779784819.3776448, 状态: success
[2026-05-26 16:40:19] [QueryConsumer] 处理查询请求 - ID: 1779784819.5898716, 类型: get_comments
[2026-05-26 16:40:19] [QueryConsumer] 查询完成 - ID: 1779784819.5898716, 状态: success
[2026-05-26 16:40:19] [QueryConsumer] 处理查询请求 - ID: 1779784819.8202481, 类型: get_like_count
[2026-05-26 16:40:19] [QueryConsumer] 查询完成 - ID: 1779784819.8202481, 状态: success
[2026-05-26 16:40:21] [QueryConsumer] 处理查询请求 - ID: 1779784821.707294, 类型: get_note
[2026-05-26 16:40:21] [QueryConsumer] 查询完成 - ID: 1779784821.707294, 状态: success
[2026-05-26 16:40:21] [QueryConsumer] 处理查询请求 - ID: 1779784821.9336958, 类型: get_comments
[2026-05-26 16:40:21] [QueryConsumer] 查询完成 - ID: 1779784821.9336958, 状态: success
[2026-05-26 16:40:22] [QueryConsumer] 处理查询请求 - ID: 1779784822.158313, 类型: get_like_count
[2026-05-26 16:40:22] [QueryConsumer] 查询完成 - ID: 1779784822.158313, 状态: success
[2026-05-26 16:40:23] [QueryConsumer] 处理查询请求 - ID: 1779784823.3821366, 类型: get_note
[2026-05-26 16:40:23] [QueryConsumer] 查询完成 - ID: 1779784823.3821366, 状态: success
[2026-05-26 16:40:23] [QueryConsumer] 处理查询请求 - ID: 1779784823.7103872, 类型: get_comments
[2026-05-26 16:40:23] [QueryConsumer] 查询完成 - ID: 1779784823.7103872, 状态: success
[2026-05-26 16:40:24] [QueryConsumer] 处理查询请求 - ID: 1779784823.933496, 类型: get_like_count
[2026-05-26 16:40:24] [QueryConsumer] 查询完成 - ID: 1779784823.933496, 状态: success
[2026-05-26 16:40:25] [QueryConsumer] 处理查询请求 - ID: 1779784825.6286485, 类型: get_note
[2026-05-26 16:40:25] [QueryConsumer] 查询完成 - ID: 1779784825.6286485, 状态: success
[2026-05-26 16:40:26] [QueryConsumer] 处理查询请求 - ID: 1779784825.958485, 类型: get_comments
[2026-05-26 16:40:26] [QueryConsumer] 查询完成 - ID: 1779784825.958485, 状态: success
[2026-05-26 16:40:26] [QueryConsumer] 处理查询请求 - ID: 1779784826.1872265, 类型: get_like_count
[2026-05-26 16:40:26] [QueryConsumer] 查询完成 - ID: 1779784826.1872265, 状态: success
[2026-05-26 16:40:29] [QueryConsumer] 处理查询请求 - ID: 1779784829.7272747, 类型: get_note
[2026-05-26 16:40:29] [QueryConsumer] 查询完成 - ID: 1779784829.7272747, 状态: success
[2026-05-26 16:40:30] [QueryConsumer] 处理查询请求 - ID: 1779784829.9505112, 类型: get_comments
[2026-05-26 16:40:30] [QueryConsumer] 查询完成 - ID: 1779784829.9505112, 状态: success
[2026-05-26 16:40:30] [QueryConsumer] 处理查询请求 - ID: 1779784830.1699638, 类型: get_like_count
[2026-05-26 16:40:30] [QueryConsumer] 查询完成 - ID: 1779784830.1699638, 状态: success
[2026-05-26 16:40:36] [QueryConsumer] 处理查询请求 - ID: 1779784836.6393392, 类型: get_notes
[2026-05-26 16:40:36] [QueryConsumer] 查询完成 - ID: 1779784836.6393392, 状态: success
