[2026-05-26 16:12:22] [QueryClient] 已连接到中间件 127.0.0.1:5001
[2026-05-26 16:12:22] [QueryClient] 发送查询请求 - ID: 1779783142.1211689, 类型: get_notes
[2026-05-26 16:12:22] [QueryClient] 收到查询结果 - ID: 1779783142.1211689, 状态: success
[2026-05-26 16:13:01] [QueryClient] 发送查询请求 - ID: 1779783181.8585706, 类型: get_notes
[2026-05-26 16:13:01] [QueryClient] 收到查询结果 - ID: 1779783181.8585706, 状态: success
[2026-05-26 16:13:04] [QueryClient] 发送查询请求 - ID: 1779783184.1935236, 类型: get_note
[2026-05-26 16:13:04] [QueryClient] 收到查询结果 - ID: 1779783184.1935236, 状态: success
[2026-05-26 16:13:04] [QueryClient] 发送查询请求 - ID: 1779783184.2013583, 类型: get_comments
[2026-05-26 16:13:04] [QueryClient] 收到查询结果 - ID: 1779783184.2013583, 状态: success
[2026-05-26 16:13:04] [QueryClient] 发送查询请求 - ID: 1779783184.2107463, 类型: get_like_count
[2026-05-26 16:13:04] [QueryClient] 收到查询结果 - ID: 1779783184.2107463, 状态: success
[2026-05-26 16:13:05] [QueryClient] 发送查询请求 - ID: 1779783185.8196073, 类型: get_note
[2026-05-26 16:13:05] [QueryClient] 收到查询结果 - ID: 1779783185.8196073, 状态: success
[2026-05-26 16:13:05] [QueryClient] 发送查询请求 - ID: 1779783185.8274271, 类型: get_comments
[2026-05-26 16:13:05] [QueryClient] 收到查询结果 - ID: 1779783185.8274271, 状态: success
[2026-05-26 16:13:05] [QueryClient] 发送查询请求 - ID: 1779783185.8521285, 类型: get_like_count
[2026-05-26 16:13:05] [QueryClient] 收到查询结果 - ID: 1779783185.8521285, 状态: success
[2026-05-26 16:13:07] [QueryClient] 发送查询请求 - ID: 1779783187.2231627, 类型: get_note
[2026-05-26 16:13:07] [QueryClient] 收到查询结果 - ID: 1779783187.2231627, 状态: success
[2026-05-26 16:13:07] [QueryClient] 发送查询请求 - ID: 1779783187.2332406, 类型: get_comments
[2026-05-26 16:13:07] [QueryClient] 收到查询结果 - ID: 1779783187.2332406, 状态: success
[2026-05-26 16:13:07] [QueryClient] 发送查询请求 - ID: 1779783187.2484329, 类型: get_like_count
[2026-05-26 16:13:07] [QueryClient] 收到查询结果 - ID: 1779783187.2484329, 状态: success
[2026-05-26 16:13:07] [QueryClient] 发送查询请求 - ID: 1779783187.6224535, 类型: get_note
[2026-05-26 16:13:07] [QueryClient] 收到查询结果 - ID: 1779783187.6224535, 状态: success
[2026-05-26 16:13:07] [QueryClient] 发送查询请求 - ID: 1779783187.6306677, 类型: get_comments
[2026-05-26 16:13:07] [QueryClient] 收到查询结果 - ID: 1779783187.6306677, 状态: success
[2026-05-26 16:13:07] [QueryClient] 发送查询请求 - ID: 1779783187.6384995, 类型: get_like_count
[2026-05-26 16:13:07] [QueryClient] 收到查询结果 - ID: 1779783187.6384995, 状态: success
[2026-05-26 16:13:07] [QueryClient] 发送查询请求 - ID: 1779783187.9776523, 类型: get_note
[2026-05-26 16:13:07] [QueryClient] 收到查询结果 - ID: 1779783187.9776523, 状态: success
[2026-05-26 16:13:07] [QueryClient] 发送查询请求 - ID: 1779783187.9874394, 类型: get_comments
[2026-05-26 16:13:08] [QueryClient] 收到查询结果 - ID: 1779783187.9874394, 状态: success
[2026-05-26 16:13:08] [QueryClient] 发送查询请求 - ID: 1779783188.0025616, 类型: get_like_count
[2026-05-26 16:13:08] [QueryClient] 收到查询结果 - ID: 1779783188.0025616, 状态: success
[2026-05-26 16:13:08] [QueryClient] 发送查询请求 - ID: 1779783188.3407342, 类型: get_note
[2026-05-26 16:13:08] [QueryClient] 收到查询结果 - ID: 1779783188.3407342, 状态: success
[2026-05-26 16:13:08] [QueryClient] 发送查询请求 - ID: 1779783188.3560514, 类型: get_comments
[2026-05-26 16:13:08] [QueryClient] 收到查询结果 - ID: 1779783188.3560514, 状态: success
[2026-05-26 16:13:08] [QueryClient] 发送查询请求 - ID: 1779783188.3727639, 类型: get_like_count
[2026-05-26 16:13:08] [QueryClient] 收到查询结果 - ID: 1779783188.3727639, 状态: success
[2026-05-26 16:13:09] [QueryClient] 发送查询请求 - ID: 1779783189.0683444, 类型: get_notes
[2026-05-26 16:13:09] [QueryClient] 收到查询结果 - ID: 1779783189.0683444, 状态: success
