[2026-05-26 16:25:28] [Middleware] 服务已启动 127.0.0.1:5001
[2026-05-26 16:25:28] [Middleware] 新节点加入: ('127.0.0.1', 64613)
[2026-05-26 16:25:28] [Middleware] 节点 ('127.0.0.1', 64613) 订阅主题: note/publish
[2026-05-26 16:25:28] [Middleware] 新节点加入: ('127.0.0.1', 64614)
[2026-05-26 16:25:28] [Middleware] 节点 ('127.0.0.1', 64613) 订阅主题: note/publish
[2026-05-26 16:25:28] [Middleware] 节点 ('127.0.0.1', 64614) 订阅主题: note/like
[2026-05-26 16:25:28] [Middleware] 新节点加入: ('127.0.0.1', 64615)
[2026-05-26 16:25:28] [Middleware] 节点 ('127.0.0.1', 64614) 订阅主题: note/comment
[2026-05-26 16:25:28] [Middleware] 节点 ('127.0.0.1', 64615) 订阅主题: note/like
[2026-05-26 16:25:28] [Middleware] 新节点加入: ('127.0.0.1', 64616)
[2026-05-26 16:25:28] [Middleware] 节点 ('127.0.0.1', 64615) 订阅主题: note/comment
[2026-05-26 16:25:28] [Middleware] 节点 ('127.0.0.1', 64616) 订阅主题: query/request
[2026-05-26 16:25:28] [Middleware] 新节点加入: ('127.0.0.1', 64617)
[2026-05-26 16:25:33] [Middleware] 新节点加入: ('127.0.0.1', 50081)
[2026-05-26 16:25:33] [Middleware] 节点 ('127.0.0.1', 50081) 订阅主题: query/response
[2026-05-26 16:25:33] [Middleware] 接收到查询请求放入队列 - ID: 1779783933.5981324, 类型: get_notes
[2026-05-26 16:25:33] [Middleware] 分发查询请求 - 主题: query/request, 内容: {'query_id': '1779783933.5981324', 'query_type': 'get_notes', 'params': {}}
[2026-05-26 16:25:33] [Middleware] 接收到消息 - 主题: query/response, 内容: {'status': 'success', 'data': [{'id': 'a16394cd-45b4-45aa-b129-b92a54fd46a8', 'title': '123', 'content': '123', 'author': 'guest', 'created_at': None, 'likes': 5, 'comments': 0, 'heat': 10, 'status': 'approved'}, {'id': 'c216fe9f-591f-4616-a21c-813aff198c85', 'title': '333', 'content': '333', 'author': 'guest', 'created_at': None, 'likes': 5, 'comments': 0, 'heat': 10, 'status': 'approved'}, {'id': '4cbd6681-8b0d-4de1-ada9-9bf2900a8573', 'title': '111', 'content': '1111', 'author': 'guest', 'created_at': None, 'likes': 0, 'comments': 0, 'heat': 0, 'status': 'approved'}, {'id': 'f4e8c84e-0b91-4105-a36e-701623db2646', 'title': '123', 'content': '123', 'author': 'guest', 'created_at': None, 'likes': 0, 'comments': 0, 'heat': 0, 'status': 'approved'}, {'id': '1da6e627-985d-4349-812a-e7e417697b1d', 'title': '324', 'content': '432', 'author': 'guest', 'created_at': None, 'likes': 0, 'comments': 0, 'heat': 0, 'status': 'approved'}, {'id': 'ff921835-d015-4948-ab21-199162308cd6', 'title': '11', 'content': '11', 'author': 'guest', 'created_at': None, 'likes': 0, 'comments': 0, 'heat': 0, 'status': 'approved'}, {'id': 'f5ccadc4-9790-4523-8d87-fe7fa42b9ea3', 'title': '888', 'content': '888', 'author': 'guest', 'created_at': None, 'likes': 5, 'comments': 0, 'heat': 10, 'status': 'approved'}], 'query_id': '1779783933.5981324'}
[2026-05-26 16:25:33] [Middleware] 分发消息 - 主题: query/response, 内容: {'status': 'success', 'data': [{'id': 'a16394cd-45b4-45aa-b129-b92a54fd46a8', 'title': '123', 'content': '123', 'author': 'guest', 'created_at': None, 'likes': 5, 'comments': 0, 'heat': 10, 'status': 'approved'}, {'id': 'c216fe9f-591f-4616-a21c-813aff198c85', 'title': '333', 'content': '333', 'author': 'guest', 'created_at': None, 'likes': 5, 'comments': 0, 'heat': 10, 'status': 'approved'}, {'id': '4cbd6681-8b0d-4de1-ada9-9bf2900a8573', 'title': '111', 'content': '1111', 'author': 'guest', 'created_at': None, 'likes': 0, 'comments': 0, 'heat': 0, 'status': 'approved'}, {'id': 'f4e8c84e-0b91-4105-a36e-701623db2646', 'title': '123', 'content': '123', 'author': 'guest', 'created_at': None, 'likes': 0, 'comments': 0, 'heat': 0, 'status': 'approved'}, {'id': '1da6e627-985d-4349-812a-e7e417697b1d', 'title': '324', 'content': '432', 'author': 'guest', 'created_at': None, 'likes': 0, 'comments': 0, 'heat': 0, 'status': 'approved'}, {'id': 'ff921835-d015-4948-ab21-199162308cd6', 'title': '11', 'content': '11', 'author': 'guest', 'created_at': None, 'likes': 0, 'comments': 0, 'heat': 0, 'status': 'approved'}, {'id': 'f5ccadc4-9790-4523-8d87-fe7fa42b9ea3', 'title': '888', 'content': '888', 'author': 'guest', 'created_at': None, 'likes': 5, 'comments': 0, 'heat': 10, 'status': 'approved'}], 'query_id': '1779783933.5981324'}
[2026-05-26 16:25:41] [Middleware] 新节点加入: ('127.0.0.1', 59050)
[2026-05-26 16:25:41] [Middleware] 接收到消息 - 主题: note/publish, 内容: {'note_id': '16e53912-a6f0-495d-aa52-e962e746dfa1', 'title': '123222', 'content': 'qqwe', 'author': 'guest', 'created_at': None}
[2026-05-26 16:25:41] [Middleware] 接收到查询请求放入队列 - ID: 1779783941.996469, 类型: get_notes
[2026-05-26 16:25:42] [Middleware] 分发消息 - 主题: note/publish, 内容: {'note_id': '16e53912-a6f0-495d-aa52-e962e746dfa1', 'title': '123222', 'content': 'qqwe', 'author': 'guest', 'created_at': None}
[2026-05-26 16:25:42] [Middleware] 分发查询请求 - 主题: query/request, 内容: {'query_id': '1779783941.996469', 'query_type': 'get_notes', 'params': {}}
[2026-05-26 16:25:42] [Middleware] 接收到消息 - 主题: query/response, 内容: {'status': 'success', 'data': [{'id': 'a16394cd-45b4-45aa-b129-b92a54fd46a8', 'title': '123', 'content': '123', 'author': 'guest', 'created_at': None, 'likes': 5, 'comments': 0, 'heat': 10, 'status': 'approved'}, {'id': 'c216fe9f-591f-4616-a21c-813aff198c85', 'title': '333', 'content': '333', 'author': 'guest', 'created_at': None, 'likes': 5, 'comments': 0, 'heat': 10, 'status': 'approved'}, {'id': '4cbd6681-8b0d-4de1-ada9-9bf2900a8573', 'title': '111', 'content': '1111', 'author': 'guest', 'created_at': None, 'likes': 0, 'comments': 0, 'heat': 0, 'status': 'approved'}, {'id': 'f4e8c84e-0b91-4105-a36e-701623db2646', 'title': '123', 'content': '123', 'author': 'guest', 'created_at': None, 'likes': 0, 'comments': 0, 'heat': 0, 'status': 'approved'}, {'id': '1da6e627-985d-4349-812a-e7e417697b1d', 'title': '324', 'content': '432', 'author': 'guest', 'created_at': None, 'likes': 0, 'comments': 0, 'heat': 0, 'status': 'approved'}, {'id': 'ff921835-d015-4948-ab21-199162308cd6', 'title': '11', 'content': '11', 'author': 'guest', 'created_at': None, 'likes': 0, 'comments': 0, 'heat': 0, 'status': 'approved'}, {'id': 'f5ccadc4-9790-4523-8d87-fe7fa42b9ea3', 'title': '888', 'content': '888', 'author': 'guest', 'created_at': None, 'likes': 5, 'comments': 0, 'heat': 10, 'status': 'approved'}, {'id': '16e53912-a6f0-495d-aa52-e962e746dfa1', 'title': '123222', 'content': 'qqwe', 'author': 'guest', 'created_at': None, 'likes': 0, 'comments': 0, 'heat': 0, 'status': 'approved'}], 'query_id': '1779783941.996469'}
[2026-05-26 16:25:42] [Middleware] 分发消息 - 主题: query/response, 内容: {'status': 'success', 'data': [{'id': 'a16394cd-45b4-45aa-b129-b92a54fd46a8', 'title': '123', 'content': '123', 'author': 'guest', 'created_at': None, 'likes': 5, 'comments': 0, 'heat': 10, 'status': 'approved'}, {'id': 'c216fe9f-591f-4616-a21c-813aff198c85', 'title': '333', 'content': '333', 'author': 'guest', 'created_at': None, 'likes': 5, 'comments': 0, 'heat': 10, 'status': 'approved'}, {'id': '4cbd6681-8b0d-4de1-ada9-9bf2900a8573', 'title': '111', 'content': '1111', 'author': 'guest', 'created_at': None, 'likes': 0, 'comments': 0, 'heat': 0, 'status': 'approved'}, {'id': 'f4e8c84e-0b91-4105-a36e-701623db2646', 'title': '123', 'content': '123', 'author': 'guest', 'created_at': None, 'likes': 0, 'comments': 0, 'heat': 0, 'status': 'approved'}, {'id': '1da6e627-985d-4349-812a-e7e417697b1d', 'title': '324', 'content': '432', 'author': 'guest', 'created_at': None, 'likes': 0, 'comments': 0, 'heat': 0, 'status': 'approved'}, {'id': 'ff921835-d015-4948-ab21-199162308cd6', 'title': '11', 'content': '11', 'author': 'guest', 'created_at': None, 'likes': 0, 'comments': 0, 'heat': 0, 'status': 'approved'}, {'id': 'f5ccadc4-9790-4523-8d87-fe7fa42b9ea3', 'title': '888', 'content': '888', 'author': 'guest', 'created_at': None, 'likes': 5, 'comments': 0, 'heat': 10, 'status': 'approved'}, {'id': '16e53912-a6f0-495d-aa52-e962e746dfa1', 'title': '123222', 'content': 'qqwe', 'author': 'guest', 'created_at': None, 'likes': 0, 'comments': 0, 'heat': 0, 'status': 'approved'}], 'query_id': '1779783941.996469'}
[2026-05-26 16:25:44] [Middleware] 接收到查询请求放入队列 - ID: 1779783944.0032961, 类型: get_note
[2026-05-26 16:25:44] [Middleware] 分发查询请求 - 主题: query/request, 内容: {'query_id': '1779783944.0032961', 'query_type': 'get_note', 'params': {'note_id': 'ff921835-d015-4948-ab21-199162308cd6'}}
[2026-05-26 16:25:44] [Middleware] 接收到消息 - 主题: query/response, 内容: {'status': 'success', 'data': {'id': 'ff921835-d015-4948-ab21-199162308cd6', 'title': '11', 'content': '11', 'author': 'guest', 'created_at': None, 'likes': 0, 'comments': 0, 'heat': 0, 'status': 'approved'}, 'query_id': '1779783944.0032961'}
[2026-05-26 16:25:44] [Middleware] 分发消息 - 主题: query/response, 内容: {'status': 'success', 'data': {'id': 'ff921835-d015-4948-ab21-199162308cd6', 'title': '11', 'content': '11', 'author': 'guest', 'created_at': None, 'likes': 0, 'comments': 0, 'heat': 0, 'status': 'approved'}, 'query_id': '1779783944.0032961'}
[2026-05-26 16:25:44] [Middleware] 接收到查询请求放入队列 - ID: 1779783944.2216783, 类型: get_comments
[2026-05-26 16:25:44] [Middleware] 分发查询请求 - 主题: query/request, 内容: {'query_id': '1779783944.2216783', 'query_type': 'get_comments', 'params': {'note_id': 'ff921835-d015-4948-ab21-199162308cd6'}}
[2026-05-26 16:25:44] [Middleware] 接收到消息 - 主题: query/response, 内容: {'status': 'success', 'data': [], 'query_id': '1779783944.2216783'}
[2026-05-26 16:25:44] [Middleware] 分发消息 - 主题: query/response, 内容: {'status': 'success', 'data': [], 'query_id': '1779783944.2216783'}
[2026-05-26 16:25:44] [Middleware] 接收到查询请求放入队列 - ID: 1779783944.4425821, 类型: get_like_count
[2026-05-26 16:25:44] [Middleware] 分发查询请求 - 主题: query/request, 内容: {'query_id': '1779783944.4425821', 'query_type': 'get_like_count', 'params': {'note_id': 'ff921835-d015-4948-ab21-199162308cd6'}}
[2026-05-26 16:25:44] [Middleware] 接收到消息 - 主题: query/response, 内容: {'status': 'success', 'data': 0, 'query_id': '1779783944.4425821'}
[2026-05-26 16:25:44] [Middleware] 分发消息 - 主题: query/response, 内容: {'status': 'success', 'data': 0, 'query_id': '1779783944.4425821'}
[2026-05-26 16:25:47] [Middleware] 接收到查询请求放入队列 - ID: 1779783947.909065, 类型: get_notes
[2026-05-26 16:25:47] [Middleware] 分发查询请求 - 主题: query/request, 内容: {'query_id': '1779783947.909065', 'query_type': 'get_notes', 'params': {}}
[2026-05-26 16:25:47] [Middleware] 接收到消息 - 主题: query/response, 内容: {'status': 'success', 'data': [{'id': 'a16394cd-45b4-45aa-b129-b92a54fd46a8', 'title': '123', 'content': '123', 'author': 'guest', 'created_at': None, 'likes': 5, 'comments': 0, 'heat': 10, 'status': 'approved'}, {'id': 'c216fe9f-591f-4616-a21c-813aff198c85', 'title': '333', 'content': '333', 'author': 'guest', 'created_at': None, 'likes': 5, 'comments': 0, 'heat': 10, 'status': 'approved'}, {'id': '4cbd6681-8b0d-4de1-ada9-9bf2900a8573', 'title': '111', 'content': '1111', 'author': 'guest', 'created_at': None, 'likes': 0, 'comments': 0, 'heat': 0, 'status': 'approved'}, {'id': 'f4e8c84e-0b91-4105-a36e-701623db2646', 'title': '123', 'content': '123', 'author': 'guest', 'created_at': None, 'likes': 0, 'comments': 0, 'heat': 0, 'status': 'approved'}, {'id': '1da6e627-985d-4349-812a-e7e417697b1d', 'title': '324', 'content': '432', 'author': 'guest', 'created_at': None, 'likes': 0, 'comments': 0, 'heat': 0, 'status': 'approved'}, {'id': 'f5ccadc4-9790-4523-8d87-fe7fa42b9ea3', 'title': '888', 'content': '888', 'author': 'guest', 'created_at': None, 'likes': 5, 'comments': 0, 'heat': 10, 'status': 'approved'}, {'id': '16e53912-a6f0-495d-aa52-e962e746dfa1', 'title': '123222', 'content': 'qqwe', 'author': 'guest', 'created_at': None, 'likes': 0, 'comments': 0, 'heat': 0, 'status': 'approved'}], 'query_id': '1779783947.909065'}
[2026-05-26 16:25:48] [Middleware] 分发消息 - 主题: query/response, 内容: {'status': 'success', 'data': [{'id': 'a16394cd-45b4-45aa-b129-b92a54fd46a8', 'title': '123', 'content': '123', 'author': 'guest', 'created_at': None, 'likes': 5, 'comments': 0, 'heat': 10, 'status': 'approved'}, {'id': 'c216fe9f-591f-4616-a21c-813aff198c85', 'title': '333', 'content': '333', 'author': 'guest', 'created_at': None, 'likes': 5, 'comments': 0, 'heat': 10, 'status': 'approved'}, {'id': '4cbd6681-8b0d-4de1-ada9-9bf2900a8573', 'title': '111', 'content': '1111', 'author': 'guest', 'created_at': None, 'likes': 0, 'comments': 0, 'heat': 0, 'status': 'approved'}, {'id': 'f4e8c84e-0b91-4105-a36e-701623db2646', 'title': '123', 'content': '123', 'author': 'guest', 'created_at': None, 'likes': 0, 'comments': 0, 'heat': 0, 'status': 'approved'}, {'id': '1da6e627-985d-4349-812a-e7e417697b1d', 'title': '324', 'content': '432', 'author': 'guest', 'created_at': None, 'likes': 0, 'comments': 0, 'heat': 0, 'status': 'approved'}, {'id': 'f5ccadc4-9790-4523-8d87-fe7fa42b9ea3', 'title': '888', 'content': '888', 'author': 'guest', 'created_at': None, 'likes': 5, 'comments': 0, 'heat': 10, 'status': 'approved'}, {'id': '16e53912-a6f0-495d-aa52-e962e746dfa1', 'title': '123222', 'content': 'qqwe', 'author': 'guest', 'created_at': None, 'likes': 0, 'comments': 0, 'heat': 0, 'status': 'approved'}], 'query_id': '1779783947.909065'}
[2026-05-26 16:25:49] [Middleware] 接收到查询请求放入队列 - ID: 1779783949.5865326, 类型: get_note
[2026-05-26 16:25:49] [Middleware] 分发查询请求 - 主题: query/request, 内容: {'query_id': '1779783949.5865326', 'query_type': 'get_note', 'params': {'note_id': 'c216fe9f-591f-4616-a21c-813aff198c85'}}
[2026-05-26 16:25:49] [Middleware] 接收到消息 - 主题: query/response, 内容: {'status': 'success', 'data': {'id': 'c216fe9f-591f-4616-a21c-813aff198c85', 'title': '333', 'content': '333', 'author': 'guest', 'created_at': None, 'likes': 5, 'comments': 0, 'heat': 10, 'status': 'approved'}, 'query_id': '1779783949.5865326'}
[2026-05-26 16:25:49] [Middleware] 分发消息 - 主题: query/response, 内容: {'status': 'success', 'data': {'id': 'c216fe9f-591f-4616-a21c-813aff198c85', 'title': '333', 'content': '333', 'author': 'guest', 'created_at': None, 'likes': 5, 'comments': 0, 'heat': 10, 'status': 'approved'}, 'query_id': '1779783949.5865326'}
[2026-05-26 16:25:49] [Middleware] 接收到查询请求放入队列 - ID: 1779783949.8042912, 类型: get_comments
[2026-05-26 16:25:49] [Middleware] 分发查询请求 - 主题: query/request, 内容: {'query_id': '1779783949.8042912', 'query_type': 'get_comments', 'params': {'note_id': 'c216fe9f-591f-4616-a21c-813aff198c85'}}
[2026-05-26 16:25:49] [Middleware] 接收到消息 - 主题: query/response, 内容: {'status': 'success', 'data': [], 'query_id': '1779783949.8042912'}
[2026-05-26 16:25:49] [Middleware] 分发消息 - 主题: query/response, 内容: {'status': 'success', 'data': [], 'query_id': '1779783949.8042912'}
[2026-05-26 16:25:50] [Middleware] 接收到查询请求放入队列 - ID: 1779783950.026197, 类型: get_like_count
[2026-05-26 16:25:50] [Middleware] 分发查询请求 - 主题: query/request, 内容: {'query_id': '1779783950.026197', 'query_type': 'get_like_count', 'params': {'note_id': 'c216fe9f-591f-4616-a21c-813aff198c85'}}
[2026-05-26 16:25:50] [Middleware] 接收到消息 - 主题: query/response, 内容: {'status': 'success', 'data': 5, 'query_id': '1779783950.026197'}
[2026-05-26 16:25:50] [Middleware] 分发消息 - 主题: query/response, 内容: {'status': 'success', 'data': 5, 'query_id': '1779783950.026197'}
[2026-05-26 16:25:51] [Middleware] 接收到消息 - 主题: note/like, 内容: {'note_id': 'c216fe9f-591f-4616-a21c-813aff198c85', 'user_id': 'guest'}
[2026-05-26 16:25:51] [Middleware] 接收到查询请求放入队列 - ID: 1779783951.144025, 类型: get_note
[2026-05-26 16:25:51] [Middleware] 分发消息 - 主题: note/like, 内容: {'note_id': 'c216fe9f-591f-4616-a21c-813aff198c85', 'user_id': 'guest'}
[2026-05-26 16:25:51] [Middleware] 分发查询请求 - 主题: query/request, 内容: {'query_id': '1779783951.144025', 'query_type': 'get_note', 'params': {'note_id': 'c216fe9f-591f-4616-a21c-813aff198c85'}}
[2026-05-26 16:25:51] [Middleware] 接收到消息 - 主题: query/response, 内容: {'status': 'success', 'data': {'id': 'c216fe9f-591f-4616-a21c-813aff198c85', 'title': '333', 'content': '333', 'author': 'guest', 'created_at': None, 'likes': 6, 'comments': 0, 'heat': 12, 'status': 'approved'}, 'query_id': '1779783951.144025'}
[2026-05-26 16:25:51] [Middleware] 分发消息 - 主题: query/response, 内容: {'status': 'success', 'data': {'id': 'c216fe9f-591f-4616-a21c-813aff198c85', 'title': '333', 'content': '333', 'author': 'guest', 'created_at': None, 'likes': 6, 'comments': 0, 'heat': 12, 'status': 'approved'}, 'query_id': '1779783951.144025'}
[2026-05-26 16:25:51] [Middleware] 接收到消息 - 主题: note/like, 内容: {'note_id': 'c216fe9f-591f-4616-a21c-813aff198c85', 'user_id': 'guest'}
[2026-05-26 16:25:51] [Middleware] 接收到查询请求放入队列 - ID: 1779783951.325041, 类型: get_note
[2026-05-26 16:25:51] [Middleware] 分发查询请求 - 主题: query/request, 内容: {'query_id': '1779783951.325041', 'query_type': 'get_note', 'params': {'note_id': 'c216fe9f-591f-4616-a21c-813aff198c85'}}
[2026-05-26 16:25:51] [Middleware] 接收到查询请求放入队列 - ID: 1779783951.3588593, 类型: get_comments
[2026-05-26 16:25:51] [Middleware] 接收到消息 - 主题: query/response, 内容: {'status': 'success', 'data': {'id': 'c216fe9f-591f-4616-a21c-813aff198c85', 'title': '333', 'content': '333', 'author': 'guest', 'created_at': None, 'likes': 7, 'comments': 0, 'heat': 12, 'status': 'approved'}, 'query_id': '1779783951.325041'}
[2026-05-26 16:25:51] [Middleware] 分发消息 - 主题: note/like, 内容: {'note_id': 'c216fe9f-591f-4616-a21c-813aff198c85', 'user_id': 'guest'}
[2026-05-26 16:25:51] [Middleware] 分发消息 - 主题: query/response, 内容: {'status': 'success', 'data': {'id': 'c216fe9f-591f-4616-a21c-813aff198c85', 'title': '333', 'content': '333', 'author': 'guest', 'created_at': None, 'likes': 7, 'comments': 0, 'heat': 12, 'status': 'approved'}, 'query_id': '1779783951.325041'}
[2026-05-26 16:25:51] [Middleware] 接收到查询请求放入队列 - ID: 1779783951.4401603, 类型: get_comments
[2026-05-26 16:25:51] [Middleware] 接收到消息 - 主题: note/like, 内容: {'note_id': 'c216fe9f-591f-4616-a21c-813aff198c85', 'user_id': 'guest'}
[2026-05-26 16:25:51] [Middleware] 分发查询请求 - 主题: query/request, 内容: {'query_id': '1779783951.3588593', 'query_type': 'get_comments', 'params': {'note_id': 'c216fe9f-591f-4616-a21c-813aff198c85'}}
[2026-05-26 16:25:51] [Middleware] 分发查询请求 - 主题: query/request, 内容: {'query_id': '1779783951.4401603', 'query_type': 'get_comments', 'params': {'note_id': 'c216fe9f-591f-4616-a21c-813aff198c85'}}
[2026-05-26 16:25:51] [Middleware] 接收到查询请求放入队列 - ID: 1779783951.4771035, 类型: get_note
[2026-05-26 16:25:51] [Middleware] 分发消息 - 主题: note/like, 内容: {'note_id': 'c216fe9f-591f-4616-a21c-813aff198c85', 'user_id': 'guest'}
[2026-05-26 16:25:51] [Middleware] 接收到消息 - 主题: query/response, 内容: {'status': 'success', 'data': [], 'query_id': '1779783951.3588593'}
[2026-05-26 16:25:51] [Middleware] 分发消息 - 主题: query/response, 内容: {'status': 'success', 'data': [], 'query_id': '1779783951.3588593'}
[2026-05-26 16:25:51] [Middleware] 接收到消息 - 主题: query/response, 内容: {'status': 'success', 'data': [], 'query_id': '1779783951.4401603'}
[2026-05-26 16:25:51] [Middleware] 接收到查询请求放入队列 - ID: 1779783951.5745127, 类型: get_like_count
[2026-05-26 16:25:51] [Middleware] 分发查询请求 - 主题: query/request, 内容: {'query_id': '1779783951.4771035', 'query_type': 'get_note', 'params': {'note_id': 'c216fe9f-591f-4616-a21c-813aff198c85'}}
[2026-05-26 16:25:51] [Middleware] 分发消息 - 主题: query/response, 内容: {'status': 'success', 'data': [], 'query_id': '1779783951.4401603'}
[2026-05-26 16:25:51] [Middleware] 分发查询请求 - 主题: query/request, 内容: {'query_id': '1779783951.5745127', 'query_type': 'get_like_count', 'params': {'note_id': 'c216fe9f-591f-4616-a21c-813aff198c85'}}
[2026-05-26 16:25:51] [Middleware] 接收到消息 - 主题: query/response, 内容: {'status': 'success', 'data': {'id': 'c216fe9f-591f-4616-a21c-813aff198c85', 'title': '333', 'content': '333', 'author': 'guest', 'created_at': None, 'likes': 8, 'comments': 0, 'heat': 16, 'status': 'approved'}, 'query_id': '1779783951.4771035'}
[2026-05-26 16:25:51] [Middleware] 接收到消息 - 主题: query/response, 内容: {'status': 'success', 'data': 8, 'query_id': '1779783951.5745127'}
[2026-05-26 16:25:51] [Middleware] 接收到查询请求放入队列 - ID: 1779783951.6605961, 类型: get_like_count
[2026-05-26 16:25:51] [Middleware] 接收到消息 - 主题: note/like, 内容: {'note_id': 'c216fe9f-591f-4616-a21c-813aff198c85', 'user_id': 'guest'}
[2026-05-26 16:25:51] [Middleware] 接收到查询请求放入队列 - ID: 1779783951.6821504, 类型: get_note
[2026-05-26 16:25:51] [Middleware] 分发消息 - 主题: query/response, 内容: {'status': 'success', 'data': {'id': 'c216fe9f-591f-4616-a21c-813aff198c85', 'title': '333', 'content': '333', 'author': 'guest', 'created_at': None, 'likes': 8, 'comments': 0, 'heat': 16, 'status': 'approved'}, 'query_id': '1779783951.4771035'}
[2026-05-26 16:25:51] [Middleware] 分发查询请求 - 主题: query/request, 内容: {'query_id': '1779783951.6605961', 'query_type': 'get_like_count', 'params': {'note_id': 'c216fe9f-591f-4616-a21c-813aff198c85'}}
[2026-05-26 16:25:51] [Middleware] 分发消息 - 主题: query/response, 内容: {'status': 'success', 'data': 8, 'query_id': '1779783951.5745127'}
[2026-05-26 16:25:51] [Middleware] 分发查询请求 - 主题: query/request, 内容: {'query_id': '1779783951.6821504', 'query_type': 'get_note', 'params': {'note_id': 'c216fe9f-591f-4616-a21c-813aff198c85'}}
[2026-05-26 16:25:51] [Middleware] 分发消息 - 主题: note/like, 内容: {'note_id': 'c216fe9f-591f-4616-a21c-813aff198c85', 'user_id': 'guest'}
[2026-05-26 16:25:51] [Middleware] 接收到消息 - 主题: query/response, 内容: {'status': 'success', 'data': 9, 'query_id': '1779783951.6605961'}
[2026-05-26 16:25:51] [Middleware] 接收到消息 - 主题: query/response, 内容: {'status': 'success', 'data': {'id': 'c216fe9f-591f-4616-a21c-813aff198c85', 'title': '333', 'content': '333', 'author': 'guest', 'created_at': None, 'likes': 9, 'comments': 0, 'heat': 18, 'status': 'approved'}, 'query_id': '1779783951.6821504'}
[2026-05-26 16:25:51] [Middleware] 接收到查询请求放入队列 - ID: 1779783951.7933862, 类型: get_comments
[2026-05-26 16:25:51] [Middleware] 分发查询请求 - 主题: query/request, 内容: {'query_id': '1779783951.7933862', 'query_type': 'get_comments', 'params': {'note_id': 'c216fe9f-591f-4616-a21c-813aff198c85'}}
[2026-05-26 16:25:51] [Middleware] 接收到消息 - 主题: query/response, 内容: {'status': 'success', 'data': [], 'query_id': '1779783951.7933862'}
[2026-05-26 16:25:51] [Middleware] 分发消息 - 主题: query/response, 内容: {'status': 'success', 'data': 9, 'query_id': '1779783951.6605961'}
[2026-05-26 16:25:51] [Middleware] 分发消息 - 主题: query/response, 内容: {'status': 'success', 'data': {'id': 'c216fe9f-591f-4616-a21c-813aff198c85', 'title': '333', 'content': '333', 'author': 'guest', 'created_at': None, 'likes': 9, 'comments': 0, 'heat': 18, 'status': 'approved'}, 'query_id': '1779783951.6821504'}
[2026-05-26 16:25:51] [Middleware] 分发消息 - 主题: query/response, 内容: {'status': 'success', 'data': [], 'query_id': '1779783951.7933862'}
[2026-05-26 16:25:51] [Middleware] 接收到查询请求放入队列 - ID: 1779783951.893465, 类型: get_comments
[2026-05-26 16:25:51] [Middleware] 接收到查询请求放入队列 - ID: 1779783951.901977, 类型: get_like_count
[2026-05-26 16:25:51] [Middleware] 分发查询请求 - 主题: query/request, 内容: {'query_id': '1779783951.893465', 'query_type': 'get_comments', 'params': {'note_id': 'c216fe9f-591f-4616-a21c-813aff198c85'}}
[2026-05-26 16:25:51] [Middleware] 分发查询请求 - 主题: query/request, 内容: {'query_id': '1779783951.901977', 'query_type': 'get_like_count', 'params': {'note_id': 'c216fe9f-591f-4616-a21c-813aff198c85'}}
[2026-05-26 16:25:51] [Middleware] 接收到消息 - 主题: query/response, 内容: {'status': 'success', 'data': [], 'query_id': '1779783951.893465'}
[2026-05-26 16:25:51] [Middleware] 接收到消息 - 主题: query/response, 内容: {'status': 'success', 'data': 9, 'query_id': '1779783951.901977'}
[2026-05-26 16:25:51] [Middleware] 分发消息 - 主题: query/response, 内容: {'status': 'success', 'data': [], 'query_id': '1779783951.893465'}
[2026-05-26 16:25:51] [Middleware] 分发消息 - 主题: query/response, 内容: {'status': 'success', 'data': 9, 'query_id': '1779783951.901977'}
[2026-05-26 16:25:52] [Middleware] 接收到查询请求放入队列 - ID: 1779783952.0068111, 类型: get_like_count
[2026-05-26 16:25:52] [Middleware] 分发查询请求 - 主题: query/request, 内容: {'query_id': '1779783952.0068111', 'query_type': 'get_like_count', 'params': {'note_id': 'c216fe9f-591f-4616-a21c-813aff198c85'}}
[2026-05-26 16:25:52] [Middleware] 接收到消息 - 主题: query/response, 内容: {'status': 'success', 'data': 9, 'query_id': '1779783952.0068111'}
[2026-05-26 16:25:52] [Middleware] 分发消息 - 主题: query/response, 内容: {'status': 'success', 'data': 9, 'query_id': '1779783952.0068111'}
[2026-05-26 16:25:52] [Middleware] 接收到消息 - 主题: note/like, 内容: {'note_id': 'c216fe9f-591f-4616-a21c-813aff198c85', 'user_id': 'guest'}
[2026-05-26 16:25:52] [Middleware] 接收到查询请求放入队列 - ID: 1779783952.147123, 类型: get_note
[2026-05-26 16:25:52] [Middleware] 分发消息 - 主题: note/like, 内容: {'note_id': 'c216fe9f-591f-4616-a21c-813aff198c85', 'user_id': 'guest'}
[2026-05-26 16:25:52] [Middleware] 分发查询请求 - 主题: query/request, 内容: {'query_id': '1779783952.147123', 'query_type': 'get_note', 'params': {'note_id': 'c216fe9f-591f-4616-a21c-813aff198c85'}}
[2026-05-26 16:25:52] [Middleware] 接收到消息 - 主题: query/response, 内容: {'status': 'success', 'data': {'id': 'c216fe9f-591f-4616-a21c-813aff198c85', 'title': '333', 'content': '333', 'author': 'guest', 'created_at': None, 'likes': 10, 'comments': 0, 'heat': 20, 'status': 'approved'}, 'query_id': '1779783952.147123'}
[2026-05-26 16:25:52] [Middleware] 分发消息 - 主题: query/response, 内容: {'status': 'success', 'data': {'id': 'c216fe9f-591f-4616-a21c-813aff198c85', 'title': '333', 'content': '333', 'author': 'guest', 'created_at': None, 'likes': 10, 'comments': 0, 'heat': 20, 'status': 'approved'}, 'query_id': '1779783952.147123'}
[2026-05-26 16:25:52] [Middleware] 接收到查询请求放入队列 - ID: 1779783952.382044, 类型: get_comments
[2026-05-26 16:25:52] [Middleware] 分发查询请求 - 主题: query/request, 内容: {'query_id': '1779783952.382044', 'query_type': 'get_comments', 'params': {'note_id': 'c216fe9f-591f-4616-a21c-813aff198c85'}}
[2026-05-26 16:25:52] [Middleware] 接收到消息 - 主题: query/response, 内容: {'status': 'success', 'data': [], 'query_id': '1779783952.382044'}
[2026-05-26 16:25:52] [Middleware] 分发消息 - 主题: query/response, 内容: {'status': 'success', 'data': [], 'query_id': '1779783952.382044'}
[2026-05-26 16:25:52] [Middleware] 接收到查询请求放入队列 - ID: 1779783952.5016546, 类型: get_like_count
[2026-05-26 16:25:52] [Middleware] 分发查询请求 - 主题: query/request, 内容: {'query_id': '1779783952.5016546', 'query_type': 'get_like_count', 'params': {'note_id': 'c216fe9f-591f-4616-a21c-813aff198c85'}}
[2026-05-26 16:25:52] [Middleware] 接收到消息 - 主题: query/response, 内容: {'status': 'success', 'data': 10, 'query_id': '1779783952.5016546'}
[2026-05-26 16:25:52] [Middleware] 分发消息 - 主题: query/response, 内容: {'status': 'success', 'data': 10, 'query_id': '1779783952.5016546'}
[2026-05-26 16:25:54] [Middleware] 接收到消息 - 主题: note/like, 内容: {'note_id': 'c216fe9f-591f-4616-a21c-813aff198c85', 'user_id': 'guest'}
[2026-05-26 16:25:54] [Middleware] 接收到查询请求放入队列 - ID: 1779783954.4496057, 类型: get_note
[2026-05-26 16:25:54] [Middleware] 分发查询请求 - 主题: query/request, 内容: {'query_id': '1779783954.4496057', 'query_type': 'get_note', 'params': {'note_id': 'c216fe9f-591f-4616-a21c-813aff198c85'}}
[2026-05-26 16:25:54] [Middleware] 接收到消息 - 主题: query/response, 内容: {'status': 'success', 'data': {'id': 'c216fe9f-591f-4616-a21c-813aff198c85', 'title': '333', 'content': '333', 'author': 'guest', 'created_at': None, 'likes': 11, 'comments': 0, 'heat': 20, 'status': 'approved'}, 'query_id': '1779783954.4496057'}
[2026-05-26 16:25:54] [Middleware] 分发消息 - 主题: note/like, 内容: {'note_id': 'c216fe9f-591f-4616-a21c-813aff198c85', 'user_id': 'guest'}
[2026-05-26 16:25:54] [Middleware] 分发消息 - 主题: query/response, 内容: {'status': 'success', 'data': {'id': 'c216fe9f-591f-4616-a21c-813aff198c85', 'title': '333', 'content': '333', 'author': 'guest', 'created_at': None, 'likes': 11, 'comments': 0, 'heat': 20, 'status': 'approved'}, 'query_id': '1779783954.4496057'}
[2026-05-26 16:25:54] [Middleware] 接收到查询请求放入队列 - ID: 1779783954.5704114, 类型: get_comments
[2026-05-26 16:25:54] [Middleware] 分发查询请求 - 主题: query/request, 内容: {'query_id': '1779783954.5704114', 'query_type': 'get_comments', 'params': {'note_id': 'c216fe9f-591f-4616-a21c-813aff198c85'}}
[2026-05-26 16:25:54] [Middleware] 接收到消息 - 主题: query/response, 内容: {'status': 'success', 'data': [], 'query_id': '1779783954.5704114'}
[2026-05-26 16:25:54] [Middleware] 接收到消息 - 主题: note/like, 内容: {'note_id': 'c216fe9f-591f-4616-a21c-813aff198c85', 'user_id': 'guest'}
[2026-05-26 16:25:54] [Middleware] 分发消息 - 主题: query/response, 内容: {'status': 'success', 'data': [], 'query_id': '1779783954.5704114'}
[2026-05-26 16:25:54] [Middleware] 分发消息 - 主题: note/like, 内容: {'note_id': 'c216fe9f-591f-4616-a21c-813aff198c85', 'user_id': 'guest'}
[2026-05-26 16:25:54] [Middleware] 接收到查询请求放入队列 - ID: 1779783954.6651227, 类型: get_note
[2026-05-26 16:25:54] [Middleware] 接收到查询请求放入队列 - ID: 1779783954.6787913, 类型: get_like_count
[2026-05-26 16:25:54] [Middleware] 分发查询请求 - 主题: query/request, 内容: {'query_id': '1779783954.6651227', 'query_type': 'get_note', 'params': {'note_id': 'c216fe9f-591f-4616-a21c-813aff198c85'}}
[2026-05-26 16:25:54] [Middleware] 分发查询请求 - 主题: query/request, 内容: {'query_id': '1779783954.6787913', 'query_type': 'get_like_count', 'params': {'note_id': 'c216fe9f-591f-4616-a21c-813aff198c85'}}
[2026-05-26 16:25:54] [Middleware] 接收到消息 - 主题: query/response, 内容: {'status': 'success', 'data': {'id': 'c216fe9f-591f-4616-a21c-813aff198c85', 'title': '333', 'content': '333', 'author': 'guest', 'created_at': None, 'likes': 12, 'comments': 0, 'heat': 24, 'status': 'approved'}, 'query_id': '1779783954.6651227'}
[2026-05-26 16:25:54] [Middleware] 接收到消息 - 主题: query/response, 内容: {'status': 'success', 'data': 12, 'query_id': '1779783954.6787913'}
[2026-05-26 16:25:54] [Middleware] 分发消息 - 主题: query/response, 内容: {'status': 'success', 'data': {'id': 'c216fe9f-591f-4616-a21c-813aff198c85', 'title': '333', 'content': '333', 'author': 'guest', 'created_at': None, 'likes': 12, 'comments': 0, 'heat': 24, 'status': 'approved'}, 'query_id': '1779783954.6651227'}
[2026-05-26 16:25:54] [Middleware] 分发消息 - 主题: query/response, 内容: {'status': 'success', 'data': 12, 'query_id': '1779783954.6787913'}
[2026-05-26 16:25:54] [Middleware] 接收到消息 - 主题: note/like, 内容: {'note_id': 'c216fe9f-591f-4616-a21c-813aff198c85', 'user_id': 'guest'}
[2026-05-26 16:25:54] [Middleware] 接收到查询请求放入队列 - ID: 1779783954.8254278, 类型: get_note
[2026-05-26 16:25:54] [Middleware] 分发查询请求 - 主题: query/request, 内容: {'query_id': '1779783954.8254278', 'query_type': 'get_note', 'params': {'note_id': 'c216fe9f-591f-4616-a21c-813aff198c85'}}
[2026-05-26 16:25:54] [Middleware] 接收到消息 - 主题: query/response, 内容: {'status': 'success', 'data': {'id': 'c216fe9f-591f-4616-a21c-813aff198c85', 'title': '333', 'content': '333', 'author': 'guest', 'created_at': None, 'likes': 13, 'comments': 0, 'heat': 24, 'status': 'approved'}, 'query_id': '1779783954.8254278'}
[2026-05-26 16:25:54] [Middleware] 分发消息 - 主题: note/like, 内容: {'note_id': 'c216fe9f-591f-4616-a21c-813aff198c85', 'user_id': 'guest'}
[2026-05-26 16:25:54] [Middleware] 接收到查询请求放入队列 - ID: 1779783954.8923357, 类型: get_comments
[2026-05-26 16:25:54] [Middleware] 分发消息 - 主题: query/response, 内容: {'status': 'success', 'data': {'id': 'c216fe9f-591f-4616-a21c-813aff198c85', 'title': '333', 'content': '333', 'author': 'guest', 'created_at': None, 'likes': 13, 'comments': 0, 'heat': 24, 'status': 'approved'}, 'query_id': '1779783954.8254278'}
[2026-05-26 16:25:54] [Middleware] 接收到查询请求放入队列 - ID: 1779783954.9325333, 类型: get_comments
[2026-05-26 16:25:54] [Middleware] 分发查询请求 - 主题: query/request, 内容: {'query_id': '1779783954.8923357', 'query_type': 'get_comments', 'params': {'note_id': 'c216fe9f-591f-4616-a21c-813aff198c85'}}
[2026-05-26 16:25:54] [Middleware] 分发查询请求 - 主题: query/request, 内容: {'query_id': '1779783954.9325333', 'query_type': 'get_comments', 'params': {'note_id': 'c216fe9f-591f-4616-a21c-813aff198c85'}}
[2026-05-26 16:25:54] [Middleware] 接收到消息 - 主题: query/response, 内容: {'status': 'success', 'data': [], 'query_id': '1779783954.8923357'}
[2026-05-26 16:25:54] [Middleware] 接收到消息 - 主题: query/response, 内容: {'status': 'success', 'data': [], 'query_id': '1779783954.9325333'}
[2026-05-26 16:25:55] [Middleware] 分发消息 - 主题: query/response, 内容: {'status': 'success', 'data': [], 'query_id': '1779783954.8923357'}
[2026-05-26 16:25:55] [Middleware] 分发消息 - 主题: query/response, 内容: {'status': 'success', 'data': [], 'query_id': '1779783954.9325333'}
[2026-05-26 16:25:55] [Middleware] 接收到消息 - 主题: note/like, 内容: {'note_id': 'c216fe9f-591f-4616-a21c-813aff198c85', 'user_id': 'guest'}
[2026-05-26 16:25:55] [Middleware] 接收到查询请求放入队列 - ID: 1779783955.053178, 类型: get_like_count
[2026-05-26 16:25:55] [Middleware] 接收到查询请求放入队列 - ID: 1779783955.053178, 类型: get_note
[2026-05-26 16:25:55] [Middleware] 分发查询请求 - 主题: query/request, 内容: {'query_id': '1779783955.053178', 'query_type': 'get_like_count', 'params': {'note_id': 'c216fe9f-591f-4616-a21c-813aff198c85'}}
[2026-05-26 16:25:55] [Middleware] 分发查询请求 - 主题: query/request, 内容: {'query_id': '1779783955.053178', 'query_type': 'get_note', 'params': {'note_id': 'c216fe9f-591f-4616-a21c-813aff198c85'}}
[2026-05-26 16:25:55] [Middleware] 接收到消息 - 主题: query/response, 内容: {'status': 'success', 'data': 14, 'query_id': '1779783955.053178'}
[2026-05-26 16:25:55] [Middleware] 接收到消息 - 主题: query/response, 内容: {'status': 'success', 'data': {'id': 'c216fe9f-591f-4616-a21c-813aff198c85', 'title': '333', 'content': '333', 'author': 'guest', 'created_at': None, 'likes': 14, 'comments': 0, 'heat': 26, 'status': 'approved'}, 'query_id': '1779783955.053178'}
[2026-05-26 16:25:55] [Middleware] 分发消息 - 主题: note/like, 内容: {'note_id': 'c216fe9f-591f-4616-a21c-813aff198c85', 'user_id': 'guest'}
[2026-05-26 16:25:55] [Middleware] 接收到查询请求放入队列 - ID: 1779783955.1201813, 类型: get_like_count
[2026-05-26 16:25:55] [Middleware] 分发消息 - 主题: query/response, 内容: {'status': 'success', 'data': 14, 'query_id': '1779783955.053178'}
[2026-05-26 16:25:55] [Middleware] 分发消息 - 主题: query/response, 内容: {'status': 'success', 'data': {'id': 'c216fe9f-591f-4616-a21c-813aff198c85', 'title': '333', 'content': '333', 'author': 'guest', 'created_at': None, 'likes': 14, 'comments': 0, 'heat': 26, 'status': 'approved'}, 'query_id': '1779783955.053178'}
[2026-05-26 16:25:55] [Middleware] 分发查询请求 - 主题: query/request, 内容: {'query_id': '1779783955.1201813', 'query_type': 'get_like_count', 'params': {'note_id': 'c216fe9f-591f-4616-a21c-813aff198c85'}}
[2026-05-26 16:25:55] [Middleware] 接收到消息 - 主题: query/response, 内容: {'status': 'success', 'data': 14, 'query_id': '1779783955.1201813'}
[2026-05-26 16:25:55] [Middleware] 分发消息 - 主题: query/response, 内容: {'status': 'success', 'data': 14, 'query_id': '1779783955.1201813'}
[2026-05-26 16:25:55] [Middleware] 接收到消息 - 主题: note/like, 内容: {'note_id': 'c216fe9f-591f-4616-a21c-813aff198c85', 'user_id': 'guest'}
[2026-05-26 16:25:55] [Middleware] 接收到查询请求放入队列 - ID: 1779783955.2650256, 类型: get_note
[2026-05-26 16:25:55] [Middleware] 分发查询请求 - 主题: query/request, 内容: {'query_id': '1779783955.2650256', 'query_type': 'get_note', 'params': {'note_id': 'c216fe9f-591f-4616-a21c-813aff198c85'}}
[2026-05-26 16:25:55] [Middleware] 接收到消息 - 主题: query/response, 内容: {'status': 'success', 'data': {'id': 'c216fe9f-591f-4616-a21c-813aff198c85', 'title': '333', 'content': '333', 'author': 'guest', 'created_at': None, 'likes': 15, 'comments': 0, 'heat': 28, 'status': 'approved'}, 'query_id': '1779783955.2650256'}
[2026-05-26 16:25:55] [Middleware] 分发消息 - 主题: note/like, 内容: {'note_id': 'c216fe9f-591f-4616-a21c-813aff198c85', 'user_id': 'guest'}
[2026-05-26 16:25:55] [Middleware] 分发消息 - 主题: query/response, 内容: {'status': 'success', 'data': {'id': 'c216fe9f-591f-4616-a21c-813aff198c85', 'title': '333', 'content': '333', 'author': 'guest', 'created_at': None, 'likes': 15, 'comments': 0, 'heat': 28, 'status': 'approved'}, 'query_id': '1779783955.2650256'}
[2026-05-26 16:25:55] [Middleware] 接收到查询请求放入队列 - ID: 1779783955.3735766, 类型: get_comments
[2026-05-26 16:25:55] [Middleware] 分发查询请求 - 主题: query/request, 内容: {'query_id': '1779783955.3735766', 'query_type': 'get_comments', 'params': {'note_id': 'c216fe9f-591f-4616-a21c-813aff198c85'}}
[2026-05-26 16:25:55] [Middleware] 接收到消息 - 主题: query/response, 内容: {'status': 'success', 'data': [], 'query_id': '1779783955.3735766'}
[2026-05-26 16:25:55] [Middleware] 接收到消息 - 主题: note/like, 内容: {'note_id': 'c216fe9f-591f-4616-a21c-813aff198c85', 'user_id': 'guest'}
[2026-05-26 16:25:55] [Middleware] 分发消息 - 主题: query/response, 内容: {'status': 'success', 'data': [], 'query_id': '1779783955.3735766'}
[2026-05-26 16:25:55] [Middleware] 分发消息 - 主题: note/like, 内容: {'note_id': 'c216fe9f-591f-4616-a21c-813aff198c85', 'user_id': 'guest'}
[2026-05-26 16:25:55] [Middleware] 接收到查询请求放入队列 - ID: 1779783955.468742, 类型: get_note
[2026-05-26 16:25:55] [Middleware] 接收到查询请求放入队列 - ID: 1779783955.491628, 类型: get_like_count
[2026-05-26 16:25:55] [Middleware] 分发查询请求 - 主题: query/request, 内容: {'query_id': '1779783955.468742', 'query_type': 'get_note', 'params': {'note_id': 'c216fe9f-591f-4616-a21c-813aff198c85'}}
[2026-05-26 16:25:55] [Middleware] 分发查询请求 - 主题: query/request, 内容: {'query_id': '1779783955.491628', 'query_type': 'get_like_count', 'params': {'note_id': 'c216fe9f-591f-4616-a21c-813aff198c85'}}
[2026-05-26 16:25:55] [Middleware] 接收到消息 - 主题: query/response, 内容: {'status': 'success', 'data': {'id': 'c216fe9f-591f-4616-a21c-813aff198c85', 'title': '333', 'content': '333', 'author': 'guest', 'created_at': None, 'likes': 16, 'comments': 0, 'heat': 32, 'status': 'approved'}, 'query_id': '1779783955.468742'}
[2026-05-26 16:25:55] [Middleware] 分发消息 - 主题: query/response, 内容: {'status': 'success', 'data': {'id': 'c216fe9f-591f-4616-a21c-813aff198c85', 'title': '333', 'content': '333', 'author': 'guest', 'created_at': None, 'likes': 16, 'comments': 0, 'heat': 32, 'status': 'approved'}, 'query_id': '1779783955.468742'}
[2026-05-26 16:25:55] [Middleware] 接收到消息 - 主题: query/response, 内容: {'status': 'success', 'data': 16, 'query_id': '1779783955.491628'}
[2026-05-26 16:25:55] [Middleware] 接收到查询请求放入队列 - ID: 1779783955.6781585, 类型: get_comments
[2026-05-26 16:25:55] [Middleware] 分发消息 - 主题: query/response, 内容: {'status': 'success', 'data': 16, 'query_id': '1779783955.491628'}
[2026-05-26 16:25:55] [Middleware] 分发查询请求 - 主题: query/request, 内容: {'query_id': '1779783955.6781585', 'query_type': 'get_comments', 'params': {'note_id': 'c216fe9f-591f-4616-a21c-813aff198c85'}}
[2026-05-26 16:25:55] [Middleware] 接收到消息 - 主题: query/response, 内容: {'status': 'success', 'data': [], 'query_id': '1779783955.6781585'}
[2026-05-26 16:25:55] [Middleware] 分发消息 - 主题: query/response, 内容: {'status': 'success', 'data': [], 'query_id': '1779783955.6781585'}
[2026-05-26 16:25:55] [Middleware] 接收到查询请求放入队列 - ID: 1779783955.8958066, 类型: get_like_count
[2026-05-26 16:25:56] [Middleware] 分发查询请求 - 主题: query/request, 内容: {'query_id': '1779783955.8958066', 'query_type': 'get_like_count', 'params': {'note_id': 'c216fe9f-591f-4616-a21c-813aff198c85'}}
[2026-05-26 16:25:56] [Middleware] 接收到消息 - 主题: query/response, 内容: {'status': 'success', 'data': 16, 'query_id': '1779783955.8958066'}
[2026-05-26 16:25:56] [Middleware] 分发消息 - 主题: query/response, 内容: {'status': 'success', 'data': 16, 'query_id': '1779783955.8958066'}
[2026-05-26 16:25:59] [Middleware] 接收到消息 - 主题: note/comment, 内容: {'note_id': 'c216fe9f-591f-4616-a21c-813aff198c85', 'user_id': 'guest', 'comment_text': '123213321'}
[2026-05-26 16:25:59] [Middleware] 接收到查询请求放入队列 - ID: 1779783959.487587, 类型: get_note
[2026-05-26 16:25:59] [Middleware] 分发查询请求 - 主题: query/request, 内容: {'query_id': '1779783959.487587', 'query_type': 'get_note', 'params': {'note_id': 'c216fe9f-591f-4616-a21c-813aff198c85'}}
[2026-05-26 16:25:59] [Middleware] 分发消息 - 主题: note/comment, 内容: {'note_id': 'c216fe9f-591f-4616-a21c-813aff198c85', 'user_id': 'guest', 'comment_text': '123213321'}
[2026-05-26 16:25:59] [Middleware] 接收到消息 - 主题: query/response, 内容: {'status': 'success', 'data': {'id': 'c216fe9f-591f-4616-a21c-813aff198c85', 'title': '333', 'content': '333', 'author': 'guest', 'created_at': None, 'likes': 16, 'comments': 1, 'heat': 32, 'status': 'approved'}, 'query_id': '1779783959.487587'}
[2026-05-26 16:25:59] [Middleware] 分发消息 - 主题: query/response, 内容: {'status': 'success', 'data': {'id': 'c216fe9f-591f-4616-a21c-813aff198c85', 'title': '333', 'content': '333', 'author': 'guest', 'created_at': None, 'likes': 16, 'comments': 1, 'heat': 32, 'status': 'approved'}, 'query_id': '1779783959.487587'}
[2026-05-26 16:25:59] [Middleware] 接收到查询请求放入队列 - ID: 1779783959.7080479, 类型: get_comments
[2026-05-26 16:25:59] [Middleware] 分发查询请求 - 主题: query/request, 内容: {'query_id': '1779783959.7080479', 'query_type': 'get_comments', 'params': {'note_id': 'c216fe9f-591f-4616-a21c-813aff198c85'}}
[2026-05-26 16:25:59] [Middleware] 接收到消息 - 主题: query/response, 内容: {'status': 'success', 'data': [{'id': 'eaa0cf99-4632-4741-a1b3-471fb44b9f87', 'note_id': 'c216fe9f-591f-4616-a21c-813aff198c85', 'user_id': 'guest', 'content': '123213321', 'created_at': '2026-05-26T16:25:59.468515'}], 'query_id': '1779783959.7080479'}
[2026-05-26 16:25:59] [Middleware] 分发消息 - 主题: query/response, 内容: {'status': 'success', 'data': [{'id': 'eaa0cf99-4632-4741-a1b3-471fb44b9f87', 'note_id': 'c216fe9f-591f-4616-a21c-813aff198c85', 'user_id': 'guest', 'content': '123213321', 'created_at': '2026-05-26T16:25:59.468515'}], 'query_id': '1779783959.7080479'}
[2026-05-26 16:25:59] [Middleware] 接收到查询请求放入队列 - ID: 1779783959.9232998, 类型: get_like_count
[2026-05-26 16:25:59] [Middleware] 分发查询请求 - 主题: query/request, 内容: {'query_id': '1779783959.9232998', 'query_type': 'get_like_count', 'params': {'note_id': 'c216fe9f-591f-4616-a21c-813aff198c85'}}
[2026-05-26 16:25:59] [Middleware] 接收到消息 - 主题: query/response, 内容: {'status': 'success', 'data': 16, 'query_id': '1779783959.9232998'}
[2026-05-26 16:26:00] [Middleware] 分发消息 - 主题: query/response, 内容: {'status': 'success', 'data': 16, 'query_id': '1779783959.9232998'}
[2026-05-26 16:26:02] [Middleware] 接收到查询请求放入队列 - ID: 1779783962.1190534, 类型: get_notes
[2026-05-26 16:26:02] [Middleware] 分发查询请求 - 主题: query/request, 内容: {'query_id': '1779783962.1190534', 'query_type': 'get_notes', 'params': {}}
[2026-05-26 16:26:02] [Middleware] 接收到消息 - 主题: query/response, 内容: {'status': 'success', 'data': [{'id': 'a16394cd-45b4-45aa-b129-b92a54fd46a8', 'title': '123', 'content': '123', 'author': 'guest', 'created_at': None, 'likes': 5, 'comments': 0, 'heat': 10, 'status': 'approved'}, {'id': 'c216fe9f-591f-4616-a21c-813aff198c85', 'title': '333', 'content': '333', 'author': 'guest', 'created_at': None, 'likes': 16, 'comments': 1, 'heat': 35, 'status': 'approved'}, {'id': '4cbd6681-8b0d-4de1-ada9-9bf2900a8573', 'title': '111', 'content': '1111', 'author': 'guest', 'created_at': None, 'likes': 0, 'comments': 0, 'heat': 0, 'status': 'approved'}, {'id': 'f4e8c84e-0b91-4105-a36e-701623db2646', 'title': '123', 'content': '123', 'author': 'guest', 'created_at': None, 'likes': 0, 'comments': 0, 'heat': 0, 'status': 'approved'}, {'id': '1da6e627-985d-4349-812a-e7e417697b1d', 'title': '324', 'content': '432', 'author': 'guest', 'created_at': None, 'likes': 0, 'comments': 0, 'heat': 0, 'status': 'approved'}, {'id': 'f5ccadc4-9790-4523-8d87-fe7fa42b9ea3', 'title': '888', 'content': '888', 'author': 'guest', 'created_at': None, 'likes': 5, 'comments': 0, 'heat': 10, 'status': 'approved'}, {'id': '16e53912-a6f0-495d-aa52-e962e746dfa1', 'title': '123222', 'content': 'qqwe', 'author': 'guest', 'created_at': None, 'likes': 0, 'comments': 0, 'heat': 0, 'status': 'approved'}], 'query_id': '1779783962.1190534'}
[2026-05-26 16:26:02] [Middleware] 分发消息 - 主题: query/response, 内容: {'status': 'success', 'data': [{'id': 'a16394cd-45b4-45aa-b129-b92a54fd46a8', 'title': '123', 'content': '123', 'author': 'guest', 'created_at': None, 'likes': 5, 'comments': 0, 'heat': 10, 'status': 'approved'}, {'id': 'c216fe9f-591f-4616-a21c-813aff198c85', 'title': '333', 'content': '333', 'author': 'guest', 'created_at': None, 'likes': 16, 'comments': 1, 'heat': 35, 'status': 'approved'}, {'id': '4cbd6681-8b0d-4de1-ada9-9bf2900a8573', 'title': '111', 'content': '1111', 'author': 'guest', 'created_at': None, 'likes': 0, 'comments': 0, 'heat': 0, 'status': 'approved'}, {'id': 'f4e8c84e-0b91-4105-a36e-701623db2646', 'title': '123', 'content': '123', 'author': 'guest', 'created_at': None, 'likes': 0, 'comments': 0, 'heat': 0, 'status': 'approved'}, {'id': '1da6e627-985d-4349-812a-e7e417697b1d', 'title': '324', 'content': '432', 'author': 'guest', 'created_at': None, 'likes': 0, 'comments': 0, 'heat': 0, 'status': 'approved'}, {'id': 'f5ccadc4-9790-4523-8d87-fe7fa42b9ea3', 'title': '888', 'content': '888', 'author': 'guest', 'created_at': None, 'likes': 5, 'comments': 0, 'heat': 10, 'status': 'approved'}, {'id': '16e53912-a6f0-495d-aa52-e962e746dfa1', 'title': '123222', 'content': 'qqwe', 'author': 'guest', 'created_at': None, 'likes': 0, 'comments': 0, 'heat': 0, 'status': 'approved'}], 'query_id': '1779783962.1190534'}
