[2026-05-26 16:25:28] [Producer] 已连接到中间件 127.0.0.1:5001
[2026-05-26 16:25:33] [Producer] 已发送消息 - 主题: query/response, 内容: {'status': 'success', 'data': [{'id': 'a16394cd-45b4-45aa-b129-b92a54fd46a8', 'title': '123', 'content': '123', 'author': 'guest', 'created_at': None, 'likes': 5, 'comments': 0, 'heat': 10, 'status': 'approved'}, {'id': 'c216fe9f-591f-4616-a21c-813aff198c85', 'title': '333', 'content': '333', 'author': 'guest', 'created_at': None, 'likes': 5, 'comments': 0, 'heat': 10, 'status': 'approved'}, {'id': '4cbd6681-8b0d-4de1-ada9-9bf2900a8573', 'title': '111', 'content': '1111', 'author': 'guest', 'created_at': None, 'likes': 0, 'comments': 0, 'heat': 0, 'status': 'approved'}, {'id': 'f4e8c84e-0b91-4105-a36e-701623db2646', 'title': '123', 'content': '123', 'author': 'guest', 'created_at': None, 'likes': 0, 'comments': 0, 'heat': 0, 'status': 'approved'}, {'id': '1da6e627-985d-4349-812a-e7e417697b1d', 'title': '324', 'content': '432', 'author': 'guest', 'created_at': None, 'likes': 0, 'comments': 0, 'heat': 0, 'status': 'approved'}, {'id': 'ff921835-d015-4948-ab21-199162308cd6', 'title': '11', 'content': '11', 'author': 'guest', 'created_at': None, 'likes': 0, 'comments': 0, 'heat': 0, 'status': 'approved'}, {'id': 'f5ccadc4-9790-4523-8d87-fe7fa42b9ea3', 'title': '888', 'content': '888', 'author': 'guest', 'created_at': None, 'likes': 5, 'comments': 0, 'heat': 10, 'status': 'approved'}], 'query_id': '1779783933.5981324'}
[2026-05-26 16:25:41] [Producer] 已连接到中间件 127.0.0.1:5001
[2026-05-26 16:25:41] [Producer] 已发送消息 - 主题: note/publish, 内容: {'note_id': '16e53912-a6f0-495d-aa52-e962e746dfa1', 'title': '123222', 'content': 'qqwe', 'author': 'guest', 'created_at': None}
[2026-05-26 16:25:42] [Producer] 已发送消息 - 主题: query/response, 内容: {'status': 'success', 'data': [{'id': 'a16394cd-45b4-45aa-b129-b92a54fd46a8', 'title': '123', 'content': '123', 'author': 'guest', 'created_at': None, 'likes': 5, 'comments': 0, 'heat': 10, 'status': 'approved'}, {'id': 'c216fe9f-591f-4616-a21c-813aff198c85', 'title': '333', 'content': '333', 'author': 'guest', 'created_at': None, 'likes': 5, 'comments': 0, 'heat': 10, 'status': 'approved'}, {'id': '4cbd6681-8b0d-4de1-ada9-9bf2900a8573', 'title': '111', 'content': '1111', 'author': 'guest', 'created_at': None, 'likes': 0, 'comments': 0, 'heat': 0, 'status': 'approved'}, {'id': 'f4e8c84e-0b91-4105-a36e-701623db2646', 'title': '123', 'content': '123', 'author': 'guest', 'created_at': None, 'likes': 0, 'comments': 0, 'heat': 0, 'status': 'approved'}, {'id': '1da6e627-985d-4349-812a-e7e417697b1d', 'title': '324', 'content': '432', 'author': 'guest', 'created_at': None, 'likes': 0, 'comments': 0, 'heat': 0, 'status': 'approved'}, {'id': 'ff921835-d015-4948-ab21-199162308cd6', 'title': '11', 'content': '11', 'author': 'guest', 'created_at': None, 'likes': 0, 'comments': 0, 'heat': 0, 'status': 'approved'}, {'id': 'f5ccadc4-9790-4523-8d87-fe7fa42b9ea3', 'title': '888', 'content': '888', 'author': 'guest', 'created_at': None, 'likes': 5, 'comments': 0, 'heat': 10, 'status': 'approved'}, {'id': '16e53912-a6f0-495d-aa52-e962e746dfa1', 'title': '123222', 'content': 'qqwe', 'author': 'guest', 'created_at': None, 'likes': 0, 'comments': 0, 'heat': 0, 'status': 'approved'}], 'query_id': '1779783941.996469'}
[2026-05-26 16:25:44] [Producer] 已发送消息 - 主题: query/response, 内容: {'status': 'success', 'data': {'id': 'ff921835-d015-4948-ab21-199162308cd6', 'title': '11', 'content': '11', 'author': 'guest', 'created_at': None, 'likes': 0, 'comments': 0, 'heat': 0, 'status': 'approved'}, 'query_id': '1779783944.0032961'}
[2026-05-26 16:25:44] [Producer] 已发送消息 - 主题: query/response, 内容: {'status': 'success', 'data': [], 'query_id': '1779783944.2216783'}
[2026-05-26 16:25:44] [Producer] 已发送消息 - 主题: query/response, 内容: {'status': 'success', 'data': 0, 'query_id': '1779783944.4425821'}
[2026-05-26 16:25:47] [Producer] 已发送消息 - 主题: query/response, 内容: {'status': 'success', 'data': [{'id': 'a16394cd-45b4-45aa-b129-b92a54fd46a8', 'title': '123', 'content': '123', 'author': 'guest', 'created_at': None, 'likes': 5, 'comments': 0, 'heat': 10, 'status': 'approved'}, {'id': 'c216fe9f-591f-4616-a21c-813aff198c85', 'title': '333', 'content': '333', 'author': 'guest', 'created_at': None, 'likes': 5, 'comments': 0, 'heat': 10, 'status': 'approved'}, {'id': '4cbd6681-8b0d-4de1-ada9-9bf2900a8573', 'title': '111', 'content': '1111', 'author': 'guest', 'created_at': None, 'likes': 0, 'comments': 0, 'heat': 0, 'status': 'approved'}, {'id': 'f4e8c84e-0b91-4105-a36e-701623db2646', 'title': '123', 'content': '123', 'author': 'guest', 'created_at': None, 'likes': 0, 'comments': 0, 'heat': 0, 'status': 'approved'}, {'id': '1da6e627-985d-4349-812a-e7e417697b1d', 'title': '324', 'content': '432', 'author': 'guest', 'created_at': None, 'likes': 0, 'comments': 0, 'heat': 0, 'status': 'approved'}, {'id': 'f5ccadc4-9790-4523-8d87-fe7fa42b9ea3', 'title': '888', 'content': '888', 'author': 'guest', 'created_at': None, 'likes': 5, 'comments': 0, 'heat': 10, 'status': 'approved'}, {'id': '16e53912-a6f0-495d-aa52-e962e746dfa1', 'title': '123222', 'content': 'qqwe', 'author': 'guest', 'created_at': None, 'likes': 0, 'comments': 0, 'heat': 0, 'status': 'approved'}], 'query_id': '1779783947.909065'}
[2026-05-26 16:25:49] [Producer] 已发送消息 - 主题: query/response, 内容: {'status': 'success', 'data': {'id': 'c216fe9f-591f-4616-a21c-813aff198c85', 'title': '333', 'content': '333', 'author': 'guest', 'created_at': None, 'likes': 5, 'comments': 0, 'heat': 10, 'status': 'approved'}, 'query_id': '1779783949.5865326'}
[2026-05-26 16:25:49] [Producer] 已发送消息 - 主题: query/response, 内容: {'status': 'success', 'data': [], 'query_id': '1779783949.8042912'}
[2026-05-26 16:25:50] [Producer] 已发送消息 - 主题: query/response, 内容: {'status': 'success', 'data': 5, 'query_id': '1779783950.026197'}
[2026-05-26 16:25:51] [Producer] 已发送消息 - 主题: note/like, 内容: {'note_id': 'c216fe9f-591f-4616-a21c-813aff198c85', 'user_id': 'guest'}
[2026-05-26 16:25:51] [Producer] 已发送消息 - 主题: query/response, 内容: {'status': 'success', 'data': {'id': 'c216fe9f-591f-4616-a21c-813aff198c85', 'title': '333', 'content': '333', 'author': 'guest', 'created_at': None, 'likes': 6, 'comments': 0, 'heat': 12, 'status': 'approved'}, 'query_id': '1779783951.144025'}
[2026-05-26 16:25:51] [Producer] 已发送消息 - 主题: note/like, 内容: {'note_id': 'c216fe9f-591f-4616-a21c-813aff198c85', 'user_id': 'guest'}
[2026-05-26 16:25:51] [Producer] 已发送消息 - 主题: query/response, 内容: {'status': 'success', 'data': {'id': 'c216fe9f-591f-4616-a21c-813aff198c85', 'title': '333', 'content': '333', 'author': 'guest', 'created_at': None, 'likes': 7, 'comments': 0, 'heat': 12, 'status': 'approved'}, 'query_id': '1779783951.325041'}
[2026-05-26 16:25:51] [Producer] 已发送消息 - 主题: note/like, 内容: {'note_id': 'c216fe9f-591f-4616-a21c-813aff198c85', 'user_id': 'guest'}
[2026-05-26 16:25:51] [Producer] 已发送消息 - 主题: query/response, 内容: {'status': 'success', 'data': [], 'query_id': '1779783951.3588593'}
[2026-05-26 16:25:51] [Producer] 已发送消息 - 主题: query/response, 内容: {'status': 'success', 'data': [], 'query_id': '1779783951.4401603'}
[2026-05-26 16:25:51] [Producer] 已发送消息 - 主题: query/response, 内容: {'status': 'success', 'data': {'id': 'c216fe9f-591f-4616-a21c-813aff198c85', 'title': '333', 'content': '333', 'author': 'guest', 'created_at': None, 'likes': 8, 'comments': 0, 'heat': 16, 'status': 'approved'}, 'query_id': '1779783951.4771035'}
[2026-05-26 16:25:51] [Producer] 已发送消息 - 主题: query/response, 内容: {'status': 'success', 'data': 8, 'query_id': '1779783951.5745127'}
[2026-05-26 16:25:51] [Producer] 已发送消息 - 主题: note/like, 内容: {'note_id': 'c216fe9f-591f-4616-a21c-813aff198c85', 'user_id': 'guest'}
[2026-05-26 16:25:51] [Producer] 已发送消息 - 主题: query/response, 内容: {'status': 'success', 'data': 9, 'query_id': '1779783951.6605961'}
[2026-05-26 16:25:51] [Producer] 已发送消息 - 主题: query/response, 内容: {'status': 'success', 'data': {'id': 'c216fe9f-591f-4616-a21c-813aff198c85', 'title': '333', 'content': '333', 'author': 'guest', 'created_at': None, 'likes': 9, 'comments': 0, 'heat': 18, 'status': 'approved'}, 'query_id': '1779783951.6821504'}
[2026-05-26 16:25:51] [Producer] 已发送消息 - 主题: query/response, 内容: {'status': 'success', 'data': [], 'query_id': '1779783951.7933862'}
[2026-05-26 16:25:51] [Producer] 已发送消息 - 主题: query/response, 内容: {'status': 'success', 'data': [], 'query_id': '1779783951.893465'}
[2026-05-26 16:25:51] [Producer] 已发送消息 - 主题: query/response, 内容: {'status': 'success', 'data': 9, 'query_id': '1779783951.901977'}
[2026-05-26 16:25:52] [Producer] 已发送消息 - 主题: query/response, 内容: {'status': 'success', 'data': 9, 'query_id': '1779783952.0068111'}
[2026-05-26 16:25:52] [Producer] 已发送消息 - 主题: note/like, 内容: {'note_id': 'c216fe9f-591f-4616-a21c-813aff198c85', 'user_id': 'guest'}
[2026-05-26 16:25:52] [Producer] 已发送消息 - 主题: query/response, 内容: {'status': 'success', 'data': {'id': 'c216fe9f-591f-4616-a21c-813aff198c85', 'title': '333', 'content': '333', 'author': 'guest', 'created_at': None, 'likes': 10, 'comments': 0, 'heat': 20, 'status': 'approved'}, 'query_id': '1779783952.147123'}
[2026-05-26 16:25:52] [Producer] 已发送消息 - 主题: query/response, 内容: {'status': 'success', 'data': [], 'query_id': '1779783952.382044'}
[2026-05-26 16:25:52] [Producer] 已发送消息 - 主题: query/response, 内容: {'status': 'success', 'data': 10, 'query_id': '1779783952.5016546'}
[2026-05-26 16:25:54] [Producer] 已发送消息 - 主题: note/like, 内容: {'note_id': 'c216fe9f-591f-4616-a21c-813aff198c85', 'user_id': 'guest'}
[2026-05-26 16:25:54] [Producer] 已发送消息 - 主题: query/response, 内容: {'status': 'success', 'data': {'id': 'c216fe9f-591f-4616-a21c-813aff198c85', 'title': '333', 'content': '333', 'author': 'guest', 'created_at': None, 'likes': 11, 'comments': 0, 'heat': 20, 'status': 'approved'}, 'query_id': '1779783954.4496057'}
[2026-05-26 16:25:54] [Producer] 已发送消息 - 主题: query/response, 内容: {'status': 'success', 'data': [], 'query_id': '1779783954.5704114'}
[2026-05-26 16:25:54] [Producer] 已发送消息 - 主题: note/like, 内容: {'note_id': 'c216fe9f-591f-4616-a21c-813aff198c85', 'user_id': 'guest'}
[2026-05-26 16:25:54] [Producer] 已发送消息 - 主题: query/response, 内容: {'status': 'success', 'data': {'id': 'c216fe9f-591f-4616-a21c-813aff198c85', 'title': '333', 'content': '333', 'author': 'guest', 'created_at': None, 'likes': 12, 'comments': 0, 'heat': 24, 'status': 'approved'}, 'query_id': '1779783954.6651227'}
[2026-05-26 16:25:54] [Producer] 已发送消息 - 主题: query/response, 内容: {'status': 'success', 'data': 12, 'query_id': '1779783954.6787913'}
[2026-05-26 16:25:54] [Producer] 已发送消息 - 主题: note/like, 内容: {'note_id': 'c216fe9f-591f-4616-a21c-813aff198c85', 'user_id': 'guest'}
[2026-05-26 16:25:54] [Producer] 已发送消息 - 主题: query/response, 内容: {'status': 'success', 'data': {'id': 'c216fe9f-591f-4616-a21c-813aff198c85', 'title': '333', 'content': '333', 'author': 'guest', 'created_at': None, 'likes': 13, 'comments': 0, 'heat': 24, 'status': 'approved'}, 'query_id': '1779783954.8254278'}
[2026-05-26 16:25:54] [Producer] 已发送消息 - 主题: query/response, 内容: {'status': 'success', 'data': [], 'query_id': '1779783954.8923357'}
[2026-05-26 16:25:54] [Producer] 已发送消息 - 主题: query/response, 内容: {'status': 'success', 'data': [], 'query_id': '1779783954.9325333'}
[2026-05-26 16:25:55] [Producer] 已发送消息 - 主题: note/like, 内容: {'note_id': 'c216fe9f-591f-4616-a21c-813aff198c85', 'user_id': 'guest'}
[2026-05-26 16:25:55] [Producer] 已发送消息 - 主题: query/response, 内容: {'status': 'success', 'data': 14, 'query_id': '1779783955.053178'}
[2026-05-26 16:25:55] [Producer] 已发送消息 - 主题: query/response, 内容: {'status': 'success', 'data': {'id': 'c216fe9f-591f-4616-a21c-813aff198c85', 'title': '333', 'content': '333', 'author': 'guest', 'created_at': None, 'likes': 14, 'comments': 0, 'heat': 26, 'status': 'approved'}, 'query_id': '1779783955.053178'}
[2026-05-26 16:25:55] [Producer] 已发送消息 - 主题: query/response, 内容: {'status': 'success', 'data': 14, 'query_id': '1779783955.1201813'}
[2026-05-26 16:25:55] [Producer] 已发送消息 - 主题: note/like, 内容: {'note_id': 'c216fe9f-591f-4616-a21c-813aff198c85', 'user_id': 'guest'}
[2026-05-26 16:25:55] [Producer] 已发送消息 - 主题: query/response, 内容: {'status': 'success', 'data': {'id': 'c216fe9f-591f-4616-a21c-813aff198c85', 'title': '333', 'content': '333', 'author': 'guest', 'created_at': None, 'likes': 15, 'comments': 0, 'heat': 28, 'status': 'approved'}, 'query_id': '1779783955.2650256'}
[2026-05-26 16:25:55] [Producer] 已发送消息 - 主题: query/response, 内容: {'status': 'success', 'data': [], 'query_id': '1779783955.3735766'}
[2026-05-26 16:25:55] [Producer] 已发送消息 - 主题: note/like, 内容: {'note_id': 'c216fe9f-591f-4616-a21c-813aff198c85', 'user_id': 'guest'}
[2026-05-26 16:25:55] [Producer] 已发送消息 - 主题: query/response, 内容: {'status': 'success', 'data': {'id': 'c216fe9f-591f-4616-a21c-813aff198c85', 'title': '333', 'content': '333', 'author': 'guest', 'created_at': None, 'likes': 16, 'comments': 0, 'heat': 32, 'status': 'approved'}, 'query_id': '1779783955.468742'}
[2026-05-26 16:25:55] [Producer] 已发送消息 - 主题: query/response, 内容: {'status': 'success', 'data': 16, 'query_id': '1779783955.491628'}
[2026-05-26 16:25:55] [Producer] 已发送消息 - 主题: query/response, 内容: {'status': 'success', 'data': [], 'query_id': '1779783955.6781585'}
[2026-05-26 16:25:56] [Producer] 已发送消息 - 主题: query/response, 内容: {'status': 'success', 'data': 16, 'query_id': '1779783955.8958066'}
[2026-05-26 16:25:59] [Producer] 已发送消息 - 主题: note/comment, 内容: {'note_id': 'c216fe9f-591f-4616-a21c-813aff198c85', 'user_id': 'guest', 'comment_text': '123213321'}
[2026-05-26 16:25:59] [Producer] 已发送消息 - 主题: query/response, 内容: {'status': 'success', 'data': {'id': 'c216fe9f-591f-4616-a21c-813aff198c85', 'title': '333', 'content': '333', 'author': 'guest', 'created_at': None, 'likes': 16, 'comments': 1, 'heat': 32, 'status': 'approved'}, 'query_id': '1779783959.487587'}
[2026-05-26 16:25:59] [Producer] 已发送消息 - 主题: query/response, 内容: {'status': 'success', 'data': [{'id': 'eaa0cf99-4632-4741-a1b3-471fb44b9f87', 'note_id': 'c216fe9f-591f-4616-a21c-813aff198c85', 'user_id': 'guest', 'content': '123213321', 'created_at': '2026-05-26T16:25:59.468515'}], 'query_id': '1779783959.7080479'}
[2026-05-26 16:25:59] [Producer] 已发送消息 - 主题: query/response, 内容: {'status': 'success', 'data': 16, 'query_id': '1779783959.9232998'}
[2026-05-26 16:26:02] [Producer] 已发送消息 - 主题: query/response, 内容: {'status': 'success', 'data': [{'id': 'a16394cd-45b4-45aa-b129-b92a54fd46a8', 'title': '123', 'content': '123', 'author': 'guest', 'created_at': None, 'likes': 5, 'comments': 0, 'heat': 10, 'status': 'approved'}, {'id': 'c216fe9f-591f-4616-a21c-813aff198c85', 'title': '333', 'content': '333', 'author': 'guest', 'created_at': None, 'likes': 16, 'comments': 1, 'heat': 35, 'status': 'approved'}, {'id': '4cbd6681-8b0d-4de1-ada9-9bf2900a8573', 'title': '111', 'content': '1111', 'author': 'guest', 'created_at': None, 'likes': 0, 'comments': 0, 'heat': 0, 'status': 'approved'}, {'id': 'f4e8c84e-0b91-4105-a36e-701623db2646', 'title': '123', 'content': '123', 'author': 'guest', 'created_at': None, 'likes': 0, 'comments': 0, 'heat': 0, 'status': 'approved'}, {'id': '1da6e627-985d-4349-812a-e7e417697b1d', 'title': '324', 'content': '432', 'author': 'guest', 'created_at': None, 'likes': 0, 'comments': 0, 'heat': 0, 'status': 'approved'}, {'id': 'f5ccadc4-9790-4523-8d87-fe7fa42b9ea3', 'title': '888', 'content': '888', 'author': 'guest', 'created_at': None, 'likes': 5, 'comments': 0, 'heat': 10, 'status': 'approved'}, {'id': '16e53912-a6f0-495d-aa52-e962e746dfa1', 'title': '123222', 'content': 'qqwe', 'author': 'guest', 'created_at': None, 'likes': 0, 'comments': 0, 'heat': 0, 'status': 'approved'}], 'query_id': '1779783962.1190534'}
