[2026-05-26 16:25:33] [QueryConsumer] 处理查询请求 - ID: 1779783933.5981324, 类型: get_notes
[2026-05-26 16:25:33] [QueryConsumer] 查询完成 - ID: 1779783933.5981324, 状态: success
[2026-05-26 16:25:42] [QueryConsumer] 处理查询请求 - ID: 1779783941.996469, 类型: get_notes
[2026-05-26 16:25:42] [QueryConsumer] 查询完成 - ID: 1779783941.996469, 状态: success
[2026-05-26 16:25:44] [QueryConsumer] 处理查询请求 - ID: 1779783944.0032961, 类型: get_note
[2026-05-26 16:25:44] [QueryConsumer] 查询完成 - ID: 1779783944.0032961, 状态: success
[2026-05-26 16:25:44] [QueryConsumer] 处理查询请求 - ID: 1779783944.2216783, 类型: get_comments
[2026-05-26 16:25:44] [QueryConsumer] 查询完成 - ID: 1779783944.2216783, 状态: success
[2026-05-26 16:25:44] [QueryConsumer] 处理查询请求 - ID: 1779783944.4425821, 类型: get_like_count
[2026-05-26 16:25:44] [QueryConsumer] 查询完成 - ID: 1779783944.4425821, 状态: success
[2026-05-26 16:25:47] [QueryConsumer] 处理查询请求 - ID: 1779783947.909065, 类型: get_notes
[2026-05-26 16:25:47] [QueryConsumer] 查询完成 - ID: 1779783947.909065, 状态: success
[2026-05-26 16:25:49] [QueryConsumer] 处理查询请求 - ID: 1779783949.5865326, 类型: get_note
[2026-05-26 16:25:49] [QueryConsumer] 查询完成 - ID: 1779783949.5865326, 状态: success
[2026-05-26 16:25:49] [QueryConsumer] 处理查询请求 - ID: 1779783949.8042912, 类型: get_comments
[2026-05-26 16:25:49] [QueryConsumer] 查询完成 - ID: 1779783949.8042912, 状态: success
[2026-05-26 16:25:50] [QueryConsumer] 处理查询请求 - ID: 1779783950.026197, 类型: get_like_count
[2026-05-26 16:25:50] [QueryConsumer] 查询完成 - ID: 1779783950.026197, 状态: success
[2026-05-26 16:25:51] [QueryConsumer] 处理查询请求 - ID: 1779783951.144025, 类型: get_note
[2026-05-26 16:25:51] [QueryConsumer] 查询完成 - ID: 1779783951.144025, 状态: success
[2026-05-26 16:25:51] [QueryConsumer] 处理查询请求 - ID: 1779783951.325041, 类型: get_note
[2026-05-26 16:25:51] [QueryConsumer] 查询完成 - ID: 1779783951.325041, 状态: success
[2026-05-26 16:25:51] [QueryConsumer] 处理查询请求 - ID: 1779783951.3588593, 类型: get_comments
[2026-05-26 16:25:51] [QueryConsumer] 查询完成 - ID: 1779783951.3588593, 状态: success
[2026-05-26 16:25:51] [QueryConsumer] 处理查询请求 - ID: 1779783951.4401603, 类型: get_comments
[2026-05-26 16:25:51] [QueryConsumer] 查询完成 - ID: 1779783951.4401603, 状态: success
[2026-05-26 16:25:51] [QueryConsumer] 处理查询请求 - ID: 1779783951.4771035, 类型: get_note
[2026-05-26 16:25:51] [QueryConsumer] 查询完成 - ID: 1779783951.4771035, 状态: success
[2026-05-26 16:25:51] [QueryConsumer] 处理查询请求 - ID: 1779783951.5745127, 类型: get_like_count
[2026-05-26 16:25:51] [QueryConsumer] 查询完成 - ID: 1779783951.5745127, 状态: success
[2026-05-26 16:25:51] [QueryConsumer] 处理查询请求 - ID: 1779783951.6605961, 类型: get_like_count
[2026-05-26 16:25:51] [QueryConsumer] 查询完成 - ID: 1779783951.6605961, 状态: success
[2026-05-26 16:25:51] [QueryConsumer] 处理查询请求 - ID: 1779783951.6821504, 类型: get_note
[2026-05-26 16:25:51] [QueryConsumer] 查询完成 - ID: 1779783951.6821504, 状态: success
[2026-05-26 16:25:51] [QueryConsumer] 处理查询请求 - ID: 1779783951.7933862, 类型: get_comments
[2026-05-26 16:25:51] [QueryConsumer] 查询完成 - ID: 1779783951.7933862, 状态: success
[2026-05-26 16:25:51] [QueryConsumer] 处理查询请求 - ID: 1779783951.893465, 类型: get_comments
[2026-05-26 16:25:51] [QueryConsumer] 查询完成 - ID: 1779783951.893465, 状态: success
[2026-05-26 16:25:51] [QueryConsumer] 处理查询请求 - ID: 1779783951.901977, 类型: get_like_count
[2026-05-26 16:25:51] [QueryConsumer] 查询完成 - ID: 1779783951.901977, 状态: success
[2026-05-26 16:25:52] [QueryConsumer] 处理查询请求 - ID: 1779783952.0068111, 类型: get_like_count
[2026-05-26 16:25:52] [QueryConsumer] 查询完成 - ID: 1779783952.0068111, 状态: success
[2026-05-26 16:25:52] [QueryConsumer] 处理查询请求 - ID: 1779783952.147123, 类型: get_note
[2026-05-26 16:25:52] [QueryConsumer] 查询完成 - ID: 1779783952.147123, 状态: success
[2026-05-26 16:25:52] [QueryConsumer] 处理查询请求 - ID: 1779783952.382044, 类型: get_comments
[2026-05-26 16:25:52] [QueryConsumer] 查询完成 - ID: 1779783952.382044, 状态: success
[2026-05-26 16:25:52] [QueryConsumer] 处理查询请求 - ID: 1779783952.5016546, 类型: get_like_count
[2026-05-26 16:25:52] [QueryConsumer] 查询完成 - ID: 1779783952.5016546, 状态: success
[2026-05-26 16:25:54] [QueryConsumer] 处理查询请求 - ID: 1779783954.4496057, 类型: get_note
[2026-05-26 16:25:54] [QueryConsumer] 查询完成 - ID: 1779783954.4496057, 状态: success
[2026-05-26 16:25:54] [QueryConsumer] 处理查询请求 - ID: 1779783954.5704114, 类型: get_comments
[2026-05-26 16:25:54] [QueryConsumer] 查询完成 - ID: 1779783954.5704114, 状态: success
[2026-05-26 16:25:54] [QueryConsumer] 处理查询请求 - ID: 1779783954.6651227, 类型: get_note
[2026-05-26 16:25:54] [QueryConsumer] 查询完成 - ID: 1779783954.6651227, 状态: success
[2026-05-26 16:25:54] [QueryConsumer] 处理查询请求 - ID: 1779783954.6787913, 类型: get_like_count
[2026-05-26 16:25:54] [QueryConsumer] 查询完成 - ID: 1779783954.6787913, 状态: success
[2026-05-26 16:25:54] [QueryConsumer] 处理查询请求 - ID: 1779783954.8254278, 类型: get_note
[2026-05-26 16:25:54] [QueryConsumer] 查询完成 - ID: 1779783954.8254278, 状态: success
[2026-05-26 16:25:54] [QueryConsumer] 处理查询请求 - ID: 1779783954.8923357, 类型: get_comments
[2026-05-26 16:25:54] [QueryConsumer] 查询完成 - ID: 1779783954.8923357, 状态: success
[2026-05-26 16:25:54] [QueryConsumer] 处理查询请求 - ID: 1779783954.9325333, 类型: get_comments
[2026-05-26 16:25:54] [QueryConsumer] 查询完成 - ID: 1779783954.9325333, 状态: success
[2026-05-26 16:25:55] [QueryConsumer] 处理查询请求 - ID: 1779783955.053178, 类型: get_like_count
[2026-05-26 16:25:55] [QueryConsumer] 查询完成 - ID: 1779783955.053178, 状态: success
[2026-05-26 16:25:55] [QueryConsumer] 处理查询请求 - ID: 1779783955.053178, 类型: get_note
[2026-05-26 16:25:55] [QueryConsumer] 查询完成 - ID: 1779783955.053178, 状态: success
[2026-05-26 16:25:55] [QueryConsumer] 处理查询请求 - ID: 1779783955.1201813, 类型: get_like_count
[2026-05-26 16:25:55] [QueryConsumer] 查询完成 - ID: 1779783955.1201813, 状态: success
[2026-05-26 16:25:55] [QueryConsumer] 处理查询请求 - ID: 1779783955.2650256, 类型: get_note
[2026-05-26 16:25:55] [QueryConsumer] 查询完成 - ID: 1779783955.2650256, 状态: success
[2026-05-26 16:25:55] [QueryConsumer] 处理查询请求 - ID: 1779783955.3735766, 类型: get_comments
[2026-05-26 16:25:55] [QueryConsumer] 查询完成 - ID: 1779783955.3735766, 状态: success
[2026-05-26 16:25:55] [QueryConsumer] 处理查询请求 - ID: 1779783955.468742, 类型: get_note
[2026-05-26 16:25:55] [QueryConsumer] 查询完成 - ID: 1779783955.468742, 状态: success
[2026-05-26 16:25:55] [QueryConsumer] 处理查询请求 - ID: 1779783955.491628, 类型: get_like_count
[2026-05-26 16:25:55] [QueryConsumer] 查询完成 - ID: 1779783955.491628, 状态: success
[2026-05-26 16:25:55] [QueryConsumer] 处理查询请求 - ID: 1779783955.6781585, 类型: get_comments
[2026-05-26 16:25:55] [QueryConsumer] 查询完成 - ID: 1779783955.6781585, 状态: success
[2026-05-26 16:25:56] [QueryConsumer] 处理查询请求 - ID: 1779783955.8958066, 类型: get_like_count
[2026-05-26 16:25:56] [QueryConsumer] 查询完成 - ID: 1779783955.8958066, 状态: success
[2026-05-26 16:25:59] [QueryConsumer] 处理查询请求 - ID: 1779783959.487587, 类型: get_note
[2026-05-26 16:25:59] [QueryConsumer] 查询完成 - ID: 1779783959.487587, 状态: success
[2026-05-26 16:25:59] [QueryConsumer] 处理查询请求 - ID: 1779783959.7080479, 类型: get_comments
[2026-05-26 16:25:59] [QueryConsumer] 查询完成 - ID: 1779783959.7080479, 状态: success
[2026-05-26 16:25:59] [QueryConsumer] 处理查询请求 - ID: 1779783959.9232998, 类型: get_like_count
[2026-05-26 16:25:59] [QueryConsumer] 查询完成 - ID: 1779783959.9232998, 状态: success
[2026-05-26 16:26:02] [QueryConsumer] 处理查询请求 - ID: 1779783962.1190534, 类型: get_notes
[2026-05-26 16:26:02] [QueryConsumer] 查询完成 - ID: 1779783962.1190534, 状态: success
