[2026-06-01 10:26:03] [QueryClient] 已连接到中间件 127.0.0.1:5001
[2026-06-01 10:26:03] [QueryClient] 已订阅查询结果主题
[2026-06-01 10:26:03] [QueryClient] 发送查询请求 - ID: 1780280763.5837202, 类型: get_notes
[2026-06-01 10:26:03] [QueryClient] 收到查询结果 - ID: 1780280763.5837202, 状态: success
[2026-06-01 10:26:03] [QueryClient] 接收响应失败: [WinError 10038] 在一个非套接字上尝试了一个操作。
[2026-06-01 10:26:03] [QueryClient] 已断开与中间件的连接
[2026-06-01 10:26:03] [QueryClient] 已断开与中间件的连接
[2026-06-01 10:26:03] [QueryClient] 已连接到中间件 127.0.0.1:5001
[2026-06-01 10:26:03] [QueryClient] 已订阅查询结果主题
[2026-06-01 10:26:03] [QueryClient] 发送查询请求 - ID: 1780280763.7354167, 类型: get_notes
[2026-06-01 10:26:03] [QueryClient] 收到查询结果 - ID: 1780280763.7354167, 状态: success
[2026-06-01 10:26:03] [QueryClient] 接收响应失败: [WinError 10038] 在一个非套接字上尝试了一个操作。
[2026-06-01 10:26:03] [QueryClient] 已断开与中间件的连接
[2026-06-01 10:26:03] [QueryClient] 已断开与中间件的连接
[2026-06-01 10:26:03] [QueryClient] 已连接到中间件 127.0.0.1:5001
[2026-06-01 10:26:03] [QueryClient] 已订阅查询结果主题
[2026-06-01 10:26:03] [QueryClient] 发送查询请求 - ID: 1780280763.8626833, 类型: get_notes
[2026-06-01 10:26:03] [QueryClient] 收到查询结果 - ID: 1780280763.8626833, 状态: success
[2026-06-01 10:26:03] [QueryClient] 发送查询请求 - ID: 1780280763.980855, 类型: get_notes
[2026-06-01 10:26:04] [QueryClient] 收到查询结果 - ID: 1780280763.980855, 状态: success
[2026-06-01 10:26:04] [QueryClient] 发送查询请求 - ID: 1780280764.090834, 类型: get_notes
[2026-06-01 10:26:04] [QueryClient] 收到查询结果 - ID: 1780280764.090834, 状态: success
[2026-06-01 10:26:04] [QueryClient] 发送查询请求 - ID: 1780280764.2078288, 类型: get_notes
[2026-06-01 10:26:04] [QueryClient] 收到查询结果 - ID: 1780280764.2078288, 状态: success
[2026-06-01 10:26:04] [QueryClient] 发送查询请求 - ID: 1780280764.320341, 类型: get_notes
[2026-06-01 10:26:04] [QueryClient] 收到查询结果 - ID: 1780280764.320341, 状态: success
[2026-06-01 10:26:04] [QueryClient] 已断开与中间件的连接
[2026-06-01 10:26:16] [QueryClient] 已连接到中间件 127.0.0.1:5001
[2026-06-01 10:26:16] [QueryClient] 已订阅查询结果主题
[2026-06-01 10:26:16] [QueryClient] 发送查询请求 - ID: 1780280776.934183, 类型: get_notes
[2026-06-01 10:26:17] [QueryClient] 收到查询结果 - ID: 1780280776.934183, 状态: success
[2026-06-01 10:26:17] [QueryClient] 发送查询请求 - ID: 1780280777.0701666, 类型: get_note
[2026-06-01 10:26:17] [QueryClient] 收到查询结果 - ID: 1780280777.0701666, 状态: success
[2026-06-01 10:26:17] [QueryClient] 发送查询请求 - ID: 1780280777.1774466, 类型: get_comments
[2026-06-01 10:26:17] [QueryClient] 收到查询结果 - ID: 1780280777.1774466, 状态: success
[2026-06-01 10:26:17] [QueryClient] 发送查询请求 - ID: 1780280777.2878168, 类型: get_like_count
[2026-06-01 10:26:17] [QueryClient] 收到查询结果 - ID: 1780280777.2878168, 状态: success
[2026-06-01 10:26:17] [QueryClient] 发送查询请求 - ID: 1780280777.3950398, 类型: unknown_query
[2026-06-01 10:26:17] [QueryClient] 收到查询结果 - ID: 1780280777.3950398, 状态: error
[2026-06-01 10:26:17] [QueryClient] 接收响应失败: [WinError 10038] 在一个非套接字上尝试了一个操作。
[2026-06-01 10:26:17] [QueryClient] 已断开与中间件的连接
[2026-06-01 10:26:17] [QueryClient] 已断开与中间件的连接
[2026-06-01 10:26:23] [QueryClient] 已连接到中间件 127.0.0.1:5001
[2026-06-01 10:26:23] [QueryClient] 已订阅查询结果主题
[2026-06-01 10:26:23] [QueryClient] 发送查询请求 - ID: 1780280783.7673507, 类型: get_notes
[2026-06-01 10:26:23] [QueryClient] 收到查询结果 - ID: 1780280783.7673507, 状态: success
[2026-06-01 10:26:24] [QueryClient] 发送查询请求 - ID: 1780280784.8843281, 类型: get_like_count
[2026-06-01 10:26:24] [QueryClient] 收到查询结果 - ID: 1780280784.8843281, 状态: success
[2026-06-01 10:26:25] [QueryClient] 发送查询请求 - ID: 1780280785.9918454, 类型: get_comments
[2026-06-01 10:26:26] [QueryClient] 收到查询结果 - ID: 1780280785.9918454, 状态: success
[2026-06-01 10:26:26] [QueryClient] 接收响应失败: [WinError 10038] 在一个非套接字上尝试了一个操作。
[2026-06-01 10:26:26] [QueryClient] 已断开与中间件的连接
[2026-06-01 10:26:26] [QueryClient] 已断开与中间件的连接
[2026-06-01 10:26:31] [QueryClient] 已连接到中间件 127.0.0.1:5001
[2026-06-01 10:26:31] [QueryClient] 已订阅查询结果主题
[2026-06-01 10:26:31] [QueryClient] 发送查询请求 - ID: 1780280791.3953724, 类型: get_notes
[2026-06-01 10:26:31] [QueryClient] 收到查询结果 - ID: 1780280791.3953724, 状态: success
[2026-06-01 10:26:31] [QueryClient] 发送查询请求 - ID: 1780280791.5083828, 类型: get_notes
[2026-06-01 10:26:31] [QueryClient] 收到查询结果 - ID: 1780280791.5083828, 状态: success
[2026-06-01 10:26:31] [QueryClient] 发送查询请求 - ID: 1780280791.6195598, 类型: get_notes
[2026-06-01 10:26:31] [QueryClient] 收到查询结果 - ID: 1780280791.6195598, 状态: success
[2026-06-01 10:26:31] [QueryClient] 发送查询请求 - ID: 1780280791.7312229, 类型: get_notes
[2026-06-01 10:26:31] [QueryClient] 收到查询结果 - ID: 1780280791.7312229, 状态: success
[2026-06-01 10:26:31] [QueryClient] 发送查询请求 - ID: 1780280791.8489616, 类型: get_notes
[2026-06-01 10:26:31] [QueryClient] 收到查询结果 - ID: 1780280791.8489616, 状态: success
[2026-06-01 10:26:31] [QueryClient] 发送查询请求 - ID: 1780280791.9574149, 类型: get_notes
[2026-06-01 10:26:32] [QueryClient] 收到查询结果 - ID: 1780280791.9574149, 状态: success
[2026-06-01 10:26:32] [QueryClient] 发送查询请求 - ID: 1780280792.0670125, 类型: get_notes
[2026-06-01 10:26:32] [QueryClient] 收到查询结果 - ID: 1780280792.0670125, 状态: success
[2026-06-01 10:26:32] [QueryClient] 发送查询请求 - ID: 1780280792.1726635, 类型: get_notes
[2026-06-01 10:26:32] [QueryClient] 收到查询结果 - ID: 1780280792.1726635, 状态: success
[2026-06-01 10:26:32] [QueryClient] 发送查询请求 - ID: 1780280792.2786596, 类型: get_notes
[2026-06-01 10:26:32] [QueryClient] 收到查询结果 - ID: 1780280792.2786596, 状态: success
[2026-06-01 10:26:32] [QueryClient] 发送查询请求 - ID: 1780280792.3827903, 类型: get_notes
[2026-06-01 10:26:32] [QueryClient] 收到查询结果 - ID: 1780280792.3827903, 状态: success
[2026-06-01 10:26:32] [QueryClient] 发送查询请求 - ID: 1780280792.485067, 类型: get_notes
[2026-06-01 10:26:32] [QueryClient] 收到查询结果 - ID: 1780280792.485067, 状态: success
[2026-06-01 10:26:32] [QueryClient] 发送查询请求 - ID: 1780280792.5914714, 类型: get_notes
[2026-06-01 10:26:32] [QueryClient] 收到查询结果 - ID: 1780280792.5914714, 状态: success
[2026-06-01 10:26:32] [QueryClient] 发送查询请求 - ID: 1780280792.7069983, 类型: get_notes
[2026-06-01 10:26:32] [QueryClient] 收到查询结果 - ID: 1780280792.7069983, 状态: success
[2026-06-01 10:26:32] [QueryClient] 发送查询请求 - ID: 1780280792.810501, 类型: get_notes
[2026-06-01 10:26:32] [QueryClient] 收到查询结果 - ID: 1780280792.810501, 状态: success
[2026-06-01 10:26:32] [QueryClient] 发送查询请求 - ID: 1780280792.9205685, 类型: get_notes
[2026-06-01 10:26:33] [QueryClient] 收到查询结果 - ID: 1780280792.9205685, 状态: success
[2026-06-01 10:26:33] [QueryClient] 发送查询请求 - ID: 1780280793.0277662, 类型: get_notes
[2026-06-01 10:26:33] [QueryClient] 收到查询结果 - ID: 1780280793.0277662, 状态: success
[2026-06-01 10:26:33] [QueryClient] 发送查询请求 - ID: 1780280793.1434047, 类型: get_notes
[2026-06-01 10:26:33] [QueryClient] 收到查询结果 - ID: 1780280793.1434047, 状态: success
[2026-06-01 10:26:33] [QueryClient] 发送查询请求 - ID: 1780280793.2478597, 类型: get_notes
[2026-06-01 10:26:33] [QueryClient] 收到查询结果 - ID: 1780280793.2478597, 状态: success
[2026-06-01 10:26:33] [QueryClient] 发送查询请求 - ID: 1780280793.3501925, 类型: get_notes
[2026-06-01 10:26:33] [QueryClient] 收到查询结果 - ID: 1780280793.3501925, 状态: success
[2026-06-01 10:26:33] [QueryClient] 发送查询请求 - ID: 1780280793.461177, 类型: get_notes
[2026-06-01 10:26:33] [QueryClient] 收到查询结果 - ID: 1780280793.461177, 状态: success
[2026-06-01 10:26:33] [QueryClient] 发送查询请求 - ID: 1780280793.5659132, 类型: get_notes
[2026-06-01 10:26:33] [QueryClient] 收到查询结果 - ID: 1780280793.5659132, 状态: success
[2026-06-01 10:26:33] [QueryClient] 发送查询请求 - ID: 1780280793.6771553, 类型: get_notes
[2026-06-01 10:26:33] [QueryClient] 收到查询结果 - ID: 1780280793.6771553, 状态: success
[2026-06-01 10:26:33] [QueryClient] 发送查询请求 - ID: 1780280793.7889187, 类型: get_notes
[2026-06-01 10:26:33] [QueryClient] 收到查询结果 - ID: 1780280793.7889187, 状态: success
[2026-06-01 10:26:33] [QueryClient] 发送查询请求 - ID: 1780280793.88968, 类型: get_notes
[2026-06-01 10:26:33] [QueryClient] 收到查询结果 - ID: 1780280793.88968, 状态: success
[2026-06-01 10:26:33] [QueryClient] 发送查询请求 - ID: 1780280793.9966888, 类型: get_notes
[2026-06-01 10:26:34] [QueryClient] 收到查询结果 - ID: 1780280793.9966888, 状态: success
[2026-06-01 10:26:34] [QueryClient] 发送查询请求 - ID: 1780280794.1034014, 类型: get_notes
[2026-06-01 10:26:34] [QueryClient] 收到查询结果 - ID: 1780280794.1034014, 状态: success
[2026-06-01 10:26:34] [QueryClient] 发送查询请求 - ID: 1780280794.2127259, 类型: get_notes
[2026-06-01 10:26:34] [QueryClient] 收到查询结果 - ID: 1780280794.2127259, 状态: success
[2026-06-01 10:26:34] [QueryClient] 发送查询请求 - ID: 1780280794.3160603, 类型: get_notes
[2026-06-01 10:26:34] [QueryClient] 收到查询结果 - ID: 1780280794.3160603, 状态: success
[2026-06-01 10:26:34] [QueryClient] 发送查询请求 - ID: 1780280794.4261925, 类型: get_notes
[2026-06-01 10:26:34] [QueryClient] 收到查询结果 - ID: 1780280794.4261925, 状态: success
[2026-06-01 10:26:34] [QueryClient] 发送查询请求 - ID: 1780280794.5932946, 类型: get_notes
[2026-06-01 10:26:34] [QueryClient] 收到查询结果 - ID: 1780280794.5932946, 状态: success
[2026-06-01 10:26:34] [QueryClient] 发送查询请求 - ID: 1780280794.7068262, 类型: get_notes
[2026-06-01 10:26:34] [QueryClient] 收到查询结果 - ID: 1780280794.7068262, 状态: success
[2026-06-01 10:26:34] [QueryClient] 发送查询请求 - ID: 1780280794.820219, 类型: get_notes
[2026-06-01 10:26:34] [QueryClient] 收到查询结果 - ID: 1780280794.820219, 状态: success
[2026-06-01 10:26:34] [QueryClient] 发送查询请求 - ID: 1780280794.9223995, 类型: get_notes
[2026-06-01 10:26:35] [QueryClient] 收到查询结果 - ID: 1780280794.9223995, 状态: success
[2026-06-01 10:26:35] [QueryClient] 发送查询请求 - ID: 1780280795.0386443, 类型: get_notes
[2026-06-01 10:26:35] [QueryClient] 收到查询结果 - ID: 1780280795.0386443, 状态: success
[2026-06-01 10:26:35] [QueryClient] 发送查询请求 - ID: 1780280795.1405268, 类型: get_notes
[2026-06-01 10:26:35] [QueryClient] 收到查询结果 - ID: 1780280795.1405268, 状态: success
[2026-06-01 10:26:35] [QueryClient] 发送查询请求 - ID: 1780280795.2529287, 类型: get_notes
[2026-06-01 10:26:35] [QueryClient] 收到查询结果 - ID: 1780280795.2529287, 状态: success
[2026-06-01 10:26:35] [QueryClient] 发送查询请求 - ID: 1780280795.3577595, 类型: get_notes
[2026-06-01 10:26:35] [QueryClient] 收到查询结果 - ID: 1780280795.3577595, 状态: success
[2026-06-01 10:26:35] [QueryClient] 发送查询请求 - ID: 1780280795.484453, 类型: get_notes
[2026-06-01 10:26:35] [QueryClient] 收到查询结果 - ID: 1780280795.484453, 状态: success
[2026-06-01 10:26:35] [QueryClient] 发送查询请求 - ID: 1780280795.5957127, 类型: get_notes
[2026-06-01 10:26:35] [QueryClient] 收到查询结果 - ID: 1780280795.5957127, 状态: success
[2026-06-01 10:26:35] [QueryClient] 发送查询请求 - ID: 1780280795.7007236, 类型: get_notes
[2026-06-01 10:26:35] [QueryClient] 收到查询结果 - ID: 1780280795.7007236, 状态: success
[2026-06-01 10:26:35] [QueryClient] 发送查询请求 - ID: 1780280795.8081076, 类型: get_notes
[2026-06-01 10:26:35] [QueryClient] 收到查询结果 - ID: 1780280795.8081076, 状态: success
[2026-06-01 10:26:35] [QueryClient] 发送查询请求 - ID: 1780280795.9101353, 类型: get_notes
[2026-06-01 10:26:36] [QueryClient] 收到查询结果 - ID: 1780280795.9101353, 状态: success
[2026-06-01 10:26:36] [QueryClient] 发送查询请求 - ID: 1780280796.0206175, 类型: get_notes
[2026-06-01 10:26:36] [QueryClient] 收到查询结果 - ID: 1780280796.0206175, 状态: success
[2026-06-01 10:26:36] [QueryClient] 发送查询请求 - ID: 1780280796.1358905, 类型: get_notes
[2026-06-01 10:26:36] [QueryClient] 收到查询结果 - ID: 1780280796.1358905, 状态: success
[2026-06-01 10:26:36] [QueryClient] 发送查询请求 - ID: 1780280796.2402558, 类型: get_notes
[2026-06-01 10:26:36] [QueryClient] 收到查询结果 - ID: 1780280796.2402558, 状态: success
[2026-06-01 10:26:36] [QueryClient] 发送查询请求 - ID: 1780280796.3477435, 类型: get_notes
[2026-06-01 10:26:36] [QueryClient] 收到查询结果 - ID: 1780280796.3477435, 状态: success
[2026-06-01 10:26:36] [QueryClient] 发送查询请求 - ID: 1780280796.4577951, 类型: get_notes
[2026-06-01 10:26:36] [QueryClient] 收到查询结果 - ID: 1780280796.4577951, 状态: success
[2026-06-01 10:26:36] [QueryClient] 发送查询请求 - ID: 1780280796.569543, 类型: get_notes
[2026-06-01 10:26:36] [QueryClient] 收到查询结果 - ID: 1780280796.569543, 状态: success
[2026-06-01 10:26:36] [QueryClient] 发送查询请求 - ID: 1780280796.787395, 类型: get_notes
[2026-06-01 10:26:36] [QueryClient] 收到查询结果 - ID: 1780280796.787395, 状态: success
[2026-06-01 10:26:36] [QueryClient] 发送查询请求 - ID: 1780280796.8961327, 类型: get_notes
[2026-06-01 10:26:36] [QueryClient] 收到查询结果 - ID: 1780280796.8961327, 状态: success
[2026-06-01 10:26:37] [QueryClient] 发送查询请求 - ID: 1780280797.0015035, 类型: get_notes
[2026-06-01 10:26:37] [QueryClient] 收到查询结果 - ID: 1780280797.0015035, 状态: success
[2026-06-01 10:26:37] [QueryClient] 发送查询请求 - ID: 1780280797.1092045, 类型: get_notes
[2026-06-01 10:26:37] [QueryClient] 收到查询结果 - ID: 1780280797.1092045, 状态: success
[2026-06-01 10:26:37] [QueryClient] 发送查询请求 - ID: 1780280797.2137184, 类型: get_notes
[2026-06-01 10:26:37] [QueryClient] 收到查询结果 - ID: 1780280797.2137184, 状态: success
[2026-06-01 10:26:37] [QueryClient] 发送查询请求 - ID: 1780280797.3235216, 类型: get_notes
[2026-06-01 10:26:37] [QueryClient] 收到查询结果 - ID: 1780280797.3235216, 状态: success
[2026-06-01 10:26:37] [QueryClient] 发送查询请求 - ID: 1780280797.4353325, 类型: get_notes
[2026-06-01 10:26:37] [QueryClient] 收到查询结果 - ID: 1780280797.4353325, 状态: success
[2026-06-01 10:26:37] [QueryClient] 发送查询请求 - ID: 1780280797.5390422, 类型: get_notes
[2026-06-01 10:26:37] [QueryClient] 收到查询结果 - ID: 1780280797.5390422, 状态: success
[2026-06-01 10:26:37] [QueryClient] 发送查询请求 - ID: 1780280797.6434536, 类型: get_notes
[2026-06-01 10:26:37] [QueryClient] 收到查询结果 - ID: 1780280797.6434536, 状态: success
[2026-06-01 10:26:37] [QueryClient] 发送查询请求 - ID: 1780280797.748615, 类型: get_notes
[2026-06-01 10:26:37] [QueryClient] 收到查询结果 - ID: 1780280797.748615, 状态: success
[2026-06-01 10:26:37] [QueryClient] 发送查询请求 - ID: 1780280797.8539863, 类型: get_notes
[2026-06-01 10:26:37] [QueryClient] 收到查询结果 - ID: 1780280797.8539863, 状态: success
[2026-06-01 10:26:37] [QueryClient] 发送查询请求 - ID: 1780280797.9555416, 类型: get_notes
[2026-06-01 10:26:38] [QueryClient] 收到查询结果 - ID: 1780280797.9555416, 状态: success
[2026-06-01 10:26:38] [QueryClient] 发送查询请求 - ID: 1780280798.0614443, 类型: get_notes
[2026-06-01 10:26:38] [QueryClient] 收到查询结果 - ID: 1780280798.0614443, 状态: success
[2026-06-01 10:26:38] [QueryClient] 发送查询请求 - ID: 1780280798.1754682, 类型: get_notes
[2026-06-01 10:26:38] [QueryClient] 收到查询结果 - ID: 1780280798.1754682, 状态: success
[2026-06-01 10:26:38] [QueryClient] 发送查询请求 - ID: 1780280798.281136, 类型: get_notes
[2026-06-01 10:26:38] [QueryClient] 收到查询结果 - ID: 1780280798.281136, 状态: success
[2026-06-01 10:26:38] [QueryClient] 发送查询请求 - ID: 1780280798.3831031, 类型: get_notes
[2026-06-01 10:26:38] [QueryClient] 收到查询结果 - ID: 1780280798.3831031, 状态: success
[2026-06-01 10:26:38] [QueryClient] 发送查询请求 - ID: 1780280798.4861135, 类型: get_notes
[2026-06-01 10:26:38] [QueryClient] 收到查询结果 - ID: 1780280798.4861135, 状态: success
[2026-06-01 10:26:38] [QueryClient] 发送查询请求 - ID: 1780280798.6008344, 类型: get_notes
[2026-06-01 10:26:38] [QueryClient] 收到查询结果 - ID: 1780280798.6008344, 状态: success
[2026-06-01 10:26:38] [QueryClient] 发送查询请求 - ID: 1780280798.7061913, 类型: get_notes
[2026-06-01 10:26:38] [QueryClient] 收到查询结果 - ID: 1780280798.7061913, 状态: success
[2026-06-01 10:26:38] [QueryClient] 发送查询请求 - ID: 1780280798.8088212, 类型: get_notes
[2026-06-01 10:26:38] [QueryClient] 收到查询结果 - ID: 1780280798.8088212, 状态: success
[2026-06-01 10:26:38] [QueryClient] 发送查询请求 - ID: 1780280798.915794, 类型: get_notes
[2026-06-01 10:26:39] [QueryClient] 收到查询结果 - ID: 1780280798.915794, 状态: success
[2026-06-01 10:26:39] [QueryClient] 发送查询请求 - ID: 1780280799.0307128, 类型: get_notes
[2026-06-01 10:26:39] [QueryClient] 收到查询结果 - ID: 1780280799.0307128, 状态: success
[2026-06-01 10:26:39] [QueryClient] 发送查询请求 - ID: 1780280799.1387959, 类型: get_notes
[2026-06-01 10:26:39] [QueryClient] 收到查询结果 - ID: 1780280799.1387959, 状态: success
[2026-06-01 10:26:39] [QueryClient] 发送查询请求 - ID: 1780280799.2473526, 类型: get_notes
[2026-06-01 10:26:39] [QueryClient] 收到查询结果 - ID: 1780280799.2473526, 状态: success
[2026-06-01 10:26:39] [QueryClient] 发送查询请求 - ID: 1780280799.3539531, 类型: get_notes
[2026-06-01 10:26:39] [QueryClient] 收到查询结果 - ID: 1780280799.3539531, 状态: success
[2026-06-01 10:26:39] [QueryClient] 发送查询请求 - ID: 1780280799.4639928, 类型: get_notes
[2026-06-01 10:26:39] [QueryClient] 收到查询结果 - ID: 1780280799.4639928, 状态: success
[2026-06-01 10:26:39] [QueryClient] 发送查询请求 - ID: 1780280799.5702312, 类型: get_notes
[2026-06-01 10:26:39] [QueryClient] 收到查询结果 - ID: 1780280799.5702312, 状态: success
[2026-06-01 10:26:39] [QueryClient] 发送查询请求 - ID: 1780280799.6775556, 类型: get_notes
[2026-06-01 10:26:39] [QueryClient] 收到查询结果 - ID: 1780280799.6775556, 状态: success
[2026-06-01 10:26:39] [QueryClient] 发送查询请求 - ID: 1780280799.7950225, 类型: get_notes
[2026-06-01 10:26:39] [QueryClient] 收到查询结果 - ID: 1780280799.7950225, 状态: success
[2026-06-01 10:26:39] [QueryClient] 发送查询请求 - ID: 1780280799.8988156, 类型: get_notes
[2026-06-01 10:26:40] [QueryClient] 收到查询结果 - ID: 1780280799.8988156, 状态: success
[2026-06-01 10:26:40] [QueryClient] 发送查询请求 - ID: 1780280800.0015056, 类型: get_notes
[2026-06-01 10:26:40] [QueryClient] 收到查询结果 - ID: 1780280800.0015056, 状态: success
[2026-06-01 10:26:40] [QueryClient] 发送查询请求 - ID: 1780280800.1043699, 类型: get_notes
[2026-06-01 10:26:40] [QueryClient] 收到查询结果 - ID: 1780280800.1043699, 状态: success
[2026-06-01 10:26:40] [QueryClient] 发送查询请求 - ID: 1780280800.2128348, 类型: get_notes
[2026-06-01 10:26:40] [QueryClient] 收到查询结果 - ID: 1780280800.2128348, 状态: success
[2026-06-01 10:26:40] [QueryClient] 发送查询请求 - ID: 1780280800.3199708, 类型: get_notes
[2026-06-01 10:26:40] [QueryClient] 收到查询结果 - ID: 1780280800.3199708, 状态: success
[2026-06-01 10:26:40] [QueryClient] 发送查询请求 - ID: 1780280800.4391189, 类型: get_notes
[2026-06-01 10:26:40] [QueryClient] 收到查询结果 - ID: 1780280800.4391189, 状态: success
[2026-06-01 10:26:40] [QueryClient] 发送查询请求 - ID: 1780280800.5579264, 类型: get_notes
[2026-06-01 10:26:40] [QueryClient] 收到查询结果 - ID: 1780280800.5579264, 状态: success
[2026-06-01 10:26:40] [QueryClient] 发送查询请求 - ID: 1780280800.6703799, 类型: get_notes
[2026-06-01 10:26:40] [QueryClient] 收到查询结果 - ID: 1780280800.6703799, 状态: success
[2026-06-01 10:26:40] [QueryClient] 发送查询请求 - ID: 1780280800.7855818, 类型: get_notes
[2026-06-01 10:26:40] [QueryClient] 收到查询结果 - ID: 1780280800.7855818, 状态: success
[2026-06-01 10:26:40] [QueryClient] 发送查询请求 - ID: 1780280800.897173, 类型: get_notes
[2026-06-01 10:26:41] [QueryClient] 收到查询结果 - ID: 1780280800.897173, 状态: success
[2026-06-01 10:26:41] [QueryClient] 发送查询请求 - ID: 1780280801.0091958, 类型: get_notes
[2026-06-01 10:26:41] [QueryClient] 收到查询结果 - ID: 1780280801.0091958, 状态: success
[2026-06-01 10:26:41] [QueryClient] 发送查询请求 - ID: 1780280801.1197734, 类型: get_notes
[2026-06-01 10:26:41] [QueryClient] 收到查询结果 - ID: 1780280801.1197734, 状态: success
[2026-06-01 10:26:41] [QueryClient] 发送查询请求 - ID: 1780280801.2314694, 类型: get_notes
[2026-06-01 10:26:41] [QueryClient] 收到查询结果 - ID: 1780280801.2314694, 状态: success
[2026-06-01 10:26:41] [QueryClient] 发送查询请求 - ID: 1780280801.3504448, 类型: get_notes
[2026-06-01 10:26:41] [QueryClient] 收到查询结果 - ID: 1780280801.3504448, 状态: success
[2026-06-01 10:26:41] [QueryClient] 发送查询请求 - ID: 1780280801.4609687, 类型: get_notes
[2026-06-01 10:26:41] [QueryClient] 收到查询结果 - ID: 1780280801.4609687, 状态: success
[2026-06-01 10:26:41] [QueryClient] 发送查询请求 - ID: 1780280801.5693407, 类型: get_notes
[2026-06-01 10:26:41] [QueryClient] 收到查询结果 - ID: 1780280801.5693407, 状态: success
[2026-06-01 10:26:41] [QueryClient] 发送查询请求 - ID: 1780280801.6786387, 类型: get_notes
[2026-06-01 10:26:41] [QueryClient] 收到查询结果 - ID: 1780280801.6786387, 状态: success
[2026-06-01 10:26:41] [QueryClient] 发送查询请求 - ID: 1780280801.784669, 类型: get_notes
[2026-06-01 10:26:41] [QueryClient] 收到查询结果 - ID: 1780280801.784669, 状态: success
[2026-06-01 10:26:41] [QueryClient] 发送查询请求 - ID: 1780280801.8894954, 类型: get_notes
[2026-06-01 10:26:42] [QueryClient] 收到查询结果 - ID: 1780280801.8894954, 状态: success
[2026-06-01 10:26:42] [QueryClient] 发送查询请求 - ID: 1780280802.0183175, 类型: get_notes
[2026-06-01 10:26:42] [QueryClient] 收到查询结果 - ID: 1780280802.0183175, 状态: success
[2026-06-01 10:26:42] [QueryClient] 发送查询请求 - ID: 1780280802.1245422, 类型: get_notes
[2026-06-01 10:26:42] [QueryClient] 收到查询结果 - ID: 1780280802.1245422, 状态: success
[2026-06-01 10:26:42] [QueryClient] 发送查询请求 - ID: 1780280802.2398877, 类型: get_notes
[2026-06-01 10:26:42] [QueryClient] 收到查询结果 - ID: 1780280802.2398877, 状态: success
[2026-06-01 10:26:42] [QueryClient] 发送查询请求 - ID: 1780280802.3478365, 类型: get_notes
[2026-06-01 10:26:42] [QueryClient] 收到查询结果 - ID: 1780280802.3478365, 状态: success
[2026-06-01 10:26:42] [QueryClient] 接收响应失败: [WinError 10038] 在一个非套接字上尝试了一个操作。
[2026-06-01 10:26:42] [QueryClient] 已断开与中间件的连接
[2026-06-01 10:26:42] [QueryClient] 已断开与中间件的连接
[2026-06-01 10:26:47] [QueryClient] 已连接到中间件 127.0.0.1:5001
[2026-06-01 10:26:47] [QueryClient] 已订阅查询结果主题
[2026-06-01 10:26:47] [QueryClient] 已连接到中间件 127.0.0.1:5001
[2026-06-01 10:26:47] [QueryClient] 已连接到中间件 127.0.0.1:5001
[2026-06-01 10:26:47] [QueryClient] 已订阅查询结果主题
[2026-06-01 10:26:47] [QueryClient] 已连接到中间件 127.0.0.1:5001
[2026-06-01 10:26:47] [QueryClient] 已连接到中间件 127.0.0.1:5001
[2026-06-01 10:26:47] [QueryClient] 已订阅查询结果主题
[2026-06-01 10:26:47] [QueryClient] 已连接到中间件 127.0.0.1:5001
[2026-06-01 10:26:47] [QueryClient] 已连接到中间件 127.0.0.1:5001
[2026-06-01 10:26:47] [QueryClient] 已订阅查询结果主题
[2026-06-01 10:26:47] [QueryClient] 发送查询请求 - ID: 1780280807.6946642, 类型: get_notes
[2026-06-01 10:26:47] [QueryClient] 已订阅查询结果主题
[2026-06-01 10:26:47] [QueryClient] 已连接到中间件 127.0.0.1:5001
[2026-06-01 10:26:47] [QueryClient] 已订阅查询结果主题
[2026-06-01 10:26:47] [QueryClient] 发送查询请求 - ID: 1780280807.698676, 类型: get_notes
[2026-06-01 10:26:47] [QueryClient] 已连接到中间件 127.0.0.1:5001
[2026-06-01 10:26:47] [QueryClient] 已订阅查询结果主题
[2026-06-01 10:26:47] [QueryClient] 已订阅查询结果主题
[2026-06-01 10:26:47] [QueryClient] 已连接到中间件 127.0.0.1:5001
[2026-06-01 10:26:47] [QueryClient] 已订阅查询结果主题
[2026-06-01 10:26:47] [QueryClient] 发送查询请求 - ID: 1780280807.6946642, 类型: get_notes
[2026-06-01 10:26:47] [QueryClient] 发送查询请求 - ID: 1780280807.6946642, 类型: get_notes
[2026-06-01 10:26:47] [QueryClient] 发送查询请求 - ID: 1780280807.6946642, 类型: get_notes
[2026-06-01 10:26:47] [QueryClient] 发送查询请求 - ID: 1780280807.698676, 类型: get_notes
[2026-06-01 10:26:47] [QueryClient] 发送查询请求 - ID: 1780280807.6946642, 类型: get_notes
[2026-06-01 10:26:47] [QueryClient] 发送查询请求 - ID: 1780280807.698676, 类型: get_notes
[2026-06-01 10:26:47] [QueryClient] 已订阅查询结果主题
[2026-06-01 10:26:47] [QueryClient] 发送查询请求 - ID: 1780280807.6946642, 类型: get_notes
[2026-06-01 10:26:47] [QueryClient] 发送查询请求 - ID: 1780280807.6946642, 类型: get_notes
[2026-06-01 10:26:47] [QueryClient] 收到查询结果 - ID: 1780280807.698676, 状态: success
[2026-06-01 10:26:47] [QueryClient] 收到查询结果 - ID: 1780280807.6946642, 状态: success
[2026-06-01 10:26:47] [QueryClient] 发送查询请求 - ID: 1780280807.8238435, 类型: get_like_count
[2026-06-01 10:26:47] [QueryClient] 发送查询请求 - ID: 1780280807.8238435, 类型: get_like_count
[2026-06-01 10:26:47] [QueryClient] 收到查询结果 - ID: 1780280807.6946642, 状态: success
[2026-06-01 10:26:47] [QueryClient] 发送查询请求 - ID: 1780280807.8347547, 类型: get_like_count
[2026-06-01 10:26:47] [QueryClient] 收到查询结果 - ID: 1780280807.6946642, 状态: success
[2026-06-01 10:26:47] [QueryClient] 收到查询结果 - ID: 1780280807.6946642, 状态: success
[2026-06-01 10:26:47] [QueryClient] 收到查询结果 - ID: 1780280807.6946642, 状态: success
[2026-06-01 10:26:47] [QueryClient] 收到查询结果 - ID: 1780280807.698676, 状态: success
[2026-06-01 10:26:47] [QueryClient] 发送查询请求 - ID: 1780280807.8353438, 类型: get_like_count
[2026-06-01 10:26:47] [QueryClient] 发送查询请求 - ID: 1780280807.8375268, 类型: get_like_count
[2026-06-01 10:26:47] [QueryClient] 发送查询请求 - ID: 1780280807.8375268, 类型: get_like_count
[2026-06-01 10:26:47] [QueryClient] 发送查询请求 - ID: 1780280807.8375268, 类型: get_like_count
[2026-06-01 10:26:47] [QueryClient] 收到查询结果 - ID: 1780280807.6946642, 状态: success
[2026-06-01 10:26:47] [QueryClient] 发送查询请求 - ID: 1780280807.840905, 类型: get_like_count
[2026-06-01 10:26:47] [QueryClient] 收到查询结果 - ID: 1780280807.698676, 状态: success
[2026-06-01 10:26:47] [QueryClient] 收到查询结果 - ID: 1780280807.6946642, 状态: success
[2026-06-01 10:26:47] [QueryClient] 发送查询请求 - ID: 1780280807.840905, 类型: get_like_count
[2026-06-01 10:26:47] [QueryClient] 发送查询请求 - ID: 1780280807.840905, 类型: get_like_count
[2026-06-01 10:26:47] [QueryClient] 收到查询结果 - ID: 1780280807.8238435, 状态: success
[2026-06-01 10:26:47] [QueryClient] 收到查询结果 - ID: 1780280807.8238435, 状态: success
[2026-06-01 10:26:47] [QueryClient] 发送查询请求 - ID: 1780280807.93201, 类型: get_comments
[2026-06-01 10:26:47] [QueryClient] 发送查询请求 - ID: 1780280807.93201, 类型: get_comments
[2026-06-01 10:26:47] [QueryClient] 收到查询结果 - ID: 1780280807.8347547, 状态: success
[2026-06-01 10:26:47] [QueryClient] 发送查询请求 - ID: 1780280807.9443657, 类型: get_comments
[2026-06-01 10:26:48] [QueryClient] 收到查询结果 - ID: 1780280807.93201, 状态: success
[2026-06-01 10:26:48] [QueryClient] 收到查询结果 - ID: 1780280807.8375268, 状态: success
[2026-06-01 10:26:48] [QueryClient] 收到查询结果 - ID: 1780280807.8375268, 状态: success
[2026-06-01 10:26:48] [QueryClient] 发送查询请求 - ID: 1780280808.04893, 类型: get_comments
[2026-06-01 10:26:48] [QueryClient] 收到查询结果 - ID: 1780280807.93201, 状态: success
[2026-06-01 10:26:48] [QueryClient] 发送查询请求 - ID: 1780280808.0463705, 类型: get_notes
[2026-06-01 10:26:48] [QueryClient] 发送查询请求 - ID: 1780280808.0463705, 类型: get_comments
[2026-06-01 10:26:48] [QueryClient] 收到查询结果 - ID: 1780280807.8353438, 状态: success
[2026-06-01 10:26:48] [QueryClient] 发送查询请求 - ID: 1780280808.04893, 类型: get_notes
[2026-06-01 10:26:48] [QueryClient] 发送查询请求 - ID: 1780280808.0539563, 类型: get_comments
[2026-06-01 10:26:48] [QueryClient] 收到查询结果 - ID: 1780280807.840905, 状态: success
[2026-06-01 10:26:48] [QueryClient] 收到查询结果 - ID: 1780280807.9443657, 状态: success
[2026-06-01 10:26:48] [QueryClient] 收到查询结果 - ID: 1780280807.840905, 状态: success
[2026-06-01 10:26:48] [QueryClient] 收到查询结果 - ID: 1780280807.840905, 状态: success
[2026-06-01 10:26:48] [QueryClient] 收到查询结果 - ID: 1780280807.8375268, 状态: success
[2026-06-01 10:26:48] [QueryClient] 发送查询请求 - ID: 1780280808.0701325, 类型: get_comments
[2026-06-01 10:26:48] [QueryClient] 发送查询请求 - ID: 1780280808.0701325, 类型: get_notes
[2026-06-01 10:26:48] [QueryClient] 发送查询请求 - ID: 1780280808.0701325, 类型: get_comments
[2026-06-01 10:26:48] [QueryClient] 发送查询请求 - ID: 1780280808.0701325, 类型: get_comments
[2026-06-01 10:26:48] [QueryClient] 发送查询请求 - ID: 1780280808.0701325, 类型: get_comments
[2026-06-01 10:26:48] [QueryClient] 收到查询结果 - ID: 1780280808.0463705, 状态: success
[2026-06-01 10:26:48] [QueryClient] 收到查询结果 - ID: 1780280808.0463705, 状态: success
[2026-06-01 10:26:48] [QueryClient] 收到查询结果 - ID: 1780280808.04893, 状态: success
[2026-06-01 10:26:48] [QueryClient] 收到查询结果 - ID: 1780280808.04893, 状态: success
[2026-06-01 10:26:48] [QueryClient] 收到查询结果 - ID: 1780280808.0539563, 状态: success
[2026-06-01 10:26:48] [QueryClient] 收到查询结果 - ID: 1780280808.0701325, 状态: success
[2026-06-01 10:26:48] [QueryClient] 发送查询请求 - ID: 1780280808.1853063, 类型: get_notes
[2026-06-01 10:26:48] [QueryClient] 发送查询请求 - ID: 1780280808.1853063, 类型: get_like_count
[2026-06-01 10:26:48] [QueryClient] 收到查询结果 - ID: 1780280808.0701325, 状态: success
[2026-06-01 10:26:48] [QueryClient] 发送查询请求 - ID: 1780280808.200153, 类型: get_notes
[2026-06-01 10:26:48] [QueryClient] 发送查询请求 - ID: 1780280808.195238, 类型: get_like_count
[2026-06-01 10:26:48] [QueryClient] 收到查询结果 - ID: 1780280808.0701325, 状态: success
[2026-06-01 10:26:48] [QueryClient] 发送查询请求 - ID: 1780280808.200153, 类型: get_notes
[2026-06-01 10:26:48] [QueryClient] 发送查询请求 - ID: 1780280808.1960852, 类型: get_notes
[2026-06-01 10:26:48] [QueryClient] 发送查询请求 - ID: 1780280808.1960852, 类型: get_notes
[2026-06-01 10:26:48] [QueryClient] 发送查询请求 - ID: 1780280808.1960852, 类型: get_notes
[2026-06-01 10:26:48] [QueryClient] 收到查询结果 - ID: 1780280808.0701325, 状态: success
[2026-06-01 10:26:48] [QueryClient] 发送查询请求 - ID: 1780280808.2084887, 类型: get_notes
[2026-06-01 10:26:48] [QueryClient] 收到查询结果 - ID: 1780280808.0701325, 状态: success
[2026-06-01 10:26:48] [QueryClient] 发送查询请求 - ID: 1780280808.210503, 类型: get_like_count
[2026-06-01 10:26:48] [QueryClient] 收到查询结果 - ID: 1780280808.195238, 状态: success
[2026-06-01 10:26:48] [QueryClient] 收到查询结果 - ID: 1780280808.1853063, 状态: success
[2026-06-01 10:26:48] [QueryClient] 发送查询请求 - ID: 1780280808.3080242, 类型: get_comments
[2026-06-01 10:26:48] [QueryClient] 收到查询结果 - ID: 1780280808.1853063, 状态: success
[2026-06-01 10:26:48] [QueryClient] 发送查询请求 - ID: 1780280808.3101046, 类型: get_like_count
[2026-06-01 10:26:48] [QueryClient] 发送查询请求 - ID: 1780280808.3080242, 类型: get_comments
[2026-06-01 10:26:48] [QueryClient] 收到查询结果 - ID: 1780280808.1960852, 状态: success
[2026-06-01 10:26:48] [QueryClient] 收到查询结果 - ID: 1780280808.1960852, 状态: success
[2026-06-01 10:26:48] [QueryClient] 发送查询请求 - ID: 1780280808.3198154, 类型: get_like_count
[2026-06-01 10:26:48] [QueryClient] 发送查询请求 - ID: 1780280808.3184187, 类型: get_like_count
[2026-06-01 10:26:48] [QueryClient] 收到查询结果 - ID: 1780280808.1960852, 状态: success
[2026-06-01 10:26:48] [QueryClient] 发送查询请求 - ID: 1780280808.3216, 类型: get_like_count
[2026-06-01 10:26:48] [QueryClient] 收到查询结果 - ID: 1780280808.3080242, 状态: success
[2026-06-01 10:26:48] [QueryClient] 收到查询结果 - ID: 1780280808.200153, 状态: success
[2026-06-01 10:26:48] [QueryClient] 发送查询请求 - ID: 1780280808.4124098, 类型: get_like_count
[2026-06-01 10:26:48] [QueryClient] 发送查询请求 - ID: 1780280808.4124098, 类型: get_notes
[2026-06-01 10:26:48] [QueryClient] 收到查询结果 - ID: 1780280808.3184187, 状态: success
[2026-06-01 10:26:48] [QueryClient] 收到查询结果 - ID: 1780280808.3080242, 状态: success
[2026-06-01 10:26:48] [QueryClient] 发送查询请求 - ID: 1780280808.4307756, 类型: get_notes
[2026-06-01 10:26:48] [QueryClient] 收到查询结果 - ID: 1780280808.2084887, 状态: success
[2026-06-01 10:26:48] [QueryClient] 发送查询请求 - ID: 1780280808.4323251, 类型: get_like_count
[2026-06-01 10:26:48] [QueryClient] 收到查询结果 - ID: 1780280808.3101046, 状态: success
[2026-06-01 10:26:48] [QueryClient] 发送查询请求 - ID: 1780280808.4291909, 类型: get_comments
[2026-06-01 10:26:48] [QueryClient] 收到查询结果 - ID: 1780280808.200153, 状态: success
[2026-06-01 10:26:48] [QueryClient] 发送查询请求 - ID: 1780280808.433886, 类型: get_like_count
[2026-06-01 10:26:48] [QueryClient] 发送查询请求 - ID: 1780280808.433886, 类型: get_comments
[2026-06-01 10:26:48] [QueryClient] 收到查询结果 - ID: 1780280808.210503, 状态: success
[2026-06-01 10:26:48] [QueryClient] 发送查询请求 - ID: 1780280808.4386666, 类型: get_comments
[2026-06-01 10:26:48] [QueryClient] 收到查询结果 - ID: 1780280808.4124098, 状态: success
[2026-06-01 10:26:48] [QueryClient] 收到查询结果 - ID: 1780280808.4124098, 状态: success
[2026-06-01 10:26:48] [QueryClient] 发送查询请求 - ID: 1780280808.526376, 类型: get_comments
[2026-06-01 10:26:48] [QueryClient] 发送查询请求 - ID: 1780280808.526376, 类型: get_like_count
[2026-06-01 10:26:48] [QueryClient] 收到查询结果 - ID: 1780280808.4291909, 状态: success
[2026-06-01 10:26:48] [QueryClient] 发送查询请求 - ID: 1780280808.5402007, 类型: get_notes
[2026-06-01 10:26:48] [QueryClient] 收到查询结果 - ID: 1780280808.4307756, 状态: success
[2026-06-01 10:26:48] [QueryClient] 收到查询结果 - ID: 1780280808.3198154, 状态: success
[2026-06-01 10:26:48] [QueryClient] 发送查询请求 - ID: 1780280808.5427337, 类型: get_comments
[2026-06-01 10:26:48] [QueryClient] 收到查询结果 - ID: 1780280808.3216, 状态: success
[2026-06-01 10:26:48] [QueryClient] 发送查询请求 - ID: 1780280808.543328, 类型: get_comments
[2026-06-01 10:26:48] [QueryClient] 发送查询请求 - ID: 1780280808.5422254, 类型: get_like_count
[2026-06-01 10:26:48] [QueryClient] 收到查询结果 - ID: 1780280808.526376, 状态: success
[2026-06-01 10:26:48] [QueryClient] 发送查询请求 - ID: 1780280808.6292996, 类型: get_notes
[2026-06-01 10:26:48] [QueryClient] 收到查询结果 - ID: 1780280808.526376, 状态: success
[2026-06-01 10:26:48] [QueryClient] 收到查询结果 - ID: 1780280808.433886, 状态: success
[2026-06-01 10:26:48] [QueryClient] 收到查询结果 - ID: 1780280808.433886, 状态: success
[2026-06-01 10:26:48] [QueryClient] 收到查询结果 - ID: 1780280808.4323251, 状态: success
[2026-06-01 10:26:48] [QueryClient] 发送查询请求 - ID: 1780280808.6406624, 类型: get_comments
[2026-06-01 10:26:48] [QueryClient] 发送查询请求 - ID: 1780280808.6406624, 类型: get_comments
[2026-06-01 10:26:48] [QueryClient] 发送查询请求 - ID: 1780280808.6406624, 类型: get_notes
[2026-06-01 10:26:48] [QueryClient] 发送查询请求 - ID: 1780280808.6430042, 类型: get_comments
[2026-06-01 10:26:48] [QueryClient] 收到查询结果 - ID: 1780280808.4386666, 状态: success
[2026-06-01 10:26:48] [QueryClient] 收到查询结果 - ID: 1780280808.5422254, 状态: success
[2026-06-01 10:26:48] [QueryClient] 收到查询结果 - ID: 1780280808.543328, 状态: success
[2026-06-01 10:26:48] [QueryClient] 收到查询结果 - ID: 1780280808.5427337, 状态: success
[2026-06-01 10:26:48] [QueryClient] 收到查询结果 - ID: 1780280808.5402007, 状态: success
[2026-06-01 10:26:48] [QueryClient] 发送查询请求 - ID: 1780280808.6580575, 类型: get_notes
[2026-06-01 10:26:48] [QueryClient] 发送查询请求 - ID: 1780280808.6595638, 类型: get_comments
[2026-06-01 10:26:48] [QueryClient] 发送查询请求 - ID: 1780280808.660149, 类型: get_notes
[2026-06-01 10:26:48] [QueryClient] 发送查询请求 - ID: 1780280808.660149, 类型: get_notes
[2026-06-01 10:26:48] [QueryClient] 发送查询请求 - ID: 1780280808.660149, 类型: get_like_count
[2026-06-01 10:26:48] [QueryClient] 收到查询结果 - ID: 1780280808.6292996, 状态: success
[2026-06-01 10:26:48] [QueryClient] 发送查询请求 - ID: 1780280808.7373526, 类型: get_like_count
[2026-06-01 10:26:48] [QueryClient] 收到查询结果 - ID: 1780280808.6406624, 状态: success
[2026-06-01 10:26:48] [QueryClient] 收到查询结果 - ID: 1780280808.6406624, 状态: success
[2026-06-01 10:26:48] [QueryClient] 收到查询结果 - ID: 1780280808.6430042, 状态: success
[2026-06-01 10:26:48] [QueryClient] 收到查询结果 - ID: 1780280808.6406624, 状态: success
[2026-06-01 10:26:48] [QueryClient] 发送查询请求 - ID: 1780280808.7505112, 类型: get_notes
[2026-06-01 10:26:48] [QueryClient] 发送查询请求 - ID: 1780280808.7510333, 类型: get_notes
[2026-06-01 10:26:48] [QueryClient] 发送查询请求 - ID: 1780280808.7510333, 类型: get_notes
[2026-06-01 10:26:48] [QueryClient] 发送查询请求 - ID: 1780280808.7510333, 类型: get_like_count
[2026-06-01 10:26:48] [QueryClient] 收到查询结果 - ID: 1780280808.6595638, 状态: success
[2026-06-01 10:26:48] [QueryClient] 收到查询结果 - ID: 1780280808.6580575, 状态: success
[2026-06-01 10:26:48] [QueryClient] 收到查询结果 - ID: 1780280808.660149, 状态: success
[2026-06-01 10:26:48] [QueryClient] 收到查询结果 - ID: 1780280808.660149, 状态: success
[2026-06-01 10:26:48] [QueryClient] 收到查询结果 - ID: 1780280808.660149, 状态: success
[2026-06-01 10:26:48] [QueryClient] 发送查询请求 - ID: 1780280808.7691123, 类型: get_notes
[2026-06-01 10:26:48] [QueryClient] 发送查询请求 - ID: 1780280808.7691123, 类型: get_like_count
[2026-06-01 10:26:48] [QueryClient] 发送查询请求 - ID: 1780280808.7709744, 类型: get_comments
[2026-06-01 10:26:48] [QueryClient] 发送查询请求 - ID: 1780280808.7709744, 类型: get_like_count
[2026-06-01 10:26:48] [QueryClient] 发送查询请求 - ID: 1780280808.7747111, 类型: get_like_count
[2026-06-01 10:26:48] [QueryClient] 收到查询结果 - ID: 1780280808.7373526, 状态: success
[2026-06-01 10:26:48] [QueryClient] 发送查询请求 - ID: 1780280808.8441064, 类型: get_comments
[2026-06-01 10:26:48] [QueryClient] 收到查询结果 - ID: 1780280808.7505112, 状态: success
[2026-06-01 10:26:48] [QueryClient] 发送查询请求 - ID: 1780280808.85961, 类型: get_like_count
[2026-06-01 10:26:48] [QueryClient] 收到查询结果 - ID: 1780280808.7709744, 状态: success
[2026-06-01 10:26:48] [QueryClient] 收到查询结果 - ID: 1780280808.7709744, 状态: success
[2026-06-01 10:26:48] [QueryClient] 收到查询结果 - ID: 1780280808.7691123, 状态: success
[2026-06-01 10:26:48] [QueryClient] 收到查询结果 - ID: 1780280808.7691123, 状态: success
[2026-06-01 10:26:48] [QueryClient] 发送查询请求 - ID: 1780280808.8829417, 类型: get_comments
[2026-06-01 10:26:48] [QueryClient] 发送查询请求 - ID: 1780280808.8829417, 类型: get_notes
[2026-06-01 10:26:48] [QueryClient] 发送查询请求 - ID: 1780280808.884903, 类型: get_comments
[2026-06-01 10:26:48] [QueryClient] 接收响应失败: [WinError 10038] 在一个非套接字上尝试了一个操作。
[2026-06-01 10:26:48] [QueryClient] 已断开与中间件的连接
[2026-06-01 10:26:48] [QueryClient] 已断开与中间件的连接
[2026-06-01 10:26:48] [QueryClient] 收到查询结果 - ID: 1780280808.8441064, 状态: success
[2026-06-01 10:26:48] [QueryClient] 发送查询请求 - ID: 1780280808.9564562, 类型: get_notes
[2026-06-01 10:26:48] [QueryClient] 收到查询结果 - ID: 1780280808.85961, 状态: success
[2026-06-01 10:26:48] [QueryClient] 发送查询请求 - ID: 1780280808.972952, 类型: get_comments
[2026-06-01 10:26:48] [QueryClient] 收到查询结果 - ID: 1780280808.7510333, 状态: success
[2026-06-01 10:26:48] [QueryClient] 收到查询结果 - ID: 1780280808.7510333, 状态: success
[2026-06-01 10:26:48] [QueryClient] 收到查询结果 - ID: 1780280808.7510333, 状态: success
[2026-06-01 10:26:48] [QueryClient] 发送查询请求 - ID: 1780280808.9764233, 类型: get_comments
[2026-06-01 10:26:48] [QueryClient] 接收响应失败: [WinError 10038] 在一个非套接字上尝试了一个操作。
[2026-06-01 10:26:48] [QueryClient] 已断开与中间件的连接
[2026-06-01 10:26:48] [QueryClient] 发送查询请求 - ID: 1780280808.9803572, 类型: get_like_count
[2026-06-01 10:26:48] [QueryClient] 已断开与中间件的连接
[2026-06-01 10:26:48] [QueryClient] 收到查询结果 - ID: 1780280808.7747111, 状态: success
[2026-06-01 10:26:48] [QueryClient] 收到查询结果 - ID: 1780280808.8829417, 状态: success
[2026-06-01 10:26:48] [QueryClient] 发送查询请求 - ID: 1780280808.989516, 类型: get_comments
[2026-06-01 10:26:48] [QueryClient] 发送查询请求 - ID: 1780280808.989516, 类型: get_notes
[2026-06-01 10:26:48] [QueryClient] 收到查询结果 - ID: 1780280808.884903, 状态: success
[2026-06-01 10:26:48] [QueryClient] 收到查询结果 - ID: 1780280808.8829417, 状态: success
[2026-06-01 10:26:48] [QueryClient] 发送查询请求 - ID: 1780280808.9952497, 类型: get_notes
[2026-06-01 10:26:48] [QueryClient] 接收响应失败: [WinError 10038] 在一个非套接字上尝试了一个操作。
[2026-06-01 10:26:48] [QueryClient] 已断开与中间件的连接
[2026-06-01 10:26:48] [QueryClient] 已断开与中间件的连接
[2026-06-01 10:26:49] [QueryClient] 收到查询结果 - ID: 1780280808.9564562, 状态: success
[2026-06-01 10:26:49] [QueryClient] 接收响应失败: [WinError 10038] 在一个非套接字上尝试了一个操作。
[2026-06-01 10:26:49] [QueryClient] 已断开与中间件的连接
[2026-06-01 10:26:49] [QueryClient] 已断开与中间件的连接
[2026-06-01 10:26:49] [QueryClient] 收到查询结果 - ID: 1780280808.9764233, 状态: success
[2026-06-01 10:26:49] [QueryClient] 收到查询结果 - ID: 1780280808.972952, 状态: success
[2026-06-01 10:26:49] [QueryClient] 收到查询结果 - ID: 1780280808.989516, 状态: success
[2026-06-01 10:26:49] [QueryClient] 收到查询结果 - ID: 1780280808.9803572, 状态: success
[2026-06-01 10:26:49] [QueryClient] 收到查询结果 - ID: 1780280808.989516, 状态: success
[2026-06-01 10:26:49] [QueryClient] 发送查询请求 - ID: 1780280809.0972097, 类型: get_notes
[2026-06-01 10:26:49] [QueryClient] 发送查询请求 - ID: 1780280809.0972097, 类型: get_notes
[2026-06-01 10:26:49] [QueryClient] 发送查询请求 - ID: 1780280809.0972097, 类型: get_notes
[2026-06-01 10:26:49] [QueryClient] 发送查询请求 - ID: 1780280809.0972097, 类型: get_comments
[2026-06-01 10:26:49] [QueryClient] 接收响应失败: [WinError 10038] 在一个非套接字上尝试了一个操作。
[2026-06-01 10:26:49] [QueryClient] 已断开与中间件的连接
[2026-06-01 10:26:49] [QueryClient] 已断开与中间件的连接
[2026-06-01 10:26:49] [QueryClient] 收到查询结果 - ID: 1780280808.9952497, 状态: success
[2026-06-01 10:26:49] [QueryClient] 接收响应失败: [WinError 10038] 在一个非套接字上尝试了一个操作。
[2026-06-01 10:26:49] [QueryClient] 已断开与中间件的连接
[2026-06-01 10:26:49] [QueryClient] 已断开与中间件的连接
[2026-06-01 10:26:49] [QueryClient] 收到查询结果 - ID: 1780280809.0972097, 状态: success
[2026-06-01 10:26:49] [QueryClient] 收到查询结果 - ID: 1780280809.0972097, 状态: success
[2026-06-01 10:26:49] [QueryClient] 收到查询结果 - ID: 1780280809.0972097, 状态: success
[2026-06-01 10:26:49] [QueryClient] 收到查询结果 - ID: 1780280809.0972097, 状态: success
[2026-06-01 10:26:49] [QueryClient] 发送查询请求 - ID: 1780280809.2260928, 类型: get_notes
[2026-06-01 10:26:49] [QueryClient] 接收响应失败: [WinError 10038] 在一个非套接字上尝试了一个操作。
[2026-06-01 10:26:49] [QueryClient] 已断开与中间件的连接
[2026-06-01 10:26:49] [QueryClient] 接收响应失败: [WinError 10038] 在一个非套接字上尝试了一个操作。
[2026-06-01 10:26:49] [QueryClient] 已断开与中间件的连接
[2026-06-01 10:26:49] [QueryClient] 接收响应失败: [WinError 10038] 在一个非套接字上尝试了一个操作。
[2026-06-01 10:26:49] [QueryClient] 已断开与中间件的连接
[2026-06-01 10:26:49] [QueryClient] 已断开与中间件的连接
[2026-06-01 10:26:49] [QueryClient] 已断开与中间件的连接
[2026-06-01 10:26:49] [QueryClient] 已断开与中间件的连接
[2026-06-01 10:26:49] [QueryClient] 收到查询结果 - ID: 1780280809.2260928, 状态: success
[2026-06-01 10:26:49] [QueryClient] 接收响应失败: [WinError 10038] 在一个非套接字上尝试了一个操作。
[2026-06-01 10:26:49] [QueryClient] 已断开与中间件的连接
[2026-06-01 10:26:49] [QueryClient] 已断开与中间件的连接
