[2026-06-01 10:20:25] 运行时长: 10s
[吞吐量] 消息: 0.00 msg/s (平均: 0.00), 查询: 0.00 qps (平均: 0.00)
[延迟] 平均: 0.00 ms, P50: 0.00 ms, P90: 0.00 ms, P95: 0.00 ms, P99: 0.00 ms
[统计] 消息总数: 0, 查询总数: 0
[2026-06-01 10:20:35] 运行时长: 20s
[吞吐量] 消息: 0.00 msg/s (平均: 0.00), 查询: 0.00 qps (平均: 0.00)
[延迟] 平均: 0.00 ms, P50: 0.00 ms, P90: 0.00 ms, P95: 0.00 ms, P99: 0.00 ms
[统计] 消息总数: 0, 查询总数: 0
[2026-06-01 10:20:45] 运行时长: 30s
[吞吐量] 消息: 0.00 msg/s (平均: 0.00), 查询: 0.00 qps (平均: 0.00)
[延迟] 平均: 0.00 ms, P50: 0.00 ms, P90: 0.00 ms, P95: 0.00 ms, P99: 0.00 ms
[统计] 消息总数: 0, 查询总数: 0
[2026-06-01 10:20:55] 运行时长: 40s
[吞吐量] 消息: 0.00 msg/s (平均: 0.00), 查询: 0.00 qps (平均: 0.00)
[延迟] 平均: 0.00 ms, P50: 0.00 ms, P90: 0.00 ms, P95: 0.00 ms, P99: 0.00 ms
[统计] 消息总数: 0, 查询总数: 0
[2026-06-01 10:21:05] 运行时长: 50s
[吞吐量] 消息: 0.00 msg/s (平均: 0.00), 查询: 0.00 qps (平均: 0.00)
[延迟] 平均: 0.00 ms, P50: 0.00 ms, P90: 0.00 ms, P95: 0.00 ms, P99: 0.00 ms
[统计] 消息总数: 0, 查询总数: 0
[2026-06-01 10:21:15] 运行时长: 1m0s
[吞吐量] 消息: 0.00 msg/s (平均: 0.00), 查询: 0.00 qps (平均: 0.00)
[延迟] 平均: 0.00 ms, P50: 0.00 ms, P90: 0.00 ms, P95: 0.00 ms, P99: 0.00 ms
[统计] 消息总数: 0, 查询总数: 0
[2026-06-01 10:21:25] 运行时长: 1m10s
[吞吐量] 消息: 0.00 msg/s (平均: 0.00), 查询: 0.00 qps (平均: 0.00)
[延迟] 平均: 0.00 ms, P50: 0.00 ms, P90: 0.00 ms, P95: 0.00 ms, P99: 0.00 ms
[统计] 消息总数: 0, 查询总数: 0
[2026-06-01 10:21:35] 运行时长: 1m20s
[吞吐量] 消息: 0.00 msg/s (平均: 0.00), 查询: 0.00 qps (平均: 0.00)
[延迟] 平均: 0.00 ms, P50: 0.00 ms, P90: 0.00 ms, P95: 0.00 ms, P99: 0.00 ms
[统计] 消息总数: 0, 查询总数: 0
[2026-06-01 10:21:45] 运行时长: 1m30s
[吞吐量] 消息: 0.00 msg/s (平均: 0.00), 查询: 0.00 qps (平均: 0.00)
[延迟] 平均: 0.00 ms, P50: 0.00 ms, P90: 0.00 ms, P95: 0.00 ms, P99: 0.00 ms
[统计] 消息总数: 0, 查询总数: 0
[2026-06-01 10:21:55] 运行时长: 1m40s
[吞吐量] 消息: 0.00 msg/s (平均: 0.00), 查询: 0.00 qps (平均: 0.00)
[延迟] 平均: 0.00 ms, P50: 0.00 ms, P90: 0.00 ms, P95: 0.00 ms, P99: 0.00 ms
[统计] 消息总数: 0, 查询总数: 0
[2026-06-01 10:22:05] 运行时长: 1m50s
[吞吐量] 消息: 0.00 msg/s (平均: 0.00), 查询: 0.00 qps (平均: 0.00)
[延迟] 平均: 0.00 ms, P50: 0.00 ms, P90: 0.00 ms, P95: 0.00 ms, P99: 0.00 ms
[统计] 消息总数: 0, 查询总数: 0
[2026-06-01 10:22:15] 运行时长: 2m0s
[吞吐量] 消息: 0.00 msg/s (平均: 0.00), 查询: 0.00 qps (平均: 0.00)
[延迟] 平均: 0.00 ms, P50: 0.00 ms, P90: 0.00 ms, P95: 0.00 ms, P99: 0.00 ms
[统计] 消息总数: 0, 查询总数: 0
[2026-06-01 10:22:25] 运行时长: 2m10s
[吞吐量] 消息: 0.00 msg/s (平均: 0.00), 查询: 0.00 qps (平均: 0.00)
[延迟] 平均: 0.00 ms, P50: 0.00 ms, P90: 0.00 ms, P95: 0.00 ms, P99: 0.00 ms
[统计] 消息总数: 0, 查询总数: 0
[2026-06-01 10:22:35] 运行时长: 2m20s
[吞吐量] 消息: 0.00 msg/s (平均: 0.00), 查询: 0.00 qps (平均: 0.00)
[延迟] 平均: 0.00 ms, P50: 0.00 ms, P90: 0.00 ms, P95: 0.00 ms, P99: 0.00 ms
[统计] 消息总数: 0, 查询总数: 0
[2026-06-01 10:22:45] 运行时长: 2m30s
[吞吐量] 消息: 0.00 msg/s (平均: 0.00), 查询: 0.00 qps (平均: 0.00)
[延迟] 平均: 0.00 ms, P50: 0.00 ms, P90: 0.00 ms, P95: 0.00 ms, P99: 0.00 ms
[统计] 消息总数: 0, 查询总数: 0
[2026-06-01 10:22:55] 运行时长: 2m40s
[吞吐量] 消息: 0.00 msg/s (平均: 0.00), 查询: 0.00 qps (平均: 0.00)
[延迟] 平均: 0.00 ms, P50: 0.00 ms, P90: 0.00 ms, P95: 0.00 ms, P99: 0.00 ms
[统计] 消息总数: 0, 查询总数: 0
[2026-06-01 10:23:05] 运行时长: 2m50s
[吞吐量] 消息: 0.00 msg/s (平均: 0.00), 查询: 0.00 qps (平均: 0.00)
[延迟] 平均: 0.00 ms, P50: 0.00 ms, P90: 0.00 ms, P95: 0.00 ms, P99: 0.00 ms
[统计] 消息总数: 0, 查询总数: 0
[2026-06-01 10:23:15] 运行时长: 3m0s
[吞吐量] 消息: 0.00 msg/s (平均: 0.00), 查询: 0.00 qps (平均: 0.00)
[延迟] 平均: 0.00 ms, P50: 0.00 ms, P90: 0.00 ms, P95: 0.00 ms, P99: 0.00 ms
[统计] 消息总数: 0, 查询总数: 0
[2026-06-01 10:23:25] 运行时长: 3m10s
[吞吐量] 消息: 0.00 msg/s (平均: 0.00), 查询: 0.00 qps (平均: 0.00)
[延迟] 平均: 0.00 ms, P50: 0.00 ms, P90: 0.00 ms, P95: 0.00 ms, P99: 0.00 ms
[统计] 消息总数: 0, 查询总数: 0
[2026-06-01 10:23:35] 运行时长: 3m20s
[吞吐量] 消息: 0.00 msg/s (平均: 0.00), 查询: 0.00 qps (平均: 0.00)
[延迟] 平均: 0.00 ms, P50: 0.00 ms, P90: 0.00 ms, P95: 0.00 ms, P99: 0.00 ms
[统计] 消息总数: 0, 查询总数: 0
[2026-06-01 10:23:45] 运行时长: 3m30s
[吞吐量] 消息: 0.00 msg/s (平均: 0.00), 查询: 0.00 qps (平均: 0.00)
[延迟] 平均: 0.00 ms, P50: 0.00 ms, P90: 0.00 ms, P95: 0.00 ms, P99: 0.00 ms
[统计] 消息总数: 0, 查询总数: 0
[2026-06-01 10:23:55] 运行时长: 3m40s
[吞吐量] 消息: 0.00 msg/s (平均: 0.00), 查询: 0.00 qps (平均: 0.00)
[延迟] 平均: 0.00 ms, P50: 0.00 ms, P90: 0.00 ms, P95: 0.00 ms, P99: 0.00 ms
[统计] 消息总数: 0, 查询总数: 0
