[2026-05-26 17:38:22] [Middleware] 服务已启动 127.0.0.1:5001
[2026-05-26 17:38:22] [Middleware] 新节点加入: ('127.0.0.1', 52293)
[2026-05-26 17:38:22] [Middleware] 节点 ('127.0.0.1', 52293) 订阅主题: note/publish
[2026-05-26 17:38:22] [Middleware] 新节点加入: ('127.0.0.1', 52294)
[2026-05-26 17:38:22] [Middleware] 节点 ('127.0.0.1', 52294) 订阅主题: note/like
[2026-05-26 17:38:22] [Middleware] 新节点加入: ('127.0.0.1', 52295)
[2026-05-26 17:38:22] [Middleware] 节点 ('127.0.0.1', 52294) 订阅主题: note/comment
[2026-05-26 17:38:22] [Middleware] 节点 ('127.0.0.1', 52295) 订阅主题: note/like
[2026-05-26 17:38:22] [Middleware] 新节点加入: ('127.0.0.1', 52296)
[2026-05-26 17:38:22] [Middleware] 节点 ('127.0.0.1', 52293) 订阅主题: note/publish
[2026-05-26 17:38:22] [Middleware] 节点 ('127.0.0.1', 52294) 订阅主题: note/delete
[2026-05-26 17:38:22] [Middleware] 节点 ('127.0.0.1', 52295) 订阅主题: note/comment
[2026-05-26 17:38:22] [Middleware] 新节点加入: ('127.0.0.1', 52297)
[2026-05-26 17:38:22] [Middleware] 节点 ('127.0.0.1', 52296) 订阅主题: query/request
[2026-05-26 17:38:22] [Middleware] 节点 ('127.0.0.1', 52294) 订阅主题: note/like
[2026-05-26 17:38:22] [Middleware] 节点 ('127.0.0.1', 52295) 订阅主题: note/like
[2026-05-26 17:38:22] [Middleware] 节点 ('127.0.0.1', 52296) 订阅主题: query/request
[2026-05-26 17:38:22] [Middleware] 节点 ('127.0.0.1', 52294) 订阅主题: note/comment
[2026-05-26 17:38:22] [Middleware] 节点 ('127.0.0.1', 52295) 订阅主题: note/comment
[2026-05-26 17:38:30] [Middleware] 新节点加入: ('127.0.0.1', 61443)
[2026-05-26 17:38:30] [Middleware] 节点 ('127.0.0.1', 61443) 订阅主题: query/response
[2026-05-26 17:38:30] [Middleware] 接收到查询请求放入队列 - ID: 1779788310.8669775, 类型: get_notes
[2026-05-26 17:38:30] [Middleware] 分发查询请求 - 主题: query/request, 内容: {'query_id': '1779788310.8669775', 'query_type': 'get_notes', 'params': {}}
[2026-05-26 17:38:30] [Middleware] 接收到消息 - 主题: query/response, 内容: {'status': 'success', 'data': [{'id': '4cbd6681-8b0d-4de1-ada9-9bf2900a8573', 'title': '111', 'content': '1111', 'author': 'guest', 'created_at': None, 'likes': 0, 'comments': 0, 'heat': 0, 'status': 'approved'}, {'id': 'eca01e10-0c3d-4ca4-b3c2-a47b300bc9dd', 'title': '123', 'content': '333', 'author': 'guest', 'created_at': None, 'likes': 0, 'comments': 0, 'heat': 0, 'status': 'approved'}, {'id': '2f396c90-3efe-4a5c-8fb1-816d4b4b60ab', 'title': '324234342', 'content': '23434234232432432432432', 'author': 'guest', 'created_at': None, 'likes': 23, 'comments': 0, 'heat': 46, 'status': 'approved'}, {'id': 'c2552d28-3c44-4aa1-bf1a-b4cbf1c2bd55', 'title': '22222', 'content': '新建笔记\r\n', 'author': 'guest', 'created_at': None, 'likes': 0, 'comments': 0, 'heat': 0, 'status': 'approved'}], 'query_id': '1779788310.8669775'}
[2026-05-26 17:38:30] [Middleware] 分发消息 - 主题: query/response, 内容: {'status': 'success', 'data': [{'id': '4cbd6681-8b0d-4de1-ada9-9bf2900a8573', 'title': '111', 'content': '1111', 'author': 'guest', 'created_at': None, 'likes': 0, 'comments': 0, 'heat': 0, 'status': 'approved'}, {'id': 'eca01e10-0c3d-4ca4-b3c2-a47b300bc9dd', 'title': '123', 'content': '333', 'author': 'guest', 'created_at': None, 'likes': 0, 'comments': 0, 'heat': 0, 'status': 'approved'}, {'id': '2f396c90-3efe-4a5c-8fb1-816d4b4b60ab', 'title': '324234342', 'content': '23434234232432432432432', 'author': 'guest', 'created_at': None, 'likes': 23, 'comments': 0, 'heat': 46, 'status': 'approved'}, {'id': 'c2552d28-3c44-4aa1-bf1a-b4cbf1c2bd55', 'title': '22222', 'content': '新建笔记\r\n', 'author': 'guest', 'created_at': None, 'likes': 0, 'comments': 0, 'heat': 0, 'status': 'approved'}], 'query_id': '1779788310.8669775'}
[2026-05-26 17:38:32] [Middleware] 接收到查询请求放入队列 - ID: 1779788312.4265635, 类型: get_note
[2026-05-26 17:38:32] [Middleware] 分发查询请求 - 主题: query/request, 内容: {'query_id': '1779788312.4265635', 'query_type': 'get_note', 'params': {'note_id': 'eca01e10-0c3d-4ca4-b3c2-a47b300bc9dd'}}
[2026-05-26 17:38:32] [Middleware] 接收到消息 - 主题: query/response, 内容: {'status': 'success', 'data': {'id': 'eca01e10-0c3d-4ca4-b3c2-a47b300bc9dd', 'title': '123', 'content': '333', 'author': 'guest', 'created_at': None, 'likes': 0, 'comments': 0, 'heat': 0, 'status': 'approved'}, 'query_id': '1779788312.4265635'}
[2026-05-26 17:38:32] [Middleware] 分发消息 - 主题: query/response, 内容: {'status': 'success', 'data': {'id': 'eca01e10-0c3d-4ca4-b3c2-a47b300bc9dd', 'title': '123', 'content': '333', 'author': 'guest', 'created_at': None, 'likes': 0, 'comments': 0, 'heat': 0, 'status': 'approved'}, 'query_id': '1779788312.4265635'}
[2026-05-26 17:38:32] [Middleware] 接收到查询请求放入队列 - ID: 1779788312.5363505, 类型: get_comments
[2026-05-26 17:38:32] [Middleware] 分发查询请求 - 主题: query/request, 内容: {'query_id': '1779788312.5363505', 'query_type': 'get_comments', 'params': {'note_id': 'eca01e10-0c3d-4ca4-b3c2-a47b300bc9dd'}}
[2026-05-26 17:38:32] [Middleware] 接收到消息 - 主题: query/response, 内容: {'status': 'success', 'data': [], 'query_id': '1779788312.5363505'}
[2026-05-26 17:38:32] [Middleware] 分发消息 - 主题: query/response, 内容: {'status': 'success', 'data': [], 'query_id': '1779788312.5363505'}
[2026-05-26 17:38:32] [Middleware] 接收到查询请求放入队列 - ID: 1779788312.6483555, 类型: get_like_count
[2026-05-26 17:38:32] [Middleware] 分发查询请求 - 主题: query/request, 内容: {'query_id': '1779788312.6483555', 'query_type': 'get_like_count', 'params': {'note_id': 'eca01e10-0c3d-4ca4-b3c2-a47b300bc9dd'}}
[2026-05-26 17:38:32] [Middleware] 接收到消息 - 主题: query/response, 内容: {'status': 'success', 'data': 0, 'query_id': '1779788312.6483555'}
[2026-05-26 17:38:32] [Middleware] 分发消息 - 主题: query/response, 内容: {'status': 'success', 'data': 0, 'query_id': '1779788312.6483555'}
[2026-05-26 17:38:34] [Middleware] 新节点加入: ('127.0.0.1', 58563)
[2026-05-26 17:38:34] [Middleware] 接收到消息 - 主题: note/like, 内容: {'note_id': 'eca01e10-0c3d-4ca4-b3c2-a47b300bc9dd', 'user_id': 'guest'}
[2026-05-26 17:38:34] [Middleware] 接收到查询请求放入队列 - ID: 1779788314.5779355, 类型: get_note
[2026-05-26 17:38:34] [Middleware] 分发查询请求 - 主题: query/request, 内容: {'query_id': '1779788314.5779355', 'query_type': 'get_note', 'params': {'note_id': 'eca01e10-0c3d-4ca4-b3c2-a47b300bc9dd'}}
[2026-05-26 17:38:34] [Middleware] 分发消息 - 主题: note/like, 内容: {'note_id': 'eca01e10-0c3d-4ca4-b3c2-a47b300bc9dd', 'user_id': 'guest'}
[2026-05-26 17:38:34] [Middleware] 接收到消息 - 主题: query/response, 内容: {'status': 'success', 'data': {'id': 'eca01e10-0c3d-4ca4-b3c2-a47b300bc9dd', 'title': '123', 'content': '333', 'author': 'guest', 'created_at': None, 'likes': 0, 'comments': 0, 'heat': 0, 'status': 'approved'}, 'query_id': '1779788314.5779355'}
[2026-05-26 17:38:34] [Middleware] 分发消息 - 主题: query/response, 内容: {'status': 'success', 'data': {'id': 'eca01e10-0c3d-4ca4-b3c2-a47b300bc9dd', 'title': '123', 'content': '333', 'author': 'guest', 'created_at': None, 'likes': 0, 'comments': 0, 'heat': 0, 'status': 'approved'}, 'query_id': '1779788314.5779355'}
[2026-05-26 17:38:34] [Middleware] 接收到查询请求放入队列 - ID: 1779788314.6983294, 类型: get_comments
[2026-05-26 17:38:34] [Middleware] 接收到消息 - 主题: note/like, 内容: {'note_id': 'eca01e10-0c3d-4ca4-b3c2-a47b300bc9dd', 'user_id': 'guest'}
[2026-05-26 17:38:34] [Middleware] 分发查询请求 - 主题: query/request, 内容: {'query_id': '1779788314.6983294', 'query_type': 'get_comments', 'params': {'note_id': 'eca01e10-0c3d-4ca4-b3c2-a47b300bc9dd'}}
[2026-05-26 17:38:34] [Middleware] 接收到查询请求放入队列 - ID: 1779788314.7746382, 类型: get_note
[2026-05-26 17:38:34] [Middleware] 接收到消息 - 主题: query/response, 内容: {'status': 'success', 'data': [], 'query_id': '1779788314.6983294'}
[2026-05-26 17:38:34] [Middleware] 分发消息 - 主题: note/like, 内容: {'note_id': 'eca01e10-0c3d-4ca4-b3c2-a47b300bc9dd', 'user_id': 'guest'}
[2026-05-26 17:38:34] [Middleware] 分发消息 - 主题: query/response, 内容: {'status': 'success', 'data': [], 'query_id': '1779788314.6983294'}
[2026-05-26 17:38:34] [Middleware] 分发查询请求 - 主题: query/request, 内容: {'query_id': '1779788314.7746382', 'query_type': 'get_note', 'params': {'note_id': 'eca01e10-0c3d-4ca4-b3c2-a47b300bc9dd'}}
[2026-05-26 17:38:34] [Middleware] 接收到消息 - 主题: query/response, 内容: {'status': 'success', 'data': {'id': 'eca01e10-0c3d-4ca4-b3c2-a47b300bc9dd', 'title': '123', 'content': '333', 'author': 'guest', 'created_at': None, 'likes': 2, 'comments': 0, 'heat': 2, 'status': 'approved'}, 'query_id': '1779788314.7746382'}
[2026-05-26 17:38:34] [Middleware] 接收到查询请求放入队列 - ID: 1779788314.9253876, 类型: get_like_count
[2026-05-26 17:38:34] [Middleware] 分发消息 - 主题: query/response, 内容: {'status': 'success', 'data': {'id': 'eca01e10-0c3d-4ca4-b3c2-a47b300bc9dd', 'title': '123', 'content': '333', 'author': 'guest', 'created_at': None, 'likes': 2, 'comments': 0, 'heat': 2, 'status': 'approved'}, 'query_id': '1779788314.7746382'}
[2026-05-26 17:38:34] [Middleware] 接收到消息 - 主题: note/like, 内容: {'note_id': 'eca01e10-0c3d-4ca4-b3c2-a47b300bc9dd', 'user_id': 'guest'}
[2026-05-26 17:38:34] [Middleware] 分发查询请求 - 主题: query/request, 内容: {'query_id': '1779788314.9253876', 'query_type': 'get_like_count', 'params': {'note_id': 'eca01e10-0c3d-4ca4-b3c2-a47b300bc9dd'}}
[2026-05-26 17:38:34] [Middleware] 接收到查询请求放入队列 - ID: 1779788314.9632602, 类型: get_note
[2026-05-26 17:38:34] [Middleware] 接收到消息 - 主题: query/response, 内容: {'status': 'success', 'data': 2, 'query_id': '1779788314.9253876'}
[2026-05-26 17:38:34] [Middleware] 接收到查询请求放入队列 - ID: 1779788314.9893532, 类型: get_comments
[2026-05-26 17:38:34] [Middleware] 分发消息 - 主题: note/like, 内容: {'note_id': 'eca01e10-0c3d-4ca4-b3c2-a47b300bc9dd', 'user_id': 'guest'}
[2026-05-26 17:38:34] [Middleware] 分发消息 - 主题: query/response, 内容: {'status': 'success', 'data': 2, 'query_id': '1779788314.9253876'}
[2026-05-26 17:38:35] [Middleware] 分发查询请求 - 主题: query/request, 内容: {'query_id': '1779788314.9632602', 'query_type': 'get_note', 'params': {'note_id': 'eca01e10-0c3d-4ca4-b3c2-a47b300bc9dd'}}
[2026-05-26 17:38:35] [Middleware] 分发查询请求 - 主题: query/request, 内容: {'query_id': '1779788314.9893532', 'query_type': 'get_comments', 'params': {'note_id': 'eca01e10-0c3d-4ca4-b3c2-a47b300bc9dd'}}
[2026-05-26 17:38:35] [Middleware] 接收到消息 - 主题: query/response, 内容: {'status': 'success', 'data': {'id': 'eca01e10-0c3d-4ca4-b3c2-a47b300bc9dd', 'title': '123', 'content': '333', 'author': 'guest', 'created_at': None, 'likes': 3, 'comments': 0, 'heat': 6, 'status': 'approved'}, 'query_id': '1779788314.9632602'}
[2026-05-26 17:38:35] [Middleware] 接收到消息 - 主题: query/response, 内容: {'status': 'success', 'data': [], 'query_id': '1779788314.9893532'}
[2026-05-26 17:38:35] [Middleware] 分发消息 - 主题: query/response, 内容: {'status': 'success', 'data': {'id': 'eca01e10-0c3d-4ca4-b3c2-a47b300bc9dd', 'title': '123', 'content': '333', 'author': 'guest', 'created_at': None, 'likes': 3, 'comments': 0, 'heat': 6, 'status': 'approved'}, 'query_id': '1779788314.9632602'}
[2026-05-26 17:38:35] [Middleware] 分发消息 - 主题: query/response, 内容: {'status': 'success', 'data': [], 'query_id': '1779788314.9893532'}
[2026-05-26 17:38:35] [Middleware] 接收到查询请求放入队列 - ID: 1779788315.0760965, 类型: get_comments
[2026-05-26 17:38:35] [Middleware] 接收到查询请求放入队列 - ID: 1779788315.1009717, 类型: get_like_count
[2026-05-26 17:38:35] [Middleware] 分发查询请求 - 主题: query/request, 内容: {'query_id': '1779788315.0760965', 'query_type': 'get_comments', 'params': {'note_id': 'eca01e10-0c3d-4ca4-b3c2-a47b300bc9dd'}}
[2026-05-26 17:38:35] [Middleware] 分发查询请求 - 主题: query/request, 内容: {'query_id': '1779788315.1009717', 'query_type': 'get_like_count', 'params': {'note_id': 'eca01e10-0c3d-4ca4-b3c2-a47b300bc9dd'}}
[2026-05-26 17:38:35] [Middleware] 接收到消息 - 主题: query/response, 内容: {'status': 'success', 'data': [], 'query_id': '1779788315.0760965'}
[2026-05-26 17:38:35] [Middleware] 接收到消息 - 主题: query/response, 内容: {'status': 'success', 'data': 3, 'query_id': '1779788315.1009717'}
[2026-05-26 17:38:35] [Middleware] 接收到消息 - 主题: note/like, 内容: {'note_id': 'eca01e10-0c3d-4ca4-b3c2-a47b300bc9dd', 'user_id': 'guest'}
[2026-05-26 17:38:35] [Middleware] 接收到查询请求放入队列 - ID: 1779788315.1587005, 类型: get_note
[2026-05-26 17:38:35] [Middleware] 分发消息 - 主题: query/response, 内容: {'status': 'success', 'data': [], 'query_id': '1779788315.0760965'}
[2026-05-26 17:38:35] [Middleware] 分发消息 - 主题: query/response, 内容: {'status': 'success', 'data': 3, 'query_id': '1779788315.1009717'}
[2026-05-26 17:38:35] [Middleware] 分发消息 - 主题: note/like, 内容: {'note_id': 'eca01e10-0c3d-4ca4-b3c2-a47b300bc9dd', 'user_id': 'guest'}
[2026-05-26 17:38:35] [Middleware] 分发查询请求 - 主题: query/request, 内容: {'query_id': '1779788315.1587005', 'query_type': 'get_note', 'params': {'note_id': 'eca01e10-0c3d-4ca4-b3c2-a47b300bc9dd'}}
[2026-05-26 17:38:35] [Middleware] 接收到查询请求放入队列 - ID: 1779788315.1865199, 类型: get_like_count
[2026-05-26 17:38:35] [Middleware] 接收到消息 - 主题: query/response, 内容: {'status': 'success', 'data': {'id': 'eca01e10-0c3d-4ca4-b3c2-a47b300bc9dd', 'title': '123', 'content': '333', 'author': 'guest', 'created_at': None, 'likes': 3, 'comments': 0, 'heat': 8, 'status': 'approved'}, 'query_id': '1779788315.1587005'}
[2026-05-26 17:38:35] [Middleware] 分发查询请求 - 主题: query/request, 内容: {'query_id': '1779788315.1865199', 'query_type': 'get_like_count', 'params': {'note_id': 'eca01e10-0c3d-4ca4-b3c2-a47b300bc9dd'}}
[2026-05-26 17:38:35] [Middleware] 分发消息 - 主题: query/response, 内容: {'status': 'success', 'data': {'id': 'eca01e10-0c3d-4ca4-b3c2-a47b300bc9dd', 'title': '123', 'content': '333', 'author': 'guest', 'created_at': None, 'likes': 3, 'comments': 0, 'heat': 8, 'status': 'approved'}, 'query_id': '1779788315.1587005'}
[2026-05-26 17:38:35] [Middleware] 接收到消息 - 主题: query/response, 内容: {'status': 'success', 'data': 4, 'query_id': '1779788315.1865199'}
[2026-05-26 17:38:35] [Middleware] 接收到查询请求放入队列 - ID: 1779788315.268231, 类型: get_comments
[2026-05-26 17:38:35] [Middleware] 分发查询请求 - 主题: query/request, 内容: {'query_id': '1779788315.268231', 'query_type': 'get_comments', 'params': {'note_id': 'eca01e10-0c3d-4ca4-b3c2-a47b300bc9dd'}}
[2026-05-26 17:38:35] [Middleware] 分发消息 - 主题: query/response, 内容: {'status': 'success', 'data': 4, 'query_id': '1779788315.1865199'}
[2026-05-26 17:38:35] [Middleware] 接收到消息 - 主题: query/response, 内容: {'status': 'success', 'data': [], 'query_id': '1779788315.268231'}
[2026-05-26 17:38:35] [Middleware] 接收到消息 - 主题: note/like, 内容: {'note_id': 'eca01e10-0c3d-4ca4-b3c2-a47b300bc9dd', 'user_id': 'guest'}
[2026-05-26 17:38:35] [Middleware] 接收到查询请求放入队列 - ID: 1779788315.351269, 类型: get_note
[2026-05-26 17:38:35] [Middleware] 分发消息 - 主题: query/response, 内容: {'status': 'success', 'data': [], 'query_id': '1779788315.268231'}
[2026-05-26 17:38:35] [Middleware] 分发消息 - 主题: note/like, 内容: {'note_id': 'eca01e10-0c3d-4ca4-b3c2-a47b300bc9dd', 'user_id': 'guest'}
[2026-05-26 17:38:35] [Middleware] 接收到查询请求放入队列 - ID: 1779788315.3783333, 类型: get_like_count
[2026-05-26 17:38:35] [Middleware] 分发查询请求 - 主题: query/request, 内容: {'query_id': '1779788315.351269', 'query_type': 'get_note', 'params': {'note_id': 'eca01e10-0c3d-4ca4-b3c2-a47b300bc9dd'}}
[2026-05-26 17:38:35] [Middleware] 分发查询请求 - 主题: query/request, 内容: {'query_id': '1779788315.3783333', 'query_type': 'get_like_count', 'params': {'note_id': 'eca01e10-0c3d-4ca4-b3c2-a47b300bc9dd'}}
[2026-05-26 17:38:35] [Middleware] 接收到消息 - 主题: query/response, 内容: {'status': 'success', 'data': {'id': 'eca01e10-0c3d-4ca4-b3c2-a47b300bc9dd', 'title': '123', 'content': '333', 'author': 'guest', 'created_at': None, 'likes': 5, 'comments': 0, 'heat': 10, 'status': 'approved'}, 'query_id': '1779788315.351269'}
[2026-05-26 17:38:35] [Middleware] 接收到消息 - 主题: query/response, 内容: {'status': 'success', 'data': 5, 'query_id': '1779788315.3783333'}
[2026-05-26 17:38:35] [Middleware] 分发消息 - 主题: query/response, 内容: {'status': 'success', 'data': {'id': 'eca01e10-0c3d-4ca4-b3c2-a47b300bc9dd', 'title': '123', 'content': '333', 'author': 'guest', 'created_at': None, 'likes': 5, 'comments': 0, 'heat': 10, 'status': 'approved'}, 'query_id': '1779788315.351269'}
[2026-05-26 17:38:35] [Middleware] 分发消息 - 主题: query/response, 内容: {'status': 'success', 'data': 5, 'query_id': '1779788315.3783333'}
[2026-05-26 17:38:35] [Middleware] 接收到消息 - 主题: note/like, 内容: {'note_id': 'eca01e10-0c3d-4ca4-b3c2-a47b300bc9dd', 'user_id': 'guest'}
[2026-05-26 17:38:35] [Middleware] 接收到查询请求放入队列 - ID: 1779788315.5299776, 类型: get_note
[2026-05-26 17:38:35] [Middleware] 分发消息 - 主题: note/like, 内容: {'note_id': 'eca01e10-0c3d-4ca4-b3c2-a47b300bc9dd', 'user_id': 'guest'}
[2026-05-26 17:38:35] [Middleware] 接收到查询请求放入队列 - ID: 1779788315.5740323, 类型: get_comments
[2026-05-26 17:38:35] [Middleware] 分发查询请求 - 主题: query/request, 内容: {'query_id': '1779788315.5299776', 'query_type': 'get_note', 'params': {'note_id': 'eca01e10-0c3d-4ca4-b3c2-a47b300bc9dd'}}
[2026-05-26 17:38:35] [Middleware] 分发查询请求 - 主题: query/request, 内容: {'query_id': '1779788315.5740323', 'query_type': 'get_comments', 'params': {'note_id': 'eca01e10-0c3d-4ca4-b3c2-a47b300bc9dd'}}
[2026-05-26 17:38:35] [Middleware] 接收到消息 - 主题: query/response, 内容: {'status': 'success', 'data': {'id': 'eca01e10-0c3d-4ca4-b3c2-a47b300bc9dd', 'title': '123', 'content': '333', 'author': 'guest', 'created_at': None, 'likes': 6, 'comments': 0, 'heat': 12, 'status': 'approved'}, 'query_id': '1779788315.5299776'}
[2026-05-26 17:38:35] [Middleware] 分发消息 - 主题: query/response, 内容: {'status': 'success', 'data': {'id': 'eca01e10-0c3d-4ca4-b3c2-a47b300bc9dd', 'title': '123', 'content': '333', 'author': 'guest', 'created_at': None, 'likes': 6, 'comments': 0, 'heat': 12, 'status': 'approved'}, 'query_id': '1779788315.5299776'}
[2026-05-26 17:38:35] [Middleware] 接收到消息 - 主题: query/response, 内容: {'status': 'success', 'data': [], 'query_id': '1779788315.5740323'}
[2026-05-26 17:38:35] [Middleware] 接收到查询请求放入队列 - ID: 1779788315.6431272, 类型: get_comments
[2026-05-26 17:38:35] [Middleware] 分发查询请求 - 主题: query/request, 内容: {'query_id': '1779788315.6431272', 'query_type': 'get_comments', 'params': {'note_id': 'eca01e10-0c3d-4ca4-b3c2-a47b300bc9dd'}}
[2026-05-26 17:38:35] [Middleware] 接收到消息 - 主题: query/response, 内容: {'status': 'success', 'data': [], 'query_id': '1779788315.6431272'}
[2026-05-26 17:38:35] [Middleware] 分发消息 - 主题: query/response, 内容: {'status': 'success', 'data': [], 'query_id': '1779788315.5740323'}
[2026-05-26 17:38:35] [Middleware] 分发消息 - 主题: query/response, 内容: {'status': 'success', 'data': [], 'query_id': '1779788315.6431272'}
[2026-05-26 17:38:35] [Middleware] 接收到查询请求放入队列 - ID: 1779788315.682553, 类型: get_like_count
[2026-05-26 17:38:35] [Middleware] 接收到消息 - 主题: note/like, 内容: {'note_id': 'eca01e10-0c3d-4ca4-b3c2-a47b300bc9dd', 'user_id': 'guest'}
[2026-05-26 17:38:35] [Middleware] 分发查询请求 - 主题: query/request, 内容: {'query_id': '1779788315.682553', 'query_type': 'get_like_count', 'params': {'note_id': 'eca01e10-0c3d-4ca4-b3c2-a47b300bc9dd'}}
[2026-05-26 17:38:35] [Middleware] 接收到查询请求放入队列 - ID: 1779788315.711692, 类型: get_note
[2026-05-26 17:38:35] [Middleware] 接收到消息 - 主题: query/response, 内容: {'status': 'success', 'data': 6, 'query_id': '1779788315.682553'}
[2026-05-26 17:38:35] [Middleware] 分发消息 - 主题: note/like, 内容: {'note_id': 'eca01e10-0c3d-4ca4-b3c2-a47b300bc9dd', 'user_id': 'guest'}
[2026-05-26 17:38:35] [Middleware] 分发消息 - 主题: query/response, 内容: {'status': 'success', 'data': 6, 'query_id': '1779788315.682553'}
[2026-05-26 17:38:35] [Middleware] 接收到查询请求放入队列 - ID: 1779788315.7481241, 类型: get_like_count
[2026-05-26 17:38:35] [Middleware] 分发查询请求 - 主题: query/request, 内容: {'query_id': '1779788315.711692', 'query_type': 'get_note', 'params': {'note_id': 'eca01e10-0c3d-4ca4-b3c2-a47b300bc9dd'}}
[2026-05-26 17:38:35] [Middleware] 分发查询请求 - 主题: query/request, 内容: {'query_id': '1779788315.7481241', 'query_type': 'get_like_count', 'params': {'note_id': 'eca01e10-0c3d-4ca4-b3c2-a47b300bc9dd'}}
[2026-05-26 17:38:35] [Middleware] 接收到消息 - 主题: query/response, 内容: {'status': 'success', 'data': {'id': 'eca01e10-0c3d-4ca4-b3c2-a47b300bc9dd', 'title': '123', 'content': '333', 'author': 'guest', 'created_at': None, 'likes': 7, 'comments': 0, 'heat': 14, 'status': 'approved'}, 'query_id': '1779788315.711692'}
[2026-05-26 17:38:35] [Middleware] 接收到消息 - 主题: query/response, 内容: {'status': 'success', 'data': 7, 'query_id': '1779788315.7481241'}
[2026-05-26 17:38:35] [Middleware] 分发消息 - 主题: query/response, 内容: {'status': 'success', 'data': {'id': 'eca01e10-0c3d-4ca4-b3c2-a47b300bc9dd', 'title': '123', 'content': '333', 'author': 'guest', 'created_at': None, 'likes': 7, 'comments': 0, 'heat': 14, 'status': 'approved'}, 'query_id': '1779788315.711692'}
[2026-05-26 17:38:35] [Middleware] 分发消息 - 主题: query/response, 内容: {'status': 'success', 'data': 7, 'query_id': '1779788315.7481241'}
[2026-05-26 17:38:35] [Middleware] 接收到查询请求放入队列 - ID: 1779788315.8221767, 类型: get_comments
[2026-05-26 17:38:35] [Middleware] 分发查询请求 - 主题: query/request, 内容: {'query_id': '1779788315.8221767', 'query_type': 'get_comments', 'params': {'note_id': 'eca01e10-0c3d-4ca4-b3c2-a47b300bc9dd'}}
[2026-05-26 17:38:35] [Middleware] 接收到消息 - 主题: note/like, 内容: {'note_id': 'eca01e10-0c3d-4ca4-b3c2-a47b300bc9dd', 'user_id': 'guest'}
[2026-05-26 17:38:35] [Middleware] 接收到消息 - 主题: query/response, 内容: {'status': 'success', 'data': [], 'query_id': '1779788315.8221767'}
[2026-05-26 17:38:35] [Middleware] 接收到查询请求放入队列 - ID: 1779788315.8895438, 类型: get_note
[2026-05-26 17:38:35] [Middleware] 分发消息 - 主题: note/like, 内容: {'note_id': 'eca01e10-0c3d-4ca4-b3c2-a47b300bc9dd', 'user_id': 'guest'}
[2026-05-26 17:38:35] [Middleware] 分发消息 - 主题: query/response, 内容: {'status': 'success', 'data': [], 'query_id': '1779788315.8221767'}
[2026-05-26 17:38:35] [Middleware] 接收到查询请求放入队列 - ID: 1779788315.9309185, 类型: get_like_count
[2026-05-26 17:38:35] [Middleware] 分发查询请求 - 主题: query/request, 内容: {'query_id': '1779788315.8895438', 'query_type': 'get_note', 'params': {'note_id': 'eca01e10-0c3d-4ca4-b3c2-a47b300bc9dd'}}
[2026-05-26 17:38:35] [Middleware] 分发查询请求 - 主题: query/request, 内容: {'query_id': '1779788315.9309185', 'query_type': 'get_like_count', 'params': {'note_id': 'eca01e10-0c3d-4ca4-b3c2-a47b300bc9dd'}}
[2026-05-26 17:38:35] [Middleware] 接收到消息 - 主题: query/response, 内容: {'status': 'success', 'data': {'id': 'eca01e10-0c3d-4ca4-b3c2-a47b300bc9dd', 'title': '123', 'content': '333', 'author': 'guest', 'created_at': None, 'likes': 8, 'comments': 0, 'heat': 16, 'status': 'approved'}, 'query_id': '1779788315.8895438'}
[2026-05-26 17:38:35] [Middleware] 分发消息 - 主题: query/response, 内容: {'status': 'success', 'data': {'id': 'eca01e10-0c3d-4ca4-b3c2-a47b300bc9dd', 'title': '123', 'content': '333', 'author': 'guest', 'created_at': None, 'likes': 8, 'comments': 0, 'heat': 16, 'status': 'approved'}, 'query_id': '1779788315.8895438'}
[2026-05-26 17:38:35] [Middleware] 接收到消息 - 主题: query/response, 内容: {'status': 'success', 'data': 8, 'query_id': '1779788315.9309185'}
[2026-05-26 17:38:36] [Middleware] 接收到查询请求放入队列 - ID: 1779788316.0038288, 类型: get_comments
[2026-05-26 17:38:36] [Middleware] 分发消息 - 主题: query/response, 内容: {'status': 'success', 'data': 8, 'query_id': '1779788315.9309185'}
[2026-05-26 17:38:36] [Middleware] 接收到消息 - 主题: note/like, 内容: {'note_id': 'eca01e10-0c3d-4ca4-b3c2-a47b300bc9dd', 'user_id': 'guest'}
[2026-05-26 17:38:36] [Middleware] 分发查询请求 - 主题: query/request, 内容: {'query_id': '1779788316.0038288', 'query_type': 'get_comments', 'params': {'note_id': 'eca01e10-0c3d-4ca4-b3c2-a47b300bc9dd'}}
[2026-05-26 17:38:36] [Middleware] 接收到查询请求放入队列 - ID: 1779788316.0637817, 类型: get_note
[2026-05-26 17:38:36] [Middleware] 接收到消息 - 主题: query/response, 内容: {'status': 'success', 'data': [], 'query_id': '1779788316.0038288'}
[2026-05-26 17:38:36] [Middleware] 分发消息 - 主题: note/like, 内容: {'note_id': 'eca01e10-0c3d-4ca4-b3c2-a47b300bc9dd', 'user_id': 'guest'}
[2026-05-26 17:38:36] [Middleware] 分发消息 - 主题: query/response, 内容: {'status': 'success', 'data': [], 'query_id': '1779788316.0038288'}
[2026-05-26 17:38:36] [Middleware] 分发查询请求 - 主题: query/request, 内容: {'query_id': '1779788316.0637817', 'query_type': 'get_note', 'params': {'note_id': 'eca01e10-0c3d-4ca4-b3c2-a47b300bc9dd'}}
[2026-05-26 17:38:36] [Middleware] 接收到查询请求放入队列 - ID: 1779788316.1147006, 类型: get_like_count
[2026-05-26 17:38:36] [Middleware] 接收到消息 - 主题: query/response, 内容: {'status': 'success', 'data': {'id': 'eca01e10-0c3d-4ca4-b3c2-a47b300bc9dd', 'title': '123', 'content': '333', 'author': 'guest', 'created_at': None, 'likes': 8, 'comments': 0, 'heat': 18, 'status': 'approved'}, 'query_id': '1779788316.0637817'}
[2026-05-26 17:38:36] [Middleware] 分发消息 - 主题: query/response, 内容: {'status': 'success', 'data': {'id': 'eca01e10-0c3d-4ca4-b3c2-a47b300bc9dd', 'title': '123', 'content': '333', 'author': 'guest', 'created_at': None, 'likes': 8, 'comments': 0, 'heat': 18, 'status': 'approved'}, 'query_id': '1779788316.0637817'}
[2026-05-26 17:38:36] [Middleware] 接收到查询请求放入队列 - ID: 1779788316.171564, 类型: get_comments
[2026-05-26 17:38:36] [Middleware] 分发查询请求 - 主题: query/request, 内容: {'query_id': '1779788316.1147006', 'query_type': 'get_like_count', 'params': {'note_id': 'eca01e10-0c3d-4ca4-b3c2-a47b300bc9dd'}}
[2026-05-26 17:38:36] [Middleware] 分发查询请求 - 主题: query/request, 内容: {'query_id': '1779788316.171564', 'query_type': 'get_comments', 'params': {'note_id': 'eca01e10-0c3d-4ca4-b3c2-a47b300bc9dd'}}
[2026-05-26 17:38:36] [Middleware] 接收到消息 - 主题: query/response, 内容: {'status': 'success', 'data': 9, 'query_id': '1779788316.1147006'}
[2026-05-26 17:38:36] [Middleware] 接收到消息 - 主题: query/response, 内容: {'status': 'success', 'data': [], 'query_id': '1779788316.171564'}
[2026-05-26 17:38:36] [Middleware] 分发消息 - 主题: query/response, 内容: {'status': 'success', 'data': 9, 'query_id': '1779788316.1147006'}
[2026-05-26 17:38:36] [Middleware] 分发消息 - 主题: query/response, 内容: {'status': 'success', 'data': [], 'query_id': '1779788316.171564'}
[2026-05-26 17:38:36] [Middleware] 接收到消息 - 主题: note/like, 内容: {'note_id': 'eca01e10-0c3d-4ca4-b3c2-a47b300bc9dd', 'user_id': 'guest'}
[2026-05-26 17:38:36] [Middleware] 接收到查询请求放入队列 - ID: 1779788316.265658, 类型: get_note
[2026-05-26 17:38:36] [Middleware] 分发消息 - 主题: note/like, 内容: {'note_id': 'eca01e10-0c3d-4ca4-b3c2-a47b300bc9dd', 'user_id': 'guest'}
[2026-05-26 17:38:36] [Middleware] 接收到查询请求放入队列 - ID: 1779788316.2875257, 类型: get_like_count
[2026-05-26 17:38:36] [Middleware] 分发查询请求 - 主题: query/request, 内容: {'query_id': '1779788316.265658', 'query_type': 'get_note', 'params': {'note_id': 'eca01e10-0c3d-4ca4-b3c2-a47b300bc9dd'}}
[2026-05-26 17:38:36] [Middleware] 分发查询请求 - 主题: query/request, 内容: {'query_id': '1779788316.2875257', 'query_type': 'get_like_count', 'params': {'note_id': 'eca01e10-0c3d-4ca4-b3c2-a47b300bc9dd'}}
[2026-05-26 17:38:36] [Middleware] 接收到消息 - 主题: query/response, 内容: {'status': 'success', 'data': {'id': 'eca01e10-0c3d-4ca4-b3c2-a47b300bc9dd', 'title': '123', 'content': '333', 'author': 'guest', 'created_at': None, 'likes': 10, 'comments': 0, 'heat': 20, 'status': 'approved'}, 'query_id': '1779788316.265658'}
[2026-05-26 17:38:36] [Middleware] 接收到消息 - 主题: query/response, 内容: {'status': 'success', 'data': 10, 'query_id': '1779788316.2875257'}
[2026-05-26 17:38:36] [Middleware] 分发消息 - 主题: query/response, 内容: {'status': 'success', 'data': {'id': 'eca01e10-0c3d-4ca4-b3c2-a47b300bc9dd', 'title': '123', 'content': '333', 'author': 'guest', 'created_at': None, 'likes': 10, 'comments': 0, 'heat': 20, 'status': 'approved'}, 'query_id': '1779788316.265658'}
[2026-05-26 17:38:36] [Middleware] 分发消息 - 主题: query/response, 内容: {'status': 'success', 'data': 10, 'query_id': '1779788316.2875257'}
[2026-05-26 17:38:36] [Middleware] 接收到查询请求放入队列 - ID: 1779788316.3704755, 类型: get_comments
[2026-05-26 17:38:36] [Middleware] 分发查询请求 - 主题: query/request, 内容: {'query_id': '1779788316.3704755', 'query_type': 'get_comments', 'params': {'note_id': 'eca01e10-0c3d-4ca4-b3c2-a47b300bc9dd'}}
[2026-05-26 17:38:36] [Middleware] 接收到消息 - 主题: note/like, 内容: {'note_id': 'eca01e10-0c3d-4ca4-b3c2-a47b300bc9dd', 'user_id': 'guest'}
[2026-05-26 17:38:36] [Middleware] 接收到消息 - 主题: query/response, 内容: {'status': 'success', 'data': [], 'query_id': '1779788316.3704755'}
[2026-05-26 17:38:36] [Middleware] 接收到查询请求放入队列 - ID: 1779788316.4411392, 类型: get_note
[2026-05-26 17:38:36] [Middleware] 分发消息 - 主题: note/like, 内容: {'note_id': 'eca01e10-0c3d-4ca4-b3c2-a47b300bc9dd', 'user_id': 'guest'}
[2026-05-26 17:38:36] [Middleware] 分发消息 - 主题: query/response, 内容: {'status': 'success', 'data': [], 'query_id': '1779788316.3704755'}
[2026-05-26 17:38:36] [Middleware] 接收到查询请求放入队列 - ID: 1779788316.4835513, 类型: get_like_count
[2026-05-26 17:38:36] [Middleware] 分发查询请求 - 主题: query/request, 内容: {'query_id': '1779788316.4411392', 'query_type': 'get_note', 'params': {'note_id': 'eca01e10-0c3d-4ca4-b3c2-a47b300bc9dd'}}
[2026-05-26 17:38:36] [Middleware] 分发查询请求 - 主题: query/request, 内容: {'query_id': '1779788316.4835513', 'query_type': 'get_like_count', 'params': {'note_id': 'eca01e10-0c3d-4ca4-b3c2-a47b300bc9dd'}}
[2026-05-26 17:38:36] [Middleware] 接收到消息 - 主题: query/response, 内容: {'status': 'success', 'data': {'id': 'eca01e10-0c3d-4ca4-b3c2-a47b300bc9dd', 'title': '123', 'content': '333', 'author': 'guest', 'created_at': None, 'likes': 11, 'comments': 0, 'heat': 22, 'status': 'approved'}, 'query_id': '1779788316.4411392'}
[2026-05-26 17:38:36] [Middleware] 接收到消息 - 主题: query/response, 内容: {'status': 'success', 'data': 11, 'query_id': '1779788316.4835513'}
[2026-05-26 17:38:36] [Middleware] 分发消息 - 主题: query/response, 内容: {'status': 'success', 'data': {'id': 'eca01e10-0c3d-4ca4-b3c2-a47b300bc9dd', 'title': '123', 'content': '333', 'author': 'guest', 'created_at': None, 'likes': 11, 'comments': 0, 'heat': 22, 'status': 'approved'}, 'query_id': '1779788316.4411392'}
[2026-05-26 17:38:36] [Middleware] 分发消息 - 主题: query/response, 内容: {'status': 'success', 'data': 11, 'query_id': '1779788316.4835513'}
[2026-05-26 17:38:36] [Middleware] 接收到消息 - 主题: note/like, 内容: {'note_id': 'eca01e10-0c3d-4ca4-b3c2-a47b300bc9dd', 'user_id': 'guest'}
[2026-05-26 17:38:36] [Middleware] 接收到查询请求放入队列 - ID: 1779788316.6261196, 类型: get_note
[2026-05-26 17:38:36] [Middleware] 分发消息 - 主题: note/like, 内容: {'note_id': 'eca01e10-0c3d-4ca4-b3c2-a47b300bc9dd', 'user_id': 'guest'}
[2026-05-26 17:38:36] [Middleware] 分发查询请求 - 主题: query/request, 内容: {'query_id': '1779788316.6261196', 'query_type': 'get_note', 'params': {'note_id': 'eca01e10-0c3d-4ca4-b3c2-a47b300bc9dd'}}
[2026-05-26 17:38:36] [Middleware] 接收到查询请求放入队列 - ID: 1779788316.6697862, 类型: get_comments
[2026-05-26 17:38:36] [Middleware] 接收到消息 - 主题: query/response, 内容: {'status': 'success', 'data': {'id': 'eca01e10-0c3d-4ca4-b3c2-a47b300bc9dd', 'title': '123', 'content': '333', 'author': 'guest', 'created_at': None, 'likes': 12, 'comments': 0, 'heat': 24, 'status': 'approved'}, 'query_id': '1779788316.6261196'}
[2026-05-26 17:38:36] [Middleware] 分发消息 - 主题: query/response, 内容: {'status': 'success', 'data': {'id': 'eca01e10-0c3d-4ca4-b3c2-a47b300bc9dd', 'title': '123', 'content': '333', 'author': 'guest', 'created_at': None, 'likes': 12, 'comments': 0, 'heat': 24, 'status': 'approved'}, 'query_id': '1779788316.6261196'}
[2026-05-26 17:38:36] [Middleware] 分发查询请求 - 主题: query/request, 内容: {'query_id': '1779788316.6697862', 'query_type': 'get_comments', 'params': {'note_id': 'eca01e10-0c3d-4ca4-b3c2-a47b300bc9dd'}}
[2026-05-26 17:38:36] [Middleware] 接收到消息 - 主题: query/response, 内容: {'status': 'success', 'data': [], 'query_id': '1779788316.6697862'}
[2026-05-26 17:38:36] [Middleware] 接收到查询请求放入队列 - ID: 1779788316.744249, 类型: get_comments
[2026-05-26 17:38:36] [Middleware] 分发消息 - 主题: query/response, 内容: {'status': 'success', 'data': [], 'query_id': '1779788316.6697862'}
[2026-05-26 17:38:36] [Middleware] 分发查询请求 - 主题: query/request, 内容: {'query_id': '1779788316.744249', 'query_type': 'get_comments', 'params': {'note_id': 'eca01e10-0c3d-4ca4-b3c2-a47b300bc9dd'}}
[2026-05-26 17:38:36] [Middleware] 接收到查询请求放入队列 - ID: 1779788316.7855775, 类型: get_like_count
[2026-05-26 17:38:36] [Middleware] 接收到消息 - 主题: query/response, 内容: {'status': 'success', 'data': [], 'query_id': '1779788316.744249'}
[2026-05-26 17:38:36] [Middleware] 接收到消息 - 主题: note/like, 内容: {'note_id': 'eca01e10-0c3d-4ca4-b3c2-a47b300bc9dd', 'user_id': 'guest'}
[2026-05-26 17:38:36] [Middleware] 接收到查询请求放入队列 - ID: 1779788316.8037012, 类型: get_note
[2026-05-26 17:38:36] [Middleware] 分发消息 - 主题: query/response, 内容: {'status': 'success', 'data': [], 'query_id': '1779788316.744249'}
[2026-05-26 17:38:36] [Middleware] 分发消息 - 主题: note/like, 内容: {'note_id': 'eca01e10-0c3d-4ca4-b3c2-a47b300bc9dd', 'user_id': 'guest'}
[2026-05-26 17:38:36] [Middleware] 分发查询请求 - 主题: query/request, 内容: {'query_id': '1779788316.7855775', 'query_type': 'get_like_count', 'params': {'note_id': 'eca01e10-0c3d-4ca4-b3c2-a47b300bc9dd'}}
[2026-05-26 17:38:36] [Middleware] 分发查询请求 - 主题: query/request, 内容: {'query_id': '1779788316.8037012', 'query_type': 'get_note', 'params': {'note_id': 'eca01e10-0c3d-4ca4-b3c2-a47b300bc9dd'}}
[2026-05-26 17:38:36] [Middleware] 接收到消息 - 主题: query/response, 内容: {'status': 'success', 'data': 13, 'query_id': '1779788316.7855775'}
[2026-05-26 17:38:36] [Middleware] 接收到查询请求放入队列 - ID: 1779788316.8526447, 类型: get_like_count
[2026-05-26 17:38:36] [Middleware] 接收到消息 - 主题: query/response, 内容: {'status': 'success', 'data': {'id': 'eca01e10-0c3d-4ca4-b3c2-a47b300bc9dd', 'title': '123', 'content': '333', 'author': 'guest', 'created_at': None, 'likes': 13, 'comments': 0, 'heat': 24, 'status': 'approved'}, 'query_id': '1779788316.8037012'}
[2026-05-26 17:38:36] [Middleware] 分发消息 - 主题: query/response, 内容: {'status': 'success', 'data': 13, 'query_id': '1779788316.7855775'}
[2026-05-26 17:38:36] [Middleware] 分发消息 - 主题: query/response, 内容: {'status': 'success', 'data': {'id': 'eca01e10-0c3d-4ca4-b3c2-a47b300bc9dd', 'title': '123', 'content': '333', 'author': 'guest', 'created_at': None, 'likes': 13, 'comments': 0, 'heat': 24, 'status': 'approved'}, 'query_id': '1779788316.8037012'}
[2026-05-26 17:38:36] [Middleware] 分发查询请求 - 主题: query/request, 内容: {'query_id': '1779788316.8526447', 'query_type': 'get_like_count', 'params': {'note_id': 'eca01e10-0c3d-4ca4-b3c2-a47b300bc9dd'}}
[2026-05-26 17:38:36] [Middleware] 接收到消息 - 主题: query/response, 内容: {'status': 'success', 'data': 13, 'query_id': '1779788316.8526447'}
[2026-05-26 17:38:36] [Middleware] 接收到查询请求放入队列 - ID: 1779788316.912878, 类型: get_comments
[2026-05-26 17:38:36] [Middleware] 分发消息 - 主题: query/response, 内容: {'status': 'success', 'data': 13, 'query_id': '1779788316.8526447'}
[2026-05-26 17:38:36] [Middleware] 分发查询请求 - 主题: query/request, 内容: {'query_id': '1779788316.912878', 'query_type': 'get_comments', 'params': {'note_id': 'eca01e10-0c3d-4ca4-b3c2-a47b300bc9dd'}}
[2026-05-26 17:38:36] [Middleware] 接收到消息 - 主题: query/response, 内容: {'status': 'success', 'data': [], 'query_id': '1779788316.912878'}
[2026-05-26 17:38:36] [Middleware] 接收到消息 - 主题: note/like, 内容: {'note_id': 'eca01e10-0c3d-4ca4-b3c2-a47b300bc9dd', 'user_id': 'guest'}
[2026-05-26 17:38:36] [Middleware] 接收到查询请求放入队列 - ID: 1779788316.9936023, 类型: get_note
[2026-05-26 17:38:37] [Middleware] 分发消息 - 主题: query/response, 内容: {'status': 'success', 'data': [], 'query_id': '1779788316.912878'}
[2026-05-26 17:38:37] [Middleware] 分发消息 - 主题: note/like, 内容: {'note_id': 'eca01e10-0c3d-4ca4-b3c2-a47b300bc9dd', 'user_id': 'guest'}
[2026-05-26 17:38:37] [Middleware] 分发查询请求 - 主题: query/request, 内容: {'query_id': '1779788316.9936023', 'query_type': 'get_note', 'params': {'note_id': 'eca01e10-0c3d-4ca4-b3c2-a47b300bc9dd'}}
[2026-05-26 17:38:37] [Middleware] 接收到消息 - 主题: query/response, 内容: {'status': 'success', 'data': {'id': 'eca01e10-0c3d-4ca4-b3c2-a47b300bc9dd', 'title': '123', 'content': '333', 'author': 'guest', 'created_at': None, 'likes': 14, 'comments': 0, 'heat': 26, 'status': 'approved'}, 'query_id': '1779788316.9936023'}
[2026-05-26 17:38:37] [Middleware] 接收到查询请求放入队列 - ID: 1779788317.036007, 类型: get_like_count
[2026-05-26 17:38:37] [Middleware] 分发消息 - 主题: query/response, 内容: {'status': 'success', 'data': {'id': 'eca01e10-0c3d-4ca4-b3c2-a47b300bc9dd', 'title': '123', 'content': '333', 'author': 'guest', 'created_at': None, 'likes': 14, 'comments': 0, 'heat': 26, 'status': 'approved'}, 'query_id': '1779788316.9936023'}
[2026-05-26 17:38:37] [Middleware] 分发查询请求 - 主题: query/request, 内容: {'query_id': '1779788317.036007', 'query_type': 'get_like_count', 'params': {'note_id': 'eca01e10-0c3d-4ca4-b3c2-a47b300bc9dd'}}
[2026-05-26 17:38:37] [Middleware] 接收到消息 - 主题: query/response, 内容: {'status': 'success', 'data': 14, 'query_id': '1779788317.036007'}
[2026-05-26 17:38:37] [Middleware] 接收到查询请求放入队列 - ID: 1779788317.0996168, 类型: get_comments
[2026-05-26 17:38:37] [Middleware] 分发消息 - 主题: query/response, 内容: {'status': 'success', 'data': 14, 'query_id': '1779788317.036007'}
[2026-05-26 17:38:37] [Middleware] 分发查询请求 - 主题: query/request, 内容: {'query_id': '1779788317.0996168', 'query_type': 'get_comments', 'params': {'note_id': 'eca01e10-0c3d-4ca4-b3c2-a47b300bc9dd'}}
[2026-05-26 17:38:37] [Middleware] 接收到消息 - 主题: query/response, 内容: {'status': 'success', 'data': [], 'query_id': '1779788317.0996168'}
[2026-05-26 17:38:37] [Middleware] 接收到消息 - 主题: note/like, 内容: {'note_id': 'eca01e10-0c3d-4ca4-b3c2-a47b300bc9dd', 'user_id': 'guest'}
[2026-05-26 17:38:37] [Middleware] 接收到查询请求放入队列 - ID: 1779788317.179094, 类型: get_note
[2026-05-26 17:38:37] [Middleware] 分发消息 - 主题: query/response, 内容: {'status': 'success', 'data': [], 'query_id': '1779788317.0996168'}
[2026-05-26 17:38:37] [Middleware] 分发查询请求 - 主题: query/request, 内容: {'query_id': '1779788317.179094', 'query_type': 'get_note', 'params': {'note_id': 'eca01e10-0c3d-4ca4-b3c2-a47b300bc9dd'}}
[2026-05-26 17:38:37] [Middleware] 分发消息 - 主题: note/like, 内容: {'note_id': 'eca01e10-0c3d-4ca4-b3c2-a47b300bc9dd', 'user_id': 'guest'}
[2026-05-26 17:38:37] [Middleware] 接收到消息 - 主题: query/response, 内容: {'status': 'success', 'data': {'id': 'eca01e10-0c3d-4ca4-b3c2-a47b300bc9dd', 'title': '123', 'content': '333', 'author': 'guest', 'created_at': None, 'likes': 14, 'comments': 0, 'heat': 28, 'status': 'approved'}, 'query_id': '1779788317.179094'}
[2026-05-26 17:38:37] [Middleware] 接收到查询请求放入队列 - ID: 1779788317.2141082, 类型: get_like_count
[2026-05-26 17:38:37] [Middleware] 分发查询请求 - 主题: query/request, 内容: {'query_id': '1779788317.2141082', 'query_type': 'get_like_count', 'params': {'note_id': 'eca01e10-0c3d-4ca4-b3c2-a47b300bc9dd'}}
[2026-05-26 17:38:37] [Middleware] 分发消息 - 主题: query/response, 内容: {'status': 'success', 'data': {'id': 'eca01e10-0c3d-4ca4-b3c2-a47b300bc9dd', 'title': '123', 'content': '333', 'author': 'guest', 'created_at': None, 'likes': 14, 'comments': 0, 'heat': 28, 'status': 'approved'}, 'query_id': '1779788317.179094'}
[2026-05-26 17:38:37] [Middleware] 接收到消息 - 主题: query/response, 内容: {'status': 'success', 'data': 15, 'query_id': '1779788317.2141082'}
[2026-05-26 17:38:37] [Middleware] 接收到查询请求放入队列 - ID: 1779788317.2880216, 类型: get_comments
[2026-05-26 17:38:37] [Middleware] 分发消息 - 主题: query/response, 内容: {'status': 'success', 'data': 15, 'query_id': '1779788317.2141082'}
[2026-05-26 17:38:37] [Middleware] 分发查询请求 - 主题: query/request, 内容: {'query_id': '1779788317.2880216', 'query_type': 'get_comments', 'params': {'note_id': 'eca01e10-0c3d-4ca4-b3c2-a47b300bc9dd'}}
[2026-05-26 17:38:37] [Middleware] 接收到消息 - 主题: query/response, 内容: {'status': 'success', 'data': [], 'query_id': '1779788317.2880216'}
[2026-05-26 17:38:37] [Middleware] 接收到消息 - 主题: note/like, 内容: {'note_id': 'eca01e10-0c3d-4ca4-b3c2-a47b300bc9dd', 'user_id': 'guest'}
[2026-05-26 17:38:37] [Middleware] 接收到查询请求放入队列 - ID: 1779788317.3639061, 类型: get_note
[2026-05-26 17:38:37] [Middleware] 分发消息 - 主题: query/response, 内容: {'status': 'success', 'data': [], 'query_id': '1779788317.2880216'}
[2026-05-26 17:38:37] [Middleware] 分发查询请求 - 主题: query/request, 内容: {'query_id': '1779788317.3639061', 'query_type': 'get_note', 'params': {'note_id': 'eca01e10-0c3d-4ca4-b3c2-a47b300bc9dd'}}
[2026-05-26 17:38:37] [Middleware] 分发消息 - 主题: note/like, 内容: {'note_id': 'eca01e10-0c3d-4ca4-b3c2-a47b300bc9dd', 'user_id': 'guest'}
[2026-05-26 17:38:37] [Middleware] 接收到消息 - 主题: query/response, 内容: {'status': 'success', 'data': {'id': 'eca01e10-0c3d-4ca4-b3c2-a47b300bc9dd', 'title': '123', 'content': '333', 'author': 'guest', 'created_at': None, 'likes': 15, 'comments': 0, 'heat': 30, 'status': 'approved'}, 'query_id': '1779788317.3639061'}
[2026-05-26 17:38:37] [Middleware] 接收到查询请求放入队列 - ID: 1779788317.4002683, 类型: get_like_count
[2026-05-26 17:38:37] [Middleware] 分发查询请求 - 主题: query/request, 内容: {'query_id': '1779788317.4002683', 'query_type': 'get_like_count', 'params': {'note_id': 'eca01e10-0c3d-4ca4-b3c2-a47b300bc9dd'}}
[2026-05-26 17:38:37] [Middleware] 分发消息 - 主题: query/response, 内容: {'status': 'success', 'data': {'id': 'eca01e10-0c3d-4ca4-b3c2-a47b300bc9dd', 'title': '123', 'content': '333', 'author': 'guest', 'created_at': None, 'likes': 15, 'comments': 0, 'heat': 30, 'status': 'approved'}, 'query_id': '1779788317.3639061'}
[2026-05-26 17:38:37] [Middleware] 接收到消息 - 主题: query/response, 内容: {'status': 'success', 'data': 16, 'query_id': '1779788317.4002683'}
[2026-05-26 17:38:37] [Middleware] 接收到查询请求放入队列 - ID: 1779788317.478177, 类型: get_comments
[2026-05-26 17:38:37] [Middleware] 分发查询请求 - 主题: query/request, 内容: {'query_id': '1779788317.478177', 'query_type': 'get_comments', 'params': {'note_id': 'eca01e10-0c3d-4ca4-b3c2-a47b300bc9dd'}}
[2026-05-26 17:38:37] [Middleware] 分发消息 - 主题: query/response, 内容: {'status': 'success', 'data': 16, 'query_id': '1779788317.4002683'}
[2026-05-26 17:38:37] [Middleware] 接收到消息 - 主题: query/response, 内容: {'status': 'success', 'data': [], 'query_id': '1779788317.478177'}
[2026-05-26 17:38:37] [Middleware] 接收到消息 - 主题: note/like, 内容: {'note_id': 'eca01e10-0c3d-4ca4-b3c2-a47b300bc9dd', 'user_id': 'guest'}
[2026-05-26 17:38:37] [Middleware] 分发消息 - 主题: query/response, 内容: {'status': 'success', 'data': [], 'query_id': '1779788317.478177'}
[2026-05-26 17:38:37] [Middleware] 分发消息 - 主题: note/like, 内容: {'note_id': 'eca01e10-0c3d-4ca4-b3c2-a47b300bc9dd', 'user_id': 'guest'}
[2026-05-26 17:38:37] [Middleware] 接收到查询请求放入队列 - ID: 1779788317.559189, 类型: get_note
[2026-05-26 17:38:37] [Middleware] 接收到查询请求放入队列 - ID: 1779788317.5873377, 类型: get_like_count
[2026-05-26 17:38:37] [Middleware] 分发查询请求 - 主题: query/request, 内容: {'query_id': '1779788317.559189', 'query_type': 'get_note', 'params': {'note_id': 'eca01e10-0c3d-4ca4-b3c2-a47b300bc9dd'}}
[2026-05-26 17:38:37] [Middleware] 分发查询请求 - 主题: query/request, 内容: {'query_id': '1779788317.5873377', 'query_type': 'get_like_count', 'params': {'note_id': 'eca01e10-0c3d-4ca4-b3c2-a47b300bc9dd'}}
[2026-05-26 17:38:37] [Middleware] 接收到消息 - 主题: query/response, 内容: {'status': 'success', 'data': {'id': 'eca01e10-0c3d-4ca4-b3c2-a47b300bc9dd', 'title': '123', 'content': '333', 'author': 'guest', 'created_at': None, 'likes': 17, 'comments': 0, 'heat': 34, 'status': 'approved'}, 'query_id': '1779788317.559189'}
[2026-05-26 17:38:37] [Middleware] 接收到消息 - 主题: query/response, 内容: {'status': 'success', 'data': 17, 'query_id': '1779788317.5873377'}
[2026-05-26 17:38:37] [Middleware] 分发消息 - 主题: query/response, 内容: {'status': 'success', 'data': {'id': 'eca01e10-0c3d-4ca4-b3c2-a47b300bc9dd', 'title': '123', 'content': '333', 'author': 'guest', 'created_at': None, 'likes': 17, 'comments': 0, 'heat': 34, 'status': 'approved'}, 'query_id': '1779788317.559189'}
[2026-05-26 17:38:37] [Middleware] 分发消息 - 主题: query/response, 内容: {'status': 'success', 'data': 17, 'query_id': '1779788317.5873377'}
[2026-05-26 17:38:37] [Middleware] 接收到消息 - 主题: note/like, 内容: {'note_id': 'eca01e10-0c3d-4ca4-b3c2-a47b300bc9dd', 'user_id': 'guest'}
[2026-05-26 17:38:37] [Middleware] 接收到查询请求放入队列 - ID: 1779788317.7410645, 类型: get_note
[2026-05-26 17:38:37] [Middleware] 分发消息 - 主题: note/like, 内容: {'note_id': 'eca01e10-0c3d-4ca4-b3c2-a47b300bc9dd', 'user_id': 'guest'}
[2026-05-26 17:38:37] [Middleware] 分发查询请求 - 主题: query/request, 内容: {'query_id': '1779788317.7410645', 'query_type': 'get_note', 'params': {'note_id': 'eca01e10-0c3d-4ca4-b3c2-a47b300bc9dd'}}
[2026-05-26 17:38:37] [Middleware] 接收到消息 - 主题: query/response, 内容: {'status': 'success', 'data': {'id': 'eca01e10-0c3d-4ca4-b3c2-a47b300bc9dd', 'title': '123', 'content': '333', 'author': 'guest', 'created_at': None, 'likes': 18, 'comments': 0, 'heat': 34, 'status': 'approved'}, 'query_id': '1779788317.7410645'}
[2026-05-26 17:38:37] [Middleware] 接收到查询请求放入队列 - ID: 1779788317.7757967, 类型: get_comments
[2026-05-26 17:38:37] [Middleware] 分发查询请求 - 主题: query/request, 内容: {'query_id': '1779788317.7757967', 'query_type': 'get_comments', 'params': {'note_id': 'eca01e10-0c3d-4ca4-b3c2-a47b300bc9dd'}}
[2026-05-26 17:38:37] [Middleware] 分发消息 - 主题: query/response, 内容: {'status': 'success', 'data': {'id': 'eca01e10-0c3d-4ca4-b3c2-a47b300bc9dd', 'title': '123', 'content': '333', 'author': 'guest', 'created_at': None, 'likes': 18, 'comments': 0, 'heat': 34, 'status': 'approved'}, 'query_id': '1779788317.7410645'}
[2026-05-26 17:38:37] [Middleware] 接收到消息 - 主题: query/response, 内容: {'status': 'success', 'data': [], 'query_id': '1779788317.7757967'}
[2026-05-26 17:38:37] [Middleware] 接收到查询请求放入队列 - ID: 1779788317.8509145, 类型: get_comments
[2026-05-26 17:38:37] [Middleware] 分发消息 - 主题: query/response, 内容: {'status': 'success', 'data': [], 'query_id': '1779788317.7757967'}
[2026-05-26 17:38:37] [Middleware] 分发查询请求 - 主题: query/request, 内容: {'query_id': '1779788317.8509145', 'query_type': 'get_comments', 'params': {'note_id': 'eca01e10-0c3d-4ca4-b3c2-a47b300bc9dd'}}
[2026-05-26 17:38:37] [Middleware] 接收到消息 - 主题: query/response, 内容: {'status': 'success', 'data': [], 'query_id': '1779788317.8509145'}
[2026-05-26 17:38:37] [Middleware] 接收到查询请求放入队列 - ID: 1779788317.8948429, 类型: get_like_count
[2026-05-26 17:38:37] [Middleware] 分发消息 - 主题: query/response, 内容: {'status': 'success', 'data': [], 'query_id': '1779788317.8509145'}
[2026-05-26 17:38:37] [Middleware] 分发查询请求 - 主题: query/request, 内容: {'query_id': '1779788317.8948429', 'query_type': 'get_like_count', 'params': {'note_id': 'eca01e10-0c3d-4ca4-b3c2-a47b300bc9dd'}}
[2026-05-26 17:38:37] [Middleware] 接收到消息 - 主题: note/like, 内容: {'note_id': 'eca01e10-0c3d-4ca4-b3c2-a47b300bc9dd', 'user_id': 'guest'}
[2026-05-26 17:38:37] [Middleware] 接收到消息 - 主题: query/response, 内容: {'status': 'success', 'data': 18, 'query_id': '1779788317.8948429'}
[2026-05-26 17:38:37] [Middleware] 接收到查询请求放入队列 - ID: 1779788317.9364574, 类型: get_note
[2026-05-26 17:38:37] [Middleware] 接收到查询请求放入队列 - ID: 1779788317.957554, 类型: get_like_count
[2026-05-26 17:38:37] [Middleware] 分发消息 - 主题: note/like, 内容: {'note_id': 'eca01e10-0c3d-4ca4-b3c2-a47b300bc9dd', 'user_id': 'guest'}
[2026-05-26 17:38:37] [Middleware] 分发消息 - 主题: query/response, 内容: {'status': 'success', 'data': 18, 'query_id': '1779788317.8948429'}
[2026-05-26 17:38:37] [Middleware] 分发查询请求 - 主题: query/request, 内容: {'query_id': '1779788317.9364574', 'query_type': 'get_note', 'params': {'note_id': 'eca01e10-0c3d-4ca4-b3c2-a47b300bc9dd'}}
[2026-05-26 17:38:37] [Middleware] 分发查询请求 - 主题: query/request, 内容: {'query_id': '1779788317.957554', 'query_type': 'get_like_count', 'params': {'note_id': 'eca01e10-0c3d-4ca4-b3c2-a47b300bc9dd'}}
[2026-05-26 17:38:37] [Middleware] 接收到消息 - 主题: query/response, 内容: {'status': 'success', 'data': {'id': 'eca01e10-0c3d-4ca4-b3c2-a47b300bc9dd', 'title': '123', 'content': '333', 'author': 'guest', 'created_at': None, 'likes': 19, 'comments': 0, 'heat': 36, 'status': 'approved'}, 'query_id': '1779788317.9364574'}
[2026-05-26 17:38:38] [Middleware] 接收到消息 - 主题: query/response, 内容: {'status': 'success', 'data': 19, 'query_id': '1779788317.957554'}
[2026-05-26 17:38:38] [Middleware] 分发消息 - 主题: query/response, 内容: {'status': 'success', 'data': {'id': 'eca01e10-0c3d-4ca4-b3c2-a47b300bc9dd', 'title': '123', 'content': '333', 'author': 'guest', 'created_at': None, 'likes': 19, 'comments': 0, 'heat': 36, 'status': 'approved'}, 'query_id': '1779788317.9364574'}
[2026-05-26 17:38:38] [Middleware] 分发消息 - 主题: query/response, 内容: {'status': 'success', 'data': 19, 'query_id': '1779788317.957554'}
[2026-05-26 17:38:38] [Middleware] 接收到查询请求放入队列 - ID: 1779788318.0543513, 类型: get_comments
[2026-05-26 17:38:38] [Middleware] 接收到消息 - 主题: note/like, 内容: {'note_id': 'eca01e10-0c3d-4ca4-b3c2-a47b300bc9dd', 'user_id': 'guest'}
[2026-05-26 17:38:38] [Middleware] 分发查询请求 - 主题: query/request, 内容: {'query_id': '1779788318.0543513', 'query_type': 'get_comments', 'params': {'note_id': 'eca01e10-0c3d-4ca4-b3c2-a47b300bc9dd'}}
[2026-05-26 17:38:38] [Middleware] 接收到消息 - 主题: query/response, 内容: {'status': 'success', 'data': [], 'query_id': '1779788318.0543513'}
[2026-05-26 17:38:38] [Middleware] 接收到查询请求放入队列 - ID: 1779788318.109643, 类型: get_note
[2026-05-26 17:38:38] [Middleware] 分发消息 - 主题: note/like, 内容: {'note_id': 'eca01e10-0c3d-4ca4-b3c2-a47b300bc9dd', 'user_id': 'guest'}
[2026-05-26 17:38:38] [Middleware] 分发消息 - 主题: query/response, 内容: {'status': 'success', 'data': [], 'query_id': '1779788318.0543513'}
[2026-05-26 17:38:38] [Middleware] 分发查询请求 - 主题: query/request, 内容: {'query_id': '1779788318.109643', 'query_type': 'get_note', 'params': {'note_id': 'eca01e10-0c3d-4ca4-b3c2-a47b300bc9dd'}}
[2026-05-26 17:38:38] [Middleware] 接收到消息 - 主题: query/response, 内容: {'status': 'success', 'data': {'id': 'eca01e10-0c3d-4ca4-b3c2-a47b300bc9dd', 'title': '123', 'content': '333', 'author': 'guest', 'created_at': None, 'likes': 20, 'comments': 0, 'heat': 40, 'status': 'approved'}, 'query_id': '1779788318.109643'}
[2026-05-26 17:38:38] [Middleware] 接收到查询请求放入队列 - ID: 1779788318.1725833, 类型: get_like_count
[2026-05-26 17:38:38] [Middleware] 分发消息 - 主题: query/response, 内容: {'status': 'success', 'data': {'id': 'eca01e10-0c3d-4ca4-b3c2-a47b300bc9dd', 'title': '123', 'content': '333', 'author': 'guest', 'created_at': None, 'likes': 20, 'comments': 0, 'heat': 40, 'status': 'approved'}, 'query_id': '1779788318.109643'}
[2026-05-26 17:38:38] [Middleware] 分发查询请求 - 主题: query/request, 内容: {'query_id': '1779788318.1725833', 'query_type': 'get_like_count', 'params': {'note_id': 'eca01e10-0c3d-4ca4-b3c2-a47b300bc9dd'}}
[2026-05-26 17:38:38] [Middleware] 接收到消息 - 主题: query/response, 内容: {'status': 'success', 'data': 20, 'query_id': '1779788318.1725833'}
[2026-05-26 17:38:38] [Middleware] 接收到查询请求放入队列 - ID: 1779788318.230804, 类型: get_comments
[2026-05-26 17:38:38] [Middleware] 分发消息 - 主题: query/response, 内容: {'status': 'success', 'data': 20, 'query_id': '1779788318.1725833'}
[2026-05-26 17:38:38] [Middleware] 分发查询请求 - 主题: query/request, 内容: {'query_id': '1779788318.230804', 'query_type': 'get_comments', 'params': {'note_id': 'eca01e10-0c3d-4ca4-b3c2-a47b300bc9dd'}}
[2026-05-26 17:38:38] [Middleware] 接收到消息 - 主题: query/response, 内容: {'status': 'success', 'data': [], 'query_id': '1779788318.230804'}
[2026-05-26 17:38:38] [Middleware] 接收到消息 - 主题: note/like, 内容: {'note_id': 'eca01e10-0c3d-4ca4-b3c2-a47b300bc9dd', 'user_id': 'guest'}
[2026-05-26 17:38:38] [Middleware] 接收到查询请求放入队列 - ID: 1779788318.2987366, 类型: get_note
[2026-05-26 17:38:38] [Middleware] 分发消息 - 主题: query/response, 内容: {'status': 'success', 'data': [], 'query_id': '1779788318.230804'}
[2026-05-26 17:38:38] [Middleware] 分发消息 - 主题: note/like, 内容: {'note_id': 'eca01e10-0c3d-4ca4-b3c2-a47b300bc9dd', 'user_id': 'guest'}
[2026-05-26 17:38:38] [Middleware] 分发查询请求 - 主题: query/request, 内容: {'query_id': '1779788318.2987366', 'query_type': 'get_note', 'params': {'note_id': 'eca01e10-0c3d-4ca4-b3c2-a47b300bc9dd'}}
[2026-05-26 17:38:38] [Middleware] 接收到查询请求放入队列 - ID: 1779788318.3475747, 类型: get_like_count
[2026-05-26 17:38:38] [Middleware] 接收到消息 - 主题: query/response, 内容: {'status': 'success', 'data': {'id': 'eca01e10-0c3d-4ca4-b3c2-a47b300bc9dd', 'title': '123', 'content': '333', 'author': 'guest', 'created_at': None, 'likes': 21, 'comments': 0, 'heat': 40, 'status': 'approved'}, 'query_id': '1779788318.2987366'}
[2026-05-26 17:38:38] [Middleware] 分发消息 - 主题: query/response, 内容: {'status': 'success', 'data': {'id': 'eca01e10-0c3d-4ca4-b3c2-a47b300bc9dd', 'title': '123', 'content': '333', 'author': 'guest', 'created_at': None, 'likes': 21, 'comments': 0, 'heat': 40, 'status': 'approved'}, 'query_id': '1779788318.2987366'}
[2026-05-26 17:38:38] [Middleware] 分发查询请求 - 主题: query/request, 内容: {'query_id': '1779788318.3475747', 'query_type': 'get_like_count', 'params': {'note_id': 'eca01e10-0c3d-4ca4-b3c2-a47b300bc9dd'}}
[2026-05-26 17:38:38] [Middleware] 接收到消息 - 主题: query/response, 内容: {'status': 'success', 'data': 21, 'query_id': '1779788318.3475747'}
[2026-05-26 17:38:38] [Middleware] 接收到查询请求放入队列 - ID: 1779788318.417194, 类型: get_comments
[2026-05-26 17:38:38] [Middleware] 分发消息 - 主题: query/response, 内容: {'status': 'success', 'data': 21, 'query_id': '1779788318.3475747'}
[2026-05-26 17:38:38] [Middleware] 分发查询请求 - 主题: query/request, 内容: {'query_id': '1779788318.417194', 'query_type': 'get_comments', 'params': {'note_id': 'eca01e10-0c3d-4ca4-b3c2-a47b300bc9dd'}}
[2026-05-26 17:38:38] [Middleware] 接收到消息 - 主题: note/like, 内容: {'note_id': 'eca01e10-0c3d-4ca4-b3c2-a47b300bc9dd', 'user_id': 'guest'}
[2026-05-26 17:38:38] [Middleware] 接收到查询请求放入队列 - ID: 1779788318.4817264, 类型: get_note
[2026-05-26 17:38:38] [Middleware] 接收到消息 - 主题: query/response, 内容: {'status': 'success', 'data': [], 'query_id': '1779788318.417194'}
[2026-05-26 17:38:38] [Middleware] 分发消息 - 主题: note/like, 内容: {'note_id': 'eca01e10-0c3d-4ca4-b3c2-a47b300bc9dd', 'user_id': 'guest'}
[2026-05-26 17:38:38] [Middleware] 分发消息 - 主题: query/response, 内容: {'status': 'success', 'data': [], 'query_id': '1779788318.417194'}
[2026-05-26 17:38:38] [Middleware] 分发查询请求 - 主题: query/request, 内容: {'query_id': '1779788318.4817264', 'query_type': 'get_note', 'params': {'note_id': 'eca01e10-0c3d-4ca4-b3c2-a47b300bc9dd'}}
[2026-05-26 17:38:38] [Middleware] 接收到查询请求放入队列 - ID: 1779788318.5596378, 类型: get_like_count
[2026-05-26 17:38:38] [Middleware] 接收到消息 - 主题: query/response, 内容: {'status': 'success', 'data': {'id': 'eca01e10-0c3d-4ca4-b3c2-a47b300bc9dd', 'title': '123', 'content': '333', 'author': 'guest', 'created_at': None, 'likes': 22, 'comments': 0, 'heat': 42, 'status': 'approved'}, 'query_id': '1779788318.4817264'}
[2026-05-26 17:38:38] [Middleware] 分发消息 - 主题: query/response, 内容: {'status': 'success', 'data': {'id': 'eca01e10-0c3d-4ca4-b3c2-a47b300bc9dd', 'title': '123', 'content': '333', 'author': 'guest', 'created_at': None, 'likes': 22, 'comments': 0, 'heat': 42, 'status': 'approved'}, 'query_id': '1779788318.4817264'}
[2026-05-26 17:38:38] [Middleware] 分发查询请求 - 主题: query/request, 内容: {'query_id': '1779788318.5596378', 'query_type': 'get_like_count', 'params': {'note_id': 'eca01e10-0c3d-4ca4-b3c2-a47b300bc9dd'}}
[2026-05-26 17:38:38] [Middleware] 接收到消息 - 主题: query/response, 内容: {'status': 'success', 'data': 22, 'query_id': '1779788318.5596378'}
[2026-05-26 17:38:38] [Middleware] 分发消息 - 主题: query/response, 内容: {'status': 'success', 'data': 22, 'query_id': '1779788318.5596378'}
[2026-05-26 17:38:38] [Middleware] 接收到查询请求放入队列 - ID: 1779788318.7079277, 类型: get_comments
[2026-05-26 17:38:38] [Middleware] 分发查询请求 - 主题: query/request, 内容: {'query_id': '1779788318.7079277', 'query_type': 'get_comments', 'params': {'note_id': 'eca01e10-0c3d-4ca4-b3c2-a47b300bc9dd'}}
[2026-05-26 17:38:38] [Middleware] 接收到消息 - 主题: query/response, 内容: {'status': 'success', 'data': [], 'query_id': '1779788318.7079277'}
[2026-05-26 17:38:38] [Middleware] 分发消息 - 主题: query/response, 内容: {'status': 'success', 'data': [], 'query_id': '1779788318.7079277'}
[2026-05-26 17:38:38] [Middleware] 接收到查询请求放入队列 - ID: 1779788318.815975, 类型: get_like_count
[2026-05-26 17:38:38] [Middleware] 分发查询请求 - 主题: query/request, 内容: {'query_id': '1779788318.815975', 'query_type': 'get_like_count', 'params': {'note_id': 'eca01e10-0c3d-4ca4-b3c2-a47b300bc9dd'}}
[2026-05-26 17:38:38] [Middleware] 接收到消息 - 主题: query/response, 内容: {'status': 'success', 'data': 22, 'query_id': '1779788318.815975'}
[2026-05-26 17:38:38] [Middleware] 分发消息 - 主题: query/response, 内容: {'status': 'success', 'data': 22, 'query_id': '1779788318.815975'}
[2026-05-26 17:38:42] [Middleware] 接收到消息 - 主题: note/comment, 内容: {'note_id': 'eca01e10-0c3d-4ca4-b3c2-a47b300bc9dd', 'user_id': 'guest', 'comment_text': '阿三大苏打飒飒的'}
[2026-05-26 17:38:42] [Middleware] 分发消息 - 主题: note/comment, 内容: {'note_id': 'eca01e10-0c3d-4ca4-b3c2-a47b300bc9dd', 'user_id': 'guest', 'comment_text': '阿三大苏打飒飒的'}
[2026-05-26 17:38:42] [Middleware] 接收到查询请求放入队列 - ID: 1779788322.6210957, 类型: get_note
[2026-05-26 17:38:42] [Middleware] 分发查询请求 - 主题: query/request, 内容: {'query_id': '1779788322.6210957', 'query_type': 'get_note', 'params': {'note_id': 'eca01e10-0c3d-4ca4-b3c2-a47b300bc9dd'}}
[2026-05-26 17:38:42] [Middleware] 接收到消息 - 主题: query/response, 内容: {'status': 'success', 'data': {'id': 'eca01e10-0c3d-4ca4-b3c2-a47b300bc9dd', 'title': '123', 'content': '333', 'author': 'guest', 'created_at': None, 'likes': 22, 'comments': 1, 'heat': 47, 'status': 'approved'}, 'query_id': '1779788322.6210957'}
[2026-05-26 17:38:42] [Middleware] 分发消息 - 主题: query/response, 内容: {'status': 'success', 'data': {'id': 'eca01e10-0c3d-4ca4-b3c2-a47b300bc9dd', 'title': '123', 'content': '333', 'author': 'guest', 'created_at': None, 'likes': 22, 'comments': 1, 'heat': 47, 'status': 'approved'}, 'query_id': '1779788322.6210957'}
[2026-05-26 17:38:42] [Middleware] 接收到查询请求放入队列 - ID: 1779788322.8476388, 类型: get_comments
[2026-05-26 17:38:42] [Middleware] 分发查询请求 - 主题: query/request, 内容: {'query_id': '1779788322.8476388', 'query_type': 'get_comments', 'params': {'note_id': 'eca01e10-0c3d-4ca4-b3c2-a47b300bc9dd'}}
[2026-05-26 17:38:42] [Middleware] 接收到消息 - 主题: query/response, 内容: {'status': 'success', 'data': [{'id': 'aa3a5108-d7ff-4981-8081-bb25575d897f', 'note_id': 'eca01e10-0c3d-4ca4-b3c2-a47b300bc9dd', 'user_id': 'guest', 'content': '阿三大苏打飒飒的', 'created_at': '2026-05-26T17:38:42.624566'}], 'query_id': '1779788322.8476388'}
[2026-05-26 17:38:42] [Middleware] 分发消息 - 主题: query/response, 内容: {'status': 'success', 'data': [{'id': 'aa3a5108-d7ff-4981-8081-bb25575d897f', 'note_id': 'eca01e10-0c3d-4ca4-b3c2-a47b300bc9dd', 'user_id': 'guest', 'content': '阿三大苏打飒飒的', 'created_at': '2026-05-26T17:38:42.624566'}], 'query_id': '1779788322.8476388'}
[2026-05-26 17:38:43] [Middleware] 接收到查询请求放入队列 - ID: 1779788323.0554562, 类型: get_like_count
[2026-05-26 17:38:43] [Middleware] 分发查询请求 - 主题: query/request, 内容: {'query_id': '1779788323.0554562', 'query_type': 'get_like_count', 'params': {'note_id': 'eca01e10-0c3d-4ca4-b3c2-a47b300bc9dd'}}
[2026-05-26 17:38:43] [Middleware] 接收到消息 - 主题: query/response, 内容: {'status': 'success', 'data': 22, 'query_id': '1779788323.0554562'}
[2026-05-26 17:38:43] [Middleware] 分发消息 - 主题: query/response, 内容: {'status': 'success', 'data': 22, 'query_id': '1779788323.0554562'}
[2026-05-26 17:38:44] [Middleware] 接收到查询请求放入队列 - ID: 1779788324.2133276, 类型: get_notes
[2026-05-26 17:38:44] [Middleware] 分发查询请求 - 主题: query/request, 内容: {'query_id': '1779788324.2133276', 'query_type': 'get_notes', 'params': {}}
[2026-05-26 17:38:44] [Middleware] 接收到消息 - 主题: query/response, 内容: {'status': 'success', 'data': [{'id': '4cbd6681-8b0d-4de1-ada9-9bf2900a8573', 'title': '111', 'content': '1111', 'author': 'guest', 'created_at': None, 'likes': 0, 'comments': 0, 'heat': 0, 'status': 'approved'}, {'id': 'eca01e10-0c3d-4ca4-b3c2-a47b300bc9dd', 'title': '123', 'content': '333', 'author': 'guest', 'created_at': None, 'likes': 22, 'comments': 1, 'heat': 47, 'status': 'approved'}, {'id': '2f396c90-3efe-4a5c-8fb1-816d4b4b60ab', 'title': '324234342', 'content': '23434234232432432432432', 'author': 'guest', 'created_at': None, 'likes': 23, 'comments': 0, 'heat': 46, 'status': 'approved'}, {'id': 'c2552d28-3c44-4aa1-bf1a-b4cbf1c2bd55', 'title': '22222', 'content': '新建笔记\r\n', 'author': 'guest', 'created_at': None, 'likes': 0, 'comments': 0, 'heat': 0, 'status': 'approved'}], 'query_id': '1779788324.2133276'}
[2026-05-26 17:38:44] [Middleware] 分发消息 - 主题: query/response, 内容: {'status': 'success', 'data': [{'id': '4cbd6681-8b0d-4de1-ada9-9bf2900a8573', 'title': '111', 'content': '1111', 'author': 'guest', 'created_at': None, 'likes': 0, 'comments': 0, 'heat': 0, 'status': 'approved'}, {'id': 'eca01e10-0c3d-4ca4-b3c2-a47b300bc9dd', 'title': '123', 'content': '333', 'author': 'guest', 'created_at': None, 'likes': 22, 'comments': 1, 'heat': 47, 'status': 'approved'}, {'id': '2f396c90-3efe-4a5c-8fb1-816d4b4b60ab', 'title': '324234342', 'content': '23434234232432432432432', 'author': 'guest', 'created_at': None, 'likes': 23, 'comments': 0, 'heat': 46, 'status': 'approved'}, {'id': 'c2552d28-3c44-4aa1-bf1a-b4cbf1c2bd55', 'title': '22222', 'content': '新建笔记\r\n', 'author': 'guest', 'created_at': None, 'likes': 0, 'comments': 0, 'heat': 0, 'status': 'approved'}], 'query_id': '1779788324.2133276'}
[2026-05-26 17:38:45] [Middleware] 接收到查询请求放入队列 - ID: 1779788325.3361619, 类型: get_note
[2026-05-26 17:38:45] [Middleware] 分发查询请求 - 主题: query/request, 内容: {'query_id': '1779788325.3361619', 'query_type': 'get_note', 'params': {'note_id': '2f396c90-3efe-4a5c-8fb1-816d4b4b60ab'}}
[2026-05-26 17:38:45] [Middleware] 接收到消息 - 主题: query/response, 内容: {'status': 'success', 'data': {'id': '2f396c90-3efe-4a5c-8fb1-816d4b4b60ab', 'title': '324234342', 'content': '23434234232432432432432', 'author': 'guest', 'created_at': None, 'likes': 23, 'comments': 0, 'heat': 46, 'status': 'approved'}, 'query_id': '1779788325.3361619'}
[2026-05-26 17:38:45] [Middleware] 分发消息 - 主题: query/response, 内容: {'status': 'success', 'data': {'id': '2f396c90-3efe-4a5c-8fb1-816d4b4b60ab', 'title': '324234342', 'content': '23434234232432432432432', 'author': 'guest', 'created_at': None, 'likes': 23, 'comments': 0, 'heat': 46, 'status': 'approved'}, 'query_id': '1779788325.3361619'}
[2026-05-26 17:38:45] [Middleware] 接收到查询请求放入队列 - ID: 1779788325.4461777, 类型: get_comments
[2026-05-26 17:38:45] [Middleware] 分发查询请求 - 主题: query/request, 内容: {'query_id': '1779788325.4461777', 'query_type': 'get_comments', 'params': {'note_id': '2f396c90-3efe-4a5c-8fb1-816d4b4b60ab'}}
[2026-05-26 17:38:45] [Middleware] 接收到消息 - 主题: query/response, 内容: {'status': 'success', 'data': [], 'query_id': '1779788325.4461777'}
[2026-05-26 17:38:45] [Middleware] 分发消息 - 主题: query/response, 内容: {'status': 'success', 'data': [], 'query_id': '1779788325.4461777'}
[2026-05-26 17:38:45] [Middleware] 接收到查询请求放入队列 - ID: 1779788325.5554585, 类型: get_like_count
[2026-05-26 17:38:45] [Middleware] 分发查询请求 - 主题: query/request, 内容: {'query_id': '1779788325.5554585', 'query_type': 'get_like_count', 'params': {'note_id': '2f396c90-3efe-4a5c-8fb1-816d4b4b60ab'}}
[2026-05-26 17:38:45] [Middleware] 接收到消息 - 主题: query/response, 内容: {'status': 'success', 'data': 23, 'query_id': '1779788325.5554585'}
[2026-05-26 17:38:45] [Middleware] 分发消息 - 主题: query/response, 内容: {'status': 'success', 'data': 23, 'query_id': '1779788325.5554585'}
[2026-05-26 17:38:47] [Middleware] 接收到消息 - 主题: note/like, 内容: {'note_id': '2f396c90-3efe-4a5c-8fb1-816d4b4b60ab', 'user_id': 'guest'}
[2026-05-26 17:38:47] [Middleware] 接收到查询请求放入队列 - ID: 1779788327.7616596, 类型: get_note
[2026-05-26 17:38:47] [Middleware] 分发消息 - 主题: note/like, 内容: {'note_id': '2f396c90-3efe-4a5c-8fb1-816d4b4b60ab', 'user_id': 'guest'}
[2026-05-26 17:38:47] [Middleware] 分发查询请求 - 主题: query/request, 内容: {'query_id': '1779788327.7616596', 'query_type': 'get_note', 'params': {'note_id': '2f396c90-3efe-4a5c-8fb1-816d4b4b60ab'}}
[2026-05-26 17:38:47] [Middleware] 接收到消息 - 主题: query/response, 内容: {'status': 'success', 'data': {'id': '2f396c90-3efe-4a5c-8fb1-816d4b4b60ab', 'title': '324234342', 'content': '23434234232432432432432', 'author': 'guest', 'created_at': None, 'likes': 23, 'comments': 0, 'heat': 46, 'status': 'approved'}, 'query_id': '1779788327.7616596'}
[2026-05-26 17:38:47] [Middleware] 分发消息 - 主题: query/response, 内容: {'status': 'success', 'data': {'id': '2f396c90-3efe-4a5c-8fb1-816d4b4b60ab', 'title': '324234342', 'content': '23434234232432432432432', 'author': 'guest', 'created_at': None, 'likes': 23, 'comments': 0, 'heat': 46, 'status': 'approved'}, 'query_id': '1779788327.7616596'}
[2026-05-26 17:38:47] [Middleware] 接收到查询请求放入队列 - ID: 1779788327.8738198, 类型: get_comments
[2026-05-26 17:38:47] [Middleware] 分发查询请求 - 主题: query/request, 内容: {'query_id': '1779788327.8738198', 'query_type': 'get_comments', 'params': {'note_id': '2f396c90-3efe-4a5c-8fb1-816d4b4b60ab'}}
[2026-05-26 17:38:47] [Middleware] 接收到消息 - 主题: query/response, 内容: {'status': 'success', 'data': [], 'query_id': '1779788327.8738198'}
[2026-05-26 17:38:47] [Middleware] 分发消息 - 主题: query/response, 内容: {'status': 'success', 'data': [], 'query_id': '1779788327.8738198'}
[2026-05-26 17:38:47] [Middleware] 接收到消息 - 主题: note/like, 内容: {'note_id': '2f396c90-3efe-4a5c-8fb1-816d4b4b60ab', 'user_id': 'guest'}
[2026-05-26 17:38:47] [Middleware] 接收到查询请求放入队列 - ID: 1779788327.9753578, 类型: get_note
[2026-05-26 17:38:47] [Middleware] 分发消息 - 主题: note/like, 内容: {'note_id': '2f396c90-3efe-4a5c-8fb1-816d4b4b60ab', 'user_id': 'guest'}
[2026-05-26 17:38:47] [Middleware] 接收到查询请求放入队列 - ID: 1779788327.9827466, 类型: get_like_count
[2026-05-26 17:38:48] [Middleware] 分发查询请求 - 主题: query/request, 内容: {'query_id': '1779788327.9753578', 'query_type': 'get_note', 'params': {'note_id': '2f396c90-3efe-4a5c-8fb1-816d4b4b60ab'}}
[2026-05-26 17:38:48] [Middleware] 分发查询请求 - 主题: query/request, 内容: {'query_id': '1779788327.9827466', 'query_type': 'get_like_count', 'params': {'note_id': '2f396c90-3efe-4a5c-8fb1-816d4b4b60ab'}}
[2026-05-26 17:38:48] [Middleware] 接收到消息 - 主题: query/response, 内容: {'status': 'success', 'data': {'id': '2f396c90-3efe-4a5c-8fb1-816d4b4b60ab', 'title': '324234342', 'content': '23434234232432432432432', 'author': 'guest', 'created_at': None, 'likes': 25, 'comments': 0, 'heat': 50, 'status': 'approved'}, 'query_id': '1779788327.9753578'}
[2026-05-26 17:38:48] [Middleware] 接收到消息 - 主题: query/response, 内容: {'status': 'success', 'data': 25, 'query_id': '1779788327.9827466'}
[2026-05-26 17:38:48] [Middleware] 分发消息 - 主题: query/response, 内容: {'status': 'success', 'data': {'id': '2f396c90-3efe-4a5c-8fb1-816d4b4b60ab', 'title': '324234342', 'content': '23434234232432432432432', 'author': 'guest', 'created_at': None, 'likes': 25, 'comments': 0, 'heat': 50, 'status': 'approved'}, 'query_id': '1779788327.9753578'}
[2026-05-26 17:38:48] [Middleware] 分发消息 - 主题: query/response, 内容: {'status': 'success', 'data': 25, 'query_id': '1779788327.9827466'}
[2026-05-26 17:38:48] [Middleware] 接收到消息 - 主题: note/like, 内容: {'note_id': '2f396c90-3efe-4a5c-8fb1-816d4b4b60ab', 'user_id': 'guest'}
[2026-05-26 17:38:48] [Middleware] 接收到查询请求放入队列 - ID: 1779788328.1139176, 类型: get_note
[2026-05-26 17:38:48] [Middleware] 分发消息 - 主题: note/like, 内容: {'note_id': '2f396c90-3efe-4a5c-8fb1-816d4b4b60ab', 'user_id': 'guest'}
[2026-05-26 17:38:48] [Middleware] 分发查询请求 - 主题: query/request, 内容: {'query_id': '1779788328.1139176', 'query_type': 'get_note', 'params': {'note_id': '2f396c90-3efe-4a5c-8fb1-816d4b4b60ab'}}
[2026-05-26 17:38:48] [Middleware] 接收到消息 - 主题: query/response, 内容: {'status': 'success', 'data': {'id': '2f396c90-3efe-4a5c-8fb1-816d4b4b60ab', 'title': '324234342', 'content': '23434234232432432432432', 'author': 'guest', 'created_at': None, 'likes': 25, 'comments': 0, 'heat': 50, 'status': 'approved'}, 'query_id': '1779788328.1139176'}
[2026-05-26 17:38:48] [Middleware] 接收到查询请求放入队列 - ID: 1779788328.1989002, 类型: get_comments
[2026-05-26 17:38:48] [Middleware] 分发查询请求 - 主题: query/request, 内容: {'query_id': '1779788328.1989002', 'query_type': 'get_comments', 'params': {'note_id': '2f396c90-3efe-4a5c-8fb1-816d4b4b60ab'}}
[2026-05-26 17:38:48] [Middleware] 分发消息 - 主题: query/response, 内容: {'status': 'success', 'data': {'id': '2f396c90-3efe-4a5c-8fb1-816d4b4b60ab', 'title': '324234342', 'content': '23434234232432432432432', 'author': 'guest', 'created_at': None, 'likes': 25, 'comments': 0, 'heat': 50, 'status': 'approved'}, 'query_id': '1779788328.1139176'}
[2026-05-26 17:38:48] [Middleware] 接收到消息 - 主题: query/response, 内容: {'status': 'success', 'data': [], 'query_id': '1779788328.1989002'}
[2026-05-26 17:38:48] [Middleware] 接收到查询请求放入队列 - ID: 1779788328.229822, 类型: get_comments
[2026-05-26 17:38:48] [Middleware] 分发查询请求 - 主题: query/request, 内容: {'query_id': '1779788328.229822', 'query_type': 'get_comments', 'params': {'note_id': '2f396c90-3efe-4a5c-8fb1-816d4b4b60ab'}}
[2026-05-26 17:38:48] [Middleware] 分发消息 - 主题: query/response, 内容: {'status': 'success', 'data': [], 'query_id': '1779788328.1989002'}
[2026-05-26 17:38:48] [Middleware] 接收到消息 - 主题: query/response, 内容: {'status': 'success', 'data': [], 'query_id': '1779788328.229822'}
[2026-05-26 17:38:48] [Middleware] 接收到消息 - 主题: note/like, 内容: {'note_id': '2f396c90-3efe-4a5c-8fb1-816d4b4b60ab', 'user_id': 'guest'}
[2026-05-26 17:38:48] [Middleware] 接收到查询请求放入队列 - ID: 1779788328.3062496, 类型: get_note
[2026-05-26 17:38:48] [Middleware] 接收到查询请求放入队列 - ID: 1779788328.3207133, 类型: get_like_count
[2026-05-26 17:38:48] [Middleware] 分发查询请求 - 主题: query/request, 内容: {'query_id': '1779788328.3062496', 'query_type': 'get_note', 'params': {'note_id': '2f396c90-3efe-4a5c-8fb1-816d4b4b60ab'}}
[2026-05-26 17:38:48] [Middleware] 分发消息 - 主题: query/response, 内容: {'status': 'success', 'data': [], 'query_id': '1779788328.229822'}
[2026-05-26 17:38:48] [Middleware] 分发查询请求 - 主题: query/request, 内容: {'query_id': '1779788328.3207133', 'query_type': 'get_like_count', 'params': {'note_id': '2f396c90-3efe-4a5c-8fb1-816d4b4b60ab'}}
[2026-05-26 17:38:48] [Middleware] 分发消息 - 主题: note/like, 内容: {'note_id': '2f396c90-3efe-4a5c-8fb1-816d4b4b60ab', 'user_id': 'guest'}
[2026-05-26 17:38:48] [Middleware] 接收到查询请求放入队列 - ID: 1779788328.3399248, 类型: get_like_count
[2026-05-26 17:38:48] [Middleware] 接收到消息 - 主题: query/response, 内容: {'status': 'success', 'data': {'id': '2f396c90-3efe-4a5c-8fb1-816d4b4b60ab', 'title': '324234342', 'content': '23434234232432432432432', 'author': 'guest', 'created_at': None, 'likes': 26, 'comments': 0, 'heat': 52, 'status': 'approved'}, 'query_id': '1779788328.3062496'}
[2026-05-26 17:38:48] [Middleware] 接收到消息 - 主题: query/response, 内容: {'status': 'success', 'data': 27, 'query_id': '1779788328.3207133'}
[2026-05-26 17:38:48] [Middleware] 分发消息 - 主题: query/response, 内容: {'status': 'success', 'data': {'id': '2f396c90-3efe-4a5c-8fb1-816d4b4b60ab', 'title': '324234342', 'content': '23434234232432432432432', 'author': 'guest', 'created_at': None, 'likes': 26, 'comments': 0, 'heat': 52, 'status': 'approved'}, 'query_id': '1779788328.3062496'}
[2026-05-26 17:38:48] [Middleware] 分发查询请求 - 主题: query/request, 内容: {'query_id': '1779788328.3399248', 'query_type': 'get_like_count', 'params': {'note_id': '2f396c90-3efe-4a5c-8fb1-816d4b4b60ab'}}
[2026-05-26 17:38:48] [Middleware] 分发消息 - 主题: query/response, 内容: {'status': 'success', 'data': 27, 'query_id': '1779788328.3207133'}
[2026-05-26 17:38:48] [Middleware] 接收到消息 - 主题: query/response, 内容: {'status': 'success', 'data': 27, 'query_id': '1779788328.3399248'}
[2026-05-26 17:38:48] [Middleware] 接收到查询请求放入队列 - ID: 1779788328.4254708, 类型: get_comments
[2026-05-26 17:38:48] [Middleware] 分发查询请求 - 主题: query/request, 内容: {'query_id': '1779788328.4254708', 'query_type': 'get_comments', 'params': {'note_id': '2f396c90-3efe-4a5c-8fb1-816d4b4b60ab'}}
[2026-05-26 17:38:48] [Middleware] 分发消息 - 主题: query/response, 内容: {'status': 'success', 'data': 27, 'query_id': '1779788328.3399248'}
[2026-05-26 17:38:48] [Middleware] 接收到消息 - 主题: note/like, 内容: {'note_id': '2f396c90-3efe-4a5c-8fb1-816d4b4b60ab', 'user_id': 'guest'}
[2026-05-26 17:38:48] [Middleware] 接收到消息 - 主题: query/response, 内容: {'status': 'success', 'data': [], 'query_id': '1779788328.4254708'}
[2026-05-26 17:38:48] [Middleware] 接收到查询请求放入队列 - ID: 1779788328.4708114, 类型: get_note
[2026-05-26 17:38:48] [Middleware] 分发查询请求 - 主题: query/request, 内容: {'query_id': '1779788328.4708114', 'query_type': 'get_note', 'params': {'note_id': '2f396c90-3efe-4a5c-8fb1-816d4b4b60ab'}}
[2026-05-26 17:38:48] [Middleware] 分发消息 - 主题: note/like, 内容: {'note_id': '2f396c90-3efe-4a5c-8fb1-816d4b4b60ab', 'user_id': 'guest'}
[2026-05-26 17:38:48] [Middleware] 分发消息 - 主题: query/response, 内容: {'status': 'success', 'data': [], 'query_id': '1779788328.4254708'}
[2026-05-26 17:38:48] [Middleware] 接收到消息 - 主题: query/response, 内容: {'status': 'success', 'data': {'id': '2f396c90-3efe-4a5c-8fb1-816d4b4b60ab', 'title': '324234342', 'content': '23434234232432432432432', 'author': 'guest', 'created_at': None, 'likes': 27, 'comments': 0, 'heat': 54, 'status': 'approved'}, 'query_id': '1779788328.4708114'}
[2026-05-26 17:38:48] [Middleware] 接收到查询请求放入队列 - ID: 1779788328.5371127, 类型: get_like_count
[2026-05-26 17:38:48] [Middleware] 分发消息 - 主题: query/response, 内容: {'status': 'success', 'data': {'id': '2f396c90-3efe-4a5c-8fb1-816d4b4b60ab', 'title': '324234342', 'content': '23434234232432432432432', 'author': 'guest', 'created_at': None, 'likes': 27, 'comments': 0, 'heat': 54, 'status': 'approved'}, 'query_id': '1779788328.4708114'}
[2026-05-26 17:38:48] [Middleware] 分发查询请求 - 主题: query/request, 内容: {'query_id': '1779788328.5371127', 'query_type': 'get_like_count', 'params': {'note_id': '2f396c90-3efe-4a5c-8fb1-816d4b4b60ab'}}
[2026-05-26 17:38:48] [Middleware] 接收到消息 - 主题: query/response, 内容: {'status': 'success', 'data': 28, 'query_id': '1779788328.5371127'}
[2026-05-26 17:38:48] [Middleware] 接收到消息 - 主题: note/like, 内容: {'note_id': '2f396c90-3efe-4a5c-8fb1-816d4b4b60ab', 'user_id': 'guest'}
[2026-05-26 17:38:48] [Middleware] 分发消息 - 主题: query/response, 内容: {'status': 'success', 'data': 28, 'query_id': '1779788328.5371127'}
[2026-05-26 17:38:48] [Middleware] 接收到查询请求放入队列 - ID: 1779788328.6391158, 类型: get_note
[2026-05-26 17:38:48] [Middleware] 分发消息 - 主题: note/like, 内容: {'note_id': '2f396c90-3efe-4a5c-8fb1-816d4b4b60ab', 'user_id': 'guest'}
[2026-05-26 17:38:48] [Middleware] 接收到查询请求放入队列 - ID: 1779788328.688696, 类型: get_comments
[2026-05-26 17:38:48] [Middleware] 分发查询请求 - 主题: query/request, 内容: {'query_id': '1779788328.6391158', 'query_type': 'get_note', 'params': {'note_id': '2f396c90-3efe-4a5c-8fb1-816d4b4b60ab'}}
[2026-05-26 17:38:48] [Middleware] 分发查询请求 - 主题: query/request, 内容: {'query_id': '1779788328.688696', 'query_type': 'get_comments', 'params': {'note_id': '2f396c90-3efe-4a5c-8fb1-816d4b4b60ab'}}
[2026-05-26 17:38:48] [Middleware] 接收到消息 - 主题: query/response, 内容: {'status': 'success', 'data': {'id': '2f396c90-3efe-4a5c-8fb1-816d4b4b60ab', 'title': '324234342', 'content': '23434234232432432432432', 'author': 'guest', 'created_at': None, 'likes': 29, 'comments': 0, 'heat': 58, 'status': 'approved'}, 'query_id': '1779788328.6391158'}
[2026-05-26 17:38:48] [Middleware] 接收到消息 - 主题: query/response, 内容: {'status': 'success', 'data': [], 'query_id': '1779788328.688696'}
[2026-05-26 17:38:48] [Middleware] 分发消息 - 主题: query/response, 内容: {'status': 'success', 'data': {'id': '2f396c90-3efe-4a5c-8fb1-816d4b4b60ab', 'title': '324234342', 'content': '23434234232432432432432', 'author': 'guest', 'created_at': None, 'likes': 29, 'comments': 0, 'heat': 58, 'status': 'approved'}, 'query_id': '1779788328.6391158'}
[2026-05-26 17:38:48] [Middleware] 分发消息 - 主题: query/response, 内容: {'status': 'success', 'data': [], 'query_id': '1779788328.688696'}
[2026-05-26 17:38:48] [Middleware] 接收到消息 - 主题: note/like, 内容: {'note_id': '2f396c90-3efe-4a5c-8fb1-816d4b4b60ab', 'user_id': 'guest'}
[2026-05-26 17:38:48] [Middleware] 接收到查询请求放入队列 - ID: 1779788328.7975407, 类型: get_note
[2026-05-26 17:38:48] [Middleware] 接收到查询请求放入队列 - ID: 1779788328.80049, 类型: get_like_count
[2026-05-26 17:38:48] [Middleware] 分发查询请求 - 主题: query/request, 内容: {'query_id': '1779788328.7975407', 'query_type': 'get_note', 'params': {'note_id': '2f396c90-3efe-4a5c-8fb1-816d4b4b60ab'}}
[2026-05-26 17:38:48] [Middleware] 分发查询请求 - 主题: query/request, 内容: {'query_id': '1779788328.80049', 'query_type': 'get_like_count', 'params': {'note_id': '2f396c90-3efe-4a5c-8fb1-816d4b4b60ab'}}
[2026-05-26 17:38:48] [Middleware] 接收到消息 - 主题: query/response, 内容: {'status': 'success', 'data': {'id': '2f396c90-3efe-4a5c-8fb1-816d4b4b60ab', 'title': '324234342', 'content': '23434234232432432432432', 'author': 'guest', 'created_at': None, 'likes': 29, 'comments': 0, 'heat': 58, 'status': 'approved'}, 'query_id': '1779788328.7975407'}
[2026-05-26 17:38:48] [Middleware] 分发消息 - 主题: note/like, 内容: {'note_id': '2f396c90-3efe-4a5c-8fb1-816d4b4b60ab', 'user_id': 'guest'}
[2026-05-26 17:38:48] [Middleware] 分发消息 - 主题: query/response, 内容: {'status': 'success', 'data': {'id': '2f396c90-3efe-4a5c-8fb1-816d4b4b60ab', 'title': '324234342', 'content': '23434234232432432432432', 'author': 'guest', 'created_at': None, 'likes': 29, 'comments': 0, 'heat': 58, 'status': 'approved'}, 'query_id': '1779788328.7975407'}
[2026-05-26 17:38:48] [Middleware] 接收到消息 - 主题: query/response, 内容: {'status': 'success', 'data': 29, 'query_id': '1779788328.80049'}
[2026-05-26 17:38:48] [Middleware] 接收到查询请求放入队列 - ID: 1779788328.8506925, 类型: get_comments
[2026-05-26 17:38:48] [Middleware] 分发查询请求 - 主题: query/request, 内容: {'query_id': '1779788328.8506925', 'query_type': 'get_comments', 'params': {'note_id': '2f396c90-3efe-4a5c-8fb1-816d4b4b60ab'}}
[2026-05-26 17:38:48] [Middleware] 分发消息 - 主题: query/response, 内容: {'status': 'success', 'data': 29, 'query_id': '1779788328.80049'}
[2026-05-26 17:38:48] [Middleware] 接收到消息 - 主题: query/response, 内容: {'status': 'success', 'data': [], 'query_id': '1779788328.8506925'}
[2026-05-26 17:38:48] [Middleware] 接收到查询请求放入队列 - ID: 1779788328.9129598, 类型: get_comments
[2026-05-26 17:38:48] [Middleware] 分发查询请求 - 主题: query/request, 内容: {'query_id': '1779788328.9129598', 'query_type': 'get_comments', 'params': {'note_id': '2f396c90-3efe-4a5c-8fb1-816d4b4b60ab'}}
[2026-05-26 17:38:48] [Middleware] 接收到消息 - 主题: query/response, 内容: {'status': 'success', 'data': [], 'query_id': '1779788328.9129598'}
[2026-05-26 17:38:48] [Middleware] 分发消息 - 主题: query/response, 内容: {'status': 'success', 'data': [], 'query_id': '1779788328.8506925'}
[2026-05-26 17:38:48] [Middleware] 分发消息 - 主题: query/response, 内容: {'status': 'success', 'data': [], 'query_id': '1779788328.9129598'}
[2026-05-26 17:38:48] [Middleware] 接收到消息 - 主题: note/like, 内容: {'note_id': '2f396c90-3efe-4a5c-8fb1-816d4b4b60ab', 'user_id': 'guest'}
[2026-05-26 17:38:48] [Middleware] 接收到查询请求放入队列 - ID: 1779788328.977386, 类型: get_note
[2026-05-26 17:38:49] [Middleware] 分发查询请求 - 主题: query/request, 内容: {'query_id': '1779788328.977386', 'query_type': 'get_note', 'params': {'note_id': '2f396c90-3efe-4a5c-8fb1-816d4b4b60ab'}}
[2026-05-26 17:38:49] [Middleware] 接收到消息 - 主题: query/response, 内容: {'status': 'success', 'data': {'id': '2f396c90-3efe-4a5c-8fb1-816d4b4b60ab', 'title': '324234342', 'content': '23434234232432432432432', 'author': 'guest', 'created_at': None, 'likes': 30, 'comments': 0, 'heat': 60, 'status': 'approved'}, 'query_id': '1779788328.977386'}
[2026-05-26 17:38:49] [Middleware] 分发消息 - 主题: note/like, 内容: {'note_id': '2f396c90-3efe-4a5c-8fb1-816d4b4b60ab', 'user_id': 'guest'}
[2026-05-26 17:38:49] [Middleware] 分发消息 - 主题: query/response, 内容: {'status': 'success', 'data': {'id': '2f396c90-3efe-4a5c-8fb1-816d4b4b60ab', 'title': '324234342', 'content': '23434234232432432432432', 'author': 'guest', 'created_at': None, 'likes': 30, 'comments': 0, 'heat': 60, 'status': 'approved'}, 'query_id': '1779788328.977386'}
[2026-05-26 17:38:49] [Middleware] 接收到查询请求放入队列 - ID: 1779788329.0285072, 类型: get_like_count
[2026-05-26 17:38:49] [Middleware] 分发查询请求 - 主题: query/request, 内容: {'query_id': '1779788329.0285072', 'query_type': 'get_like_count', 'params': {'note_id': '2f396c90-3efe-4a5c-8fb1-816d4b4b60ab'}}
[2026-05-26 17:38:49] [Middleware] 接收到查询请求放入队列 - ID: 1779788329.066389, 类型: get_like_count
[2026-05-26 17:38:49] [Middleware] 接收到消息 - 主题: query/response, 内容: {'status': 'success', 'data': 31, 'query_id': '1779788329.0285072'}
[2026-05-26 17:38:49] [Middleware] 分发消息 - 主题: query/response, 内容: {'status': 'success', 'data': 31, 'query_id': '1779788329.0285072'}
[2026-05-26 17:38:49] [Middleware] 接收到查询请求放入队列 - ID: 1779788329.0967214, 类型: get_comments
[2026-05-26 17:38:49] [Middleware] 分发查询请求 - 主题: query/request, 内容: {'query_id': '1779788329.066389', 'query_type': 'get_like_count', 'params': {'note_id': '2f396c90-3efe-4a5c-8fb1-816d4b4b60ab'}}
[2026-05-26 17:38:49] [Middleware] 分发查询请求 - 主题: query/request, 内容: {'query_id': '1779788329.0967214', 'query_type': 'get_comments', 'params': {'note_id': '2f396c90-3efe-4a5c-8fb1-816d4b4b60ab'}}
[2026-05-26 17:38:49] [Middleware] 接收到消息 - 主题: query/response, 内容: {'status': 'success', 'data': 31, 'query_id': '1779788329.066389'}
[2026-05-26 17:38:49] [Middleware] 接收到消息 - 主题: query/response, 内容: {'status': 'success', 'data': [], 'query_id': '1779788329.0967214'}
[2026-05-26 17:38:49] [Middleware] 分发消息 - 主题: query/response, 内容: {'status': 'success', 'data': 31, 'query_id': '1779788329.066389'}
[2026-05-26 17:38:49] [Middleware] 分发消息 - 主题: query/response, 内容: {'status': 'success', 'data': [], 'query_id': '1779788329.0967214'}
[2026-05-26 17:38:49] [Middleware] 接收到查询请求放入队列 - ID: 1779788329.2058232, 类型: get_like_count
[2026-05-26 17:38:49] [Middleware] 分发查询请求 - 主题: query/request, 内容: {'query_id': '1779788329.2058232', 'query_type': 'get_like_count', 'params': {'note_id': '2f396c90-3efe-4a5c-8fb1-816d4b4b60ab'}}
[2026-05-26 17:38:49] [Middleware] 接收到消息 - 主题: query/response, 内容: {'status': 'success', 'data': 31, 'query_id': '1779788329.2058232'}
[2026-05-26 17:38:49] [Middleware] 分发消息 - 主题: query/response, 内容: {'status': 'success', 'data': 31, 'query_id': '1779788329.2058232'}
