[2026-05-26 17:28:39] [Middleware] 服务已启动 127.0.0.1:5001
[2026-05-26 17:28:39] [Middleware] 新节点加入: ('127.0.0.1', 54618)
[2026-05-26 17:28:39] [Middleware] 新节点加入: ('127.0.0.1', 54619)
[2026-05-26 17:28:39] [Middleware] 节点 ('127.0.0.1', 54618) 订阅主题: note/publish
[2026-05-26 17:28:39] [Middleware] 节点 ('127.0.0.1', 54619) 订阅主题: note/like
[2026-05-26 17:28:39] [Middleware] 新节点加入: ('127.0.0.1', 54620)
[2026-05-26 17:28:39] [Middleware] 节点 ('127.0.0.1', 54619) 订阅主题: note/comment
[2026-05-26 17:28:39] [Middleware] 节点 ('127.0.0.1', 54619) 订阅主题: note/delete
[2026-05-26 17:28:39] [Middleware] 节点 ('127.0.0.1', 54620) 订阅主题: note/like
[2026-05-26 17:28:39] [Middleware] 新节点加入: ('127.0.0.1', 54622)
[2026-05-26 17:28:39] [Middleware] 节点 ('127.0.0.1', 54620) 订阅主题: note/comment
[2026-05-26 17:28:39] [Middleware] 新节点加入: ('127.0.0.1', 54623)
[2026-05-26 17:28:39] [Middleware] 节点 ('127.0.0.1', 54622) 订阅主题: query/request
[2026-05-26 17:28:39] [Middleware] 节点 ('127.0.0.1', 54618) 订阅主题: note/publish
[2026-05-26 17:28:39] [Middleware] 节点 ('127.0.0.1', 54619) 订阅主题: note/like
[2026-05-26 17:28:39] [Middleware] 节点 ('127.0.0.1', 54620) 订阅主题: note/like
[2026-05-26 17:28:39] [Middleware] 节点 ('127.0.0.1', 54622) 订阅主题: query/request
[2026-05-26 17:28:39] [Middleware] 节点 ('127.0.0.1', 54619) 订阅主题: note/comment
[2026-05-26 17:28:39] [Middleware] 节点 ('127.0.0.1', 54620) 订阅主题: note/comment
[2026-05-26 17:28:54] [Middleware] 新节点加入: ('127.0.0.1', 55051)
[2026-05-26 17:28:54] [Middleware] 节点 ('127.0.0.1', 55051) 订阅主题: query/response
[2026-05-26 17:28:54] [Middleware] 接收到查询请求放入队列 - ID: 1779787734.8968635, 类型: get_notes
[2026-05-26 17:28:55] [Middleware] 分发查询请求 - 主题: query/request, 内容: {'query_id': '1779787734.8968635', 'query_type': 'get_notes', 'params': {}}
[2026-05-26 17:28:55] [Middleware] 接收到消息 - 主题: query/response, 内容: {'status': 'success', 'data': [{'id': '4cbd6681-8b0d-4de1-ada9-9bf2900a8573', 'title': '111', 'content': '1111', 'author': 'guest', 'created_at': None, 'likes': 0, 'comments': 0, 'heat': 0, 'status': 'approved'}, {'id': 'f4e8c84e-0b91-4105-a36e-701623db2646', 'title': '123', 'content': '123', 'author': 'guest', 'created_at': None, 'likes': 0, 'comments': 0, 'heat': 0, 'status': 'approved'}, {'id': 'eca01e10-0c3d-4ca4-b3c2-a47b300bc9dd', 'title': '123', 'content': '333', 'author': 'guest', 'created_at': None, 'likes': 0, 'comments': 0, 'heat': 0, 'status': 'approved'}], 'query_id': '1779787734.8968635'}
[2026-05-26 17:28:55] [Middleware] 分发消息 - 主题: query/response, 内容: {'status': 'success', 'data': [{'id': '4cbd6681-8b0d-4de1-ada9-9bf2900a8573', 'title': '111', 'content': '1111', 'author': 'guest', 'created_at': None, 'likes': 0, 'comments': 0, 'heat': 0, 'status': 'approved'}, {'id': 'f4e8c84e-0b91-4105-a36e-701623db2646', 'title': '123', 'content': '123', 'author': 'guest', 'created_at': None, 'likes': 0, 'comments': 0, 'heat': 0, 'status': 'approved'}, {'id': 'eca01e10-0c3d-4ca4-b3c2-a47b300bc9dd', 'title': '123', 'content': '333', 'author': 'guest', 'created_at': None, 'likes': 0, 'comments': 0, 'heat': 0, 'status': 'approved'}], 'query_id': '1779787734.8968635'}
[2026-05-26 17:28:57] [Middleware] 接收到查询请求放入队列 - ID: 1779787737.454274, 类型: get_note
[2026-05-26 17:28:57] [Middleware] 分发查询请求 - 主题: query/request, 内容: {'query_id': '1779787737.454274', 'query_type': 'get_note', 'params': {'note_id': '4cbd6681-8b0d-4de1-ada9-9bf2900a8573'}}
[2026-05-26 17:28:57] [Middleware] 接收到消息 - 主题: query/response, 内容: {'status': 'success', 'data': {'id': '4cbd6681-8b0d-4de1-ada9-9bf2900a8573', 'title': '111', 'content': '1111', 'author': 'guest', 'created_at': None, 'likes': 0, 'comments': 0, 'heat': 0, 'status': 'approved'}, 'query_id': '1779787737.454274'}
[2026-05-26 17:28:57] [Middleware] 分发消息 - 主题: query/response, 内容: {'status': 'success', 'data': {'id': '4cbd6681-8b0d-4de1-ada9-9bf2900a8573', 'title': '111', 'content': '1111', 'author': 'guest', 'created_at': None, 'likes': 0, 'comments': 0, 'heat': 0, 'status': 'approved'}, 'query_id': '1779787737.454274'}
[2026-05-26 17:28:57] [Middleware] 接收到查询请求放入队列 - ID: 1779787737.6702642, 类型: get_comments
[2026-05-26 17:28:57] [Middleware] 分发查询请求 - 主题: query/request, 内容: {'query_id': '1779787737.6702642', 'query_type': 'get_comments', 'params': {'note_id': '4cbd6681-8b0d-4de1-ada9-9bf2900a8573'}}
[2026-05-26 17:28:57] [Middleware] 接收到消息 - 主题: query/response, 内容: {'status': 'success', 'data': [], 'query_id': '1779787737.6702642'}
[2026-05-26 17:28:57] [Middleware] 分发消息 - 主题: query/response, 内容: {'status': 'success', 'data': [], 'query_id': '1779787737.6702642'}
[2026-05-26 17:28:57] [Middleware] 接收到查询请求放入队列 - ID: 1779787737.8864098, 类型: get_like_count
[2026-05-26 17:28:57] [Middleware] 分发查询请求 - 主题: query/request, 内容: {'query_id': '1779787737.8864098', 'query_type': 'get_like_count', 'params': {'note_id': '4cbd6681-8b0d-4de1-ada9-9bf2900a8573'}}
[2026-05-26 17:28:57] [Middleware] 接收到消息 - 主题: query/response, 内容: {'status': 'success', 'data': 0, 'query_id': '1779787737.8864098'}
[2026-05-26 17:28:58] [Middleware] 分发消息 - 主题: query/response, 内容: {'status': 'success', 'data': 0, 'query_id': '1779787737.8864098'}
[2026-05-26 17:29:05] [Middleware] 新节点加入: ('127.0.0.1', 53528)
[2026-05-26 17:29:05] [Middleware] 接收到消息 - 主题: note/publish, 内容: {'note_id': '2f396c90-3efe-4a5c-8fb1-816d4b4b60ab', 'title': '324234342', 'content': '23434234232432432432432', 'author': 'guest', 'created_at': None}
[2026-05-26 17:29:05] [Middleware] 接收到查询请求放入队列 - ID: 1779787745.2215497, 类型: get_notes
[2026-05-26 17:29:05] [Middleware] 分发查询请求 - 主题: query/request, 内容: {'query_id': '1779787745.2215497', 'query_type': 'get_notes', 'params': {}}
[2026-05-26 17:29:05] [Middleware] 分发消息 - 主题: note/publish, 内容: {'note_id': '2f396c90-3efe-4a5c-8fb1-816d4b4b60ab', 'title': '324234342', 'content': '23434234232432432432432', 'author': 'guest', 'created_at': None}
[2026-05-26 17:29:05] [Middleware] 接收到消息 - 主题: query/response, 内容: {'status': 'success', 'data': [{'id': '4cbd6681-8b0d-4de1-ada9-9bf2900a8573', 'title': '111', 'content': '1111', 'author': 'guest', 'created_at': None, 'likes': 0, 'comments': 0, 'heat': 0, 'status': 'approved'}, {'id': 'f4e8c84e-0b91-4105-a36e-701623db2646', 'title': '123', 'content': '123', 'author': 'guest', 'created_at': None, 'likes': 0, 'comments': 0, 'heat': 0, 'status': 'approved'}, {'id': 'eca01e10-0c3d-4ca4-b3c2-a47b300bc9dd', 'title': '123', 'content': '333', 'author': 'guest', 'created_at': None, 'likes': 0, 'comments': 0, 'heat': 0, 'status': 'approved'}], 'query_id': '1779787745.2215497'}
[2026-05-26 17:29:05] [Middleware] 分发消息 - 主题: query/response, 内容: {'status': 'success', 'data': [{'id': '4cbd6681-8b0d-4de1-ada9-9bf2900a8573', 'title': '111', 'content': '1111', 'author': 'guest', 'created_at': None, 'likes': 0, 'comments': 0, 'heat': 0, 'status': 'approved'}, {'id': 'f4e8c84e-0b91-4105-a36e-701623db2646', 'title': '123', 'content': '123', 'author': 'guest', 'created_at': None, 'likes': 0, 'comments': 0, 'heat': 0, 'status': 'approved'}, {'id': 'eca01e10-0c3d-4ca4-b3c2-a47b300bc9dd', 'title': '123', 'content': '333', 'author': 'guest', 'created_at': None, 'likes': 0, 'comments': 0, 'heat': 0, 'status': 'approved'}], 'query_id': '1779787745.2215497'}
[2026-05-26 17:29:07] [Middleware] 接收到查询请求放入队列 - ID: 1779787747.7096317, 类型: get_notes
[2026-05-26 17:29:07] [Middleware] 分发查询请求 - 主题: query/request, 内容: {'query_id': '1779787747.7096317', 'query_type': 'get_notes', 'params': {}}
[2026-05-26 17:29:07] [Middleware] 接收到消息 - 主题: query/response, 内容: {'status': 'success', 'data': [{'id': '4cbd6681-8b0d-4de1-ada9-9bf2900a8573', 'title': '111', 'content': '1111', 'author': 'guest', 'created_at': None, 'likes': 0, 'comments': 0, 'heat': 0, 'status': 'approved'}, {'id': 'f4e8c84e-0b91-4105-a36e-701623db2646', 'title': '123', 'content': '123', 'author': 'guest', 'created_at': None, 'likes': 0, 'comments': 0, 'heat': 0, 'status': 'approved'}, {'id': 'eca01e10-0c3d-4ca4-b3c2-a47b300bc9dd', 'title': '123', 'content': '333', 'author': 'guest', 'created_at': None, 'likes': 0, 'comments': 0, 'heat': 0, 'status': 'approved'}, {'id': '2f396c90-3efe-4a5c-8fb1-816d4b4b60ab', 'title': '324234342', 'content': '23434234232432432432432', 'author': 'guest', 'created_at': None, 'likes': 0, 'comments': 0, 'heat': 0, 'status': 'approved'}], 'query_id': '1779787747.7096317'}
[2026-05-26 17:29:07] [Middleware] 分发消息 - 主题: query/response, 内容: {'status': 'success', 'data': [{'id': '4cbd6681-8b0d-4de1-ada9-9bf2900a8573', 'title': '111', 'content': '1111', 'author': 'guest', 'created_at': None, 'likes': 0, 'comments': 0, 'heat': 0, 'status': 'approved'}, {'id': 'f4e8c84e-0b91-4105-a36e-701623db2646', 'title': '123', 'content': '123', 'author': 'guest', 'created_at': None, 'likes': 0, 'comments': 0, 'heat': 0, 'status': 'approved'}, {'id': 'eca01e10-0c3d-4ca4-b3c2-a47b300bc9dd', 'title': '123', 'content': '333', 'author': 'guest', 'created_at': None, 'likes': 0, 'comments': 0, 'heat': 0, 'status': 'approved'}, {'id': '2f396c90-3efe-4a5c-8fb1-816d4b4b60ab', 'title': '324234342', 'content': '23434234232432432432432', 'author': 'guest', 'created_at': None, 'likes': 0, 'comments': 0, 'heat': 0, 'status': 'approved'}], 'query_id': '1779787747.7096317'}
[2026-05-26 17:29:09] [Middleware] 接收到查询请求放入队列 - ID: 1779787749.3777523, 类型: get_note
[2026-05-26 17:29:09] [Middleware] 分发查询请求 - 主题: query/request, 内容: {'query_id': '1779787749.3777523', 'query_type': 'get_note', 'params': {'note_id': '2f396c90-3efe-4a5c-8fb1-816d4b4b60ab'}}
[2026-05-26 17:29:09] [Middleware] 接收到消息 - 主题: query/response, 内容: {'status': 'success', 'data': {'id': '2f396c90-3efe-4a5c-8fb1-816d4b4b60ab', 'title': '324234342', 'content': '23434234232432432432432', 'author': 'guest', 'created_at': None, 'likes': 0, 'comments': 0, 'heat': 0, 'status': 'approved'}, 'query_id': '1779787749.3777523'}
[2026-05-26 17:29:09] [Middleware] 分发消息 - 主题: query/response, 内容: {'status': 'success', 'data': {'id': '2f396c90-3efe-4a5c-8fb1-816d4b4b60ab', 'title': '324234342', 'content': '23434234232432432432432', 'author': 'guest', 'created_at': None, 'likes': 0, 'comments': 0, 'heat': 0, 'status': 'approved'}, 'query_id': '1779787749.3777523'}
[2026-05-26 17:29:09] [Middleware] 接收到查询请求放入队列 - ID: 1779787749.6027944, 类型: get_comments
[2026-05-26 17:29:09] [Middleware] 分发查询请求 - 主题: query/request, 内容: {'query_id': '1779787749.6027944', 'query_type': 'get_comments', 'params': {'note_id': '2f396c90-3efe-4a5c-8fb1-816d4b4b60ab'}}
[2026-05-26 17:29:09] [Middleware] 接收到消息 - 主题: query/response, 内容: {'status': 'success', 'data': [], 'query_id': '1779787749.6027944'}
[2026-05-26 17:29:09] [Middleware] 分发消息 - 主题: query/response, 内容: {'status': 'success', 'data': [], 'query_id': '1779787749.6027944'}
[2026-05-26 17:29:09] [Middleware] 接收到查询请求放入队列 - ID: 1779787749.820341, 类型: get_like_count
[2026-05-26 17:29:09] [Middleware] 分发查询请求 - 主题: query/request, 内容: {'query_id': '1779787749.820341', 'query_type': 'get_like_count', 'params': {'note_id': '2f396c90-3efe-4a5c-8fb1-816d4b4b60ab'}}
[2026-05-26 17:29:09] [Middleware] 接收到消息 - 主题: query/response, 内容: {'status': 'success', 'data': 0, 'query_id': '1779787749.820341'}
[2026-05-26 17:29:09] [Middleware] 分发消息 - 主题: query/response, 内容: {'status': 'success', 'data': 0, 'query_id': '1779787749.820341'}
[2026-05-26 17:29:11] [Middleware] 接收到消息 - 主题: note/like, 内容: {'note_id': '2f396c90-3efe-4a5c-8fb1-816d4b4b60ab', 'user_id': 'guest'}
[2026-05-26 17:29:11] [Middleware] 接收到查询请求放入队列 - ID: 1779787751.6309023, 类型: get_note
[2026-05-26 17:29:11] [Middleware] 分发查询请求 - 主题: query/request, 内容: {'query_id': '1779787751.6309023', 'query_type': 'get_note', 'params': {'note_id': '2f396c90-3efe-4a5c-8fb1-816d4b4b60ab'}}
[2026-05-26 17:29:11] [Middleware] 分发消息 - 主题: note/like, 内容: {'note_id': '2f396c90-3efe-4a5c-8fb1-816d4b4b60ab', 'user_id': 'guest'}
[2026-05-26 17:29:11] [Middleware] 接收到消息 - 主题: query/response, 内容: {'status': 'success', 'data': {'id': '2f396c90-3efe-4a5c-8fb1-816d4b4b60ab', 'title': '324234342', 'content': '23434234232432432432432', 'author': 'guest', 'created_at': None, 'likes': 0, 'comments': 0, 'heat': 0, 'status': 'approved'}, 'query_id': '1779787751.6309023'}
[2026-05-26 17:29:11] [Middleware] 分发消息 - 主题: query/response, 内容: {'status': 'success', 'data': {'id': '2f396c90-3efe-4a5c-8fb1-816d4b4b60ab', 'title': '324234342', 'content': '23434234232432432432432', 'author': 'guest', 'created_at': None, 'likes': 0, 'comments': 0, 'heat': 0, 'status': 'approved'}, 'query_id': '1779787751.6309023'}
[2026-05-26 17:29:11] [Middleware] 接收到查询请求放入队列 - ID: 1779787751.8498769, 类型: get_comments
[2026-05-26 17:29:11] [Middleware] 分发查询请求 - 主题: query/request, 内容: {'query_id': '1779787751.8498769', 'query_type': 'get_comments', 'params': {'note_id': '2f396c90-3efe-4a5c-8fb1-816d4b4b60ab'}}
[2026-05-26 17:29:11] [Middleware] 接收到消息 - 主题: query/response, 内容: {'status': 'success', 'data': [], 'query_id': '1779787751.8498769'}
[2026-05-26 17:29:11] [Middleware] 分发消息 - 主题: query/response, 内容: {'status': 'success', 'data': [], 'query_id': '1779787751.8498769'}
[2026-05-26 17:29:11] [Middleware] 接收到查询请求放入队列 - ID: 1779787751.9684427, 类型: get_like_count
[2026-05-26 17:29:12] [Middleware] 分发查询请求 - 主题: query/request, 内容: {'query_id': '1779787751.9684427', 'query_type': 'get_like_count', 'params': {'note_id': '2f396c90-3efe-4a5c-8fb1-816d4b4b60ab'}}
[2026-05-26 17:29:12] [Middleware] 接收到消息 - 主题: query/response, 内容: {'status': 'success', 'data': 1, 'query_id': '1779787751.9684427'}
[2026-05-26 17:29:12] [Middleware] 分发消息 - 主题: query/response, 内容: {'status': 'success', 'data': 1, 'query_id': '1779787751.9684427'}
[2026-05-26 17:29:12] [Middleware] 接收到消息 - 主题: note/like, 内容: {'note_id': '2f396c90-3efe-4a5c-8fb1-816d4b4b60ab', 'user_id': 'guest'}
[2026-05-26 17:29:12] [Middleware] 接收到查询请求放入队列 - ID: 1779787752.4925582, 类型: get_note
[2026-05-26 17:29:12] [Middleware] 分发查询请求 - 主题: query/request, 内容: {'query_id': '1779787752.4925582', 'query_type': 'get_note', 'params': {'note_id': '2f396c90-3efe-4a5c-8fb1-816d4b4b60ab'}}
[2026-05-26 17:29:12] [Middleware] 分发消息 - 主题: note/like, 内容: {'note_id': '2f396c90-3efe-4a5c-8fb1-816d4b4b60ab', 'user_id': 'guest'}
[2026-05-26 17:29:12] [Middleware] 接收到消息 - 主题: query/response, 内容: {'status': 'success', 'data': {'id': '2f396c90-3efe-4a5c-8fb1-816d4b4b60ab', 'title': '324234342', 'content': '23434234232432432432432', 'author': 'guest', 'created_at': None, 'likes': 1, 'comments': 0, 'heat': 2, 'status': 'approved'}, 'query_id': '1779787752.4925582'}
[2026-05-26 17:29:12] [Middleware] 分发消息 - 主题: query/response, 内容: {'status': 'success', 'data': {'id': '2f396c90-3efe-4a5c-8fb1-816d4b4b60ab', 'title': '324234342', 'content': '23434234232432432432432', 'author': 'guest', 'created_at': None, 'likes': 1, 'comments': 0, 'heat': 2, 'status': 'approved'}, 'query_id': '1779787752.4925582'}
[2026-05-26 17:29:12] [Middleware] 接收到消息 - 主题: note/like, 内容: {'note_id': '2f396c90-3efe-4a5c-8fb1-816d4b4b60ab', 'user_id': 'guest'}
[2026-05-26 17:29:12] [Middleware] 分发消息 - 主题: note/like, 内容: {'note_id': '2f396c90-3efe-4a5c-8fb1-816d4b4b60ab', 'user_id': 'guest'}
[2026-05-26 17:29:12] [Middleware] 接收到查询请求放入队列 - ID: 1779787752.6910484, 类型: get_note
[2026-05-26 17:29:12] [Middleware] 接收到查询请求放入队列 - ID: 1779787752.705697, 类型: get_comments
[2026-05-26 17:29:12] [Middleware] 分发查询请求 - 主题: query/request, 内容: {'query_id': '1779787752.6910484', 'query_type': 'get_note', 'params': {'note_id': '2f396c90-3efe-4a5c-8fb1-816d4b4b60ab'}}
[2026-05-26 17:29:12] [Middleware] 分发查询请求 - 主题: query/request, 内容: {'query_id': '1779787752.705697', 'query_type': 'get_comments', 'params': {'note_id': '2f396c90-3efe-4a5c-8fb1-816d4b4b60ab'}}
[2026-05-26 17:29:12] [Middleware] 接收到消息 - 主题: query/response, 内容: {'status': 'success', 'data': {'id': '2f396c90-3efe-4a5c-8fb1-816d4b4b60ab', 'title': '324234342', 'content': '23434234232432432432432', 'author': 'guest', 'created_at': None, 'likes': 3, 'comments': 0, 'heat': 6, 'status': 'approved'}, 'query_id': '1779787752.6910484'}
[2026-05-26 17:29:12] [Middleware] 接收到消息 - 主题: query/response, 内容: {'status': 'success', 'data': [], 'query_id': '1779787752.705697'}
[2026-05-26 17:29:12] [Middleware] 接收到消息 - 主题: note/like, 内容: {'note_id': '2f396c90-3efe-4a5c-8fb1-816d4b4b60ab', 'user_id': 'guest'}
[2026-05-26 17:29:12] [Middleware] 接收到查询请求放入队列 - ID: 1779787752.8753257, 类型: get_note
[2026-05-26 17:29:12] [Middleware] 分发消息 - 主题: query/response, 内容: {'status': 'success', 'data': {'id': '2f396c90-3efe-4a5c-8fb1-816d4b4b60ab', 'title': '324234342', 'content': '23434234232432432432432', 'author': 'guest', 'created_at': None, 'likes': 3, 'comments': 0, 'heat': 6, 'status': 'approved'}, 'query_id': '1779787752.6910484'}
[2026-05-26 17:29:12] [Middleware] 分发消息 - 主题: query/response, 内容: {'status': 'success', 'data': [], 'query_id': '1779787752.705697'}
[2026-05-26 17:29:12] [Middleware] 分发消息 - 主题: note/like, 内容: {'note_id': '2f396c90-3efe-4a5c-8fb1-816d4b4b60ab', 'user_id': 'guest'}
[2026-05-26 17:29:12] [Middleware] 分发查询请求 - 主题: query/request, 内容: {'query_id': '1779787752.8753257', 'query_type': 'get_note', 'params': {'note_id': '2f396c90-3efe-4a5c-8fb1-816d4b4b60ab'}}
[2026-05-26 17:29:12] [Middleware] 接收到查询请求放入队列 - ID: 1779787752.9239762, 类型: get_comments
[2026-05-26 17:29:12] [Middleware] 接收到查询请求放入队列 - ID: 1779787752.9290626, 类型: get_like_count
[2026-05-26 17:29:12] [Middleware] 接收到消息 - 主题: query/response, 内容: {'status': 'success', 'data': {'id': '2f396c90-3efe-4a5c-8fb1-816d4b4b60ab', 'title': '324234342', 'content': '23434234232432432432432', 'author': 'guest', 'created_at': None, 'likes': 4, 'comments': 0, 'heat': 6, 'status': 'approved'}, 'query_id': '1779787752.8753257'}
[2026-05-26 17:29:13] [Middleware] 分发消息 - 主题: query/response, 内容: {'status': 'success', 'data': {'id': '2f396c90-3efe-4a5c-8fb1-816d4b4b60ab', 'title': '324234342', 'content': '23434234232432432432432', 'author': 'guest', 'created_at': None, 'likes': 4, 'comments': 0, 'heat': 6, 'status': 'approved'}, 'query_id': '1779787752.8753257'}
[2026-05-26 17:29:13] [Middleware] 分发查询请求 - 主题: query/request, 内容: {'query_id': '1779787752.9239762', 'query_type': 'get_comments', 'params': {'note_id': '2f396c90-3efe-4a5c-8fb1-816d4b4b60ab'}}
[2026-05-26 17:29:13] [Middleware] 分发查询请求 - 主题: query/request, 内容: {'query_id': '1779787752.9290626', 'query_type': 'get_like_count', 'params': {'note_id': '2f396c90-3efe-4a5c-8fb1-816d4b4b60ab'}}
[2026-05-26 17:29:13] [Middleware] 接收到消息 - 主题: query/response, 内容: {'status': 'success', 'data': [], 'query_id': '1779787752.9239762'}
[2026-05-26 17:29:13] [Middleware] 接收到消息 - 主题: query/response, 内容: {'status': 'success', 'data': 4, 'query_id': '1779787752.9290626'}
[2026-05-26 17:29:13] [Middleware] 接收到消息 - 主题: note/like, 内容: {'note_id': '2f396c90-3efe-4a5c-8fb1-816d4b4b60ab', 'user_id': 'guest'}
[2026-05-26 17:29:13] [Middleware] 接收到查询请求放入队列 - ID: 1779787753.0734925, 类型: get_note
[2026-05-26 17:29:13] [Middleware] 接收到查询请求放入队列 - ID: 1779787753.099509, 类型: get_comments
[2026-05-26 17:29:13] [Middleware] 分发消息 - 主题: query/response, 内容: {'status': 'success', 'data': [], 'query_id': '1779787752.9239762'}
[2026-05-26 17:29:13] [Middleware] 分发消息 - 主题: query/response, 内容: {'status': 'success', 'data': 4, 'query_id': '1779787752.9290626'}
[2026-05-26 17:29:13] [Middleware] 分发消息 - 主题: note/like, 内容: {'note_id': '2f396c90-3efe-4a5c-8fb1-816d4b4b60ab', 'user_id': 'guest'}
[2026-05-26 17:29:13] [Middleware] 分发查询请求 - 主题: query/request, 内容: {'query_id': '1779787753.0734925', 'query_type': 'get_note', 'params': {'note_id': '2f396c90-3efe-4a5c-8fb1-816d4b4b60ab'}}
[2026-05-26 17:29:13] [Middleware] 分发查询请求 - 主题: query/request, 内容: {'query_id': '1779787753.099509', 'query_type': 'get_comments', 'params': {'note_id': '2f396c90-3efe-4a5c-8fb1-816d4b4b60ab'}}
[2026-05-26 17:29:13] [Middleware] 接收到查询请求放入队列 - ID: 1779787753.1505203, 类型: get_like_count
[2026-05-26 17:29:13] [Middleware] 接收到消息 - 主题: query/response, 内容: {'status': 'success', 'data': {'id': '2f396c90-3efe-4a5c-8fb1-816d4b4b60ab', 'title': '324234342', 'content': '23434234232432432432432', 'author': 'guest', 'created_at': None, 'likes': 4, 'comments': 0, 'heat': 10, 'status': 'approved'}, 'query_id': '1779787753.0734925'}
[2026-05-26 17:29:13] [Middleware] 接收到消息 - 主题: query/response, 内容: {'status': 'success', 'data': [], 'query_id': '1779787753.099509'}
[2026-05-26 17:29:13] [Middleware] 分发消息 - 主题: query/response, 内容: {'status': 'success', 'data': {'id': '2f396c90-3efe-4a5c-8fb1-816d4b4b60ab', 'title': '324234342', 'content': '23434234232432432432432', 'author': 'guest', 'created_at': None, 'likes': 4, 'comments': 0, 'heat': 10, 'status': 'approved'}, 'query_id': '1779787753.0734925'}
[2026-05-26 17:29:13] [Middleware] 分发消息 - 主题: query/response, 内容: {'status': 'success', 'data': [], 'query_id': '1779787753.099509'}
[2026-05-26 17:29:13] [Middleware] 分发查询请求 - 主题: query/request, 内容: {'query_id': '1779787753.1505203', 'query_type': 'get_like_count', 'params': {'note_id': '2f396c90-3efe-4a5c-8fb1-816d4b4b60ab'}}
[2026-05-26 17:29:13] [Middleware] 接收到消息 - 主题: note/like, 内容: {'note_id': '2f396c90-3efe-4a5c-8fb1-816d4b4b60ab', 'user_id': 'guest'}
[2026-05-26 17:29:13] [Middleware] 接收到消息 - 主题: query/response, 内容: {'status': 'success', 'data': 5, 'query_id': '1779787753.1505203'}
[2026-05-26 17:29:13] [Middleware] 接收到查询请求放入队列 - ID: 1779787753.2753642, 类型: get_note
[2026-05-26 17:29:13] [Middleware] 接收到查询请求放入队列 - ID: 1779787753.291799, 类型: get_comments
[2026-05-26 17:29:13] [Middleware] 接收到查询请求放入队列 - ID: 1779787753.323247, 类型: get_like_count
[2026-05-26 17:29:13] [Middleware] 分发查询请求 - 主题: query/request, 内容: {'query_id': '1779787753.2753642', 'query_type': 'get_note', 'params': {'note_id': '2f396c90-3efe-4a5c-8fb1-816d4b4b60ab'}}
[2026-05-26 17:29:13] [Middleware] 分发消息 - 主题: note/like, 内容: {'note_id': '2f396c90-3efe-4a5c-8fb1-816d4b4b60ab', 'user_id': 'guest'}
[2026-05-26 17:29:13] [Middleware] 分发查询请求 - 主题: query/request, 内容: {'query_id': '1779787753.291799', 'query_type': 'get_comments', 'params': {'note_id': '2f396c90-3efe-4a5c-8fb1-816d4b4b60ab'}}
[2026-05-26 17:29:13] [Middleware] 分发消息 - 主题: query/response, 内容: {'status': 'success', 'data': 5, 'query_id': '1779787753.1505203'}
[2026-05-26 17:29:13] [Middleware] 分发查询请求 - 主题: query/request, 内容: {'query_id': '1779787753.323247', 'query_type': 'get_like_count', 'params': {'note_id': '2f396c90-3efe-4a5c-8fb1-816d4b4b60ab'}}
[2026-05-26 17:29:13] [Middleware] 接收到消息 - 主题: query/response, 内容: {'status': 'success', 'data': {'id': '2f396c90-3efe-4a5c-8fb1-816d4b4b60ab', 'title': '324234342', 'content': '23434234232432432432432', 'author': 'guest', 'created_at': None, 'likes': 5, 'comments': 0, 'heat': 10, 'status': 'approved'}, 'query_id': '1779787753.2753642'}
[2026-05-26 17:29:13] [Middleware] 接收到消息 - 主题: query/response, 内容: {'status': 'success', 'data': [], 'query_id': '1779787753.291799'}
[2026-05-26 17:29:13] [Middleware] 接收到消息 - 主题: query/response, 内容: {'status': 'success', 'data': 6, 'query_id': '1779787753.323247'}
[2026-05-26 17:29:13] [Middleware] 接收到消息 - 主题: note/like, 内容: {'note_id': '2f396c90-3efe-4a5c-8fb1-816d4b4b60ab', 'user_id': 'guest'}
[2026-05-26 17:29:13] [Middleware] 接收到查询请求放入队列 - ID: 1779787753.458189, 类型: get_note
[2026-05-26 17:29:13] [Middleware] 分发查询请求 - 主题: query/request, 内容: {'query_id': '1779787753.458189', 'query_type': 'get_note', 'params': {'note_id': '2f396c90-3efe-4a5c-8fb1-816d4b4b60ab'}}
[2026-05-26 17:29:13] [Middleware] 分发消息 - 主题: query/response, 内容: {'status': 'success', 'data': {'id': '2f396c90-3efe-4a5c-8fb1-816d4b4b60ab', 'title': '324234342', 'content': '23434234232432432432432', 'author': 'guest', 'created_at': None, 'likes': 5, 'comments': 0, 'heat': 10, 'status': 'approved'}, 'query_id': '1779787753.2753642'}
[2026-05-26 17:29:13] [Middleware] 分发消息 - 主题: query/response, 内容: {'status': 'success', 'data': [], 'query_id': '1779787753.291799'}
[2026-05-26 17:29:13] [Middleware] 接收到消息 - 主题: query/response, 内容: {'status': 'success', 'data': {'id': '2f396c90-3efe-4a5c-8fb1-816d4b4b60ab', 'title': '324234342', 'content': '23434234232432432432432', 'author': 'guest', 'created_at': None, 'likes': 6, 'comments': 0, 'heat': 12, 'status': 'approved'}, 'query_id': '1779787753.458189'}
[2026-05-26 17:29:13] [Middleware] 分发消息 - 主题: query/response, 内容: {'status': 'success', 'data': 6, 'query_id': '1779787753.323247'}
[2026-05-26 17:29:13] [Middleware] 分发消息 - 主题: note/like, 内容: {'note_id': '2f396c90-3efe-4a5c-8fb1-816d4b4b60ab', 'user_id': 'guest'}
[2026-05-26 17:29:13] [Middleware] 接收到查询请求放入队列 - ID: 1779787753.5081682, 类型: get_like_count
[2026-05-26 17:29:13] [Middleware] 分发消息 - 主题: query/response, 内容: {'status': 'success', 'data': {'id': '2f396c90-3efe-4a5c-8fb1-816d4b4b60ab', 'title': '324234342', 'content': '23434234232432432432432', 'author': 'guest', 'created_at': None, 'likes': 6, 'comments': 0, 'heat': 12, 'status': 'approved'}, 'query_id': '1779787753.458189'}
[2026-05-26 17:29:13] [Middleware] 接收到查询请求放入队列 - ID: 1779787753.5732787, 类型: get_comments
[2026-05-26 17:29:13] [Middleware] 分发查询请求 - 主题: query/request, 内容: {'query_id': '1779787753.5081682', 'query_type': 'get_like_count', 'params': {'note_id': '2f396c90-3efe-4a5c-8fb1-816d4b4b60ab'}}
[2026-05-26 17:29:13] [Middleware] 分发查询请求 - 主题: query/request, 内容: {'query_id': '1779787753.5732787', 'query_type': 'get_comments', 'params': {'note_id': '2f396c90-3efe-4a5c-8fb1-816d4b4b60ab'}}
[2026-05-26 17:29:13] [Middleware] 接收到查询请求放入队列 - ID: 1779787753.6063101, 类型: get_comments
[2026-05-26 17:29:13] [Middleware] 接收到消息 - 主题: query/response, 内容: {'status': 'success', 'data': 7, 'query_id': '1779787753.5081682'}
[2026-05-26 17:29:13] [Middleware] 分发消息 - 主题: query/response, 内容: {'status': 'success', 'data': 7, 'query_id': '1779787753.5081682'}
[2026-05-26 17:29:13] [Middleware] 接收到消息 - 主题: query/response, 内容: {'status': 'success', 'data': [], 'query_id': '1779787753.5732787'}
[2026-05-26 17:29:13] [Middleware] 接收到消息 - 主题: note/like, 内容: {'note_id': '2f396c90-3efe-4a5c-8fb1-816d4b4b60ab', 'user_id': 'guest'}
[2026-05-26 17:29:13] [Middleware] 接收到查询请求放入队列 - ID: 1779787753.6451795, 类型: get_note
[2026-05-26 17:29:13] [Middleware] 分发查询请求 - 主题: query/request, 内容: {'query_id': '1779787753.6063101', 'query_type': 'get_comments', 'params': {'note_id': '2f396c90-3efe-4a5c-8fb1-816d4b4b60ab'}}
[2026-05-26 17:29:13] [Middleware] 分发查询请求 - 主题: query/request, 内容: {'query_id': '1779787753.6451795', 'query_type': 'get_note', 'params': {'note_id': '2f396c90-3efe-4a5c-8fb1-816d4b4b60ab'}}
[2026-05-26 17:29:13] [Middleware] 接收到消息 - 主题: query/response, 内容: {'status': 'success', 'data': [], 'query_id': '1779787753.6063101'}
[2026-05-26 17:29:13] [Middleware] 接收到消息 - 主题: query/response, 内容: {'status': 'success', 'data': {'id': '2f396c90-3efe-4a5c-8fb1-816d4b4b60ab', 'title': '324234342', 'content': '23434234232432432432432', 'author': 'guest', 'created_at': None, 'likes': 7, 'comments': 0, 'heat': 14, 'status': 'approved'}, 'query_id': '1779787753.6451795'}
[2026-05-26 17:29:13] [Middleware] 分发消息 - 主题: query/response, 内容: {'status': 'success', 'data': [], 'query_id': '1779787753.5732787'}
[2026-05-26 17:29:13] [Middleware] 分发消息 - 主题: note/like, 内容: {'note_id': '2f396c90-3efe-4a5c-8fb1-816d4b4b60ab', 'user_id': 'guest'}
[2026-05-26 17:29:13] [Middleware] 分发消息 - 主题: query/response, 内容: {'status': 'success', 'data': [], 'query_id': '1779787753.6063101'}
[2026-05-26 17:29:13] [Middleware] 分发消息 - 主题: query/response, 内容: {'status': 'success', 'data': {'id': '2f396c90-3efe-4a5c-8fb1-816d4b4b60ab', 'title': '324234342', 'content': '23434234232432432432432', 'author': 'guest', 'created_at': None, 'likes': 7, 'comments': 0, 'heat': 14, 'status': 'approved'}, 'query_id': '1779787753.6451795'}
[2026-05-26 17:29:13] [Middleware] 接收到查询请求放入队列 - ID: 1779787753.7977734, 类型: get_like_count
[2026-05-26 17:29:13] [Middleware] 接收到查询请求放入队列 - ID: 1779787753.8269331, 类型: get_like_count
[2026-05-26 17:29:13] [Middleware] 分发查询请求 - 主题: query/request, 内容: {'query_id': '1779787753.7977734', 'query_type': 'get_like_count', 'params': {'note_id': '2f396c90-3efe-4a5c-8fb1-816d4b4b60ab'}}
[2026-05-26 17:29:13] [Middleware] 接收到消息 - 主题: note/like, 内容: {'note_id': '2f396c90-3efe-4a5c-8fb1-816d4b4b60ab', 'user_id': 'guest'}
[2026-05-26 17:29:13] [Middleware] 分发查询请求 - 主题: query/request, 内容: {'query_id': '1779787753.8269331', 'query_type': 'get_like_count', 'params': {'note_id': '2f396c90-3efe-4a5c-8fb1-816d4b4b60ab'}}
[2026-05-26 17:29:13] [Middleware] 接收到消息 - 主题: query/response, 内容: {'status': 'success', 'data': 8, 'query_id': '1779787753.7977734'}
[2026-05-26 17:29:13] [Middleware] 接收到查询请求放入队列 - ID: 1779787753.866245, 类型: get_note
[2026-05-26 17:29:13] [Middleware] 分发消息 - 主题: note/like, 内容: {'note_id': '2f396c90-3efe-4a5c-8fb1-816d4b4b60ab', 'user_id': 'guest'}
[2026-05-26 17:29:13] [Middleware] 分发消息 - 主题: query/response, 内容: {'status': 'success', 'data': 8, 'query_id': '1779787753.7977734'}
[2026-05-26 17:29:13] [Middleware] 接收到查询请求放入队列 - ID: 1779787753.8848147, 类型: get_comments
[2026-05-26 17:29:13] [Middleware] 接收到消息 - 主题: query/response, 内容: {'status': 'success', 'data': 9, 'query_id': '1779787753.8269331'}
[2026-05-26 17:29:13] [Middleware] 分发查询请求 - 主题: query/request, 内容: {'query_id': '1779787753.866245', 'query_type': 'get_note', 'params': {'note_id': '2f396c90-3efe-4a5c-8fb1-816d4b4b60ab'}}
[2026-05-26 17:29:13] [Middleware] 分发查询请求 - 主题: query/request, 内容: {'query_id': '1779787753.8848147', 'query_type': 'get_comments', 'params': {'note_id': '2f396c90-3efe-4a5c-8fb1-816d4b4b60ab'}}
[2026-05-26 17:29:13] [Middleware] 接收到消息 - 主题: query/response, 内容: {'status': 'success', 'data': {'id': '2f396c90-3efe-4a5c-8fb1-816d4b4b60ab', 'title': '324234342', 'content': '23434234232432432432432', 'author': 'guest', 'created_at': None, 'likes': 9, 'comments': 0, 'heat': 18, 'status': 'approved'}, 'query_id': '1779787753.866245'}
[2026-05-26 17:29:13] [Middleware] 接收到消息 - 主题: note/like, 内容: {'note_id': '2f396c90-3efe-4a5c-8fb1-816d4b4b60ab', 'user_id': 'guest'}
[2026-05-26 17:29:13] [Middleware] 分发消息 - 主题: query/response, 内容: {'status': 'success', 'data': 9, 'query_id': '1779787753.8269331'}
[2026-05-26 17:29:14] [Middleware] 分发消息 - 主题: query/response, 内容: {'status': 'success', 'data': {'id': '2f396c90-3efe-4a5c-8fb1-816d4b4b60ab', 'title': '324234342', 'content': '23434234232432432432432', 'author': 'guest', 'created_at': None, 'likes': 9, 'comments': 0, 'heat': 18, 'status': 'approved'}, 'query_id': '1779787753.866245'}
[2026-05-26 17:29:14] [Middleware] 接收到查询请求放入队列 - ID: 1779787754.0077906, 类型: get_note
[2026-05-26 17:29:14] [Middleware] 分发消息 - 主题: note/like, 内容: {'note_id': '2f396c90-3efe-4a5c-8fb1-816d4b4b60ab', 'user_id': 'guest'}
[2026-05-26 17:29:14] [Middleware] 接收到消息 - 主题: query/response, 内容: {'status': 'success', 'data': [], 'query_id': '1779787753.8848147'}
[2026-05-26 17:29:14] [Middleware] 分发查询请求 - 主题: query/request, 内容: {'query_id': '1779787754.0077906', 'query_type': 'get_note', 'params': {'note_id': '2f396c90-3efe-4a5c-8fb1-816d4b4b60ab'}}
[2026-05-26 17:29:14] [Middleware] 接收到消息 - 主题: query/response, 内容: {'status': 'success', 'data': {'id': '2f396c90-3efe-4a5c-8fb1-816d4b4b60ab', 'title': '324234342', 'content': '23434234232432432432432', 'author': 'guest', 'created_at': None, 'likes': 10, 'comments': 0, 'heat': 20, 'status': 'approved'}, 'query_id': '1779787754.0077906'}
[2026-05-26 17:29:14] [Middleware] 接收到查询请求放入队列 - ID: 1779787754.1071954, 类型: get_comments
[2026-05-26 17:29:14] [Middleware] 分发消息 - 主题: query/response, 内容: {'status': 'success', 'data': [], 'query_id': '1779787753.8848147'}
[2026-05-26 17:29:14] [Middleware] 分发消息 - 主题: query/response, 内容: {'status': 'success', 'data': {'id': '2f396c90-3efe-4a5c-8fb1-816d4b4b60ab', 'title': '324234342', 'content': '23434234232432432432432', 'author': 'guest', 'created_at': None, 'likes': 10, 'comments': 0, 'heat': 20, 'status': 'approved'}, 'query_id': '1779787754.0077906'}
[2026-05-26 17:29:14] [Middleware] 接收到消息 - 主题: note/like, 内容: {'note_id': '2f396c90-3efe-4a5c-8fb1-816d4b4b60ab', 'user_id': 'guest'}
[2026-05-26 17:29:14] [Middleware] 接收到查询请求放入队列 - ID: 1779787754.182282, 类型: get_note
[2026-05-26 17:29:14] [Middleware] 分发查询请求 - 主题: query/request, 内容: {'query_id': '1779787754.1071954', 'query_type': 'get_comments', 'params': {'note_id': '2f396c90-3efe-4a5c-8fb1-816d4b4b60ab'}}
[2026-05-26 17:29:14] [Middleware] 分发查询请求 - 主题: query/request, 内容: {'query_id': '1779787754.182282', 'query_type': 'get_note', 'params': {'note_id': '2f396c90-3efe-4a5c-8fb1-816d4b4b60ab'}}
[2026-05-26 17:29:14] [Middleware] 接收到消息 - 主题: query/response, 内容: {'status': 'success', 'data': [], 'query_id': '1779787754.1071954'}
[2026-05-26 17:29:14] [Middleware] 接收到消息 - 主题: query/response, 内容: {'status': 'success', 'data': {'id': '2f396c90-3efe-4a5c-8fb1-816d4b4b60ab', 'title': '324234342', 'content': '23434234232432432432432', 'author': 'guest', 'created_at': None, 'likes': 10, 'comments': 0, 'heat': 20, 'status': 'approved'}, 'query_id': '1779787754.182282'}
[2026-05-26 17:29:14] [Middleware] 接收到查询请求放入队列 - ID: 1779787754.2224162, 类型: get_like_count
[2026-05-26 17:29:14] [Middleware] 接收到查询请求放入队列 - ID: 1779787754.2290506, 类型: get_comments
[2026-05-26 17:29:14] [Middleware] 分发消息 - 主题: note/like, 内容: {'note_id': '2f396c90-3efe-4a5c-8fb1-816d4b4b60ab', 'user_id': 'guest'}
[2026-05-26 17:29:14] [Middleware] 分发消息 - 主题: query/response, 内容: {'status': 'success', 'data': [], 'query_id': '1779787754.1071954'}
[2026-05-26 17:29:14] [Middleware] 分发消息 - 主题: query/response, 内容: {'status': 'success', 'data': {'id': '2f396c90-3efe-4a5c-8fb1-816d4b4b60ab', 'title': '324234342', 'content': '23434234232432432432432', 'author': 'guest', 'created_at': None, 'likes': 10, 'comments': 0, 'heat': 20, 'status': 'approved'}, 'query_id': '1779787754.182282'}
[2026-05-26 17:29:14] [Middleware] 接收到查询请求放入队列 - ID: 1779787754.297686, 类型: get_comments
[2026-05-26 17:29:14] [Middleware] 分发查询请求 - 主题: query/request, 内容: {'query_id': '1779787754.2224162', 'query_type': 'get_like_count', 'params': {'note_id': '2f396c90-3efe-4a5c-8fb1-816d4b4b60ab'}}
[2026-05-26 17:29:14] [Middleware] 分发查询请求 - 主题: query/request, 内容: {'query_id': '1779787754.2290506', 'query_type': 'get_comments', 'params': {'note_id': '2f396c90-3efe-4a5c-8fb1-816d4b4b60ab'}}
[2026-05-26 17:29:14] [Middleware] 分发查询请求 - 主题: query/request, 内容: {'query_id': '1779787754.297686', 'query_type': 'get_comments', 'params': {'note_id': '2f396c90-3efe-4a5c-8fb1-816d4b4b60ab'}}
[2026-05-26 17:29:14] [Middleware] 接收到消息 - 主题: query/response, 内容: {'status': 'success', 'data': 11, 'query_id': '1779787754.2224162'}
[2026-05-26 17:29:14] [Middleware] 接收到消息 - 主题: query/response, 内容: {'status': 'success', 'data': [], 'query_id': '1779787754.2290506'}
[2026-05-26 17:29:14] [Middleware] 接收到查询请求放入队列 - ID: 1779787754.337072, 类型: get_like_count
[2026-05-26 17:29:14] [Middleware] 接收到消息 - 主题: query/response, 内容: {'status': 'success', 'data': [], 'query_id': '1779787754.297686'}
[2026-05-26 17:29:14] [Middleware] 分发消息 - 主题: query/response, 内容: {'status': 'success', 'data': 11, 'query_id': '1779787754.2224162'}
[2026-05-26 17:29:14] [Middleware] 分发消息 - 主题: query/response, 内容: {'status': 'success', 'data': [], 'query_id': '1779787754.2290506'}
[2026-05-26 17:29:14] [Middleware] 分发消息 - 主题: query/response, 内容: {'status': 'success', 'data': [], 'query_id': '1779787754.297686'}
[2026-05-26 17:29:14] [Middleware] 接收到消息 - 主题: note/like, 内容: {'note_id': '2f396c90-3efe-4a5c-8fb1-816d4b4b60ab', 'user_id': 'guest'}
[2026-05-26 17:29:14] [Middleware] 分发消息 - 主题: note/like, 内容: {'note_id': '2f396c90-3efe-4a5c-8fb1-816d4b4b60ab', 'user_id': 'guest'}
[2026-05-26 17:29:14] [Middleware] 接收到查询请求放入队列 - ID: 1779787754.3894649, 类型: get_note
[2026-05-26 17:29:14] [Middleware] 接收到查询请求放入队列 - ID: 1779787754.4169116, 类型: get_like_count
[2026-05-26 17:29:14] [Middleware] 分发查询请求 - 主题: query/request, 内容: {'query_id': '1779787754.337072', 'query_type': 'get_like_count', 'params': {'note_id': '2f396c90-3efe-4a5c-8fb1-816d4b4b60ab'}}
[2026-05-26 17:29:14] [Middleware] 分发查询请求 - 主题: query/request, 内容: {'query_id': '1779787754.3894649', 'query_type': 'get_note', 'params': {'note_id': '2f396c90-3efe-4a5c-8fb1-816d4b4b60ab'}}
[2026-05-26 17:29:14] [Middleware] 分发查询请求 - 主题: query/request, 内容: {'query_id': '1779787754.4169116', 'query_type': 'get_like_count', 'params': {'note_id': '2f396c90-3efe-4a5c-8fb1-816d4b4b60ab'}}
[2026-05-26 17:29:14] [Middleware] 接收到消息 - 主题: query/response, 内容: {'status': 'success', 'data': 12, 'query_id': '1779787754.337072'}
[2026-05-26 17:29:14] [Middleware] 接收到查询请求放入队列 - ID: 1779787754.446962, 类型: get_like_count
[2026-05-26 17:29:14] [Middleware] 接收到消息 - 主题: query/response, 内容: {'status': 'success', 'data': {'id': '2f396c90-3efe-4a5c-8fb1-816d4b4b60ab', 'title': '324234342', 'content': '23434234232432432432432', 'author': 'guest', 'created_at': None, 'likes': 12, 'comments': 0, 'heat': 24, 'status': 'approved'}, 'query_id': '1779787754.3894649'}
[2026-05-26 17:29:14] [Middleware] 接收到消息 - 主题: query/response, 内容: {'status': 'success', 'data': 12, 'query_id': '1779787754.4169116'}
[2026-05-26 17:29:14] [Middleware] 分发消息 - 主题: query/response, 内容: {'status': 'success', 'data': 12, 'query_id': '1779787754.337072'}
[2026-05-26 17:29:14] [Middleware] 分发消息 - 主题: query/response, 内容: {'status': 'success', 'data': {'id': '2f396c90-3efe-4a5c-8fb1-816d4b4b60ab', 'title': '324234342', 'content': '23434234232432432432432', 'author': 'guest', 'created_at': None, 'likes': 12, 'comments': 0, 'heat': 24, 'status': 'approved'}, 'query_id': '1779787754.3894649'}
[2026-05-26 17:29:14] [Middleware] 分发消息 - 主题: query/response, 内容: {'status': 'success', 'data': 12, 'query_id': '1779787754.4169116'}
[2026-05-26 17:29:14] [Middleware] 接收到查询请求放入队列 - ID: 1779787754.499107, 类型: get_comments
[2026-05-26 17:29:14] [Middleware] 分发查询请求 - 主题: query/request, 内容: {'query_id': '1779787754.446962', 'query_type': 'get_like_count', 'params': {'note_id': '2f396c90-3efe-4a5c-8fb1-816d4b4b60ab'}}
[2026-05-26 17:29:14] [Middleware] 分发查询请求 - 主题: query/request, 内容: {'query_id': '1779787754.499107', 'query_type': 'get_comments', 'params': {'note_id': '2f396c90-3efe-4a5c-8fb1-816d4b4b60ab'}}
[2026-05-26 17:29:14] [Middleware] 接收到消息 - 主题: note/like, 内容: {'note_id': '2f396c90-3efe-4a5c-8fb1-816d4b4b60ab', 'user_id': 'guest'}
[2026-05-26 17:29:14] [Middleware] 接收到消息 - 主题: query/response, 内容: {'status': 'success', 'data': 12, 'query_id': '1779787754.446962'}
[2026-05-26 17:29:14] [Middleware] 接收到消息 - 主题: query/response, 内容: {'status': 'success', 'data': [], 'query_id': '1779787754.499107'}
[2026-05-26 17:29:14] [Middleware] 接收到查询请求放入队列 - ID: 1779787754.5888128, 类型: get_note
[2026-05-26 17:29:14] [Middleware] 分发消息 - 主题: note/like, 内容: {'note_id': '2f396c90-3efe-4a5c-8fb1-816d4b4b60ab', 'user_id': 'guest'}
[2026-05-26 17:29:14] [Middleware] 分发消息 - 主题: query/response, 内容: {'status': 'success', 'data': 12, 'query_id': '1779787754.446962'}
[2026-05-26 17:29:14] [Middleware] 分发消息 - 主题: query/response, 内容: {'status': 'success', 'data': [], 'query_id': '1779787754.499107'}
[2026-05-26 17:29:14] [Middleware] 分发查询请求 - 主题: query/request, 内容: {'query_id': '1779787754.5888128', 'query_type': 'get_note', 'params': {'note_id': '2f396c90-3efe-4a5c-8fb1-816d4b4b60ab'}}
[2026-05-26 17:29:14] [Middleware] 接收到消息 - 主题: query/response, 内容: {'status': 'success', 'data': {'id': '2f396c90-3efe-4a5c-8fb1-816d4b4b60ab', 'title': '324234342', 'content': '23434234232432432432432', 'author': 'guest', 'created_at': None, 'likes': 13, 'comments': 0, 'heat': 26, 'status': 'approved'}, 'query_id': '1779787754.5888128'}
[2026-05-26 17:29:14] [Middleware] 接收到查询请求放入队列 - ID: 1779787754.725181, 类型: get_like_count
[2026-05-26 17:29:14] [Middleware] 分发消息 - 主题: query/response, 内容: {'status': 'success', 'data': {'id': '2f396c90-3efe-4a5c-8fb1-816d4b4b60ab', 'title': '324234342', 'content': '23434234232432432432432', 'author': 'guest', 'created_at': None, 'likes': 13, 'comments': 0, 'heat': 26, 'status': 'approved'}, 'query_id': '1779787754.5888128'}
[2026-05-26 17:29:14] [Middleware] 接收到消息 - 主题: note/like, 内容: {'note_id': '2f396c90-3efe-4a5c-8fb1-816d4b4b60ab', 'user_id': 'guest'}
[2026-05-26 17:29:14] [Middleware] 接收到查询请求放入队列 - ID: 1779787754.7758238, 类型: get_note
[2026-05-26 17:29:14] [Middleware] 分发查询请求 - 主题: query/request, 内容: {'query_id': '1779787754.725181', 'query_type': 'get_like_count', 'params': {'note_id': '2f396c90-3efe-4a5c-8fb1-816d4b4b60ab'}}
[2026-05-26 17:29:14] [Middleware] 分发查询请求 - 主题: query/request, 内容: {'query_id': '1779787754.7758238', 'query_type': 'get_note', 'params': {'note_id': '2f396c90-3efe-4a5c-8fb1-816d4b4b60ab'}}
[2026-05-26 17:29:14] [Middleware] 接收到消息 - 主题: query/response, 内容: {'status': 'success', 'data': 13, 'query_id': '1779787754.725181'}
[2026-05-26 17:29:14] [Middleware] 接收到查询请求放入队列 - ID: 1779787754.8107553, 类型: get_comments
[2026-05-26 17:29:14] [Middleware] 接收到消息 - 主题: query/response, 内容: {'status': 'success', 'data': {'id': '2f396c90-3efe-4a5c-8fb1-816d4b4b60ab', 'title': '324234342', 'content': '23434234232432432432432', 'author': 'guest', 'created_at': None, 'likes': 13, 'comments': 0, 'heat': 26, 'status': 'approved'}, 'query_id': '1779787754.7758238'}
[2026-05-26 17:29:14] [Middleware] 分发消息 - 主题: note/like, 内容: {'note_id': '2f396c90-3efe-4a5c-8fb1-816d4b4b60ab', 'user_id': 'guest'}
[2026-05-26 17:29:14] [Middleware] 分发消息 - 主题: query/response, 内容: {'status': 'success', 'data': 13, 'query_id': '1779787754.725181'}
[2026-05-26 17:29:14] [Middleware] 分发消息 - 主题: query/response, 内容: {'status': 'success', 'data': {'id': '2f396c90-3efe-4a5c-8fb1-816d4b4b60ab', 'title': '324234342', 'content': '23434234232432432432432', 'author': 'guest', 'created_at': None, 'likes': 13, 'comments': 0, 'heat': 26, 'status': 'approved'}, 'query_id': '1779787754.7758238'}
[2026-05-26 17:29:14] [Middleware] 接收到查询请求放入队列 - ID: 1779787754.895985, 类型: get_comments
[2026-05-26 17:29:14] [Middleware] 分发查询请求 - 主题: query/request, 内容: {'query_id': '1779787754.8107553', 'query_type': 'get_comments', 'params': {'note_id': '2f396c90-3efe-4a5c-8fb1-816d4b4b60ab'}}
[2026-05-26 17:29:14] [Middleware] 分发查询请求 - 主题: query/request, 内容: {'query_id': '1779787754.895985', 'query_type': 'get_comments', 'params': {'note_id': '2f396c90-3efe-4a5c-8fb1-816d4b4b60ab'}}
[2026-05-26 17:29:14] [Middleware] 接收到消息 - 主题: query/response, 内容: {'status': 'success', 'data': [], 'query_id': '1779787754.8107553'}
[2026-05-26 17:29:14] [Middleware] 接收到消息 - 主题: query/response, 内容: {'status': 'success', 'data': [], 'query_id': '1779787754.895985'}
[2026-05-26 17:29:14] [Middleware] 分发消息 - 主题: query/response, 内容: {'status': 'success', 'data': [], 'query_id': '1779787754.8107553'}
[2026-05-26 17:29:14] [Middleware] 分发消息 - 主题: query/response, 内容: {'status': 'success', 'data': [], 'query_id': '1779787754.895985'}
[2026-05-26 17:29:15] [Middleware] 接收到查询请求放入队列 - ID: 1779787755.0131254, 类型: get_like_count
[2026-05-26 17:29:15] [Middleware] 分发查询请求 - 主题: query/request, 内容: {'query_id': '1779787755.0131254', 'query_type': 'get_like_count', 'params': {'note_id': '2f396c90-3efe-4a5c-8fb1-816d4b4b60ab'}}
[2026-05-26 17:29:15] [Middleware] 接收到查询请求放入队列 - ID: 1779787755.0249443, 类型: get_like_count
[2026-05-26 17:29:15] [Middleware] 接收到消息 - 主题: query/response, 内容: {'status': 'success', 'data': 14, 'query_id': '1779787755.0131254'}
[2026-05-26 17:29:15] [Middleware] 分发消息 - 主题: query/response, 内容: {'status': 'success', 'data': 14, 'query_id': '1779787755.0131254'}
[2026-05-26 17:29:15] [Middleware] 分发查询请求 - 主题: query/request, 内容: {'query_id': '1779787755.0249443', 'query_type': 'get_like_count', 'params': {'note_id': '2f396c90-3efe-4a5c-8fb1-816d4b4b60ab'}}
[2026-05-26 17:29:15] [Middleware] 接收到消息 - 主题: query/response, 内容: {'status': 'success', 'data': 14, 'query_id': '1779787755.0249443'}
[2026-05-26 17:29:15] [Middleware] 分发消息 - 主题: query/response, 内容: {'status': 'success', 'data': 14, 'query_id': '1779787755.0249443'}
[2026-05-26 17:29:16] [Middleware] 接收到消息 - 主题: note/like, 内容: {'note_id': '2f396c90-3efe-4a5c-8fb1-816d4b4b60ab', 'user_id': 'guest'}
[2026-05-26 17:29:16] [Middleware] 接收到查询请求放入队列 - ID: 1779787756.4445322, 类型: get_note
[2026-05-26 17:29:16] [Middleware] 分发消息 - 主题: note/like, 内容: {'note_id': '2f396c90-3efe-4a5c-8fb1-816d4b4b60ab', 'user_id': 'guest'}
[2026-05-26 17:29:16] [Middleware] 分发查询请求 - 主题: query/request, 内容: {'query_id': '1779787756.4445322', 'query_type': 'get_note', 'params': {'note_id': '2f396c90-3efe-4a5c-8fb1-816d4b4b60ab'}}
[2026-05-26 17:29:16] [Middleware] 接收到消息 - 主题: query/response, 内容: {'status': 'success', 'data': {'id': '2f396c90-3efe-4a5c-8fb1-816d4b4b60ab', 'title': '324234342', 'content': '23434234232432432432432', 'author': 'guest', 'created_at': None, 'likes': 15, 'comments': 0, 'heat': 30, 'status': 'approved'}, 'query_id': '1779787756.4445322'}
[2026-05-26 17:29:16] [Middleware] 分发消息 - 主题: query/response, 内容: {'status': 'success', 'data': {'id': '2f396c90-3efe-4a5c-8fb1-816d4b4b60ab', 'title': '324234342', 'content': '23434234232432432432432', 'author': 'guest', 'created_at': None, 'likes': 15, 'comments': 0, 'heat': 30, 'status': 'approved'}, 'query_id': '1779787756.4445322'}
[2026-05-26 17:29:16] [Middleware] 接收到消息 - 主题: note/like, 内容: {'note_id': '2f396c90-3efe-4a5c-8fb1-816d4b4b60ab', 'user_id': 'guest'}
[2026-05-26 17:29:16] [Middleware] 接收到查询请求放入队列 - ID: 1779787756.6322272, 类型: get_note
[2026-05-26 17:29:16] [Middleware] 接收到查询请求放入队列 - ID: 1779787756.6704915, 类型: get_comments
[2026-05-26 17:29:16] [Middleware] 分发消息 - 主题: note/like, 内容: {'note_id': '2f396c90-3efe-4a5c-8fb1-816d4b4b60ab', 'user_id': 'guest'}
[2026-05-26 17:29:16] [Middleware] 分发查询请求 - 主题: query/request, 内容: {'query_id': '1779787756.6322272', 'query_type': 'get_note', 'params': {'note_id': '2f396c90-3efe-4a5c-8fb1-816d4b4b60ab'}}
[2026-05-26 17:29:16] [Middleware] 分发查询请求 - 主题: query/request, 内容: {'query_id': '1779787756.6704915', 'query_type': 'get_comments', 'params': {'note_id': '2f396c90-3efe-4a5c-8fb1-816d4b4b60ab'}}
[2026-05-26 17:29:16] [Middleware] 接收到消息 - 主题: query/response, 内容: {'status': 'success', 'data': {'id': '2f396c90-3efe-4a5c-8fb1-816d4b4b60ab', 'title': '324234342', 'content': '23434234232432432432432', 'author': 'guest', 'created_at': None, 'likes': 16, 'comments': 0, 'heat': 32, 'status': 'approved'}, 'query_id': '1779787756.6322272'}
[2026-05-26 17:29:16] [Middleware] 接收到消息 - 主题: query/response, 内容: {'status': 'success', 'data': [], 'query_id': '1779787756.6704915'}
[2026-05-26 17:29:16] [Middleware] 接收到消息 - 主题: note/like, 内容: {'note_id': '2f396c90-3efe-4a5c-8fb1-816d4b4b60ab', 'user_id': 'guest'}
[2026-05-26 17:29:16] [Middleware] 分发消息 - 主题: query/response, 内容: {'status': 'success', 'data': {'id': '2f396c90-3efe-4a5c-8fb1-816d4b4b60ab', 'title': '324234342', 'content': '23434234232432432432432', 'author': 'guest', 'created_at': None, 'likes': 16, 'comments': 0, 'heat': 32, 'status': 'approved'}, 'query_id': '1779787756.6322272'}
[2026-05-26 17:29:16] [Middleware] 分发消息 - 主题: query/response, 内容: {'status': 'success', 'data': [], 'query_id': '1779787756.6704915'}
[2026-05-26 17:29:16] [Middleware] 接收到查询请求放入队列 - ID: 1779787756.7970521, 类型: get_note
[2026-05-26 17:29:16] [Middleware] 分发消息 - 主题: note/like, 内容: {'note_id': '2f396c90-3efe-4a5c-8fb1-816d4b4b60ab', 'user_id': 'guest'}
[2026-05-26 17:29:16] [Middleware] 分发查询请求 - 主题: query/request, 内容: {'query_id': '1779787756.7970521', 'query_type': 'get_note', 'params': {'note_id': '2f396c90-3efe-4a5c-8fb1-816d4b4b60ab'}}
[2026-05-26 17:29:16] [Middleware] 接收到查询请求放入队列 - ID: 1779787756.859566, 类型: get_comments
[2026-05-26 17:29:16] [Middleware] 接收到消息 - 主题: query/response, 内容: {'status': 'success', 'data': {'id': '2f396c90-3efe-4a5c-8fb1-816d4b4b60ab', 'title': '324234342', 'content': '23434234232432432432432', 'author': 'guest', 'created_at': None, 'likes': 17, 'comments': 0, 'heat': 34, 'status': 'approved'}, 'query_id': '1779787756.7970521'}
[2026-05-26 17:29:16] [Middleware] 接收到查询请求放入队列 - ID: 1779787756.8892367, 类型: get_like_count
[2026-05-26 17:29:16] [Middleware] 分发消息 - 主题: query/response, 内容: {'status': 'success', 'data': {'id': '2f396c90-3efe-4a5c-8fb1-816d4b4b60ab', 'title': '324234342', 'content': '23434234232432432432432', 'author': 'guest', 'created_at': None, 'likes': 17, 'comments': 0, 'heat': 34, 'status': 'approved'}, 'query_id': '1779787756.7970521'}
[2026-05-26 17:29:16] [Middleware] 接收到消息 - 主题: note/like, 内容: {'note_id': '2f396c90-3efe-4a5c-8fb1-816d4b4b60ab', 'user_id': 'guest'}
[2026-05-26 17:29:16] [Middleware] 分发查询请求 - 主题: query/request, 内容: {'query_id': '1779787756.859566', 'query_type': 'get_comments', 'params': {'note_id': '2f396c90-3efe-4a5c-8fb1-816d4b4b60ab'}}
[2026-05-26 17:29:16] [Middleware] 接收到查询请求放入队列 - ID: 1779787756.9684782, 类型: get_note
[2026-05-26 17:29:16] [Middleware] 分发查询请求 - 主题: query/request, 内容: {'query_id': '1779787756.8892367', 'query_type': 'get_like_count', 'params': {'note_id': '2f396c90-3efe-4a5c-8fb1-816d4b4b60ab'}}
[2026-05-26 17:29:16] [Middleware] 接收到消息 - 主题: query/response, 内容: {'status': 'success', 'data': [], 'query_id': '1779787756.859566'}
[2026-05-26 17:29:16] [Middleware] 分发查询请求 - 主题: query/request, 内容: {'query_id': '1779787756.9684782', 'query_type': 'get_note', 'params': {'note_id': '2f396c90-3efe-4a5c-8fb1-816d4b4b60ab'}}
[2026-05-26 17:29:16] [Middleware] 接收到消息 - 主题: query/response, 内容: {'status': 'success', 'data': 17, 'query_id': '1779787756.8892367'}
[2026-05-26 17:29:16] [Middleware] 接收到消息 - 主题: query/response, 内容: {'status': 'success', 'data': {'id': '2f396c90-3efe-4a5c-8fb1-816d4b4b60ab', 'title': '324234342', 'content': '23434234232432432432432', 'author': 'guest', 'created_at': None, 'likes': 17, 'comments': 0, 'heat': 34, 'status': 'approved'}, 'query_id': '1779787756.9684782'}
[2026-05-26 17:29:17] [Middleware] 分发消息 - 主题: note/like, 内容: {'note_id': '2f396c90-3efe-4a5c-8fb1-816d4b4b60ab', 'user_id': 'guest'}
[2026-05-26 17:29:17] [Middleware] 接收到查询请求放入队列 - ID: 1779787757.0245266, 类型: get_comments
[2026-05-26 17:29:17] [Middleware] 分发消息 - 主题: query/response, 内容: {'status': 'success', 'data': [], 'query_id': '1779787756.859566'}
[2026-05-26 17:29:17] [Middleware] 分发消息 - 主题: query/response, 内容: {'status': 'success', 'data': 17, 'query_id': '1779787756.8892367'}
[2026-05-26 17:29:17] [Middleware] 分发消息 - 主题: query/response, 内容: {'status': 'success', 'data': {'id': '2f396c90-3efe-4a5c-8fb1-816d4b4b60ab', 'title': '324234342', 'content': '23434234232432432432432', 'author': 'guest', 'created_at': None, 'likes': 17, 'comments': 0, 'heat': 34, 'status': 'approved'}, 'query_id': '1779787756.9684782'}
[2026-05-26 17:29:17] [Middleware] 分发查询请求 - 主题: query/request, 内容: {'query_id': '1779787757.0245266', 'query_type': 'get_comments', 'params': {'note_id': '2f396c90-3efe-4a5c-8fb1-816d4b4b60ab'}}
[2026-05-26 17:29:17] [Middleware] 接收到查询请求放入队列 - ID: 1779787757.0876887, 类型: get_like_count
[2026-05-26 17:29:17] [Middleware] 接收到消息 - 主题: query/response, 内容: {'status': 'success', 'data': [], 'query_id': '1779787757.0245266'}
[2026-05-26 17:29:17] [Middleware] 接收到查询请求放入队列 - ID: 1779787757.0905757, 类型: get_comments
[2026-05-26 17:29:17] [Middleware] 接收到消息 - 主题: note/like, 内容: {'note_id': '2f396c90-3efe-4a5c-8fb1-816d4b4b60ab', 'user_id': 'guest'}
[2026-05-26 17:29:17] [Middleware] 接收到查询请求放入队列 - ID: 1779787757.1424987, 类型: get_note
[2026-05-26 17:29:17] [Middleware] 分发消息 - 主题: query/response, 内容: {'status': 'success', 'data': [], 'query_id': '1779787757.0245266'}
[2026-05-26 17:29:17] [Middleware] 分发消息 - 主题: note/like, 内容: {'note_id': '2f396c90-3efe-4a5c-8fb1-816d4b4b60ab', 'user_id': 'guest'}
[2026-05-26 17:29:17] [Middleware] 分发查询请求 - 主题: query/request, 内容: {'query_id': '1779787757.0876887', 'query_type': 'get_like_count', 'params': {'note_id': '2f396c90-3efe-4a5c-8fb1-816d4b4b60ab'}}
[2026-05-26 17:29:17] [Middleware] 分发查询请求 - 主题: query/request, 内容: {'query_id': '1779787757.0905757', 'query_type': 'get_comments', 'params': {'note_id': '2f396c90-3efe-4a5c-8fb1-816d4b4b60ab'}}
[2026-05-26 17:29:17] [Middleware] 接收到消息 - 主题: query/response, 内容: {'status': 'success', 'data': 19, 'query_id': '1779787757.0876887'}
[2026-05-26 17:29:17] [Middleware] 分发查询请求 - 主题: query/request, 内容: {'query_id': '1779787757.1424987', 'query_type': 'get_note', 'params': {'note_id': '2f396c90-3efe-4a5c-8fb1-816d4b4b60ab'}}
[2026-05-26 17:29:17] [Middleware] 接收到消息 - 主题: query/response, 内容: {'status': 'success', 'data': [], 'query_id': '1779787757.0905757'}
[2026-05-26 17:29:17] [Middleware] 接收到消息 - 主题: query/response, 内容: {'status': 'success', 'data': {'id': '2f396c90-3efe-4a5c-8fb1-816d4b4b60ab', 'title': '324234342', 'content': '23434234232432432432432', 'author': 'guest', 'created_at': None, 'likes': 19, 'comments': 0, 'heat': 38, 'status': 'approved'}, 'query_id': '1779787757.1424987'}
[2026-05-26 17:29:17] [Middleware] 接收到查询请求放入队列 - ID: 1779787757.2486181, 类型: get_like_count
[2026-05-26 17:29:17] [Middleware] 分发消息 - 主题: query/response, 内容: {'status': 'success', 'data': 19, 'query_id': '1779787757.0876887'}
[2026-05-26 17:29:17] [Middleware] 分发消息 - 主题: query/response, 内容: {'status': 'success', 'data': [], 'query_id': '1779787757.0905757'}
[2026-05-26 17:29:17] [Middleware] 分发消息 - 主题: query/response, 内容: {'status': 'success', 'data': {'id': '2f396c90-3efe-4a5c-8fb1-816d4b4b60ab', 'title': '324234342', 'content': '23434234232432432432432', 'author': 'guest', 'created_at': None, 'likes': 19, 'comments': 0, 'heat': 38, 'status': 'approved'}, 'query_id': '1779787757.1424987'}
[2026-05-26 17:29:17] [Middleware] 接收到查询请求放入队列 - ID: 1779787757.311587, 类型: get_like_count
[2026-05-26 17:29:17] [Middleware] 接收到消息 - 主题: note/like, 内容: {'note_id': '2f396c90-3efe-4a5c-8fb1-816d4b4b60ab', 'user_id': 'guest'}
[2026-05-26 17:29:17] [Middleware] 分发查询请求 - 主题: query/request, 内容: {'query_id': '1779787757.2486181', 'query_type': 'get_like_count', 'params': {'note_id': '2f396c90-3efe-4a5c-8fb1-816d4b4b60ab'}}
[2026-05-26 17:29:17] [Middleware] 分发查询请求 - 主题: query/request, 内容: {'query_id': '1779787757.311587', 'query_type': 'get_like_count', 'params': {'note_id': '2f396c90-3efe-4a5c-8fb1-816d4b4b60ab'}}
[2026-05-26 17:29:17] [Middleware] 接收到查询请求放入队列 - ID: 1779787757.3343337, 类型: get_note
[2026-05-26 17:29:17] [Middleware] 接收到消息 - 主题: query/response, 内容: {'status': 'success', 'data': 19, 'query_id': '1779787757.2486181'}
[2026-05-26 17:29:17] [Middleware] 接收到消息 - 主题: query/response, 内容: {'status': 'success', 'data': 19, 'query_id': '1779787757.311587'}
[2026-05-26 17:29:17] [Middleware] 接收到查询请求放入队列 - ID: 1779787757.3630958, 类型: get_comments
[2026-05-26 17:29:17] [Middleware] 分发消息 - 主题: note/like, 内容: {'note_id': '2f396c90-3efe-4a5c-8fb1-816d4b4b60ab', 'user_id': 'guest'}
[2026-05-26 17:29:17] [Middleware] 分发消息 - 主题: query/response, 内容: {'status': 'success', 'data': 19, 'query_id': '1779787757.2486181'}
[2026-05-26 17:29:17] [Middleware] 分发消息 - 主题: query/response, 内容: {'status': 'success', 'data': 19, 'query_id': '1779787757.311587'}
[2026-05-26 17:29:17] [Middleware] 分发查询请求 - 主题: query/request, 内容: {'query_id': '1779787757.3343337', 'query_type': 'get_note', 'params': {'note_id': '2f396c90-3efe-4a5c-8fb1-816d4b4b60ab'}}
[2026-05-26 17:29:17] [Middleware] 分发查询请求 - 主题: query/request, 内容: {'query_id': '1779787757.3630958', 'query_type': 'get_comments', 'params': {'note_id': '2f396c90-3efe-4a5c-8fb1-816d4b4b60ab'}}
[2026-05-26 17:29:17] [Middleware] 接收到消息 - 主题: query/response, 内容: {'status': 'success', 'data': {'id': '2f396c90-3efe-4a5c-8fb1-816d4b4b60ab', 'title': '324234342', 'content': '23434234232432432432432', 'author': 'guest', 'created_at': None, 'likes': 20, 'comments': 0, 'heat': 40, 'status': 'approved'}, 'query_id': '1779787757.3343337'}
[2026-05-26 17:29:17] [Middleware] 接收到消息 - 主题: query/response, 内容: {'status': 'success', 'data': [], 'query_id': '1779787757.3630958'}
[2026-05-26 17:29:17] [Middleware] 接收到消息 - 主题: note/like, 内容: {'note_id': '2f396c90-3efe-4a5c-8fb1-816d4b4b60ab', 'user_id': 'guest'}
[2026-05-26 17:29:17] [Middleware] 接收到查询请求放入队列 - ID: 1779787757.4841218, 类型: get_note
[2026-05-26 17:29:17] [Middleware] 分发消息 - 主题: query/response, 内容: {'status': 'success', 'data': {'id': '2f396c90-3efe-4a5c-8fb1-816d4b4b60ab', 'title': '324234342', 'content': '23434234232432432432432', 'author': 'guest', 'created_at': None, 'likes': 20, 'comments': 0, 'heat': 40, 'status': 'approved'}, 'query_id': '1779787757.3343337'}
[2026-05-26 17:29:17] [Middleware] 分发消息 - 主题: query/response, 内容: {'status': 'success', 'data': [], 'query_id': '1779787757.3630958'}
[2026-05-26 17:29:17] [Middleware] 分发消息 - 主题: note/like, 内容: {'note_id': '2f396c90-3efe-4a5c-8fb1-816d4b4b60ab', 'user_id': 'guest'}
[2026-05-26 17:29:17] [Middleware] 接收到查询请求放入队列 - ID: 1779787757.553088, 类型: get_comments
[2026-05-26 17:29:17] [Middleware] 分发查询请求 - 主题: query/request, 内容: {'query_id': '1779787757.4841218', 'query_type': 'get_note', 'params': {'note_id': '2f396c90-3efe-4a5c-8fb1-816d4b4b60ab'}}
[2026-05-26 17:29:17] [Middleware] 分发查询请求 - 主题: query/request, 内容: {'query_id': '1779787757.553088', 'query_type': 'get_comments', 'params': {'note_id': '2f396c90-3efe-4a5c-8fb1-816d4b4b60ab'}}
[2026-05-26 17:29:17] [Middleware] 接收到消息 - 主题: query/response, 内容: {'status': 'success', 'data': {'id': '2f396c90-3efe-4a5c-8fb1-816d4b4b60ab', 'title': '324234342', 'content': '23434234232432432432432', 'author': 'guest', 'created_at': None, 'likes': 21, 'comments': 0, 'heat': 42, 'status': 'approved'}, 'query_id': '1779787757.4841218'}
[2026-05-26 17:29:17] [Middleware] 接收到消息 - 主题: query/response, 内容: {'status': 'success', 'data': [], 'query_id': '1779787757.553088'}
[2026-05-26 17:29:17] [Middleware] 接收到查询请求放入队列 - ID: 1779787757.5997877, 类型: get_like_count
[2026-05-26 17:29:17] [Middleware] 分发消息 - 主题: query/response, 内容: {'status': 'success', 'data': {'id': '2f396c90-3efe-4a5c-8fb1-816d4b4b60ab', 'title': '324234342', 'content': '23434234232432432432432', 'author': 'guest', 'created_at': None, 'likes': 21, 'comments': 0, 'heat': 42, 'status': 'approved'}, 'query_id': '1779787757.4841218'}
[2026-05-26 17:29:17] [Middleware] 接收到消息 - 主题: note/like, 内容: {'note_id': '2f396c90-3efe-4a5c-8fb1-816d4b4b60ab', 'user_id': 'guest'}
[2026-05-26 17:29:17] [Middleware] 分发消息 - 主题: query/response, 内容: {'status': 'success', 'data': [], 'query_id': '1779787757.553088'}
[2026-05-26 17:29:17] [Middleware] 分发消息 - 主题: note/like, 内容: {'note_id': '2f396c90-3efe-4a5c-8fb1-816d4b4b60ab', 'user_id': 'guest'}
[2026-05-26 17:29:17] [Middleware] 接收到查询请求放入队列 - ID: 1779787757.6432812, 类型: get_note
[2026-05-26 17:29:17] [Middleware] 接收到查询请求放入队列 - ID: 1779787757.6613085, 类型: get_like_count
[2026-05-26 17:29:17] [Middleware] 分发查询请求 - 主题: query/request, 内容: {'query_id': '1779787757.5997877', 'query_type': 'get_like_count', 'params': {'note_id': '2f396c90-3efe-4a5c-8fb1-816d4b4b60ab'}}
[2026-05-26 17:29:17] [Middleware] 分发查询请求 - 主题: query/request, 内容: {'query_id': '1779787757.6432812', 'query_type': 'get_note', 'params': {'note_id': '2f396c90-3efe-4a5c-8fb1-816d4b4b60ab'}}
[2026-05-26 17:29:17] [Middleware] 分发查询请求 - 主题: query/request, 内容: {'query_id': '1779787757.6613085', 'query_type': 'get_like_count', 'params': {'note_id': '2f396c90-3efe-4a5c-8fb1-816d4b4b60ab'}}
[2026-05-26 17:29:17] [Middleware] 接收到消息 - 主题: query/response, 内容: {'status': 'success', 'data': 22, 'query_id': '1779787757.5997877'}
[2026-05-26 17:29:17] [Middleware] 接收到查询请求放入队列 - ID: 1779787757.7024353, 类型: get_comments
[2026-05-26 17:29:17] [Middleware] 接收到消息 - 主题: query/response, 内容: {'status': 'success', 'data': {'id': '2f396c90-3efe-4a5c-8fb1-816d4b4b60ab', 'title': '324234342', 'content': '23434234232432432432432', 'author': 'guest', 'created_at': None, 'likes': 22, 'comments': 0, 'heat': 44, 'status': 'approved'}, 'query_id': '1779787757.6432812'}
[2026-05-26 17:29:17] [Middleware] 接收到消息 - 主题: query/response, 内容: {'status': 'success', 'data': 22, 'query_id': '1779787757.6613085'}
[2026-05-26 17:29:17] [Middleware] 分发消息 - 主题: query/response, 内容: {'status': 'success', 'data': 22, 'query_id': '1779787757.5997877'}
[2026-05-26 17:29:17] [Middleware] 分发消息 - 主题: query/response, 内容: {'status': 'success', 'data': {'id': '2f396c90-3efe-4a5c-8fb1-816d4b4b60ab', 'title': '324234342', 'content': '23434234232432432432432', 'author': 'guest', 'created_at': None, 'likes': 22, 'comments': 0, 'heat': 44, 'status': 'approved'}, 'query_id': '1779787757.6432812'}
[2026-05-26 17:29:17] [Middleware] 分发消息 - 主题: query/response, 内容: {'status': 'success', 'data': 22, 'query_id': '1779787757.6613085'}
[2026-05-26 17:29:17] [Middleware] 分发查询请求 - 主题: query/request, 内容: {'query_id': '1779787757.7024353', 'query_type': 'get_comments', 'params': {'note_id': '2f396c90-3efe-4a5c-8fb1-816d4b4b60ab'}}
[2026-05-26 17:29:17] [Middleware] 接收到消息 - 主题: note/like, 内容: {'note_id': '2f396c90-3efe-4a5c-8fb1-816d4b4b60ab', 'user_id': 'guest'}
[2026-05-26 17:29:17] [Middleware] 接收到消息 - 主题: query/response, 内容: {'status': 'success', 'data': [], 'query_id': '1779787757.7024353'}
[2026-05-26 17:29:17] [Middleware] 接收到查询请求放入队列 - ID: 1779787757.8408535, 类型: get_note
[2026-05-26 17:29:17] [Middleware] 接收到查询请求放入队列 - ID: 1779787757.8563628, 类型: get_comments
[2026-05-26 17:29:17] [Middleware] 分发消息 - 主题: note/like, 内容: {'note_id': '2f396c90-3efe-4a5c-8fb1-816d4b4b60ab', 'user_id': 'guest'}
[2026-05-26 17:29:17] [Middleware] 分发消息 - 主题: query/response, 内容: {'status': 'success', 'data': [], 'query_id': '1779787757.7024353'}
[2026-05-26 17:29:17] [Middleware] 接收到查询请求放入队列 - ID: 1779787757.9200978, 类型: get_like_count
[2026-05-26 17:29:17] [Middleware] 分发查询请求 - 主题: query/request, 内容: {'query_id': '1779787757.8408535', 'query_type': 'get_note', 'params': {'note_id': '2f396c90-3efe-4a5c-8fb1-816d4b4b60ab'}}
[2026-05-26 17:29:17] [Middleware] 分发查询请求 - 主题: query/request, 内容: {'query_id': '1779787757.8563628', 'query_type': 'get_comments', 'params': {'note_id': '2f396c90-3efe-4a5c-8fb1-816d4b4b60ab'}}
[2026-05-26 17:29:17] [Middleware] 分发查询请求 - 主题: query/request, 内容: {'query_id': '1779787757.9200978', 'query_type': 'get_like_count', 'params': {'note_id': '2f396c90-3efe-4a5c-8fb1-816d4b4b60ab'}}
[2026-05-26 17:29:17] [Middleware] 接收到消息 - 主题: query/response, 内容: {'status': 'success', 'data': {'id': '2f396c90-3efe-4a5c-8fb1-816d4b4b60ab', 'title': '324234342', 'content': '23434234232432432432432', 'author': 'guest', 'created_at': None, 'likes': 23, 'comments': 0, 'heat': 46, 'status': 'approved'}, 'query_id': '1779787757.8408535'}
[2026-05-26 17:29:17] [Middleware] 接收到消息 - 主题: query/response, 内容: {'status': 'success', 'data': [], 'query_id': '1779787757.8563628'}
[2026-05-26 17:29:17] [Middleware] 接收到消息 - 主题: query/response, 内容: {'status': 'success', 'data': 23, 'query_id': '1779787757.9200978'}
[2026-05-26 17:29:17] [Middleware] 分发消息 - 主题: query/response, 内容: {'status': 'success', 'data': {'id': '2f396c90-3efe-4a5c-8fb1-816d4b4b60ab', 'title': '324234342', 'content': '23434234232432432432432', 'author': 'guest', 'created_at': None, 'likes': 23, 'comments': 0, 'heat': 46, 'status': 'approved'}, 'query_id': '1779787757.8408535'}
[2026-05-26 17:29:17] [Middleware] 分发消息 - 主题: query/response, 内容: {'status': 'success', 'data': [], 'query_id': '1779787757.8563628'}
[2026-05-26 17:29:17] [Middleware] 分发消息 - 主题: query/response, 内容: {'status': 'success', 'data': 23, 'query_id': '1779787757.9200978'}
[2026-05-26 17:29:18] [Middleware] 接收到查询请求放入队列 - ID: 1779787758.0531826, 类型: get_comments
[2026-05-26 17:29:18] [Middleware] 接收到查询请求放入队列 - ID: 1779787758.0779908, 类型: get_like_count
[2026-05-26 17:29:18] [Middleware] 分发查询请求 - 主题: query/request, 内容: {'query_id': '1779787758.0531826', 'query_type': 'get_comments', 'params': {'note_id': '2f396c90-3efe-4a5c-8fb1-816d4b4b60ab'}}
[2026-05-26 17:29:18] [Middleware] 分发查询请求 - 主题: query/request, 内容: {'query_id': '1779787758.0779908', 'query_type': 'get_like_count', 'params': {'note_id': '2f396c90-3efe-4a5c-8fb1-816d4b4b60ab'}}
[2026-05-26 17:29:18] [Middleware] 接收到消息 - 主题: query/response, 内容: {'status': 'success', 'data': [], 'query_id': '1779787758.0531826'}
[2026-05-26 17:29:18] [Middleware] 接收到消息 - 主题: query/response, 内容: {'status': 'success', 'data': 23, 'query_id': '1779787758.0779908'}
[2026-05-26 17:29:18] [Middleware] 分发消息 - 主题: query/response, 内容: {'status': 'success', 'data': [], 'query_id': '1779787758.0531826'}
[2026-05-26 17:29:18] [Middleware] 分发消息 - 主题: query/response, 内容: {'status': 'success', 'data': 23, 'query_id': '1779787758.0779908'}
[2026-05-26 17:29:18] [Middleware] 接收到查询请求放入队列 - ID: 1779787758.2665353, 类型: get_like_count
[2026-05-26 17:29:18] [Middleware] 分发查询请求 - 主题: query/request, 内容: {'query_id': '1779787758.2665353', 'query_type': 'get_like_count', 'params': {'note_id': '2f396c90-3efe-4a5c-8fb1-816d4b4b60ab'}}
[2026-05-26 17:29:18] [Middleware] 接收到消息 - 主题: query/response, 内容: {'status': 'success', 'data': 23, 'query_id': '1779787758.2665353'}
[2026-05-26 17:29:18] [Middleware] 分发消息 - 主题: query/response, 内容: {'status': 'success', 'data': 23, 'query_id': '1779787758.2665353'}
