[2026-05-26 17:28:39] [Producer] 已连接到中间件 127.0.0.1:5001
[2026-05-26 17:28:55] [Producer] 已发送消息 - 主题: query/response, 内容: {'status': 'success', 'data': [{'id': '4cbd6681-8b0d-4de1-ada9-9bf2900a8573', 'title': '111', 'content': '1111', 'author': 'guest', 'created_at': None, 'likes': 0, 'comments': 0, 'heat': 0, 'status': 'approved'}, {'id': 'f4e8c84e-0b91-4105-a36e-701623db2646', 'title': '123', 'content': '123', 'author': 'guest', 'created_at': None, 'likes': 0, 'comments': 0, 'heat': 0, 'status': 'approved'}, {'id': 'eca01e10-0c3d-4ca4-b3c2-a47b300bc9dd', 'title': '123', 'content': '333', 'author': 'guest', 'created_at': None, 'likes': 0, 'comments': 0, 'heat': 0, 'status': 'approved'}], 'query_id': '1779787734.8968635'}
[2026-05-26 17:28:57] [Producer] 已发送消息 - 主题: query/response, 内容: {'status': 'success', 'data': {'id': '4cbd6681-8b0d-4de1-ada9-9bf2900a8573', 'title': '111', 'content': '1111', 'author': 'guest', 'created_at': None, 'likes': 0, 'comments': 0, 'heat': 0, 'status': 'approved'}, 'query_id': '1779787737.454274'}
[2026-05-26 17:28:57] [Producer] 已发送消息 - 主题: query/response, 内容: {'status': 'success', 'data': [], 'query_id': '1779787737.6702642'}
[2026-05-26 17:28:57] [Producer] 已发送消息 - 主题: query/response, 内容: {'status': 'success', 'data': 0, 'query_id': '1779787737.8864098'}
[2026-05-26 17:29:05] [Producer] 已连接到中间件 127.0.0.1:5001
[2026-05-26 17:29:05] [Producer] 已发送消息 - 主题: note/publish, 内容: {'note_id': '2f396c90-3efe-4a5c-8fb1-816d4b4b60ab', 'title': '324234342', 'content': '23434234232432432432432', 'author': 'guest', 'created_at': None}
[2026-05-26 17:29:05] [Producer] 已发送消息 - 主题: query/response, 内容: {'status': 'success', 'data': [{'id': '4cbd6681-8b0d-4de1-ada9-9bf2900a8573', 'title': '111', 'content': '1111', 'author': 'guest', 'created_at': None, 'likes': 0, 'comments': 0, 'heat': 0, 'status': 'approved'}, {'id': 'f4e8c84e-0b91-4105-a36e-701623db2646', 'title': '123', 'content': '123', 'author': 'guest', 'created_at': None, 'likes': 0, 'comments': 0, 'heat': 0, 'status': 'approved'}, {'id': 'eca01e10-0c3d-4ca4-b3c2-a47b300bc9dd', 'title': '123', 'content': '333', 'author': 'guest', 'created_at': None, 'likes': 0, 'comments': 0, 'heat': 0, 'status': 'approved'}], 'query_id': '1779787745.2215497'}
[2026-05-26 17:29:07] [Producer] 已发送消息 - 主题: query/response, 内容: {'status': 'success', 'data': [{'id': '4cbd6681-8b0d-4de1-ada9-9bf2900a8573', 'title': '111', 'content': '1111', 'author': 'guest', 'created_at': None, 'likes': 0, 'comments': 0, 'heat': 0, 'status': 'approved'}, {'id': 'f4e8c84e-0b91-4105-a36e-701623db2646', 'title': '123', 'content': '123', 'author': 'guest', 'created_at': None, 'likes': 0, 'comments': 0, 'heat': 0, 'status': 'approved'}, {'id': 'eca01e10-0c3d-4ca4-b3c2-a47b300bc9dd', 'title': '123', 'content': '333', 'author': 'guest', 'created_at': None, 'likes': 0, 'comments': 0, 'heat': 0, 'status': 'approved'}, {'id': '2f396c90-3efe-4a5c-8fb1-816d4b4b60ab', 'title': '324234342', 'content': '23434234232432432432432', 'author': 'guest', 'created_at': None, 'likes': 0, 'comments': 0, 'heat': 0, 'status': 'approved'}], 'query_id': '1779787747.7096317'}
[2026-05-26 17:29:09] [Producer] 已发送消息 - 主题: query/response, 内容: {'status': 'success', 'data': {'id': '2f396c90-3efe-4a5c-8fb1-816d4b4b60ab', 'title': '324234342', 'content': '23434234232432432432432', 'author': 'guest', 'created_at': None, 'likes': 0, 'comments': 0, 'heat': 0, 'status': 'approved'}, 'query_id': '1779787749.3777523'}
[2026-05-26 17:29:09] [Producer] 已发送消息 - 主题: query/response, 内容: {'status': 'success', 'data': [], 'query_id': '1779787749.6027944'}
[2026-05-26 17:29:09] [Producer] 已发送消息 - 主题: query/response, 内容: {'status': 'success', 'data': 0, 'query_id': '1779787749.820341'}
[2026-05-26 17:29:11] [Producer] 已发送消息 - 主题: note/like, 内容: {'note_id': '2f396c90-3efe-4a5c-8fb1-816d4b4b60ab', 'user_id': 'guest'}
[2026-05-26 17:29:11] [Producer] 已发送消息 - 主题: query/response, 内容: {'status': 'success', 'data': {'id': '2f396c90-3efe-4a5c-8fb1-816d4b4b60ab', 'title': '324234342', 'content': '23434234232432432432432', 'author': 'guest', 'created_at': None, 'likes': 0, 'comments': 0, 'heat': 0, 'status': 'approved'}, 'query_id': '1779787751.6309023'}
[2026-05-26 17:29:11] [Producer] 已发送消息 - 主题: query/response, 内容: {'status': 'success', 'data': [], 'query_id': '1779787751.8498769'}
[2026-05-26 17:29:12] [Producer] 已发送消息 - 主题: query/response, 内容: {'status': 'success', 'data': 1, 'query_id': '1779787751.9684427'}
[2026-05-26 17:29:12] [Producer] 已发送消息 - 主题: note/like, 内容: {'note_id': '2f396c90-3efe-4a5c-8fb1-816d4b4b60ab', 'user_id': 'guest'}
[2026-05-26 17:29:12] [Producer] 已发送消息 - 主题: query/response, 内容: {'status': 'success', 'data': {'id': '2f396c90-3efe-4a5c-8fb1-816d4b4b60ab', 'title': '324234342', 'content': '23434234232432432432432', 'author': 'guest', 'created_at': None, 'likes': 1, 'comments': 0, 'heat': 2, 'status': 'approved'}, 'query_id': '1779787752.4925582'}
[2026-05-26 17:29:12] [Producer] 已发送消息 - 主题: note/like, 内容: {'note_id': '2f396c90-3efe-4a5c-8fb1-816d4b4b60ab', 'user_id': 'guest'}
[2026-05-26 17:29:12] [Producer] 已发送消息 - 主题: query/response, 内容: {'status': 'success', 'data': {'id': '2f396c90-3efe-4a5c-8fb1-816d4b4b60ab', 'title': '324234342', 'content': '23434234232432432432432', 'author': 'guest', 'created_at': None, 'likes': 3, 'comments': 0, 'heat': 6, 'status': 'approved'}, 'query_id': '1779787752.6910484'}
[2026-05-26 17:29:12] [Producer] 已发送消息 - 主题: query/response, 内容: {'status': 'success', 'data': [], 'query_id': '1779787752.705697'}
[2026-05-26 17:29:12] [Producer] 已发送消息 - 主题: note/like, 内容: {'note_id': '2f396c90-3efe-4a5c-8fb1-816d4b4b60ab', 'user_id': 'guest'}
[2026-05-26 17:29:12] [Producer] 已发送消息 - 主题: query/response, 内容: {'status': 'success', 'data': {'id': '2f396c90-3efe-4a5c-8fb1-816d4b4b60ab', 'title': '324234342', 'content': '23434234232432432432432', 'author': 'guest', 'created_at': None, 'likes': 4, 'comments': 0, 'heat': 6, 'status': 'approved'}, 'query_id': '1779787752.8753257'}
[2026-05-26 17:29:13] [Producer] 已发送消息 - 主题: query/response, 内容: {'status': 'success', 'data': [], 'query_id': '1779787752.9239762'}
[2026-05-26 17:29:13] [Producer] 已发送消息 - 主题: query/response, 内容: {'status': 'success', 'data': 4, 'query_id': '1779787752.9290626'}
[2026-05-26 17:29:13] [Producer] 已发送消息 - 主题: note/like, 内容: {'note_id': '2f396c90-3efe-4a5c-8fb1-816d4b4b60ab', 'user_id': 'guest'}
[2026-05-26 17:29:13] [Producer] 已发送消息 - 主题: query/response, 内容: {'status': 'success', 'data': {'id': '2f396c90-3efe-4a5c-8fb1-816d4b4b60ab', 'title': '324234342', 'content': '23434234232432432432432', 'author': 'guest', 'created_at': None, 'likes': 4, 'comments': 0, 'heat': 10, 'status': 'approved'}, 'query_id': '1779787753.0734925'}
[2026-05-26 17:29:13] [Producer] 已发送消息 - 主题: query/response, 内容: {'status': 'success', 'data': [], 'query_id': '1779787753.099509'}
[2026-05-26 17:29:13] [Producer] 已发送消息 - 主题: note/like, 内容: {'note_id': '2f396c90-3efe-4a5c-8fb1-816d4b4b60ab', 'user_id': 'guest'}
[2026-05-26 17:29:13] [Producer] 已发送消息 - 主题: query/response, 内容: {'status': 'success', 'data': 5, 'query_id': '1779787753.1505203'}
[2026-05-26 17:29:13] [Producer] 已发送消息 - 主题: query/response, 内容: {'status': 'success', 'data': {'id': '2f396c90-3efe-4a5c-8fb1-816d4b4b60ab', 'title': '324234342', 'content': '23434234232432432432432', 'author': 'guest', 'created_at': None, 'likes': 5, 'comments': 0, 'heat': 10, 'status': 'approved'}, 'query_id': '1779787753.2753642'}
[2026-05-26 17:29:13] [Producer] 已发送消息 - 主题: query/response, 内容: {'status': 'success', 'data': [], 'query_id': '1779787753.291799'}
[2026-05-26 17:29:13] [Producer] 已发送消息 - 主题: query/response, 内容: {'status': 'success', 'data': 6, 'query_id': '1779787753.323247'}
[2026-05-26 17:29:13] [Producer] 已发送消息 - 主题: note/like, 内容: {'note_id': '2f396c90-3efe-4a5c-8fb1-816d4b4b60ab', 'user_id': 'guest'}
[2026-05-26 17:29:13] [Producer] 已发送消息 - 主题: query/response, 内容: {'status': 'success', 'data': {'id': '2f396c90-3efe-4a5c-8fb1-816d4b4b60ab', 'title': '324234342', 'content': '23434234232432432432432', 'author': 'guest', 'created_at': None, 'likes': 6, 'comments': 0, 'heat': 12, 'status': 'approved'}, 'query_id': '1779787753.458189'}
[2026-05-26 17:29:13] [Producer] 已发送消息 - 主题: query/response, 内容: {'status': 'success', 'data': 7, 'query_id': '1779787753.5081682'}
[2026-05-26 17:29:13] [Producer] 已发送消息 - 主题: query/response, 内容: {'status': 'success', 'data': [], 'query_id': '1779787753.5732787'}
[2026-05-26 17:29:13] [Producer] 已发送消息 - 主题: note/like, 内容: {'note_id': '2f396c90-3efe-4a5c-8fb1-816d4b4b60ab', 'user_id': 'guest'}
[2026-05-26 17:29:13] [Producer] 已发送消息 - 主题: query/response, 内容: {'status': 'success', 'data': [], 'query_id': '1779787753.6063101'}
[2026-05-26 17:29:13] [Producer] 已发送消息 - 主题: query/response, 内容: {'status': 'success', 'data': {'id': '2f396c90-3efe-4a5c-8fb1-816d4b4b60ab', 'title': '324234342', 'content': '23434234232432432432432', 'author': 'guest', 'created_at': None, 'likes': 7, 'comments': 0, 'heat': 14, 'status': 'approved'}, 'query_id': '1779787753.6451795'}
[2026-05-26 17:29:13] [Producer] 已发送消息 - 主题: note/like, 内容: {'note_id': '2f396c90-3efe-4a5c-8fb1-816d4b4b60ab', 'user_id': 'guest'}
[2026-05-26 17:29:13] [Producer] 已发送消息 - 主题: query/response, 内容: {'status': 'success', 'data': 8, 'query_id': '1779787753.7977734'}
[2026-05-26 17:29:13] [Producer] 已发送消息 - 主题: query/response, 内容: {'status': 'success', 'data': 9, 'query_id': '1779787753.8269331'}
[2026-05-26 17:29:13] [Producer] 已发送消息 - 主题: note/like, 内容: {'note_id': '2f396c90-3efe-4a5c-8fb1-816d4b4b60ab', 'user_id': 'guest'}
[2026-05-26 17:29:13] [Producer] 已发送消息 - 主题: query/response, 内容: {'status': 'success', 'data': {'id': '2f396c90-3efe-4a5c-8fb1-816d4b4b60ab', 'title': '324234342', 'content': '23434234232432432432432', 'author': 'guest', 'created_at': None, 'likes': 9, 'comments': 0, 'heat': 18, 'status': 'approved'}, 'query_id': '1779787753.866245'}
[2026-05-26 17:29:14] [Producer] 已发送消息 - 主题: query/response, 内容: {'status': 'success', 'data': [], 'query_id': '1779787753.8848147'}
[2026-05-26 17:29:14] [Producer] 已发送消息 - 主题: query/response, 内容: {'status': 'success', 'data': {'id': '2f396c90-3efe-4a5c-8fb1-816d4b4b60ab', 'title': '324234342', 'content': '23434234232432432432432', 'author': 'guest', 'created_at': None, 'likes': 10, 'comments': 0, 'heat': 20, 'status': 'approved'}, 'query_id': '1779787754.0077906'}
[2026-05-26 17:29:14] [Producer] 已发送消息 - 主题: note/like, 内容: {'note_id': '2f396c90-3efe-4a5c-8fb1-816d4b4b60ab', 'user_id': 'guest'}
[2026-05-26 17:29:14] [Producer] 已发送消息 - 主题: query/response, 内容: {'status': 'success', 'data': [], 'query_id': '1779787754.1071954'}
[2026-05-26 17:29:14] [Producer] 已发送消息 - 主题: query/response, 内容: {'status': 'success', 'data': {'id': '2f396c90-3efe-4a5c-8fb1-816d4b4b60ab', 'title': '324234342', 'content': '23434234232432432432432', 'author': 'guest', 'created_at': None, 'likes': 10, 'comments': 0, 'heat': 20, 'status': 'approved'}, 'query_id': '1779787754.182282'}
[2026-05-26 17:29:14] [Producer] 已发送消息 - 主题: query/response, 内容: {'status': 'success', 'data': 11, 'query_id': '1779787754.2224162'}
[2026-05-26 17:29:14] [Producer] 已发送消息 - 主题: query/response, 内容: {'status': 'success', 'data': [], 'query_id': '1779787754.2290506'}
[2026-05-26 17:29:14] [Producer] 已发送消息 - 主题: query/response, 内容: {'status': 'success', 'data': [], 'query_id': '1779787754.297686'}
[2026-05-26 17:29:14] [Producer] 已发送消息 - 主题: note/like, 内容: {'note_id': '2f396c90-3efe-4a5c-8fb1-816d4b4b60ab', 'user_id': 'guest'}
[2026-05-26 17:29:14] [Producer] 已发送消息 - 主题: query/response, 内容: {'status': 'success', 'data': 12, 'query_id': '1779787754.337072'}
[2026-05-26 17:29:14] [Producer] 已发送消息 - 主题: query/response, 内容: {'status': 'success', 'data': {'id': '2f396c90-3efe-4a5c-8fb1-816d4b4b60ab', 'title': '324234342', 'content': '23434234232432432432432', 'author': 'guest', 'created_at': None, 'likes': 12, 'comments': 0, 'heat': 24, 'status': 'approved'}, 'query_id': '1779787754.3894649'}
[2026-05-26 17:29:14] [Producer] 已发送消息 - 主题: query/response, 内容: {'status': 'success', 'data': 12, 'query_id': '1779787754.4169116'}
[2026-05-26 17:29:14] [Producer] 已发送消息 - 主题: note/like, 内容: {'note_id': '2f396c90-3efe-4a5c-8fb1-816d4b4b60ab', 'user_id': 'guest'}
[2026-05-26 17:29:14] [Producer] 已发送消息 - 主题: query/response, 内容: {'status': 'success', 'data': 12, 'query_id': '1779787754.446962'}
[2026-05-26 17:29:14] [Producer] 已发送消息 - 主题: query/response, 内容: {'status': 'success', 'data': [], 'query_id': '1779787754.499107'}
[2026-05-26 17:29:14] [Producer] 已发送消息 - 主题: query/response, 内容: {'status': 'success', 'data': {'id': '2f396c90-3efe-4a5c-8fb1-816d4b4b60ab', 'title': '324234342', 'content': '23434234232432432432432', 'author': 'guest', 'created_at': None, 'likes': 13, 'comments': 0, 'heat': 26, 'status': 'approved'}, 'query_id': '1779787754.5888128'}
[2026-05-26 17:29:14] [Producer] 已发送消息 - 主题: note/like, 内容: {'note_id': '2f396c90-3efe-4a5c-8fb1-816d4b4b60ab', 'user_id': 'guest'}
[2026-05-26 17:29:14] [Producer] 已发送消息 - 主题: query/response, 内容: {'status': 'success', 'data': 13, 'query_id': '1779787754.725181'}
[2026-05-26 17:29:14] [Producer] 已发送消息 - 主题: query/response, 内容: {'status': 'success', 'data': {'id': '2f396c90-3efe-4a5c-8fb1-816d4b4b60ab', 'title': '324234342', 'content': '23434234232432432432432', 'author': 'guest', 'created_at': None, 'likes': 13, 'comments': 0, 'heat': 26, 'status': 'approved'}, 'query_id': '1779787754.7758238'}
[2026-05-26 17:29:14] [Producer] 已发送消息 - 主题: query/response, 内容: {'status': 'success', 'data': [], 'query_id': '1779787754.8107553'}
[2026-05-26 17:29:14] [Producer] 已发送消息 - 主题: query/response, 内容: {'status': 'success', 'data': [], 'query_id': '1779787754.895985'}
[2026-05-26 17:29:15] [Producer] 已发送消息 - 主题: query/response, 内容: {'status': 'success', 'data': 14, 'query_id': '1779787755.0131254'}
[2026-05-26 17:29:15] [Producer] 已发送消息 - 主题: query/response, 内容: {'status': 'success', 'data': 14, 'query_id': '1779787755.0249443'}
[2026-05-26 17:29:16] [Producer] 已发送消息 - 主题: note/like, 内容: {'note_id': '2f396c90-3efe-4a5c-8fb1-816d4b4b60ab', 'user_id': 'guest'}
[2026-05-26 17:29:16] [Producer] 已发送消息 - 主题: query/response, 内容: {'status': 'success', 'data': {'id': '2f396c90-3efe-4a5c-8fb1-816d4b4b60ab', 'title': '324234342', 'content': '23434234232432432432432', 'author': 'guest', 'created_at': None, 'likes': 15, 'comments': 0, 'heat': 30, 'status': 'approved'}, 'query_id': '1779787756.4445322'}
[2026-05-26 17:29:16] [Producer] 已发送消息 - 主题: note/like, 内容: {'note_id': '2f396c90-3efe-4a5c-8fb1-816d4b4b60ab', 'user_id': 'guest'}
[2026-05-26 17:29:16] [Producer] 已发送消息 - 主题: query/response, 内容: {'status': 'success', 'data': {'id': '2f396c90-3efe-4a5c-8fb1-816d4b4b60ab', 'title': '324234342', 'content': '23434234232432432432432', 'author': 'guest', 'created_at': None, 'likes': 16, 'comments': 0, 'heat': 32, 'status': 'approved'}, 'query_id': '1779787756.6322272'}
[2026-05-26 17:29:16] [Producer] 已发送消息 - 主题: query/response, 内容: {'status': 'success', 'data': [], 'query_id': '1779787756.6704915'}
[2026-05-26 17:29:16] [Producer] 已发送消息 - 主题: note/like, 内容: {'note_id': '2f396c90-3efe-4a5c-8fb1-816d4b4b60ab', 'user_id': 'guest'}
[2026-05-26 17:29:16] [Producer] 已发送消息 - 主题: query/response, 内容: {'status': 'success', 'data': {'id': '2f396c90-3efe-4a5c-8fb1-816d4b4b60ab', 'title': '324234342', 'content': '23434234232432432432432', 'author': 'guest', 'created_at': None, 'likes': 17, 'comments': 0, 'heat': 34, 'status': 'approved'}, 'query_id': '1779787756.7970521'}
[2026-05-26 17:29:16] [Producer] 已发送消息 - 主题: note/like, 内容: {'note_id': '2f396c90-3efe-4a5c-8fb1-816d4b4b60ab', 'user_id': 'guest'}
[2026-05-26 17:29:16] [Producer] 已发送消息 - 主题: query/response, 内容: {'status': 'success', 'data': [], 'query_id': '1779787756.859566'}
[2026-05-26 17:29:16] [Producer] 已发送消息 - 主题: query/response, 内容: {'status': 'success', 'data': 17, 'query_id': '1779787756.8892367'}
[2026-05-26 17:29:16] [Producer] 已发送消息 - 主题: query/response, 内容: {'status': 'success', 'data': {'id': '2f396c90-3efe-4a5c-8fb1-816d4b4b60ab', 'title': '324234342', 'content': '23434234232432432432432', 'author': 'guest', 'created_at': None, 'likes': 17, 'comments': 0, 'heat': 34, 'status': 'approved'}, 'query_id': '1779787756.9684782'}
[2026-05-26 17:29:17] [Producer] 已发送消息 - 主题: query/response, 内容: {'status': 'success', 'data': [], 'query_id': '1779787757.0245266'}
[2026-05-26 17:29:17] [Producer] 已发送消息 - 主题: note/like, 内容: {'note_id': '2f396c90-3efe-4a5c-8fb1-816d4b4b60ab', 'user_id': 'guest'}
[2026-05-26 17:29:17] [Producer] 已发送消息 - 主题: query/response, 内容: {'status': 'success', 'data': 19, 'query_id': '1779787757.0876887'}
[2026-05-26 17:29:17] [Producer] 已发送消息 - 主题: query/response, 内容: {'status': 'success', 'data': [], 'query_id': '1779787757.0905757'}
[2026-05-26 17:29:17] [Producer] 已发送消息 - 主题: query/response, 内容: {'status': 'success', 'data': {'id': '2f396c90-3efe-4a5c-8fb1-816d4b4b60ab', 'title': '324234342', 'content': '23434234232432432432432', 'author': 'guest', 'created_at': None, 'likes': 19, 'comments': 0, 'heat': 38, 'status': 'approved'}, 'query_id': '1779787757.1424987'}
[2026-05-26 17:29:17] [Producer] 已发送消息 - 主题: note/like, 内容: {'note_id': '2f396c90-3efe-4a5c-8fb1-816d4b4b60ab', 'user_id': 'guest'}
[2026-05-26 17:29:17] [Producer] 已发送消息 - 主题: query/response, 内容: {'status': 'success', 'data': 19, 'query_id': '1779787757.2486181'}
[2026-05-26 17:29:17] [Producer] 已发送消息 - 主题: query/response, 内容: {'status': 'success', 'data': 19, 'query_id': '1779787757.311587'}
[2026-05-26 17:29:17] [Producer] 已发送消息 - 主题: query/response, 内容: {'status': 'success', 'data': {'id': '2f396c90-3efe-4a5c-8fb1-816d4b4b60ab', 'title': '324234342', 'content': '23434234232432432432432', 'author': 'guest', 'created_at': None, 'likes': 20, 'comments': 0, 'heat': 40, 'status': 'approved'}, 'query_id': '1779787757.3343337'}
[2026-05-26 17:29:17] [Producer] 已发送消息 - 主题: query/response, 内容: {'status': 'success', 'data': [], 'query_id': '1779787757.3630958'}
[2026-05-26 17:29:17] [Producer] 已发送消息 - 主题: note/like, 内容: {'note_id': '2f396c90-3efe-4a5c-8fb1-816d4b4b60ab', 'user_id': 'guest'}
[2026-05-26 17:29:17] [Producer] 已发送消息 - 主题: query/response, 内容: {'status': 'success', 'data': {'id': '2f396c90-3efe-4a5c-8fb1-816d4b4b60ab', 'title': '324234342', 'content': '23434234232432432432432', 'author': 'guest', 'created_at': None, 'likes': 21, 'comments': 0, 'heat': 42, 'status': 'approved'}, 'query_id': '1779787757.4841218'}
[2026-05-26 17:29:17] [Producer] 已发送消息 - 主题: query/response, 内容: {'status': 'success', 'data': [], 'query_id': '1779787757.553088'}
[2026-05-26 17:29:17] [Producer] 已发送消息 - 主题: note/like, 内容: {'note_id': '2f396c90-3efe-4a5c-8fb1-816d4b4b60ab', 'user_id': 'guest'}
[2026-05-26 17:29:17] [Producer] 已发送消息 - 主题: query/response, 内容: {'status': 'success', 'data': 22, 'query_id': '1779787757.5997877'}
[2026-05-26 17:29:17] [Producer] 已发送消息 - 主题: query/response, 内容: {'status': 'success', 'data': {'id': '2f396c90-3efe-4a5c-8fb1-816d4b4b60ab', 'title': '324234342', 'content': '23434234232432432432432', 'author': 'guest', 'created_at': None, 'likes': 22, 'comments': 0, 'heat': 44, 'status': 'approved'}, 'query_id': '1779787757.6432812'}
[2026-05-26 17:29:17] [Producer] 已发送消息 - 主题: query/response, 内容: {'status': 'success', 'data': 22, 'query_id': '1779787757.6613085'}
[2026-05-26 17:29:17] [Producer] 已发送消息 - 主题: note/like, 内容: {'note_id': '2f396c90-3efe-4a5c-8fb1-816d4b4b60ab', 'user_id': 'guest'}
[2026-05-26 17:29:17] [Producer] 已发送消息 - 主题: query/response, 内容: {'status': 'success', 'data': [], 'query_id': '1779787757.7024353'}
[2026-05-26 17:29:17] [Producer] 已发送消息 - 主题: query/response, 内容: {'status': 'success', 'data': {'id': '2f396c90-3efe-4a5c-8fb1-816d4b4b60ab', 'title': '324234342', 'content': '23434234232432432432432', 'author': 'guest', 'created_at': None, 'likes': 23, 'comments': 0, 'heat': 46, 'status': 'approved'}, 'query_id': '1779787757.8408535'}
[2026-05-26 17:29:17] [Producer] 已发送消息 - 主题: query/response, 内容: {'status': 'success', 'data': [], 'query_id': '1779787757.8563628'}
[2026-05-26 17:29:17] [Producer] 已发送消息 - 主题: query/response, 内容: {'status': 'success', 'data': 23, 'query_id': '1779787757.9200978'}
[2026-05-26 17:29:18] [Producer] 已发送消息 - 主题: query/response, 内容: {'status': 'success', 'data': [], 'query_id': '1779787758.0531826'}
[2026-05-26 17:29:18] [Producer] 已发送消息 - 主题: query/response, 内容: {'status': 'success', 'data': 23, 'query_id': '1779787758.0779908'}
[2026-05-26 17:29:18] [Producer] 已发送消息 - 主题: query/response, 内容: {'status': 'success', 'data': 23, 'query_id': '1779787758.2665353'}
