[2026-05-26 17:28:55] [QueryConsumer] 处理查询请求 - ID: 1779787734.8968635, 类型: get_notes
[2026-05-26 17:28:55] [QueryConsumer] 查询完成 - ID: 1779787734.8968635, 状态: success
[2026-05-26 17:28:57] [QueryConsumer] 处理查询请求 - ID: 1779787737.454274, 类型: get_note
[2026-05-26 17:28:57] [QueryConsumer] 查询完成 - ID: 1779787737.454274, 状态: success
[2026-05-26 17:28:57] [QueryConsumer] 处理查询请求 - ID: 1779787737.6702642, 类型: get_comments
[2026-05-26 17:28:57] [QueryConsumer] 查询完成 - ID: 1779787737.6702642, 状态: success
[2026-05-26 17:28:57] [QueryConsumer] 处理查询请求 - ID: 1779787737.8864098, 类型: get_like_count
[2026-05-26 17:28:57] [QueryConsumer] 查询完成 - ID: 1779787737.8864098, 状态: success
[2026-05-26 17:29:05] [QueryConsumer] 处理查询请求 - ID: 1779787745.2215497, 类型: get_notes
[2026-05-26 17:29:05] [QueryConsumer] 查询完成 - ID: 1779787745.2215497, 状态: success
[2026-05-26 17:29:07] [QueryConsumer] 处理查询请求 - ID: 1779787747.7096317, 类型: get_notes
[2026-05-26 17:29:07] [QueryConsumer] 查询完成 - ID: 1779787747.7096317, 状态: success
[2026-05-26 17:29:09] [QueryConsumer] 处理查询请求 - ID: 1779787749.3777523, 类型: get_note
[2026-05-26 17:29:09] [QueryConsumer] 查询完成 - ID: 1779787749.3777523, 状态: success
[2026-05-26 17:29:09] [QueryConsumer] 处理查询请求 - ID: 1779787749.6027944, 类型: get_comments
[2026-05-26 17:29:09] [QueryConsumer] 查询完成 - ID: 1779787749.6027944, 状态: success
[2026-05-26 17:29:09] [QueryConsumer] 处理查询请求 - ID: 1779787749.820341, 类型: get_like_count
[2026-05-26 17:29:09] [QueryConsumer] 查询完成 - ID: 1779787749.820341, 状态: success
[2026-05-26 17:29:11] [QueryConsumer] 处理查询请求 - ID: 1779787751.6309023, 类型: get_note
[2026-05-26 17:29:11] [QueryConsumer] 查询完成 - ID: 1779787751.6309023, 状态: success
[2026-05-26 17:29:11] [QueryConsumer] 处理查询请求 - ID: 1779787751.8498769, 类型: get_comments
[2026-05-26 17:29:11] [QueryConsumer] 查询完成 - ID: 1779787751.8498769, 状态: success
[2026-05-26 17:29:12] [QueryConsumer] 处理查询请求 - ID: 1779787751.9684427, 类型: get_like_count
[2026-05-26 17:29:12] [QueryConsumer] 查询完成 - ID: 1779787751.9684427, 状态: success
[2026-05-26 17:29:12] [QueryConsumer] 处理查询请求 - ID: 1779787752.4925582, 类型: get_note
[2026-05-26 17:29:12] [QueryConsumer] 查询完成 - ID: 1779787752.4925582, 状态: success
[2026-05-26 17:29:12] [QueryConsumer] 处理查询请求 - ID: 1779787752.6910484, 类型: get_note
[2026-05-26 17:29:12] [QueryConsumer] 查询完成 - ID: 1779787752.6910484, 状态: success
[2026-05-26 17:29:12] [QueryConsumer] 处理查询请求 - ID: 1779787752.705697, 类型: get_comments
[2026-05-26 17:29:12] [QueryConsumer] 查询完成 - ID: 1779787752.705697, 状态: success
[2026-05-26 17:29:12] [QueryConsumer] 处理查询请求 - ID: 1779787752.8753257, 类型: get_note
[2026-05-26 17:29:12] [QueryConsumer] 查询完成 - ID: 1779787752.8753257, 状态: success
[2026-05-26 17:29:13] [QueryConsumer] 处理查询请求 - ID: 1779787752.9239762, 类型: get_comments
[2026-05-26 17:29:13] [QueryConsumer] 查询完成 - ID: 1779787752.9239762, 状态: success
[2026-05-26 17:29:13] [QueryConsumer] 处理查询请求 - ID: 1779787752.9290626, 类型: get_like_count
[2026-05-26 17:29:13] [QueryConsumer] 查询完成 - ID: 1779787752.9290626, 状态: success
[2026-05-26 17:29:13] [QueryConsumer] 处理查询请求 - ID: 1779787753.0734925, 类型: get_note
[2026-05-26 17:29:13] [QueryConsumer] 查询完成 - ID: 1779787753.0734925, 状态: success
[2026-05-26 17:29:13] [QueryConsumer] 处理查询请求 - ID: 1779787753.099509, 类型: get_comments
[2026-05-26 17:29:13] [QueryConsumer] 查询完成 - ID: 1779787753.099509, 状态: success
[2026-05-26 17:29:13] [QueryConsumer] 处理查询请求 - ID: 1779787753.1505203, 类型: get_like_count
[2026-05-26 17:29:13] [QueryConsumer] 查询完成 - ID: 1779787753.1505203, 状态: success
[2026-05-26 17:29:13] [QueryConsumer] 处理查询请求 - ID: 1779787753.2753642, 类型: get_note
[2026-05-26 17:29:13] [QueryConsumer] 查询完成 - ID: 1779787753.2753642, 状态: success
[2026-05-26 17:29:13] [QueryConsumer] 处理查询请求 - ID: 1779787753.291799, 类型: get_comments
[2026-05-26 17:29:13] [QueryConsumer] 查询完成 - ID: 1779787753.291799, 状态: success
[2026-05-26 17:29:13] [QueryConsumer] 处理查询请求 - ID: 1779787753.323247, 类型: get_like_count
[2026-05-26 17:29:13] [QueryConsumer] 查询完成 - ID: 1779787753.323247, 状态: success
[2026-05-26 17:29:13] [QueryConsumer] 处理查询请求 - ID: 1779787753.458189, 类型: get_note
[2026-05-26 17:29:13] [QueryConsumer] 查询完成 - ID: 1779787753.458189, 状态: success
[2026-05-26 17:29:13] [QueryConsumer] 处理查询请求 - ID: 1779787753.5081682, 类型: get_like_count
[2026-05-26 17:29:13] [QueryConsumer] 查询完成 - ID: 1779787753.5081682, 状态: success
[2026-05-26 17:29:13] [QueryConsumer] 处理查询请求 - ID: 1779787753.5732787, 类型: get_comments
[2026-05-26 17:29:13] [QueryConsumer] 查询完成 - ID: 1779787753.5732787, 状态: success
[2026-05-26 17:29:13] [QueryConsumer] 处理查询请求 - ID: 1779787753.6063101, 类型: get_comments
[2026-05-26 17:29:13] [QueryConsumer] 查询完成 - ID: 1779787753.6063101, 状态: success
[2026-05-26 17:29:13] [QueryConsumer] 处理查询请求 - ID: 1779787753.6451795, 类型: get_note
[2026-05-26 17:29:13] [QueryConsumer] 查询完成 - ID: 1779787753.6451795, 状态: success
[2026-05-26 17:29:13] [QueryConsumer] 处理查询请求 - ID: 1779787753.7977734, 类型: get_like_count
[2026-05-26 17:29:13] [QueryConsumer] 查询完成 - ID: 1779787753.7977734, 状态: success
[2026-05-26 17:29:13] [QueryConsumer] 处理查询请求 - ID: 1779787753.8269331, 类型: get_like_count
[2026-05-26 17:29:13] [QueryConsumer] 查询完成 - ID: 1779787753.8269331, 状态: success
[2026-05-26 17:29:13] [QueryConsumer] 处理查询请求 - ID: 1779787753.866245, 类型: get_note
[2026-05-26 17:29:13] [QueryConsumer] 查询完成 - ID: 1779787753.866245, 状态: success
[2026-05-26 17:29:14] [QueryConsumer] 处理查询请求 - ID: 1779787753.8848147, 类型: get_comments
[2026-05-26 17:29:14] [QueryConsumer] 查询完成 - ID: 1779787753.8848147, 状态: success
[2026-05-26 17:29:14] [QueryConsumer] 处理查询请求 - ID: 1779787754.0077906, 类型: get_note
[2026-05-26 17:29:14] [QueryConsumer] 查询完成 - ID: 1779787754.0077906, 状态: success
[2026-05-26 17:29:14] [QueryConsumer] 处理查询请求 - ID: 1779787754.1071954, 类型: get_comments
[2026-05-26 17:29:14] [QueryConsumer] 查询完成 - ID: 1779787754.1071954, 状态: success
[2026-05-26 17:29:14] [QueryConsumer] 处理查询请求 - ID: 1779787754.182282, 类型: get_note
[2026-05-26 17:29:14] [QueryConsumer] 查询完成 - ID: 1779787754.182282, 状态: success
[2026-05-26 17:29:14] [QueryConsumer] 处理查询请求 - ID: 1779787754.2224162, 类型: get_like_count
[2026-05-26 17:29:14] [QueryConsumer] 查询完成 - ID: 1779787754.2224162, 状态: success
[2026-05-26 17:29:14] [QueryConsumer] 处理查询请求 - ID: 1779787754.2290506, 类型: get_comments
[2026-05-26 17:29:14] [QueryConsumer] 查询完成 - ID: 1779787754.2290506, 状态: success
[2026-05-26 17:29:14] [QueryConsumer] 处理查询请求 - ID: 1779787754.297686, 类型: get_comments
[2026-05-26 17:29:14] [QueryConsumer] 查询完成 - ID: 1779787754.297686, 状态: success
[2026-05-26 17:29:14] [QueryConsumer] 处理查询请求 - ID: 1779787754.337072, 类型: get_like_count
[2026-05-26 17:29:14] [QueryConsumer] 查询完成 - ID: 1779787754.337072, 状态: success
[2026-05-26 17:29:14] [QueryConsumer] 处理查询请求 - ID: 1779787754.3894649, 类型: get_note
[2026-05-26 17:29:14] [QueryConsumer] 查询完成 - ID: 1779787754.3894649, 状态: success
[2026-05-26 17:29:14] [QueryConsumer] 处理查询请求 - ID: 1779787754.4169116, 类型: get_like_count
[2026-05-26 17:29:14] [QueryConsumer] 查询完成 - ID: 1779787754.4169116, 状态: success
[2026-05-26 17:29:14] [QueryConsumer] 处理查询请求 - ID: 1779787754.446962, 类型: get_like_count
[2026-05-26 17:29:14] [QueryConsumer] 查询完成 - ID: 1779787754.446962, 状态: success
[2026-05-26 17:29:14] [QueryConsumer] 处理查询请求 - ID: 1779787754.499107, 类型: get_comments
[2026-05-26 17:29:14] [QueryConsumer] 查询完成 - ID: 1779787754.499107, 状态: success
[2026-05-26 17:29:14] [QueryConsumer] 处理查询请求 - ID: 1779787754.5888128, 类型: get_note
[2026-05-26 17:29:14] [QueryConsumer] 查询完成 - ID: 1779787754.5888128, 状态: success
[2026-05-26 17:29:14] [QueryConsumer] 处理查询请求 - ID: 1779787754.725181, 类型: get_like_count
[2026-05-26 17:29:14] [QueryConsumer] 查询完成 - ID: 1779787754.725181, 状态: success
[2026-05-26 17:29:14] [QueryConsumer] 处理查询请求 - ID: 1779787754.7758238, 类型: get_note
[2026-05-26 17:29:14] [QueryConsumer] 查询完成 - ID: 1779787754.7758238, 状态: success
[2026-05-26 17:29:14] [QueryConsumer] 处理查询请求 - ID: 1779787754.8107553, 类型: get_comments
[2026-05-26 17:29:14] [QueryConsumer] 查询完成 - ID: 1779787754.8107553, 状态: success
[2026-05-26 17:29:14] [QueryConsumer] 处理查询请求 - ID: 1779787754.895985, 类型: get_comments
[2026-05-26 17:29:14] [QueryConsumer] 查询完成 - ID: 1779787754.895985, 状态: success
[2026-05-26 17:29:15] [QueryConsumer] 处理查询请求 - ID: 1779787755.0131254, 类型: get_like_count
[2026-05-26 17:29:15] [QueryConsumer] 查询完成 - ID: 1779787755.0131254, 状态: success
[2026-05-26 17:29:15] [QueryConsumer] 处理查询请求 - ID: 1779787755.0249443, 类型: get_like_count
[2026-05-26 17:29:15] [QueryConsumer] 查询完成 - ID: 1779787755.0249443, 状态: success
[2026-05-26 17:29:16] [QueryConsumer] 处理查询请求 - ID: 1779787756.4445322, 类型: get_note
[2026-05-26 17:29:16] [QueryConsumer] 查询完成 - ID: 1779787756.4445322, 状态: success
[2026-05-26 17:29:16] [QueryConsumer] 处理查询请求 - ID: 1779787756.6322272, 类型: get_note
[2026-05-26 17:29:16] [QueryConsumer] 查询完成 - ID: 1779787756.6322272, 状态: success
[2026-05-26 17:29:16] [QueryConsumer] 处理查询请求 - ID: 1779787756.6704915, 类型: get_comments
[2026-05-26 17:29:16] [QueryConsumer] 查询完成 - ID: 1779787756.6704915, 状态: success
[2026-05-26 17:29:16] [QueryConsumer] 处理查询请求 - ID: 1779787756.7970521, 类型: get_note
[2026-05-26 17:29:16] [QueryConsumer] 查询完成 - ID: 1779787756.7970521, 状态: success
[2026-05-26 17:29:16] [QueryConsumer] 处理查询请求 - ID: 1779787756.859566, 类型: get_comments
[2026-05-26 17:29:16] [QueryConsumer] 查询完成 - ID: 1779787756.859566, 状态: success
[2026-05-26 17:29:16] [QueryConsumer] 处理查询请求 - ID: 1779787756.8892367, 类型: get_like_count
[2026-05-26 17:29:16] [QueryConsumer] 查询完成 - ID: 1779787756.8892367, 状态: success
[2026-05-26 17:29:16] [QueryConsumer] 处理查询请求 - ID: 1779787756.9684782, 类型: get_note
[2026-05-26 17:29:17] [QueryConsumer] 查询完成 - ID: 1779787756.9684782, 状态: success
[2026-05-26 17:29:17] [QueryConsumer] 处理查询请求 - ID: 1779787757.0245266, 类型: get_comments
[2026-05-26 17:29:17] [QueryConsumer] 查询完成 - ID: 1779787757.0245266, 状态: success
[2026-05-26 17:29:17] [QueryConsumer] 处理查询请求 - ID: 1779787757.0876887, 类型: get_like_count
[2026-05-26 17:29:17] [QueryConsumer] 查询完成 - ID: 1779787757.0876887, 状态: success
[2026-05-26 17:29:17] [QueryConsumer] 处理查询请求 - ID: 1779787757.0905757, 类型: get_comments
[2026-05-26 17:29:17] [QueryConsumer] 查询完成 - ID: 1779787757.0905757, 状态: success
[2026-05-26 17:29:17] [QueryConsumer] 处理查询请求 - ID: 1779787757.1424987, 类型: get_note
[2026-05-26 17:29:17] [QueryConsumer] 查询完成 - ID: 1779787757.1424987, 状态: success
[2026-05-26 17:29:17] [QueryConsumer] 处理查询请求 - ID: 1779787757.2486181, 类型: get_like_count
[2026-05-26 17:29:17] [QueryConsumer] 查询完成 - ID: 1779787757.2486181, 状态: success
[2026-05-26 17:29:17] [QueryConsumer] 处理查询请求 - ID: 1779787757.311587, 类型: get_like_count
[2026-05-26 17:29:17] [QueryConsumer] 查询完成 - ID: 1779787757.311587, 状态: success
[2026-05-26 17:29:17] [QueryConsumer] 处理查询请求 - ID: 1779787757.3343337, 类型: get_note
[2026-05-26 17:29:17] [QueryConsumer] 查询完成 - ID: 1779787757.3343337, 状态: success
[2026-05-26 17:29:17] [QueryConsumer] 处理查询请求 - ID: 1779787757.3630958, 类型: get_comments
[2026-05-26 17:29:17] [QueryConsumer] 查询完成 - ID: 1779787757.3630958, 状态: success
[2026-05-26 17:29:17] [QueryConsumer] 处理查询请求 - ID: 1779787757.4841218, 类型: get_note
[2026-05-26 17:29:17] [QueryConsumer] 查询完成 - ID: 1779787757.4841218, 状态: success
[2026-05-26 17:29:17] [QueryConsumer] 处理查询请求 - ID: 1779787757.553088, 类型: get_comments
[2026-05-26 17:29:17] [QueryConsumer] 查询完成 - ID: 1779787757.553088, 状态: success
[2026-05-26 17:29:17] [QueryConsumer] 处理查询请求 - ID: 1779787757.5997877, 类型: get_like_count
[2026-05-26 17:29:17] [QueryConsumer] 查询完成 - ID: 1779787757.5997877, 状态: success
[2026-05-26 17:29:17] [QueryConsumer] 处理查询请求 - ID: 1779787757.6432812, 类型: get_note
[2026-05-26 17:29:17] [QueryConsumer] 查询完成 - ID: 1779787757.6432812, 状态: success
[2026-05-26 17:29:17] [QueryConsumer] 处理查询请求 - ID: 1779787757.6613085, 类型: get_like_count
[2026-05-26 17:29:17] [QueryConsumer] 查询完成 - ID: 1779787757.6613085, 状态: success
[2026-05-26 17:29:17] [QueryConsumer] 处理查询请求 - ID: 1779787757.7024353, 类型: get_comments
[2026-05-26 17:29:17] [QueryConsumer] 查询完成 - ID: 1779787757.7024353, 状态: success
[2026-05-26 17:29:17] [QueryConsumer] 处理查询请求 - ID: 1779787757.8408535, 类型: get_note
[2026-05-26 17:29:17] [QueryConsumer] 查询完成 - ID: 1779787757.8408535, 状态: success
[2026-05-26 17:29:17] [QueryConsumer] 处理查询请求 - ID: 1779787757.8563628, 类型: get_comments
[2026-05-26 17:29:17] [QueryConsumer] 查询完成 - ID: 1779787757.8563628, 状态: success
[2026-05-26 17:29:17] [QueryConsumer] 处理查询请求 - ID: 1779787757.9200978, 类型: get_like_count
[2026-05-26 17:29:17] [QueryConsumer] 查询完成 - ID: 1779787757.9200978, 状态: success
[2026-05-26 17:29:18] [QueryConsumer] 处理查询请求 - ID: 1779787758.0531826, 类型: get_comments
[2026-05-26 17:29:18] [QueryConsumer] 查询完成 - ID: 1779787758.0531826, 状态: success
[2026-05-26 17:29:18] [QueryConsumer] 处理查询请求 - ID: 1779787758.0779908, 类型: get_like_count
[2026-05-26 17:29:18] [QueryConsumer] 查询完成 - ID: 1779787758.0779908, 状态: success
[2026-05-26 17:29:18] [QueryConsumer] 处理查询请求 - ID: 1779787758.2665353, 类型: get_like_count
[2026-05-26 17:29:18] [QueryConsumer] 查询完成 - ID: 1779787758.2665353, 状态: success
