[2026-05-26 17:28:39.449] CONNECTION_OPEN | 总连接数: 1 | 活跃连接数: 1
[2026-05-26 17:28:39.449] CONNECTION_OPEN | 总连接数: 2 | 活跃连接数: 2
[2026-05-26 17:28:39.452] CONNECTION_OPEN | 总连接数: 3 | 活跃连接数: 3
[2026-05-26 17:28:39.463] CONNECTION_OPEN | 总连接数: 4 | 活跃连接数: 4
[2026-05-26 17:28:39.465] CONNECTION_OPEN | 总连接数: 5 | 活跃连接数: 5
[2026-05-26 17:28:54.899] CONNECTION_OPEN | 总连接数: 6 | 活跃连接数: 6
[2026-05-26 17:28:54.908] RECEIVE_QUERY | 类型: get_notes | 总数: 1
[2026-05-26 17:28:55.014] DISPATCH_QUERY | 类型: get_notes | 总数: 1
[2026-05-26 17:28:55.026] RECEIVE_MESSAGE | 主题: query/response | 总数: 1
[2026-05-26 17:28:55.125] DISPATCH_MESSAGE | 主题: query/response | 总数: 1
[2026-05-26 17:28:57.457] RECEIVE_QUERY | 类型: get_note | 总数: 2
[2026-05-26 17:28:57.488] DISPATCH_QUERY | 类型: get_note | 总数: 2
[2026-05-26 17:28:57.494] RECEIVE_MESSAGE | 主题: query/response | 总数: 2
[2026-05-26 17:28:57.594] DISPATCH_MESSAGE | 主题: query/response | 总数: 2
[2026-05-26 17:28:57.672] RECEIVE_QUERY | 类型: get_comments | 总数: 3
[2026-05-26 17:28:57.702] DISPATCH_QUERY | 类型: get_comments | 总数: 3
[2026-05-26 17:28:57.711] RECEIVE_MESSAGE | 主题: query/response | 总数: 3
[2026-05-26 17:28:57.804] DISPATCH_MESSAGE | 主题: query/response | 总数: 3
[2026-05-26 17:28:57.888] RECEIVE_QUERY | 类型: get_like_count | 总数: 4
[2026-05-26 17:28:57.923] DISPATCH_QUERY | 类型: get_like_count | 总数: 4
[2026-05-26 17:28:57.932] RECEIVE_MESSAGE | 主题: query/response | 总数: 4
[2026-05-26 17:28:58.028] DISPATCH_MESSAGE | 主题: query/response | 总数: 4
[2026-05-26 17:29:05.206] CONNECTION_OPEN | 总连接数: 7 | 活跃连接数: 7
[2026-05-26 17:29:05.213] RECEIVE_MESSAGE | 主题: note/publish | 总数: 5
[2026-05-26 17:29:05.226] RECEIVE_QUERY | 类型: get_notes | 总数: 5
[2026-05-26 17:29:05.235] DISPATCH_QUERY | 类型: get_notes | 总数: 5
[2026-05-26 17:29:05.238] DISPATCH_MESSAGE | 主题: note/publish | 总数: 5
[2026-05-26 17:29:05.247] RECEIVE_MESSAGE | 主题: query/response | 总数: 6
[2026-05-26 17:29:05.354] DISPATCH_MESSAGE | 主题: query/response | 总数: 6
[2026-05-26 17:29:07.712] RECEIVE_QUERY | 类型: get_notes | 总数: 6
[2026-05-26 17:29:07.795] DISPATCH_QUERY | 类型: get_notes | 总数: 6
[2026-05-26 17:29:07.806] RECEIVE_MESSAGE | 主题: query/response | 总数: 7
[2026-05-26 17:29:07.894] DISPATCH_MESSAGE | 主题: query/response | 总数: 7
[2026-05-26 17:29:09.378] RECEIVE_QUERY | 类型: get_note | 总数: 7
[2026-05-26 17:29:09.405] DISPATCH_QUERY | 类型: get_note | 总数: 7
[2026-05-26 17:29:09.412] RECEIVE_MESSAGE | 主题: query/response | 总数: 8
============================================================
【流量统计报告】 2026-05-26 17:29:09
============================================================
消息统计:
  - 接收到的消息: 8
  - 已分发的消息: 7
  - 按主题分布:
    * note/publish: 1 条
    * query/response: 7 条

查询统计:
  - 接收到的查询: 7
  - 已分发的查询: 7
  - 按类型分布:
    * get_comments: 1 次
    * get_like_count: 1 次
    * get_note: 2 次
    * get_notes: 3 次

连接统计:
  - 总连接数: 7
  - 当前活跃连接: 7

延迟统计（毫秒）:
  - 平均延迟: 0.00 ms
  - 最大延迟: 0.00 ms
  - 最小延迟: inf ms

错误统计:
  - 总错误数: 0
============================================================
[2026-05-26 17:29:09.513] DISPATCH_MESSAGE | 主题: query/response | 总数: 8
[2026-05-26 17:29:09.604] RECEIVE_QUERY | 类型: get_comments | 总数: 8
[2026-05-26 17:29:09.616] DISPATCH_QUERY | 类型: get_comments | 总数: 8
[2026-05-26 17:29:09.625] RECEIVE_MESSAGE | 主题: query/response | 总数: 9
[2026-05-26 17:29:09.733] DISPATCH_MESSAGE | 主题: query/response | 总数: 9
[2026-05-26 17:29:09.824] RECEIVE_QUERY | 类型: get_like_count | 总数: 9
[2026-05-26 17:29:09.835] DISPATCH_QUERY | 类型: get_like_count | 总数: 9
[2026-05-26 17:29:09.845] RECEIVE_MESSAGE | 主题: query/response | 总数: 10
[2026-05-26 17:29:09.851] DISPATCH_MESSAGE | 主题: query/response | 总数: 10
[2026-05-26 17:29:11.607] RECEIVE_MESSAGE | 主题: note/like | 总数: 11
[2026-05-26 17:29:11.636] RECEIVE_QUERY | 类型: get_note | 总数: 10
[2026-05-26 17:29:11.662] DISPATCH_QUERY | 类型: get_note | 总数: 10
[2026-05-26 17:29:11.665] DISPATCH_MESSAGE | 主题: note/like | 总数: 11
[2026-05-26 17:29:11.676] RECEIVE_MESSAGE | 主题: query/response | 总数: 12
[2026-05-26 17:29:11.781] DISPATCH_MESSAGE | 主题: query/response | 总数: 12
[2026-05-26 17:29:11.853] RECEIVE_QUERY | 类型: get_comments | 总数: 11
[2026-05-26 17:29:11.885] DISPATCH_QUERY | 类型: get_comments | 总数: 11
[2026-05-26 17:29:11.893] RECEIVE_MESSAGE | 主题: query/response | 总数: 13
[2026-05-26 17:29:11.902] DISPATCH_MESSAGE | 主题: query/response | 总数: 13
[2026-05-26 17:29:11.971] RECEIVE_QUERY | 类型: get_like_count | 总数: 12
[2026-05-26 17:29:12.003] DISPATCH_QUERY | 类型: get_like_count | 总数: 12
[2026-05-26 17:29:12.008] RECEIVE_MESSAGE | 主题: query/response | 总数: 14
[2026-05-26 17:29:12.012] DISPATCH_MESSAGE | 主题: query/response | 总数: 14
[2026-05-26 17:29:12.485] RECEIVE_MESSAGE | 主题: note/like | 总数: 15
[2026-05-26 17:29:12.494] RECEIVE_QUERY | 类型: get_note | 总数: 13
[2026-05-26 17:29:12.558] DISPATCH_QUERY | 类型: get_note | 总数: 13
[2026-05-26 17:29:12.562] DISPATCH_MESSAGE | 主题: note/like | 总数: 15
[2026-05-26 17:29:12.570] RECEIVE_MESSAGE | 主题: query/response | 总数: 16
[2026-05-26 17:29:12.680] DISPATCH_MESSAGE | 主题: query/response | 总数: 16
[2026-05-26 17:29:12.681] RECEIVE_MESSAGE | 主题: note/like | 总数: 17
[2026-05-26 17:29:12.685] DISPATCH_MESSAGE | 主题: note/like | 总数: 17
[2026-05-26 17:29:12.693] RECEIVE_QUERY | 类型: get_note | 总数: 14
[2026-05-26 17:29:12.708] RECEIVE_QUERY | 类型: get_comments | 总数: 15
[2026-05-26 17:29:12.791] DISPATCH_QUERY | 类型: get_note | 总数: 14
[2026-05-26 17:29:12.794] DISPATCH_QUERY | 类型: get_comments | 总数: 15
[2026-05-26 17:29:12.800] RECEIVE_MESSAGE | 主题: query/response | 总数: 18
[2026-05-26 17:29:12.813] RECEIVE_MESSAGE | 主题: query/response | 总数: 19
[2026-05-26 17:29:12.866] RECEIVE_MESSAGE | 主题: note/like | 总数: 20
[2026-05-26 17:29:12.877] RECEIVE_QUERY | 类型: get_note | 总数: 16
[2026-05-26 17:29:12.898] DISPATCH_MESSAGE | 主题: query/response | 总数: 18
[2026-05-26 17:29:12.903] DISPATCH_MESSAGE | 主题: query/response | 总数: 19
[2026-05-26 17:29:12.905] DISPATCH_MESSAGE | 主题: note/like | 总数: 20
[2026-05-26 17:29:12.909] DISPATCH_QUERY | 类型: get_note | 总数: 16
[2026-05-26 17:29:12.926] RECEIVE_QUERY | 类型: get_comments | 总数: 17
[2026-05-26 17:29:12.934] RECEIVE_QUERY | 类型: get_like_count | 总数: 18
[2026-05-26 17:29:12.952] RECEIVE_MESSAGE | 主题: query/response | 总数: 21
[2026-05-26 17:29:13.025] DISPATCH_MESSAGE | 主题: query/response | 总数: 21
[2026-05-26 17:29:13.026] DISPATCH_QUERY | 类型: get_comments | 总数: 17
[2026-05-26 17:29:13.030] DISPATCH_QUERY | 类型: get_like_count | 总数: 18
[2026-05-26 17:29:13.032] RECEIVE_MESSAGE | 主题: query/response | 总数: 22
[2026-05-26 17:29:13.041] RECEIVE_MESSAGE | 主题: query/response | 总数: 23
[2026-05-26 17:29:13.064] RECEIVE_MESSAGE | 主题: note/like | 总数: 24
[2026-05-26 17:29:13.076] RECEIVE_QUERY | 类型: get_note | 总数: 19
[2026-05-26 17:29:13.103] RECEIVE_QUERY | 类型: get_comments | 总数: 20
[2026-05-26 17:29:13.129] DISPATCH_MESSAGE | 主题: query/response | 总数: 22
[2026-05-26 17:29:13.132] DISPATCH_MESSAGE | 主题: query/response | 总数: 23
[2026-05-26 17:29:13.136] DISPATCH_MESSAGE | 主题: note/like | 总数: 24
[2026-05-26 17:29:13.144] DISPATCH_QUERY | 类型: get_note | 总数: 19
[2026-05-26 17:29:13.153] DISPATCH_QUERY | 类型: get_comments | 总数: 20
[2026-05-26 17:29:13.156] RECEIVE_QUERY | 类型: get_like_count | 总数: 21
[2026-05-26 17:29:13.175] RECEIVE_MESSAGE | 主题: query/response | 总数: 25
[2026-05-26 17:29:13.191] RECEIVE_MESSAGE | 主题: query/response | 总数: 26
[2026-05-26 17:29:13.254] DISPATCH_MESSAGE | 主题: query/response | 总数: 25
[2026-05-26 17:29:13.259] DISPATCH_MESSAGE | 主题: query/response | 总数: 26
[2026-05-26 17:29:13.262] DISPATCH_QUERY | 类型: get_like_count | 总数: 21
[2026-05-26 17:29:13.264] RECEIVE_MESSAGE | 主题: note/like | 总数: 27
[2026-05-26 17:29:13.277] RECEIVE_MESSAGE | 主题: query/response | 总数: 28
[2026-05-26 17:29:13.279] RECEIVE_QUERY | 类型: get_note | 总数: 22
[2026-05-26 17:29:13.293] RECEIVE_QUERY | 类型: get_comments | 总数: 23
[2026-05-26 17:29:13.325] RECEIVE_QUERY | 类型: get_like_count | 总数: 24
[2026-05-26 17:29:13.368] DISPATCH_QUERY | 类型: get_note | 总数: 22
[2026-05-26 17:29:13.372] DISPATCH_MESSAGE | 主题: note/like | 总数: 27
[2026-05-26 17:29:13.374] DISPATCH_QUERY | 类型: get_comments | 总数: 23
[2026-05-26 17:29:13.374] DISPATCH_MESSAGE | 主题: query/response | 总数: 28
[2026-05-26 17:29:13.380] DISPATCH_QUERY | 类型: get_like_count | 总数: 24
[2026-05-26 17:29:13.383] RECEIVE_MESSAGE | 主题: query/response | 总数: 29
[2026-05-26 17:29:13.393] RECEIVE_MESSAGE | 主题: query/response | 总数: 30
[2026-05-26 17:29:13.401] RECEIVE_MESSAGE | 主题: query/response | 总数: 31
[2026-05-26 17:29:13.444] RECEIVE_MESSAGE | 主题: note/like | 总数: 32
[2026-05-26 17:29:13.459] RECEIVE_QUERY | 类型: get_note | 总数: 25
[2026-05-26 17:29:13.489] DISPATCH_QUERY | 类型: get_note | 总数: 25
[2026-05-26 17:29:13.493] DISPATCH_MESSAGE | 主题: query/response | 总数: 29
[2026-05-26 17:29:13.496] DISPATCH_MESSAGE | 主题: query/response | 总数: 30
[2026-05-26 17:29:13.498] RECEIVE_MESSAGE | 主题: query/response | 总数: 33
[2026-05-26 17:29:13.504] DISPATCH_MESSAGE | 主题: query/response | 总数: 31
[2026-05-26 17:29:13.508] DISPATCH_MESSAGE | 主题: note/like | 总数: 32
[2026-05-26 17:29:13.512] RECEIVE_QUERY | 类型: get_like_count | 总数: 26
[2026-05-26 17:29:13.513] DISPATCH_MESSAGE | 主题: query/response | 总数: 33
[2026-05-26 17:29:13.576] RECEIVE_QUERY | 类型: get_comments | 总数: 27
[2026-05-26 17:29:13.605] DISPATCH_QUERY | 类型: get_like_count | 总数: 26
[2026-05-26 17:29:13.608] DISPATCH_QUERY | 类型: get_comments | 总数: 27
[2026-05-26 17:29:13.613] RECEIVE_QUERY | 类型: get_comments | 总数: 28
[2026-05-26 17:29:13.614] RECEIVE_MESSAGE | 主题: query/response | 总数: 34
[2026-05-26 17:29:13.621] DISPATCH_MESSAGE | 主题: query/response | 总数: 34
[2026-05-26 17:29:13.624] RECEIVE_MESSAGE | 主题: query/response | 总数: 35
[2026-05-26 17:29:13.638] RECEIVE_MESSAGE | 主题: note/like | 总数: 36
[2026-05-26 17:29:13.648] RECEIVE_QUERY | 类型: get_note | 总数: 29
[2026-05-26 17:29:13.713] DISPATCH_QUERY | 类型: get_comments | 总数: 28
[2026-05-26 17:29:13.718] DISPATCH_QUERY | 类型: get_note | 总数: 29
[2026-05-26 17:29:13.723] RECEIVE_MESSAGE | 主题: query/response | 总数: 37
[2026-05-26 17:29:13.733] RECEIVE_MESSAGE | 主题: query/response | 总数: 38
[2026-05-26 17:29:13.738] DISPATCH_MESSAGE | 主题: query/response | 总数: 35
[2026-05-26 17:29:13.745] DISPATCH_MESSAGE | 主题: note/like | 总数: 36
[2026-05-26 17:29:13.751] DISPATCH_MESSAGE | 主题: query/response | 总数: 37
[2026-05-26 17:29:13.753] DISPATCH_MESSAGE | 主题: query/response | 总数: 38
[2026-05-26 17:29:13.798] RECEIVE_QUERY | 类型: get_like_count | 总数: 30
[2026-05-26 17:29:13.837] RECEIVE_QUERY | 类型: get_like_count | 总数: 31
[2026-05-26 17:29:13.842] DISPATCH_QUERY | 类型: get_like_count | 总数: 30
[2026-05-26 17:29:13.846] RECEIVE_MESSAGE | 主题: note/like | 总数: 39
[2026-05-26 17:29:13.857] DISPATCH_QUERY | 类型: get_like_count | 总数: 31
[2026-05-26 17:29:13.865] RECEIVE_MESSAGE | 主题: query/response | 总数: 40
[2026-05-26 17:29:13.874] RECEIVE_QUERY | 类型: get_note | 总数: 32
[2026-05-26 17:29:13.883] DISPATCH_MESSAGE | 主题: note/like | 总数: 39
[2026-05-26 17:29:13.897] DISPATCH_MESSAGE | 主题: query/response | 总数: 40
[2026-05-26 17:29:13.898] RECEIVE_QUERY | 类型: get_comments | 总数: 33
[2026-05-26 17:29:13.942] RECEIVE_MESSAGE | 主题: query/response | 总数: 41
[2026-05-26 17:29:13.973] DISPATCH_QUERY | 类型: get_note | 总数: 32
[2026-05-26 17:29:13.984] DISPATCH_QUERY | 类型: get_comments | 总数: 33
[2026-05-26 17:29:13.990] RECEIVE_MESSAGE | 主题: query/response | 总数: 42
[2026-05-26 17:29:13.996] RECEIVE_MESSAGE | 主题: note/like | 总数: 43
[2026-05-26 17:29:14.000] DISPATCH_MESSAGE | 主题: query/response | 总数: 41
[2026-05-26 17:29:14.008] DISPATCH_MESSAGE | 主题: query/response | 总数: 42
[2026-05-26 17:29:14.012] RECEIVE_QUERY | 类型: get_note | 总数: 34
[2026-05-26 17:29:14.013] DISPATCH_MESSAGE | 主题: note/like | 总数: 43
[2026-05-26 17:29:14.015] RECEIVE_MESSAGE | 主题: query/response | 总数: 44
[2026-05-26 17:29:14.093] DISPATCH_QUERY | 类型: get_note | 总数: 34
[2026-05-26 17:29:14.103] RECEIVE_MESSAGE | 主题: query/response | 总数: 45
[2026-05-26 17:29:14.109] RECEIVE_QUERY | 类型: get_comments | 总数: 35
[2026-05-26 17:29:14.122] DISPATCH_MESSAGE | 主题: query/response | 总数: 44
[2026-05-26 17:29:14.125] DISPATCH_MESSAGE | 主题: query/response | 总数: 45
[2026-05-26 17:29:14.172] RECEIVE_MESSAGE | 主题: note/like | 总数: 46
[2026-05-26 17:29:14.183] RECEIVE_QUERY | 类型: get_note | 总数: 36
[2026-05-26 17:29:14.200] DISPATCH_QUERY | 类型: get_comments | 总数: 35
[2026-05-26 17:29:14.204] DISPATCH_QUERY | 类型: get_note | 总数: 36
[2026-05-26 17:29:14.210] RECEIVE_MESSAGE | 主题: query/response | 总数: 47
[2026-05-26 17:29:14.219] RECEIVE_MESSAGE | 主题: query/response | 总数: 48
[2026-05-26 17:29:14.224] RECEIVE_QUERY | 类型: get_like_count | 总数: 37
[2026-05-26 17:29:14.231] RECEIVE_QUERY | 类型: get_comments | 总数: 38
[2026-05-26 17:29:14.246] DISPATCH_MESSAGE | 主题: note/like | 总数: 46
[2026-05-26 17:29:14.250] DISPATCH_MESSAGE | 主题: query/response | 总数: 47
[2026-05-26 17:29:14.253] DISPATCH_MESSAGE | 主题: query/response | 总数: 48
[2026-05-26 17:29:14.299] RECEIVE_QUERY | 类型: get_comments | 总数: 39
[2026-05-26 17:29:14.309] DISPATCH_QUERY | 类型: get_like_count | 总数: 37
[2026-05-26 17:29:14.313] DISPATCH_QUERY | 类型: get_comments | 总数: 38
[2026-05-26 17:29:14.317] DISPATCH_QUERY | 类型: get_comments | 总数: 39
[2026-05-26 17:29:14.320] RECEIVE_MESSAGE | 主题: query/response | 总数: 49
[2026-05-26 17:29:14.328] RECEIVE_MESSAGE | 主题: query/response | 总数: 50
[2026-05-26 17:29:14.340] RECEIVE_QUERY | 类型: get_like_count | 总数: 40
[2026-05-26 17:29:14.344] RECEIVE_MESSAGE | 主题: query/response | 总数: 51
[2026-05-26 17:29:14.369] DISPATCH_MESSAGE | 主题: query/response | 总数: 49
[2026-05-26 17:29:14.371] DISPATCH_MESSAGE | 主题: query/response | 总数: 50
[2026-05-26 17:29:14.377] DISPATCH_MESSAGE | 主题: query/response | 总数: 51
[2026-05-26 17:29:14.379] RECEIVE_MESSAGE | 主题: note/like | 总数: 52
[2026-05-26 17:29:14.383] DISPATCH_MESSAGE | 主题: note/like | 总数: 52
[2026-05-26 17:29:14.393] RECEIVE_QUERY | 类型: get_note | 总数: 41
[2026-05-26 17:29:14.418] RECEIVE_QUERY | 类型: get_like_count | 总数: 42
[2026-05-26 17:29:14.434] DISPATCH_QUERY | 类型: get_like_count | 总数: 40
[2026-05-26 17:29:14.437] DISPATCH_QUERY | 类型: get_note | 总数: 41
[2026-05-26 17:29:14.440] DISPATCH_QUERY | 类型: get_like_count | 总数: 42
[2026-05-26 17:29:14.442] RECEIVE_MESSAGE | 主题: query/response | 总数: 53
[2026-05-26 17:29:14.452] RECEIVE_QUERY | 类型: get_like_count | 总数: 43
[2026-05-26 17:29:14.457] RECEIVE_MESSAGE | 主题: query/response | 总数: 54
[2026-05-26 17:29:14.468] RECEIVE_MESSAGE | 主题: query/response | 总数: 55
[2026-05-26 17:29:14.491] DISPATCH_MESSAGE | 主题: query/response | 总数: 53
[2026-05-26 17:29:14.495] DISPATCH_MESSAGE | 主题: query/response | 总数: 54
[2026-05-26 17:29:14.501] DISPATCH_MESSAGE | 主题: query/response | 总数: 55
[2026-05-26 17:29:14.502] RECEIVE_QUERY | 类型: get_comments | 总数: 44
[2026-05-26 17:29:14.560] DISPATCH_QUERY | 类型: get_like_count | 总数: 43
[2026-05-26 17:29:14.566] DISPATCH_QUERY | 类型: get_comments | 总数: 44
[2026-05-26 17:29:14.570] RECEIVE_MESSAGE | 主题: note/like | 总数: 56
[2026-05-26 17:29:14.571] RECEIVE_MESSAGE | 主题: query/response | 总数: 57
[2026-05-26 17:29:14.590] RECEIVE_MESSAGE | 主题: query/response | 总数: 58
[2026-05-26 17:29:14.593] RECEIVE_QUERY | 类型: get_note | 总数: 45
[2026-05-26 17:29:14.613] DISPATCH_MESSAGE | 主题: note/like | 总数: 56
[2026-05-26 17:29:14.617] DISPATCH_MESSAGE | 主题: query/response | 总数: 57
[2026-05-26 17:29:14.621] DISPATCH_MESSAGE | 主题: query/response | 总数: 58
[2026-05-26 17:29:14.684] DISPATCH_QUERY | 类型: get_note | 总数: 45
[2026-05-26 17:29:14.701] RECEIVE_MESSAGE | 主题: query/response | 总数: 59
[2026-05-26 17:29:14.727] RECEIVE_QUERY | 类型: get_like_count | 总数: 46
[2026-05-26 17:29:14.740] DISPATCH_MESSAGE | 主题: query/response | 总数: 59
[2026-05-26 17:29:14.766] RECEIVE_MESSAGE | 主题: note/like | 总数: 60
[2026-05-26 17:29:14.778] RECEIVE_QUERY | 类型: get_note | 总数: 47
[2026-05-26 17:29:14.794] DISPATCH_QUERY | 类型: get_like_count | 总数: 46
[2026-05-26 17:29:14.798] DISPATCH_QUERY | 类型: get_note | 总数: 47
[2026-05-26 17:29:14.803] RECEIVE_MESSAGE | 主题: query/response | 总数: 61
[2026-05-26 17:29:14.813] RECEIVE_QUERY | 类型: get_comments | 总数: 48
[2026-05-26 17:29:14.819] RECEIVE_MESSAGE | 主题: query/response | 总数: 62
[2026-05-26 17:29:14.848] DISPATCH_MESSAGE | 主题: note/like | 总数: 60
[2026-05-26 17:29:14.856] DISPATCH_MESSAGE | 主题: query/response | 总数: 61
[2026-05-26 17:29:14.859] DISPATCH_MESSAGE | 主题: query/response | 总数: 62
[2026-05-26 17:29:14.900] RECEIVE_QUERY | 类型: get_comments | 总数: 49
[2026-05-26 17:29:14.914] DISPATCH_QUERY | 类型: get_comments | 总数: 48
[2026-05-26 17:29:14.917] DISPATCH_QUERY | 类型: get_comments | 总数: 49
[2026-05-26 17:29:14.922] RECEIVE_MESSAGE | 主题: query/response | 总数: 63
[2026-05-26 17:29:14.933] RECEIVE_MESSAGE | 主题: query/response | 总数: 64
[2026-05-26 17:29:14.969] DISPATCH_MESSAGE | 主题: query/response | 总数: 63
[2026-05-26 17:29:14.973] DISPATCH_MESSAGE | 主题: query/response | 总数: 64
[2026-05-26 17:29:15.014] RECEIVE_QUERY | 类型: get_like_count | 总数: 50
[2026-05-26 17:29:15.024] DISPATCH_QUERY | 类型: get_like_count | 总数: 50
[2026-05-26 17:29:15.028] RECEIVE_QUERY | 类型: get_like_count | 总数: 51
[2026-05-26 17:29:15.032] RECEIVE_MESSAGE | 主题: query/response | 总数: 65
[2026-05-26 17:29:15.079] DISPATCH_MESSAGE | 主题: query/response | 总数: 65
[2026-05-26 17:29:15.133] DISPATCH_QUERY | 类型: get_like_count | 总数: 51
[2026-05-26 17:29:15.142] RECEIVE_MESSAGE | 主题: query/response | 总数: 66
[2026-05-26 17:29:15.193] DISPATCH_MESSAGE | 主题: query/response | 总数: 66
[2026-05-26 17:29:16.436] RECEIVE_MESSAGE | 主题: note/like | 总数: 67
[2026-05-26 17:29:16.446] RECEIVE_QUERY | 类型: get_note | 总数: 52
[2026-05-26 17:29:16.478] DISPATCH_MESSAGE | 主题: note/like | 总数: 67
[2026-05-26 17:29:16.512] DISPATCH_QUERY | 类型: get_note | 总数: 52
[2026-05-26 17:29:16.520] RECEIVE_MESSAGE | 主题: query/response | 总数: 68
[2026-05-26 17:29:16.582] DISPATCH_MESSAGE | 主题: query/response | 总数: 68
[2026-05-26 17:29:16.622] RECEIVE_MESSAGE | 主题: note/like | 总数: 69
[2026-05-26 17:29:16.635] RECEIVE_QUERY | 类型: get_note | 总数: 53
[2026-05-26 17:29:16.672] RECEIVE_QUERY | 类型: get_comments | 总数: 54
[2026-05-26 17:29:16.687] DISPATCH_MESSAGE | 主题: note/like | 总数: 69
[2026-05-26 17:29:16.736] DISPATCH_QUERY | 类型: get_note | 总数: 53
[2026-05-26 17:29:16.737] DISPATCH_QUERY | 类型: get_comments | 总数: 54
[2026-05-26 17:29:16.744] RECEIVE_MESSAGE | 主题: query/response | 总数: 70
[2026-05-26 17:29:16.753] RECEIVE_MESSAGE | 主题: query/response | 总数: 71
[2026-05-26 17:29:16.785] RECEIVE_MESSAGE | 主题: note/like | 总数: 72
[2026-05-26 17:29:16.796] DISPATCH_MESSAGE | 主题: query/response | 总数: 70
[2026-05-26 17:29:16.799] DISPATCH_MESSAGE | 主题: query/response | 总数: 71
[2026-05-26 17:29:16.801] RECEIVE_QUERY | 类型: get_note | 总数: 55
[2026-05-26 17:29:16.804] DISPATCH_MESSAGE | 主题: note/like | 总数: 72
[2026-05-26 17:29:16.858] DISPATCH_QUERY | 类型: get_note | 总数: 55
[2026-05-26 17:29:16.863] RECEIVE_QUERY | 类型: get_comments | 总数: 56
[2026-05-26 17:29:16.868] RECEIVE_MESSAGE | 主题: query/response | 总数: 73
[2026-05-26 17:29:16.891] RECEIVE_QUERY | 类型: get_like_count | 总数: 57
[2026-05-26 17:29:16.914] DISPATCH_MESSAGE | 主题: query/response | 总数: 73
[2026-05-26 17:29:16.958] RECEIVE_MESSAGE | 主题: note/like | 总数: 74
[2026-05-26 17:29:16.968] DISPATCH_QUERY | 类型: get_comments | 总数: 56
[2026-05-26 17:29:16.973] RECEIVE_QUERY | 类型: get_note | 总数: 58
[2026-05-26 17:29:16.978] DISPATCH_QUERY | 类型: get_like_count | 总数: 57
[2026-05-26 17:29:16.980] RECEIVE_MESSAGE | 主题: query/response | 总数: 75
[2026-05-26 17:29:16.983] DISPATCH_QUERY | 类型: get_note | 总数: 58
[2026-05-26 17:29:16.993] RECEIVE_MESSAGE | 主题: query/response | 总数: 76
[2026-05-26 17:29:17.003] RECEIVE_MESSAGE | 主题: query/response | 总数: 77
[2026-05-26 17:29:17.023] DISPATCH_MESSAGE | 主题: note/like | 总数: 74
[2026-05-26 17:29:17.029] RECEIVE_QUERY | 类型: get_comments | 总数: 59
[2026-05-26 17:29:17.031] DISPATCH_MESSAGE | 主题: query/response | 总数: 75
[2026-05-26 17:29:17.035] DISPATCH_MESSAGE | 主题: query/response | 总数: 76
[2026-05-26 17:29:17.041] DISPATCH_MESSAGE | 主题: query/response | 总数: 77
[2026-05-26 17:29:17.089] DISPATCH_QUERY | 类型: get_comments | 总数: 59
[2026-05-26 17:29:17.093] RECEIVE_QUERY | 类型: get_like_count | 总数: 60
[2026-05-26 17:29:17.098] RECEIVE_MESSAGE | 主题: query/response | 总数: 78
[2026-05-26 17:29:17.099] RECEIVE_QUERY | 类型: get_comments | 总数: 61
[2026-05-26 17:29:17.129] RECEIVE_MESSAGE | 主题: note/like | 总数: 79
[2026-05-26 17:29:17.144] RECEIVE_QUERY | 类型: get_note | 总数: 62
[2026-05-26 17:29:17.147] DISPATCH_MESSAGE | 主题: query/response | 总数: 78
[2026-05-26 17:29:17.150] DISPATCH_MESSAGE | 主题: note/like | 总数: 79
[2026-05-26 17:29:17.205] DISPATCH_QUERY | 类型: get_like_count | 总数: 60
[2026-05-26 17:29:17.208] DISPATCH_QUERY | 类型: get_comments | 总数: 61
[2026-05-26 17:29:17.216] RECEIVE_MESSAGE | 主题: query/response | 总数: 80
[2026-05-26 17:29:17.218] DISPATCH_QUERY | 类型: get_note | 总数: 62
[2026-05-26 17:29:17.229] RECEIVE_MESSAGE | 主题: query/response | 总数: 81
[2026-05-26 17:29:17.237] RECEIVE_MESSAGE | 主题: query/response | 总数: 82
[2026-05-26 17:29:17.248] RECEIVE_QUERY | 类型: get_like_count | 总数: 63
[2026-05-26 17:29:17.260] DISPATCH_MESSAGE | 主题: query/response | 总数: 80
[2026-05-26 17:29:17.263] DISPATCH_MESSAGE | 主题: query/response | 总数: 81
[2026-05-26 17:29:17.267] DISPATCH_MESSAGE | 主题: query/response | 总数: 82
[2026-05-26 17:29:17.319] RECEIVE_QUERY | 类型: get_like_count | 总数: 64
[2026-05-26 17:29:17.322] RECEIVE_MESSAGE | 主题: note/like | 总数: 83
[2026-05-26 17:29:17.327] DISPATCH_QUERY | 类型: get_like_count | 总数: 63
[2026-05-26 17:29:17.333] DISPATCH_QUERY | 类型: get_like_count | 总数: 64
[2026-05-26 17:29:17.339] RECEIVE_QUERY | 类型: get_note | 总数: 65
[2026-05-26 17:29:17.340] RECEIVE_MESSAGE | 主题: query/response | 总数: 84
[2026-05-26 17:29:17.351] RECEIVE_MESSAGE | 主题: query/response | 总数: 85
[2026-05-26 17:29:17.364] RECEIVE_QUERY | 类型: get_comments | 总数: 66
[2026-05-26 17:29:17.382] DISPATCH_MESSAGE | 主题: note/like | 总数: 83
[2026-05-26 17:29:17.385] DISPATCH_MESSAGE | 主题: query/response | 总数: 84
[2026-05-26 17:29:17.391] DISPATCH_MESSAGE | 主题: query/response | 总数: 85
[2026-05-26 17:29:17.449] DISPATCH_QUERY | 类型: get_note | 总数: 65
[2026-05-26 17:29:17.454] DISPATCH_QUERY | 类型: get_comments | 总数: 66
[2026-05-26 17:29:17.456] RECEIVE_MESSAGE | 主题: query/response | 总数: 86
[2026-05-26 17:29:17.466] RECEIVE_MESSAGE | 主题: query/response | 总数: 87
[2026-05-26 17:29:17.475] RECEIVE_MESSAGE | 主题: note/like | 总数: 88
[2026-05-26 17:29:17.486] RECEIVE_QUERY | 类型: get_note | 总数: 67
[2026-05-26 17:29:17.507] DISPATCH_MESSAGE | 主题: query/response | 总数: 86
[2026-05-26 17:29:17.511] DISPATCH_MESSAGE | 主题: query/response | 总数: 87
[2026-05-26 17:29:17.515] DISPATCH_MESSAGE | 主题: note/like | 总数: 88
[2026-05-26 17:29:17.555] RECEIVE_QUERY | 类型: get_comments | 总数: 68
[2026-05-26 17:29:17.569] DISPATCH_QUERY | 类型: get_note | 总数: 67
[2026-05-26 17:29:17.574] DISPATCH_QUERY | 类型: get_comments | 总数: 68
[2026-05-26 17:29:17.579] RECEIVE_MESSAGE | 主题: query/response | 总数: 89
[2026-05-26 17:29:17.594] RECEIVE_MESSAGE | 主题: query/response | 总数: 90
[2026-05-26 17:29:17.600] RECEIVE_QUERY | 类型: get_like_count | 总数: 69
[2026-05-26 17:29:17.630] DISPATCH_MESSAGE | 主题: query/response | 总数: 89
[2026-05-26 17:29:17.632] RECEIVE_MESSAGE | 主题: note/like | 总数: 91
[2026-05-26 17:29:17.635] DISPATCH_MESSAGE | 主题: query/response | 总数: 90
[2026-05-26 17:29:17.639] DISPATCH_MESSAGE | 主题: note/like | 总数: 91
[2026-05-26 17:29:17.644] RECEIVE_QUERY | 类型: get_note | 总数: 70
[2026-05-26 17:29:17.663] RECEIVE_QUERY | 类型: get_like_count | 总数: 71
[2026-05-26 17:29:17.687] DISPATCH_QUERY | 类型: get_like_count | 总数: 69
[2026-05-26 17:29:17.692] DISPATCH_QUERY | 类型: get_note | 总数: 70
[2026-05-26 17:29:17.697] DISPATCH_QUERY | 类型: get_like_count | 总数: 71
[2026-05-26 17:29:17.699] RECEIVE_MESSAGE | 主题: query/response | 总数: 92
[2026-05-26 17:29:17.704] RECEIVE_QUERY | 类型: get_comments | 总数: 72
[2026-05-26 17:29:17.710] RECEIVE_MESSAGE | 主题: query/response | 总数: 93
[2026-05-26 17:29:17.726] RECEIVE_MESSAGE | 主题: query/response | 总数: 94
[2026-05-26 17:29:17.755] DISPATCH_MESSAGE | 主题: query/response | 总数: 92
[2026-05-26 17:29:17.758] DISPATCH_MESSAGE | 主题: query/response | 总数: 93
[2026-05-26 17:29:17.762] DISPATCH_MESSAGE | 主题: query/response | 总数: 94
[2026-05-26 17:29:17.822] DISPATCH_QUERY | 类型: get_comments | 总数: 72
[2026-05-26 17:29:17.832] RECEIVE_MESSAGE | 主题: note/like | 总数: 95
[2026-05-26 17:29:17.839] RECEIVE_MESSAGE | 主题: query/response | 总数: 96
[2026-05-26 17:29:17.845] RECEIVE_QUERY | 类型: get_note | 总数: 73
[2026-05-26 17:29:17.858] RECEIVE_QUERY | 类型: get_comments | 总数: 74
[2026-05-26 17:29:17.874] DISPATCH_MESSAGE | 主题: note/like | 总数: 95
[2026-05-26 17:29:17.877] DISPATCH_MESSAGE | 主题: query/response | 总数: 96
[2026-05-26 17:29:17.921] RECEIVE_QUERY | 类型: get_like_count | 总数: 75
[2026-05-26 17:29:17.937] DISPATCH_QUERY | 类型: get_note | 总数: 73
[2026-05-26 17:29:17.938] DISPATCH_QUERY | 类型: get_comments | 总数: 74
[2026-05-26 17:29:17.945] DISPATCH_QUERY | 类型: get_like_count | 总数: 75
[2026-05-26 17:29:17.948] RECEIVE_MESSAGE | 主题: query/response | 总数: 97
[2026-05-26 17:29:17.961] RECEIVE_MESSAGE | 主题: query/response | 总数: 98
[2026-05-26 17:29:17.972] RECEIVE_MESSAGE | 主题: query/response | 总数: 99
[2026-05-26 17:29:17.984] DISPATCH_MESSAGE | 主题: query/response | 总数: 97
[2026-05-26 17:29:17.987] DISPATCH_MESSAGE | 主题: query/response | 总数: 98
[2026-05-26 17:29:17.990] DISPATCH_MESSAGE | 主题: query/response | 总数: 99
[2026-05-26 17:29:18.056] RECEIVE_QUERY | 类型: get_comments | 总数: 76
[2026-05-26 17:29:18.078] RECEIVE_QUERY | 类型: get_like_count | 总数: 77
[2026-05-26 17:29:18.156] DISPATCH_QUERY | 类型: get_comments | 总数: 76
[2026-05-26 17:29:18.159] DISPATCH_QUERY | 类型: get_like_count | 总数: 77
[2026-05-26 17:29:18.161] RECEIVE_MESSAGE | 主题: query/response | 总数: 100
[2026-05-26 17:29:18.169] RECEIVE_MESSAGE | 主题: query/response | 总数: 101
[2026-05-26 17:29:18.206] DISPATCH_MESSAGE | 主题: query/response | 总数: 100
[2026-05-26 17:29:18.210] DISPATCH_MESSAGE | 主题: query/response | 总数: 101
[2026-05-26 17:29:18.269] RECEIVE_QUERY | 类型: get_like_count | 总数: 78
[2026-05-26 17:29:18.380] DISPATCH_QUERY | 类型: get_like_count | 总数: 78
[2026-05-26 17:29:18.391] RECEIVE_MESSAGE | 主题: query/response | 总数: 102
[2026-05-26 17:29:18.445] DISPATCH_MESSAGE | 主题: query/response | 总数: 102
============================================================
【流量统计报告】 2026-05-26 17:29:39
============================================================
消息统计:
  - 接收到的消息: 102
  - 已分发的消息: 102
  - 按主题分布:
    * note/like: 23 条
    * note/publish: 1 条
    * query/response: 78 条

查询统计:
  - 接收到的查询: 78
  - 已分发的查询: 78
  - 按类型分布:
    * get_comments: 25 次
    * get_like_count: 25 次
    * get_note: 25 次
    * get_notes: 3 次

连接统计:
  - 总连接数: 7
  - 当前活跃连接: 7

延迟统计（毫秒）:
  - 平均延迟: 0.00 ms
  - 最大延迟: 0.00 ms
  - 最小延迟: inf ms

错误统计:
  - 总错误数: 0
============================================================
