[2026-06-01 10:56:29] 运行时长: 10s
[吞吐量] 消息: 0.00 msg/s (平均: 0.00), 查询: 0.00 qps (平均: 0.00)
[延迟] 平均: 0.00 ms, P50: 0.00 ms, P90: 0.00 ms, P95: 0.00 ms, P99: 0.00 ms
[统计] 消息总数: 0, 查询总数: 0
[2026-06-01 10:56:39] 运行时长: 20s
[吞吐量] 消息: 0.00 msg/s (平均: 0.00), 查询: 0.00 qps (平均: 0.00)
[延迟] 平均: 0.00 ms, P50: 0.00 ms, P90: 0.00 ms, P95: 0.00 ms, P99: 0.00 ms
[统计] 消息总数: 0, 查询总数: 0
[2026-06-01 10:56:49] 运行时长: 30s
[吞吐量] 消息: 0.00 msg/s (平均: 0.00), 查询: 0.00 qps (平均: 0.00)
[延迟] 平均: 0.00 ms, P50: 0.00 ms, P90: 0.00 ms, P95: 0.00 ms, P99: 0.00 ms
[统计] 消息总数: 0, 查询总数: 0
[2026-06-01 10:56:59] 运行时长: 40s
[吞吐量] 消息: 0.00 msg/s (平均: 0.00), 查询: 0.00 qps (平均: 0.00)
[延迟] 平均: 0.00 ms, P50: 0.00 ms, P90: 0.00 ms, P95: 0.00 ms, P99: 0.00 ms
[统计] 消息总数: 0, 查询总数: 0
[2026-06-01 10:57:09] 运行时长: 50s
[吞吐量] 消息: 0.00 msg/s (平均: 0.00), 查询: 0.00 qps (平均: 0.00)
[延迟] 平均: 0.00 ms, P50: 0.00 ms, P90: 0.00 ms, P95: 0.00 ms, P99: 0.00 ms
[统计] 消息总数: 0, 查询总数: 0
[2026-06-01 10:57:19] 运行时长: 1m0s
[吞吐量] 消息: 0.00 msg/s (平均: 0.00), 查询: 0.00 qps (平均: 0.00)
[延迟] 平均: 0.00 ms, P50: 0.00 ms, P90: 0.00 ms, P95: 0.00 ms, P99: 0.00 ms
[统计] 消息总数: 0, 查询总数: 0
[2026-06-01 10:57:29] 运行时长: 1m10s
[吞吐量] 消息: 0.00 msg/s (平均: 0.00), 查询: 0.00 qps (平均: 0.00)
[延迟] 平均: 0.00 ms, P50: 0.00 ms, P90: 0.00 ms, P95: 0.00 ms, P99: 0.00 ms
[统计] 消息总数: 0, 查询总数: 0
[2026-06-01 10:57:39] 运行时长: 1m20s
[吞吐量] 消息: 0.00 msg/s (平均: 0.00), 查询: 0.00 qps (平均: 0.00)
[延迟] 平均: 0.00 ms, P50: 0.00 ms, P90: 0.00 ms, P95: 0.00 ms, P99: 0.00 ms
[统计] 消息总数: 0, 查询总数: 0
[2026-06-01 10:57:49] 运行时长: 1m30s
[吞吐量] 消息: 0.00 msg/s (平均: 0.00), 查询: 0.00 qps (平均: 0.00)
[延迟] 平均: 0.00 ms, P50: 0.00 ms, P90: 0.00 ms, P95: 0.00 ms, P99: 0.00 ms
[统计] 消息总数: 0, 查询总数: 0
[2026-06-01 10:57:59] 运行时长: 1m40s
[吞吐量] 消息: 0.00 msg/s (平均: 0.00), 查询: 0.00 qps (平均: 0.00)
[延迟] 平均: 0.00 ms, P50: 0.00 ms, P90: 0.00 ms, P95: 0.00 ms, P99: 0.00 ms
[统计] 消息总数: 0, 查询总数: 0
[2026-06-01 10:58:09] 运行时长: 1m50s
[吞吐量] 消息: 0.00 msg/s (平均: 0.00), 查询: 0.00 qps (平均: 0.00)
[延迟] 平均: 0.00 ms, P50: 0.00 ms, P90: 0.00 ms, P95: 0.00 ms, P99: 0.00 ms
[统计] 消息总数: 0, 查询总数: 0
[2026-06-01 10:58:19] 运行时长: 2m0s
[吞吐量] 消息: 0.00 msg/s (平均: 0.00), 查询: 0.00 qps (平均: 0.00)
[延迟] 平均: 0.00 ms, P50: 0.00 ms, P90: 0.00 ms, P95: 0.00 ms, P99: 0.00 ms
[统计] 消息总数: 0, 查询总数: 0
[2026-06-01 10:58:29] 运行时长: 2m10s
[吞吐量] 消息: 0.00 msg/s (平均: 0.00), 查询: 0.00 qps (平均: 0.00)
[延迟] 平均: 0.00 ms, P50: 0.00 ms, P90: 0.00 ms, P95: 0.00 ms, P99: 0.00 ms
[统计] 消息总数: 0, 查询总数: 0
[2026-06-01 10:58:39] 运行时长: 2m20s
[吞吐量] 消息: 0.00 msg/s (平均: 0.00), 查询: 0.00 qps (平均: 0.00)
[延迟] 平均: 0.00 ms, P50: 0.00 ms, P90: 0.00 ms, P95: 0.00 ms, P99: 0.00 ms
[统计] 消息总数: 0, 查询总数: 0
[2026-06-01 10:58:49] 运行时长: 2m30s
[吞吐量] 消息: 0.00 msg/s (平均: 0.00), 查询: 0.00 qps (平均: 0.00)
[延迟] 平均: 0.00 ms, P50: 0.00 ms, P90: 0.00 ms, P95: 0.00 ms, P99: 0.00 ms
[统计] 消息总数: 0, 查询总数: 0
[2026-06-01 10:58:59] 运行时长: 2m40s
[吞吐量] 消息: 0.00 msg/s (平均: 0.00), 查询: 0.00 qps (平均: 0.00)
[延迟] 平均: 0.00 ms, P50: 0.00 ms, P90: 0.00 ms, P95: 0.00 ms, P99: 0.00 ms
[统计] 消息总数: 0, 查询总数: 0
[2026-06-01 10:59:09] 运行时长: 2m50s
[吞吐量] 消息: 0.00 msg/s (平均: 0.00), 查询: 0.00 qps (平均: 0.00)
[延迟] 平均: 0.00 ms, P50: 0.00 ms, P90: 0.00 ms, P95: 0.00 ms, P99: 0.00 ms
[统计] 消息总数: 0, 查询总数: 0
[2026-06-01 10:59:19] 运行时长: 3m0s
[吞吐量] 消息: 0.00 msg/s (平均: 0.00), 查询: 0.00 qps (平均: 0.00)
[延迟] 平均: 0.00 ms, P50: 0.00 ms, P90: 0.00 ms, P95: 0.00 ms, P99: 0.00 ms
[统计] 消息总数: 0, 查询总数: 0
[2026-06-01 10:59:29] 运行时长: 3m10s
[吞吐量] 消息: 0.00 msg/s (平均: 0.00), 查询: 0.00 qps (平均: 0.00)
[延迟] 平均: 0.00 ms, P50: 0.00 ms, P90: 0.00 ms, P95: 0.00 ms, P99: 0.00 ms
[统计] 消息总数: 0, 查询总数: 0
[2026-06-01 10:59:39] 运行时长: 3m20s
[吞吐量] 消息: 0.00 msg/s (平均: 0.00), 查询: 0.00 qps (平均: 0.00)
[延迟] 平均: 0.00 ms, P50: 0.00 ms, P90: 0.00 ms, P95: 0.00 ms, P99: 0.00 ms
[统计] 消息总数: 0, 查询总数: 0
[2026-06-01 10:59:49] 运行时长: 3m30s
[吞吐量] 消息: 0.00 msg/s (平均: 0.00), 查询: 0.00 qps (平均: 0.00)
[延迟] 平均: 0.00 ms, P50: 0.00 ms, P90: 0.00 ms, P95: 0.00 ms, P99: 0.00 ms
[统计] 消息总数: 0, 查询总数: 0
[2026-06-01 10:59:59] 运行时长: 3m40s
[吞吐量] 消息: 0.00 msg/s (平均: 0.00), 查询: 0.00 qps (平均: 0.00)
[延迟] 平均: 0.00 ms, P50: 0.00 ms, P90: 0.00 ms, P95: 0.00 ms, P99: 0.00 ms
[统计] 消息总数: 0, 查询总数: 0
[2026-06-01 11:00:09] 运行时长: 3m50s
[吞吐量] 消息: 0.00 msg/s (平均: 0.00), 查询: 0.00 qps (平均: 0.00)
[延迟] 平均: 0.00 ms, P50: 0.00 ms, P90: 0.00 ms, P95: 0.00 ms, P99: 0.00 ms
[统计] 消息总数: 0, 查询总数: 0
[2026-06-01 11:00:19] 运行时长: 4m0s
[吞吐量] 消息: 0.00 msg/s (平均: 0.00), 查询: 0.00 qps (平均: 0.00)
[延迟] 平均: 0.00 ms, P50: 0.00 ms, P90: 0.00 ms, P95: 0.00 ms, P99: 0.00 ms
[统计] 消息总数: 0, 查询总数: 0
[2026-06-01 11:00:29] 运行时长: 4m10s
[吞吐量] 消息: 0.00 msg/s (平均: 0.00), 查询: 0.00 qps (平均: 0.00)
[延迟] 平均: 0.00 ms, P50: 0.00 ms, P90: 0.00 ms, P95: 0.00 ms, P99: 0.00 ms
[统计] 消息总数: 0, 查询总数: 0
[2026-06-01 11:00:39] 运行时长: 4m20s
[吞吐量] 消息: 0.00 msg/s (平均: 0.00), 查询: 0.00 qps (平均: 0.00)
[延迟] 平均: 0.00 ms, P50: 0.00 ms, P90: 0.00 ms, P95: 0.00 ms, P99: 0.00 ms
[统计] 消息总数: 0, 查询总数: 0
[2026-06-01 11:00:49] 运行时长: 4m30s
[吞吐量] 消息: 0.00 msg/s (平均: 0.00), 查询: 0.00 qps (平均: 0.00)
[延迟] 平均: 0.00 ms, P50: 0.00 ms, P90: 0.00 ms, P95: 0.00 ms, P99: 0.00 ms
[统计] 消息总数: 0, 查询总数: 0
[2026-06-01 11:01:00] 运行时长: 4m40s
[吞吐量] 消息: 0.00 msg/s (平均: 0.00), 查询: 0.00 qps (平均: 0.00)
[延迟] 平均: 0.00 ms, P50: 0.00 ms, P90: 0.00 ms, P95: 0.00 ms, P99: 0.00 ms
[统计] 消息总数: 0, 查询总数: 0
[2026-06-01 11:01:10] 运行时长: 4m50s
[吞吐量] 消息: 0.00 msg/s (平均: 0.00), 查询: 0.00 qps (平均: 0.00)
[延迟] 平均: 0.00 ms, P50: 0.00 ms, P90: 0.00 ms, P95: 0.00 ms, P99: 0.00 ms
[统计] 消息总数: 0, 查询总数: 0
[2026-06-01 11:01:20] 运行时长: 5m0s
[吞吐量] 消息: 0.00 msg/s (平均: 0.00), 查询: 0.00 qps (平均: 0.00)
[延迟] 平均: 0.00 ms, P50: 0.00 ms, P90: 0.00 ms, P95: 0.00 ms, P99: 0.00 ms
[统计] 消息总数: 0, 查询总数: 0
[2026-06-01 11:01:30] 运行时长: 5m10s
[吞吐量] 消息: 0.00 msg/s (平均: 0.00), 查询: 0.00 qps (平均: 0.00)
[延迟] 平均: 0.00 ms, P50: 0.00 ms, P90: 0.00 ms, P95: 0.00 ms, P99: 0.00 ms
[统计] 消息总数: 0, 查询总数: 0
[2026-06-01 11:01:40] 运行时长: 5m20s
[吞吐量] 消息: 0.00 msg/s (平均: 0.00), 查询: 0.00 qps (平均: 0.00)
[延迟] 平均: 0.00 ms, P50: 0.00 ms, P90: 0.00 ms, P95: 0.00 ms, P99: 0.00 ms
[统计] 消息总数: 0, 查询总数: 0
[2026-06-01 11:01:50] 运行时长: 5m30s
[吞吐量] 消息: 0.00 msg/s (平均: 0.00), 查询: 0.00 qps (平均: 0.00)
[延迟] 平均: 0.00 ms, P50: 0.00 ms, P90: 0.00 ms, P95: 0.00 ms, P99: 0.00 ms
[统计] 消息总数: 0, 查询总数: 0
[2026-06-01 11:02:00] 运行时长: 5m40s
[吞吐量] 消息: 0.00 msg/s (平均: 0.00), 查询: 0.00 qps (平均: 0.00)
[延迟] 平均: 0.00 ms, P50: 0.00 ms, P90: 0.00 ms, P95: 0.00 ms, P99: 0.00 ms
[统计] 消息总数: 0, 查询总数: 0
[2026-06-01 11:02:10] 运行时长: 5m50s
[吞吐量] 消息: 0.00 msg/s (平均: 0.00), 查询: 0.00 qps (平均: 0.00)
[延迟] 平均: 0.00 ms, P50: 0.00 ms, P90: 0.00 ms, P95: 0.00 ms, P99: 0.00 ms
[统计] 消息总数: 0, 查询总数: 0
[2026-06-01 11:02:20] 运行时长: 6m0s
[吞吐量] 消息: 0.00 msg/s (平均: 0.00), 查询: 0.00 qps (平均: 0.00)
[延迟] 平均: 0.00 ms, P50: 0.00 ms, P90: 0.00 ms, P95: 0.00 ms, P99: 0.00 ms
[统计] 消息总数: 0, 查询总数: 0
[2026-06-01 11:02:30] 运行时长: 6m10s
[吞吐量] 消息: 0.00 msg/s (平均: 0.00), 查询: 0.00 qps (平均: 0.00)
[延迟] 平均: 0.00 ms, P50: 0.00 ms, P90: 0.00 ms, P95: 0.00 ms, P99: 0.00 ms
[统计] 消息总数: 0, 查询总数: 0
[2026-06-01 11:02:40] 运行时长: 6m20s
[吞吐量] 消息: 0.00 msg/s (平均: 0.00), 查询: 0.00 qps (平均: 0.00)
[延迟] 平均: 0.00 ms, P50: 0.00 ms, P90: 0.00 ms, P95: 0.00 ms, P99: 0.00 ms
[统计] 消息总数: 0, 查询总数: 0
[2026-06-01 11:02:50] 运行时长: 6m30s
[吞吐量] 消息: 0.00 msg/s (平均: 0.00), 查询: 0.00 qps (平均: 0.00)
[延迟] 平均: 0.00 ms, P50: 0.00 ms, P90: 0.00 ms, P95: 0.00 ms, P99: 0.00 ms
[统计] 消息总数: 0, 查询总数: 0
[2026-06-01 11:03:00] 运行时长: 6m40s
[吞吐量] 消息: 0.00 msg/s (平均: 0.00), 查询: 0.00 qps (平均: 0.00)
[延迟] 平均: 0.00 ms, P50: 0.00 ms, P90: 0.00 ms, P95: 0.00 ms, P99: 0.00 ms
[统计] 消息总数: 0, 查询总数: 0
[2026-06-01 11:03:10] 运行时长: 6m50s
[吞吐量] 消息: 0.00 msg/s (平均: 0.00), 查询: 0.00 qps (平均: 0.00)
[延迟] 平均: 0.00 ms, P50: 0.00 ms, P90: 0.00 ms, P95: 0.00 ms, P99: 0.00 ms
[统计] 消息总数: 0, 查询总数: 0
[2026-06-01 11:03:20] 运行时长: 7m0s
[吞吐量] 消息: 0.00 msg/s (平均: 0.00), 查询: 0.00 qps (平均: 0.00)
[延迟] 平均: 0.00 ms, P50: 0.00 ms, P90: 0.00 ms, P95: 0.00 ms, P99: 0.00 ms
[统计] 消息总数: 0, 查询总数: 0
[2026-06-01 11:03:30] 运行时长: 7m10s
[吞吐量] 消息: 0.00 msg/s (平均: 0.00), 查询: 0.00 qps (平均: 0.00)
[延迟] 平均: 0.00 ms, P50: 0.00 ms, P90: 0.00 ms, P95: 0.00 ms, P99: 0.00 ms
[统计] 消息总数: 0, 查询总数: 0
[2026-06-01 11:03:40] 运行时长: 7m20s
[吞吐量] 消息: 0.00 msg/s (平均: 0.00), 查询: 0.00 qps (平均: 0.00)
[延迟] 平均: 0.00 ms, P50: 0.00 ms, P90: 0.00 ms, P95: 0.00 ms, P99: 0.00 ms
[统计] 消息总数: 0, 查询总数: 0
[2026-06-01 11:03:50] 运行时长: 7m30s
[吞吐量] 消息: 0.00 msg/s (平均: 0.00), 查询: 0.00 qps (平均: 0.00)
[延迟] 平均: 0.00 ms, P50: 0.00 ms, P90: 0.00 ms, P95: 0.00 ms, P99: 0.00 ms
[统计] 消息总数: 0, 查询总数: 0
[2026-06-01 11:04:00] 运行时长: 7m40s
[吞吐量] 消息: 0.00 msg/s (平均: 0.00), 查询: 0.00 qps (平均: 0.00)
[延迟] 平均: 0.00 ms, P50: 0.00 ms, P90: 0.00 ms, P95: 0.00 ms, P99: 0.00 ms
[统计] 消息总数: 0, 查询总数: 0
[2026-06-01 11:04:10] 运行时长: 7m50s
[吞吐量] 消息: 0.00 msg/s (平均: 0.00), 查询: 0.00 qps (平均: 0.00)
[延迟] 平均: 0.00 ms, P50: 0.00 ms, P90: 0.00 ms, P95: 0.00 ms, P99: 0.00 ms
[统计] 消息总数: 0, 查询总数: 0
[2026-06-01 11:04:20] 运行时长: 8m0s
[吞吐量] 消息: 0.00 msg/s (平均: 0.00), 查询: 0.00 qps (平均: 0.00)
[延迟] 平均: 0.00 ms, P50: 0.00 ms, P90: 0.00 ms, P95: 0.00 ms, P99: 0.00 ms
[统计] 消息总数: 0, 查询总数: 0
