[2026-05-26 17:34:12] [Middleware] 服务已启动 127.0.0.1:5001
[2026-05-26 17:34:12] [Middleware] 新节点加入: ('127.0.0.1', 65181)
[2026-05-26 17:34:12] [Middleware] 节点 ('127.0.0.1', 65181) 订阅主题: note/publish
[2026-05-26 17:34:12] [Middleware] 新节点加入: ('127.0.0.1', 65183)
[2026-05-26 17:34:12] [Middleware] 节点 ('127.0.0.1', 65181) 订阅主题: note/publish
[2026-05-26 17:34:12] [Middleware] 节点 ('127.0.0.1', 65183) 订阅主题: note/like
[2026-05-26 17:34:12] [Middleware] 新节点加入: ('127.0.0.1', 65184)
[2026-05-26 17:34:12] [Middleware] 节点 ('127.0.0.1', 65183) 订阅主题: note/comment
[2026-05-26 17:34:12] [Middleware] 节点 ('127.0.0.1', 65183) 订阅主题: note/delete
[2026-05-26 17:34:12] [Middleware] 新节点加入: ('127.0.0.1', 65185)
[2026-05-26 17:34:12] [Middleware] 节点 ('127.0.0.1', 65184) 订阅主题: note/like
[2026-05-26 17:34:12] [Middleware] 节点 ('127.0.0.1', 65183) 订阅主题: note/like
[2026-05-26 17:34:12] [Middleware] 节点 ('127.0.0.1', 65185) 订阅主题: query/request
[2026-05-26 17:34:12] [Middleware] 新节点加入: ('127.0.0.1', 65186)
[2026-05-26 17:34:12] [Middleware] 节点 ('127.0.0.1', 65184) 订阅主题: note/comment
[2026-05-26 17:34:12] [Middleware] 节点 ('127.0.0.1', 65183) 订阅主题: note/comment
[2026-05-26 17:34:12] [Middleware] 节点 ('127.0.0.1', 65185) 订阅主题: query/request
[2026-05-26 17:34:12] [Middleware] 节点 ('127.0.0.1', 65184) 订阅主题: note/like
[2026-05-26 17:34:12] [Middleware] 节点 ('127.0.0.1', 65184) 订阅主题: note/comment
[2026-05-26 17:34:18] [Middleware] 新节点加入: ('127.0.0.1', 53313)
[2026-05-26 17:34:18] [Middleware] 节点 ('127.0.0.1', 53313) 订阅主题: query/response
[2026-05-26 17:34:18] [Middleware] 接收到查询请求放入队列 - ID: 1779788058.0713844, 类型: get_notes
[2026-05-26 17:34:18] [Middleware] 分发查询请求 - 主题: query/request, 内容: {'query_id': '1779788058.0713844', 'query_type': 'get_notes', 'params': {}}
[2026-05-26 17:34:18] [Middleware] 接收到消息 - 主题: query/response, 内容: {'status': 'success', 'data': [{'id': '4cbd6681-8b0d-4de1-ada9-9bf2900a8573', 'title': '111', 'content': '1111', 'author': 'guest', 'created_at': None, 'likes': 0, 'comments': 0, 'heat': 0, 'status': 'approved'}, {'id': 'f4e8c84e-0b91-4105-a36e-701623db2646', 'title': '123', 'content': '123', 'author': 'guest', 'created_at': None, 'likes': 0, 'comments': 0, 'heat': 0, 'status': 'approved'}, {'id': 'eca01e10-0c3d-4ca4-b3c2-a47b300bc9dd', 'title': '123', 'content': '333', 'author': 'guest', 'created_at': None, 'likes': 0, 'comments': 0, 'heat': 0, 'status': 'approved'}, {'id': '2f396c90-3efe-4a5c-8fb1-816d4b4b60ab', 'title': '324234342', 'content': '23434234232432432432432', 'author': 'guest', 'created_at': None, 'likes': 23, 'comments': 0, 'heat': 46, 'status': 'approved'}], 'query_id': '1779788058.0713844'}
[2026-05-26 17:34:18] [Middleware] 分发消息 - 主题: query/response, 内容: {'status': 'success', 'data': [{'id': '4cbd6681-8b0d-4de1-ada9-9bf2900a8573', 'title': '111', 'content': '1111', 'author': 'guest', 'created_at': None, 'likes': 0, 'comments': 0, 'heat': 0, 'status': 'approved'}, {'id': 'f4e8c84e-0b91-4105-a36e-701623db2646', 'title': '123', 'content': '123', 'author': 'guest', 'created_at': None, 'likes': 0, 'comments': 0, 'heat': 0, 'status': 'approved'}, {'id': 'eca01e10-0c3d-4ca4-b3c2-a47b300bc9dd', 'title': '123', 'content': '333', 'author': 'guest', 'created_at': None, 'likes': 0, 'comments': 0, 'heat': 0, 'status': 'approved'}, {'id': '2f396c90-3efe-4a5c-8fb1-816d4b4b60ab', 'title': '324234342', 'content': '23434234232432432432432', 'author': 'guest', 'created_at': None, 'likes': 23, 'comments': 0, 'heat': 46, 'status': 'approved'}], 'query_id': '1779788058.0713844'}
[2026-05-26 17:34:19] [Middleware] 接收到查询请求放入队列 - ID: 1779788059.982554, 类型: get_note
[2026-05-26 17:34:20] [Middleware] 分发查询请求 - 主题: query/request, 内容: {'query_id': '1779788059.982554', 'query_type': 'get_note', 'params': {'note_id': 'f4e8c84e-0b91-4105-a36e-701623db2646'}}
[2026-05-26 17:34:20] [Middleware] 接收到消息 - 主题: query/response, 内容: {'status': 'success', 'data': {'id': 'f4e8c84e-0b91-4105-a36e-701623db2646', 'title': '123', 'content': '123', 'author': 'guest', 'created_at': None, 'likes': 0, 'comments': 0, 'heat': 0, 'status': 'approved'}, 'query_id': '1779788059.982554'}
[2026-05-26 17:34:20] [Middleware] 分发消息 - 主题: query/response, 内容: {'status': 'success', 'data': {'id': 'f4e8c84e-0b91-4105-a36e-701623db2646', 'title': '123', 'content': '123', 'author': 'guest', 'created_at': None, 'likes': 0, 'comments': 0, 'heat': 0, 'status': 'approved'}, 'query_id': '1779788059.982554'}
[2026-05-26 17:34:20] [Middleware] 接收到查询请求放入队列 - ID: 1779788060.0935938, 类型: get_comments
[2026-05-26 17:34:20] [Middleware] 分发查询请求 - 主题: query/request, 内容: {'query_id': '1779788060.0935938', 'query_type': 'get_comments', 'params': {'note_id': 'f4e8c84e-0b91-4105-a36e-701623db2646'}}
[2026-05-26 17:34:20] [Middleware] 接收到消息 - 主题: query/response, 内容: {'status': 'success', 'data': [], 'query_id': '1779788060.0935938'}
[2026-05-26 17:34:20] [Middleware] 分发消息 - 主题: query/response, 内容: {'status': 'success', 'data': [], 'query_id': '1779788060.0935938'}
[2026-05-26 17:34:20] [Middleware] 接收到查询请求放入队列 - ID: 1779788060.2097461, 类型: get_like_count
[2026-05-26 17:34:20] [Middleware] 分发查询请求 - 主题: query/request, 内容: {'query_id': '1779788060.2097461', 'query_type': 'get_like_count', 'params': {'note_id': 'f4e8c84e-0b91-4105-a36e-701623db2646'}}
[2026-05-26 17:34:20] [Middleware] 接收到消息 - 主题: query/response, 内容: {'status': 'success', 'data': 0, 'query_id': '1779788060.2097461'}
[2026-05-26 17:34:20] [Middleware] 分发消息 - 主题: query/response, 内容: {'status': 'success', 'data': 0, 'query_id': '1779788060.2097461'}
[2026-05-26 17:34:21] [Middleware] 新节点加入: ('127.0.0.1', 53875)
[2026-05-26 17:34:21] [Middleware] 接收到消息 - 主题: note/like, 内容: {'note_id': 'f4e8c84e-0b91-4105-a36e-701623db2646', 'user_id': 'guest'}
[2026-05-26 17:34:21] [Middleware] 接收到查询请求放入队列 - ID: 1779788061.842851, 类型: get_note
[2026-05-26 17:34:21] [Middleware] 分发消息 - 主题: note/like, 内容: {'note_id': 'f4e8c84e-0b91-4105-a36e-701623db2646', 'user_id': 'guest'}
[2026-05-26 17:34:21] [Middleware] 分发查询请求 - 主题: query/request, 内容: {'query_id': '1779788061.842851', 'query_type': 'get_note', 'params': {'note_id': 'f4e8c84e-0b91-4105-a36e-701623db2646'}}
[2026-05-26 17:34:21] [Middleware] 接收到消息 - 主题: query/response, 内容: {'status': 'success', 'data': {'id': 'f4e8c84e-0b91-4105-a36e-701623db2646', 'title': '123', 'content': '123', 'author': 'guest', 'created_at': None, 'likes': 1, 'comments': 0, 'heat': 2, 'status': 'approved'}, 'query_id': '1779788061.842851'}
[2026-05-26 17:34:21] [Middleware] 分发消息 - 主题: query/response, 内容: {'status': 'success', 'data': {'id': 'f4e8c84e-0b91-4105-a36e-701623db2646', 'title': '123', 'content': '123', 'author': 'guest', 'created_at': None, 'likes': 1, 'comments': 0, 'heat': 2, 'status': 'approved'}, 'query_id': '1779788061.842851'}
[2026-05-26 17:34:22] [Middleware] 接收到消息 - 主题: note/like, 内容: {'note_id': 'f4e8c84e-0b91-4105-a36e-701623db2646', 'user_id': 'guest'}
[2026-05-26 17:34:22] [Middleware] 分发消息 - 主题: note/like, 内容: {'note_id': 'f4e8c84e-0b91-4105-a36e-701623db2646', 'user_id': 'guest'}
[2026-05-26 17:34:22] [Middleware] 接收到查询请求放入队列 - ID: 1779788062.0625393, 类型: get_note
[2026-05-26 17:34:22] [Middleware] 接收到查询请求放入队列 - ID: 1779788062.0672994, 类型: get_comments
[2026-05-26 17:34:22] [Middleware] 分发查询请求 - 主题: query/request, 内容: {'query_id': '1779788062.0625393', 'query_type': 'get_note', 'params': {'note_id': 'f4e8c84e-0b91-4105-a36e-701623db2646'}}
[2026-05-26 17:34:22] [Middleware] 分发查询请求 - 主题: query/request, 内容: {'query_id': '1779788062.0672994', 'query_type': 'get_comments', 'params': {'note_id': 'f4e8c84e-0b91-4105-a36e-701623db2646'}}
[2026-05-26 17:34:22] [Middleware] 接收到消息 - 主题: query/response, 内容: {'status': 'success', 'data': {'id': 'f4e8c84e-0b91-4105-a36e-701623db2646', 'title': '123', 'content': '123', 'author': 'guest', 'created_at': None, 'likes': 2, 'comments': 0, 'heat': 4, 'status': 'approved'}, 'query_id': '1779788062.0625393'}
[2026-05-26 17:34:22] [Middleware] 接收到消息 - 主题: query/response, 内容: {'status': 'success', 'data': [], 'query_id': '1779788062.0672994'}
[2026-05-26 17:34:22] [Middleware] 分发消息 - 主题: query/response, 内容: {'status': 'success', 'data': {'id': 'f4e8c84e-0b91-4105-a36e-701623db2646', 'title': '123', 'content': '123', 'author': 'guest', 'created_at': None, 'likes': 2, 'comments': 0, 'heat': 4, 'status': 'approved'}, 'query_id': '1779788062.0625393'}
[2026-05-26 17:34:22] [Middleware] 分发消息 - 主题: query/response, 内容: {'status': 'success', 'data': [], 'query_id': '1779788062.0672994'}
[2026-05-26 17:34:22] [Middleware] 接收到查询请求放入队列 - ID: 1779788062.1793413, 类型: get_comments
[2026-05-26 17:34:22] [Middleware] 接收到查询请求放入队列 - ID: 1779788062.1825268, 类型: get_like_count
[2026-05-26 17:34:22] [Middleware] 分发查询请求 - 主题: query/request, 内容: {'query_id': '1779788062.1793413', 'query_type': 'get_comments', 'params': {'note_id': 'f4e8c84e-0b91-4105-a36e-701623db2646'}}
[2026-05-26 17:34:22] [Middleware] 分发查询请求 - 主题: query/request, 内容: {'query_id': '1779788062.1825268', 'query_type': 'get_like_count', 'params': {'note_id': 'f4e8c84e-0b91-4105-a36e-701623db2646'}}
[2026-05-26 17:34:22] [Middleware] 接收到消息 - 主题: query/response, 内容: {'status': 'success', 'data': [], 'query_id': '1779788062.1793413'}
[2026-05-26 17:34:22] [Middleware] 接收到消息 - 主题: query/response, 内容: {'status': 'success', 'data': 2, 'query_id': '1779788062.1825268'}
[2026-05-26 17:34:22] [Middleware] 接收到消息 - 主题: note/like, 内容: {'note_id': 'f4e8c84e-0b91-4105-a36e-701623db2646', 'user_id': 'guest'}
[2026-05-26 17:34:22] [Middleware] 分发消息 - 主题: query/response, 内容: {'status': 'success', 'data': [], 'query_id': '1779788062.1793413'}
[2026-05-26 17:34:22] [Middleware] 分发消息 - 主题: query/response, 内容: {'status': 'success', 'data': 2, 'query_id': '1779788062.1825268'}
[2026-05-26 17:34:22] [Middleware] 接收到查询请求放入队列 - ID: 1779788062.2441258, 类型: get_note
[2026-05-26 17:34:22] [Middleware] 分发消息 - 主题: note/like, 内容: {'note_id': 'f4e8c84e-0b91-4105-a36e-701623db2646', 'user_id': 'guest'}
[2026-05-26 17:34:22] [Middleware] 分发查询请求 - 主题: query/request, 内容: {'query_id': '1779788062.2441258', 'query_type': 'get_note', 'params': {'note_id': 'f4e8c84e-0b91-4105-a36e-701623db2646'}}
[2026-05-26 17:34:22] [Middleware] 接收到消息 - 主题: query/response, 内容: {'status': 'success', 'data': {'id': 'f4e8c84e-0b91-4105-a36e-701623db2646', 'title': '123', 'content': '123', 'author': 'guest', 'created_at': None, 'likes': 3, 'comments': 0, 'heat': 6, 'status': 'approved'}, 'query_id': '1779788062.2441258'}
[2026-05-26 17:34:22] [Middleware] 接收到查询请求放入队列 - ID: 1779788062.2962258, 类型: get_like_count
[2026-05-26 17:34:22] [Middleware] 分发消息 - 主题: query/response, 内容: {'status': 'success', 'data': {'id': 'f4e8c84e-0b91-4105-a36e-701623db2646', 'title': '123', 'content': '123', 'author': 'guest', 'created_at': None, 'likes': 3, 'comments': 0, 'heat': 6, 'status': 'approved'}, 'query_id': '1779788062.2441258'}
[2026-05-26 17:34:22] [Middleware] 分发查询请求 - 主题: query/request, 内容: {'query_id': '1779788062.2962258', 'query_type': 'get_like_count', 'params': {'note_id': 'f4e8c84e-0b91-4105-a36e-701623db2646'}}
[2026-05-26 17:34:22] [Middleware] 接收到消息 - 主题: query/response, 内容: {'status': 'success', 'data': 3, 'query_id': '1779788062.2962258'}
[2026-05-26 17:34:22] [Middleware] 接收到查询请求放入队列 - ID: 1779788062.3599079, 类型: get_comments
[2026-05-26 17:34:22] [Middleware] 分发消息 - 主题: query/response, 内容: {'status': 'success', 'data': 3, 'query_id': '1779788062.2962258'}
[2026-05-26 17:34:22] [Middleware] 接收到消息 - 主题: note/like, 内容: {'note_id': 'f4e8c84e-0b91-4105-a36e-701623db2646', 'user_id': 'guest'}
[2026-05-26 17:34:22] [Middleware] 分发查询请求 - 主题: query/request, 内容: {'query_id': '1779788062.3599079', 'query_type': 'get_comments', 'params': {'note_id': 'f4e8c84e-0b91-4105-a36e-701623db2646'}}
[2026-05-26 17:34:22] [Middleware] 接收到查询请求放入队列 - ID: 1779788062.4185202, 类型: get_note
[2026-05-26 17:34:22] [Middleware] 接收到消息 - 主题: query/response, 内容: {'status': 'success', 'data': [], 'query_id': '1779788062.3599079'}
[2026-05-26 17:34:22] [Middleware] 分发消息 - 主题: note/like, 内容: {'note_id': 'f4e8c84e-0b91-4105-a36e-701623db2646', 'user_id': 'guest'}
[2026-05-26 17:34:22] [Middleware] 分发消息 - 主题: query/response, 内容: {'status': 'success', 'data': [], 'query_id': '1779788062.3599079'}
[2026-05-26 17:34:22] [Middleware] 分发查询请求 - 主题: query/request, 内容: {'query_id': '1779788062.4185202', 'query_type': 'get_note', 'params': {'note_id': 'f4e8c84e-0b91-4105-a36e-701623db2646'}}
[2026-05-26 17:34:22] [Middleware] 接收到查询请求放入队列 - ID: 1779788062.4775379, 类型: get_like_count
[2026-05-26 17:34:22] [Middleware] 分发查询请求 - 主题: query/request, 内容: {'query_id': '1779788062.4775379', 'query_type': 'get_like_count', 'params': {'note_id': 'f4e8c84e-0b91-4105-a36e-701623db2646'}}
[2026-05-26 17:34:22] [Middleware] 接收到消息 - 主题: query/response, 内容: {'status': 'success', 'data': {'id': 'f4e8c84e-0b91-4105-a36e-701623db2646', 'title': '123', 'content': '123', 'author': 'guest', 'created_at': None, 'likes': 4, 'comments': 0, 'heat': 8, 'status': 'approved'}, 'query_id': '1779788062.4185202'}
[2026-05-26 17:34:22] [Middleware] 分发消息 - 主题: query/response, 内容: {'status': 'success', 'data': {'id': 'f4e8c84e-0b91-4105-a36e-701623db2646', 'title': '123', 'content': '123', 'author': 'guest', 'created_at': None, 'likes': 4, 'comments': 0, 'heat': 8, 'status': 'approved'}, 'query_id': '1779788062.4185202'}
[2026-05-26 17:34:22] [Middleware] 接收到消息 - 主题: query/response, 内容: {'status': 'success', 'data': 4, 'query_id': '1779788062.4775379'}
[2026-05-26 17:34:22] [Middleware] 分发消息 - 主题: query/response, 内容: {'status': 'success', 'data': 4, 'query_id': '1779788062.4775379'}
[2026-05-26 17:34:22] [Middleware] 接收到查询请求放入队列 - ID: 1779788062.529627, 类型: get_comments
[2026-05-26 17:34:22] [Middleware] 分发查询请求 - 主题: query/request, 内容: {'query_id': '1779788062.529627', 'query_type': 'get_comments', 'params': {'note_id': 'f4e8c84e-0b91-4105-a36e-701623db2646'}}
[2026-05-26 17:34:22] [Middleware] 接收到消息 - 主题: query/response, 内容: {'status': 'success', 'data': [], 'query_id': '1779788062.529627'}
[2026-05-26 17:34:22] [Middleware] 接收到消息 - 主题: note/like, 内容: {'note_id': 'f4e8c84e-0b91-4105-a36e-701623db2646', 'user_id': 'guest'}
[2026-05-26 17:34:22] [Middleware] 分发消息 - 主题: query/response, 内容: {'status': 'success', 'data': [], 'query_id': '1779788062.529627'}
[2026-05-26 17:34:22] [Middleware] 分发消息 - 主题: note/like, 内容: {'note_id': 'f4e8c84e-0b91-4105-a36e-701623db2646', 'user_id': 'guest'}
[2026-05-26 17:34:22] [Middleware] 接收到查询请求放入队列 - ID: 1779788062.5690112, 类型: get_note
[2026-05-26 17:34:22] [Middleware] 分发查询请求 - 主题: query/request, 内容: {'query_id': '1779788062.5690112', 'query_type': 'get_note', 'params': {'note_id': 'f4e8c84e-0b91-4105-a36e-701623db2646'}}
[2026-05-26 17:34:22] [Middleware] 接收到消息 - 主题: query/response, 内容: {'status': 'success', 'data': {'id': 'f4e8c84e-0b91-4105-a36e-701623db2646', 'title': '123', 'content': '123', 'author': 'guest', 'created_at': None, 'likes': 5, 'comments': 0, 'heat': 10, 'status': 'approved'}, 'query_id': '1779788062.5690112'}
[2026-05-26 17:34:22] [Middleware] 分发消息 - 主题: query/response, 内容: {'status': 'success', 'data': {'id': 'f4e8c84e-0b91-4105-a36e-701623db2646', 'title': '123', 'content': '123', 'author': 'guest', 'created_at': None, 'likes': 5, 'comments': 0, 'heat': 10, 'status': 'approved'}, 'query_id': '1779788062.5690112'}
[2026-05-26 17:34:22] [Middleware] 接收到查询请求放入队列 - ID: 1779788062.6468267, 类型: get_like_count
[2026-05-26 17:34:22] [Middleware] 分发查询请求 - 主题: query/request, 内容: {'query_id': '1779788062.6468267', 'query_type': 'get_like_count', 'params': {'note_id': 'f4e8c84e-0b91-4105-a36e-701623db2646'}}
[2026-05-26 17:34:22] [Middleware] 接收到查询请求放入队列 - ID: 1779788062.679462, 类型: get_comments
[2026-05-26 17:34:22] [Middleware] 接收到消息 - 主题: query/response, 内容: {'status': 'success', 'data': 5, 'query_id': '1779788062.6468267'}
[2026-05-26 17:34:22] [Middleware] 分发消息 - 主题: query/response, 内容: {'status': 'success', 'data': 5, 'query_id': '1779788062.6468267'}
[2026-05-26 17:34:22] [Middleware] 接收到消息 - 主题: note/like, 内容: {'note_id': 'f4e8c84e-0b91-4105-a36e-701623db2646', 'user_id': 'guest'}
[2026-05-26 17:34:22] [Middleware] 接收到查询请求放入队列 - ID: 1779788062.7309713, 类型: get_note
[2026-05-26 17:34:22] [Middleware] 分发查询请求 - 主题: query/request, 内容: {'query_id': '1779788062.679462', 'query_type': 'get_comments', 'params': {'note_id': 'f4e8c84e-0b91-4105-a36e-701623db2646'}}
[2026-05-26 17:34:22] [Middleware] 分发查询请求 - 主题: query/request, 内容: {'query_id': '1779788062.7309713', 'query_type': 'get_note', 'params': {'note_id': 'f4e8c84e-0b91-4105-a36e-701623db2646'}}
[2026-05-26 17:34:22] [Middleware] 分发消息 - 主题: note/like, 内容: {'note_id': 'f4e8c84e-0b91-4105-a36e-701623db2646', 'user_id': 'guest'}
[2026-05-26 17:34:22] [Middleware] 接收到消息 - 主题: query/response, 内容: {'status': 'success', 'data': [], 'query_id': '1779788062.679462'}
[2026-05-26 17:34:22] [Middleware] 接收到消息 - 主题: query/response, 内容: {'status': 'success', 'data': {'id': 'f4e8c84e-0b91-4105-a36e-701623db2646', 'title': '123', 'content': '123', 'author': 'guest', 'created_at': None, 'likes': 6, 'comments': 0, 'heat': 10, 'status': 'approved'}, 'query_id': '1779788062.7309713'}
[2026-05-26 17:34:22] [Middleware] 分发消息 - 主题: query/response, 内容: {'status': 'success', 'data': [], 'query_id': '1779788062.679462'}
[2026-05-26 17:34:22] [Middleware] 分发消息 - 主题: query/response, 内容: {'status': 'success', 'data': {'id': 'f4e8c84e-0b91-4105-a36e-701623db2646', 'title': '123', 'content': '123', 'author': 'guest', 'created_at': None, 'likes': 6, 'comments': 0, 'heat': 10, 'status': 'approved'}, 'query_id': '1779788062.7309713'}
[2026-05-26 17:34:22] [Middleware] 接收到查询请求放入队列 - ID: 1779788062.844386, 类型: get_comments
[2026-05-26 17:34:22] [Middleware] 分发查询请求 - 主题: query/request, 内容: {'query_id': '1779788062.844386', 'query_type': 'get_comments', 'params': {'note_id': 'f4e8c84e-0b91-4105-a36e-701623db2646'}}
[2026-05-26 17:34:22] [Middleware] 接收到消息 - 主题: query/response, 内容: {'status': 'success', 'data': [], 'query_id': '1779788062.844386'}
[2026-05-26 17:34:22] [Middleware] 分发消息 - 主题: query/response, 内容: {'status': 'success', 'data': [], 'query_id': '1779788062.844386'}
[2026-05-26 17:34:22] [Middleware] 接收到查询请求放入队列 - ID: 1779788062.899873, 类型: get_like_count
[2026-05-26 17:34:22] [Middleware] 分发查询请求 - 主题: query/request, 内容: {'query_id': '1779788062.899873', 'query_type': 'get_like_count', 'params': {'note_id': 'f4e8c84e-0b91-4105-a36e-701623db2646'}}
[2026-05-26 17:34:22] [Middleware] 接收到消息 - 主题: query/response, 内容: {'status': 'success', 'data': 6, 'query_id': '1779788062.899873'}
[2026-05-26 17:34:22] [Middleware] 分发消息 - 主题: query/response, 内容: {'status': 'success', 'data': 6, 'query_id': '1779788062.899873'}
[2026-05-26 17:34:22] [Middleware] 接收到查询请求放入队列 - ID: 1779788062.9513237, 类型: get_like_count
[2026-05-26 17:34:22] [Middleware] 分发查询请求 - 主题: query/request, 内容: {'query_id': '1779788062.9513237', 'query_type': 'get_like_count', 'params': {'note_id': 'f4e8c84e-0b91-4105-a36e-701623db2646'}}
[2026-05-26 17:34:22] [Middleware] 接收到消息 - 主题: query/response, 内容: {'status': 'success', 'data': 6, 'query_id': '1779788062.9513237'}
[2026-05-26 17:34:23] [Middleware] 分发消息 - 主题: query/response, 内容: {'status': 'success', 'data': 6, 'query_id': '1779788062.9513237'}
[2026-05-26 17:34:25] [Middleware] 接收到消息 - 主题: note/like, 内容: {'note_id': 'f4e8c84e-0b91-4105-a36e-701623db2646', 'user_id': 'guest'}
[2026-05-26 17:34:25] [Middleware] 分发消息 - 主题: note/like, 内容: {'note_id': 'f4e8c84e-0b91-4105-a36e-701623db2646', 'user_id': 'guest'}
[2026-05-26 17:34:25] [Middleware] 接收到查询请求放入队列 - ID: 1779788065.1941764, 类型: get_note
[2026-05-26 17:34:25] [Middleware] 分发查询请求 - 主题: query/request, 内容: {'query_id': '1779788065.1941764', 'query_type': 'get_note', 'params': {'note_id': 'f4e8c84e-0b91-4105-a36e-701623db2646'}}
[2026-05-26 17:34:25] [Middleware] 接收到消息 - 主题: query/response, 内容: {'status': 'success', 'data': {'id': 'f4e8c84e-0b91-4105-a36e-701623db2646', 'title': '123', 'content': '123', 'author': 'guest', 'created_at': None, 'likes': 7, 'comments': 0, 'heat': 14, 'status': 'approved'}, 'query_id': '1779788065.1941764'}
[2026-05-26 17:34:25] [Middleware] 分发消息 - 主题: query/response, 内容: {'status': 'success', 'data': {'id': 'f4e8c84e-0b91-4105-a36e-701623db2646', 'title': '123', 'content': '123', 'author': 'guest', 'created_at': None, 'likes': 7, 'comments': 0, 'heat': 14, 'status': 'approved'}, 'query_id': '1779788065.1941764'}
[2026-05-26 17:34:25] [Middleware] 接收到查询请求放入队列 - ID: 1779788065.4270563, 类型: get_comments
[2026-05-26 17:34:25] [Middleware] 分发查询请求 - 主题: query/request, 内容: {'query_id': '1779788065.4270563', 'query_type': 'get_comments', 'params': {'note_id': 'f4e8c84e-0b91-4105-a36e-701623db2646'}}
[2026-05-26 17:34:25] [Middleware] 接收到消息 - 主题: query/response, 内容: {'status': 'success', 'data': [], 'query_id': '1779788065.4270563'}
[2026-05-26 17:34:25] [Middleware] 分发消息 - 主题: query/response, 内容: {'status': 'success', 'data': [], 'query_id': '1779788065.4270563'}
[2026-05-26 17:34:25] [Middleware] 接收到查询请求放入队列 - ID: 1779788065.6553795, 类型: get_like_count
[2026-05-26 17:34:25] [Middleware] 分发查询请求 - 主题: query/request, 内容: {'query_id': '1779788065.6553795', 'query_type': 'get_like_count', 'params': {'note_id': 'f4e8c84e-0b91-4105-a36e-701623db2646'}}
[2026-05-26 17:34:25] [Middleware] 接收到消息 - 主题: query/response, 内容: {'status': 'success', 'data': 7, 'query_id': '1779788065.6553795'}
[2026-05-26 17:34:25] [Middleware] 分发消息 - 主题: query/response, 内容: {'status': 'success', 'data': 7, 'query_id': '1779788065.6553795'}
[2026-05-26 17:34:31] [Middleware] 接收到消息 - 主题: note/comment, 内容: {'note_id': 'f4e8c84e-0b91-4105-a36e-701623db2646', 'user_id': 'guest', 'comment_text': 'hao \r\n'}
[2026-05-26 17:34:31] [Middleware] 接收到查询请求放入队列 - ID: 1779788071.8228354, 类型: get_note
[2026-05-26 17:34:31] [Middleware] 分发消息 - 主题: note/comment, 内容: {'note_id': 'f4e8c84e-0b91-4105-a36e-701623db2646', 'user_id': 'guest', 'comment_text': 'hao \r\n'}
[2026-05-26 17:34:31] [Middleware] 分发查询请求 - 主题: query/request, 内容: {'query_id': '1779788071.8228354', 'query_type': 'get_note', 'params': {'note_id': 'f4e8c84e-0b91-4105-a36e-701623db2646'}}
[2026-05-26 17:34:31] [Middleware] 接收到消息 - 主题: query/response, 内容: {'status': 'success', 'data': {'id': 'f4e8c84e-0b91-4105-a36e-701623db2646', 'title': '123', 'content': '123', 'author': 'guest', 'created_at': None, 'likes': 7, 'comments': 1, 'heat': 14, 'status': 'approved'}, 'query_id': '1779788071.8228354'}
[2026-05-26 17:34:31] [Middleware] 分发消息 - 主题: query/response, 内容: {'status': 'success', 'data': {'id': 'f4e8c84e-0b91-4105-a36e-701623db2646', 'title': '123', 'content': '123', 'author': 'guest', 'created_at': None, 'likes': 7, 'comments': 1, 'heat': 14, 'status': 'approved'}, 'query_id': '1779788071.8228354'}
[2026-05-26 17:34:31] [Middleware] 接收到查询请求放入队列 - ID: 1779788071.9721997, 类型: get_comments
[2026-05-26 17:34:32] [Middleware] 分发查询请求 - 主题: query/request, 内容: {'query_id': '1779788071.9721997', 'query_type': 'get_comments', 'params': {'note_id': 'f4e8c84e-0b91-4105-a36e-701623db2646'}}
[2026-05-26 17:34:32] [Middleware] 接收到消息 - 主题: query/response, 内容: {'status': 'success', 'data': [{'id': '287b4f5e-22a0-4d76-a79c-1e1f80e4513c', 'note_id': 'f4e8c84e-0b91-4105-a36e-701623db2646', 'user_id': 'guest', 'content': 'hao \r\n', 'created_at': '2026-05-26T17:34:31.847905'}], 'query_id': '1779788071.9721997'}
[2026-05-26 17:34:32] [Middleware] 分发消息 - 主题: query/response, 内容: {'status': 'success', 'data': [{'id': '287b4f5e-22a0-4d76-a79c-1e1f80e4513c', 'note_id': 'f4e8c84e-0b91-4105-a36e-701623db2646', 'user_id': 'guest', 'content': 'hao \r\n', 'created_at': '2026-05-26T17:34:31.847905'}], 'query_id': '1779788071.9721997'}
[2026-05-26 17:34:32] [Middleware] 接收到查询请求放入队列 - ID: 1779788072.2021391, 类型: get_like_count
[2026-05-26 17:34:32] [Middleware] 分发查询请求 - 主题: query/request, 内容: {'query_id': '1779788072.2021391', 'query_type': 'get_like_count', 'params': {'note_id': 'f4e8c84e-0b91-4105-a36e-701623db2646'}}
[2026-05-26 17:34:32] [Middleware] 接收到消息 - 主题: query/response, 内容: {'status': 'success', 'data': 7, 'query_id': '1779788072.2021391'}
[2026-05-26 17:34:32] [Middleware] 分发消息 - 主题: query/response, 内容: {'status': 'success', 'data': 7, 'query_id': '1779788072.2021391'}
[2026-05-26 17:34:41] [Middleware] 接收到消息 - 主题: note/comment, 内容: {'note_id': 'f4e8c84e-0b91-4105-a36e-701623db2646', 'user_id': 'guest', 'comment_text': '不是写错了把\r\n'}
[2026-05-26 17:34:41] [Middleware] 接收到查询请求放入队列 - ID: 1779788081.2378578, 类型: get_note
[2026-05-26 17:34:41] [Middleware] 分发查询请求 - 主题: query/request, 内容: {'query_id': '1779788081.2378578', 'query_type': 'get_note', 'params': {'note_id': 'f4e8c84e-0b91-4105-a36e-701623db2646'}}
[2026-05-26 17:34:41] [Middleware] 分发消息 - 主题: note/comment, 内容: {'note_id': 'f4e8c84e-0b91-4105-a36e-701623db2646', 'user_id': 'guest', 'comment_text': '不是写错了把\r\n'}
[2026-05-26 17:34:41] [Middleware] 接收到消息 - 主题: query/response, 内容: {'status': 'success', 'data': {'id': 'f4e8c84e-0b91-4105-a36e-701623db2646', 'title': '123', 'content': '123', 'author': 'guest', 'created_at': None, 'likes': 7, 'comments': 2, 'heat': 17, 'status': 'approved'}, 'query_id': '1779788081.2378578'}
[2026-05-26 17:34:41] [Middleware] 分发消息 - 主题: query/response, 内容: {'status': 'success', 'data': {'id': 'f4e8c84e-0b91-4105-a36e-701623db2646', 'title': '123', 'content': '123', 'author': 'guest', 'created_at': None, 'likes': 7, 'comments': 2, 'heat': 17, 'status': 'approved'}, 'query_id': '1779788081.2378578'}
[2026-05-26 17:34:41] [Middleware] 接收到查询请求放入队列 - ID: 1779788081.353151, 类型: get_comments
[2026-05-26 17:34:41] [Middleware] 分发查询请求 - 主题: query/request, 内容: {'query_id': '1779788081.353151', 'query_type': 'get_comments', 'params': {'note_id': 'f4e8c84e-0b91-4105-a36e-701623db2646'}}
[2026-05-26 17:34:41] [Middleware] 接收到消息 - 主题: query/response, 内容: {'status': 'success', 'data': [{'id': '5a77b3ca-5475-4409-a0ec-19089e4f4b2c', 'note_id': 'f4e8c84e-0b91-4105-a36e-701623db2646', 'user_id': 'guest', 'content': '不是写错了把\r\n', 'created_at': '2026-05-26T17:34:41.277782'}, {'id': '287b4f5e-22a0-4d76-a79c-1e1f80e4513c', 'note_id': 'f4e8c84e-0b91-4105-a36e-701623db2646', 'user_id': 'guest', 'content': 'hao \r\n', 'created_at': '2026-05-26T17:34:31.847905'}], 'query_id': '1779788081.353151'}
[2026-05-26 17:34:41] [Middleware] 分发消息 - 主题: query/response, 内容: {'status': 'success', 'data': [{'id': '5a77b3ca-5475-4409-a0ec-19089e4f4b2c', 'note_id': 'f4e8c84e-0b91-4105-a36e-701623db2646', 'user_id': 'guest', 'content': '不是写错了把\r\n', 'created_at': '2026-05-26T17:34:41.277782'}, {'id': '287b4f5e-22a0-4d76-a79c-1e1f80e4513c', 'note_id': 'f4e8c84e-0b91-4105-a36e-701623db2646', 'user_id': 'guest', 'content': 'hao \r\n', 'created_at': '2026-05-26T17:34:31.847905'}], 'query_id': '1779788081.353151'}
[2026-05-26 17:34:41] [Middleware] 接收到查询请求放入队列 - ID: 1779788081.462906, 类型: get_like_count
[2026-05-26 17:34:41] [Middleware] 分发查询请求 - 主题: query/request, 内容: {'query_id': '1779788081.462906', 'query_type': 'get_like_count', 'params': {'note_id': 'f4e8c84e-0b91-4105-a36e-701623db2646'}}
[2026-05-26 17:34:41] [Middleware] 接收到消息 - 主题: query/response, 内容: {'status': 'success', 'data': 7, 'query_id': '1779788081.462906'}
[2026-05-26 17:34:41] [Middleware] 分发消息 - 主题: query/response, 内容: {'status': 'success', 'data': 7, 'query_id': '1779788081.462906'}
[2026-05-26 17:34:43] [Middleware] 接收到查询请求放入队列 - ID: 1779788083.8311017, 类型: get_notes
[2026-05-26 17:34:43] [Middleware] 分发查询请求 - 主题: query/request, 内容: {'query_id': '1779788083.8311017', 'query_type': 'get_notes', 'params': {}}
[2026-05-26 17:34:43] [Middleware] 接收到消息 - 主题: query/response, 内容: {'status': 'success', 'data': [{'id': '4cbd6681-8b0d-4de1-ada9-9bf2900a8573', 'title': '111', 'content': '1111', 'author': 'guest', 'created_at': None, 'likes': 0, 'comments': 0, 'heat': 0, 'status': 'approved'}, {'id': 'f4e8c84e-0b91-4105-a36e-701623db2646', 'title': '123', 'content': '123', 'author': 'guest', 'created_at': None, 'likes': 7, 'comments': 2, 'heat': 20, 'status': 'approved'}, {'id': 'eca01e10-0c3d-4ca4-b3c2-a47b300bc9dd', 'title': '123', 'content': '333', 'author': 'guest', 'created_at': None, 'likes': 0, 'comments': 0, 'heat': 0, 'status': 'approved'}, {'id': '2f396c90-3efe-4a5c-8fb1-816d4b4b60ab', 'title': '324234342', 'content': '23434234232432432432432', 'author': 'guest', 'created_at': None, 'likes': 23, 'comments': 0, 'heat': 46, 'status': 'approved'}], 'query_id': '1779788083.8311017'}
[2026-05-26 17:34:43] [Middleware] 分发消息 - 主题: query/response, 内容: {'status': 'success', 'data': [{'id': '4cbd6681-8b0d-4de1-ada9-9bf2900a8573', 'title': '111', 'content': '1111', 'author': 'guest', 'created_at': None, 'likes': 0, 'comments': 0, 'heat': 0, 'status': 'approved'}, {'id': 'f4e8c84e-0b91-4105-a36e-701623db2646', 'title': '123', 'content': '123', 'author': 'guest', 'created_at': None, 'likes': 7, 'comments': 2, 'heat': 20, 'status': 'approved'}, {'id': 'eca01e10-0c3d-4ca4-b3c2-a47b300bc9dd', 'title': '123', 'content': '333', 'author': 'guest', 'created_at': None, 'likes': 0, 'comments': 0, 'heat': 0, 'status': 'approved'}, {'id': '2f396c90-3efe-4a5c-8fb1-816d4b4b60ab', 'title': '324234342', 'content': '23434234232432432432432', 'author': 'guest', 'created_at': None, 'likes': 23, 'comments': 0, 'heat': 46, 'status': 'approved'}], 'query_id': '1779788083.8311017'}
[2026-05-26 17:34:52] [Middleware] 接收到消息 - 主题: note/publish, 内容: {'note_id': 'c2552d28-3c44-4aa1-bf1a-b4cbf1c2bd55', 'title': '22222', 'content': '新建笔记\r\n', 'author': 'guest', 'created_at': None}
[2026-05-26 17:34:52] [Middleware] 接收到查询请求放入队列 - ID: 1779788092.6973526, 类型: get_notes
[2026-05-26 17:34:52] [Middleware] 分发消息 - 主题: note/publish, 内容: {'note_id': 'c2552d28-3c44-4aa1-bf1a-b4cbf1c2bd55', 'title': '22222', 'content': '新建笔记\r\n', 'author': 'guest', 'created_at': None}
[2026-05-26 17:34:52] [Middleware] 分发查询请求 - 主题: query/request, 内容: {'query_id': '1779788092.6973526', 'query_type': 'get_notes', 'params': {}}
[2026-05-26 17:34:52] [Middleware] 接收到消息 - 主题: query/response, 内容: {'status': 'success', 'data': [{'id': '4cbd6681-8b0d-4de1-ada9-9bf2900a8573', 'title': '111', 'content': '1111', 'author': 'guest', 'created_at': None, 'likes': 0, 'comments': 0, 'heat': 0, 'status': 'approved'}, {'id': 'f4e8c84e-0b91-4105-a36e-701623db2646', 'title': '123', 'content': '123', 'author': 'guest', 'created_at': None, 'likes': 7, 'comments': 2, 'heat': 20, 'status': 'approved'}, {'id': 'eca01e10-0c3d-4ca4-b3c2-a47b300bc9dd', 'title': '123', 'content': '333', 'author': 'guest', 'created_at': None, 'likes': 0, 'comments': 0, 'heat': 0, 'status': 'approved'}, {'id': '2f396c90-3efe-4a5c-8fb1-816d4b4b60ab', 'title': '324234342', 'content': '23434234232432432432432', 'author': 'guest', 'created_at': None, 'likes': 23, 'comments': 0, 'heat': 46, 'status': 'approved'}, {'id': 'c2552d28-3c44-4aa1-bf1a-b4cbf1c2bd55', 'title': '22222', 'content': '新建笔记\r\n', 'author': 'guest', 'created_at': None, 'likes': 0, 'comments': 0, 'heat': 0, 'status': 'approved'}], 'query_id': '1779788092.6973526'}
[2026-05-26 17:34:52] [Middleware] 分发消息 - 主题: query/response, 内容: {'status': 'success', 'data': [{'id': '4cbd6681-8b0d-4de1-ada9-9bf2900a8573', 'title': '111', 'content': '1111', 'author': 'guest', 'created_at': None, 'likes': 0, 'comments': 0, 'heat': 0, 'status': 'approved'}, {'id': 'f4e8c84e-0b91-4105-a36e-701623db2646', 'title': '123', 'content': '123', 'author': 'guest', 'created_at': None, 'likes': 7, 'comments': 2, 'heat': 20, 'status': 'approved'}, {'id': 'eca01e10-0c3d-4ca4-b3c2-a47b300bc9dd', 'title': '123', 'content': '333', 'author': 'guest', 'created_at': None, 'likes': 0, 'comments': 0, 'heat': 0, 'status': 'approved'}, {'id': '2f396c90-3efe-4a5c-8fb1-816d4b4b60ab', 'title': '324234342', 'content': '23434234232432432432432', 'author': 'guest', 'created_at': None, 'likes': 23, 'comments': 0, 'heat': 46, 'status': 'approved'}, {'id': 'c2552d28-3c44-4aa1-bf1a-b4cbf1c2bd55', 'title': '22222', 'content': '新建笔记\r\n', 'author': 'guest', 'created_at': None, 'likes': 0, 'comments': 0, 'heat': 0, 'status': 'approved'}], 'query_id': '1779788092.6973526'}
[2026-05-26 17:34:55] [Middleware] 接收到查询请求放入队列 - ID: 1779788095.8750238, 类型: get_note
[2026-05-26 17:34:55] [Middleware] 分发查询请求 - 主题: query/request, 内容: {'query_id': '1779788095.8750238', 'query_type': 'get_note', 'params': {'note_id': 'f4e8c84e-0b91-4105-a36e-701623db2646'}}
[2026-05-26 17:34:55] [Middleware] 接收到消息 - 主题: query/response, 内容: {'status': 'success', 'data': {'id': 'f4e8c84e-0b91-4105-a36e-701623db2646', 'title': '123', 'content': '123', 'author': 'guest', 'created_at': None, 'likes': 7, 'comments': 2, 'heat': 20, 'status': 'approved'}, 'query_id': '1779788095.8750238'}
[2026-05-26 17:34:55] [Middleware] 分发消息 - 主题: query/response, 内容: {'status': 'success', 'data': {'id': 'f4e8c84e-0b91-4105-a36e-701623db2646', 'title': '123', 'content': '123', 'author': 'guest', 'created_at': None, 'likes': 7, 'comments': 2, 'heat': 20, 'status': 'approved'}, 'query_id': '1779788095.8750238'}
[2026-05-26 17:34:55] [Middleware] 接收到查询请求放入队列 - ID: 1779788095.992308, 类型: get_comments
[2026-05-26 17:34:56] [Middleware] 分发查询请求 - 主题: query/request, 内容: {'query_id': '1779788095.992308', 'query_type': 'get_comments', 'params': {'note_id': 'f4e8c84e-0b91-4105-a36e-701623db2646'}}
[2026-05-26 17:34:56] [Middleware] 接收到消息 - 主题: query/response, 内容: {'status': 'success', 'data': [{'id': '5a77b3ca-5475-4409-a0ec-19089e4f4b2c', 'note_id': 'f4e8c84e-0b91-4105-a36e-701623db2646', 'user_id': 'guest', 'content': '不是写错了把\r\n', 'created_at': '2026-05-26T17:34:41.277782'}, {'id': '287b4f5e-22a0-4d76-a79c-1e1f80e4513c', 'note_id': 'f4e8c84e-0b91-4105-a36e-701623db2646', 'user_id': 'guest', 'content': 'hao \r\n', 'created_at': '2026-05-26T17:34:31.847905'}], 'query_id': '1779788095.992308'}
[2026-05-26 17:34:56] [Middleware] 分发消息 - 主题: query/response, 内容: {'status': 'success', 'data': [{'id': '5a77b3ca-5475-4409-a0ec-19089e4f4b2c', 'note_id': 'f4e8c84e-0b91-4105-a36e-701623db2646', 'user_id': 'guest', 'content': '不是写错了把\r\n', 'created_at': '2026-05-26T17:34:41.277782'}, {'id': '287b4f5e-22a0-4d76-a79c-1e1f80e4513c', 'note_id': 'f4e8c84e-0b91-4105-a36e-701623db2646', 'user_id': 'guest', 'content': 'hao \r\n', 'created_at': '2026-05-26T17:34:31.847905'}], 'query_id': '1779788095.992308'}
[2026-05-26 17:34:56] [Middleware] 接收到查询请求放入队列 - ID: 1779788096.110478, 类型: get_like_count
[2026-05-26 17:34:56] [Middleware] 分发查询请求 - 主题: query/request, 内容: {'query_id': '1779788096.110478', 'query_type': 'get_like_count', 'params': {'note_id': 'f4e8c84e-0b91-4105-a36e-701623db2646'}}
[2026-05-26 17:34:56] [Middleware] 接收到消息 - 主题: query/response, 内容: {'status': 'success', 'data': 7, 'query_id': '1779788096.110478'}
[2026-05-26 17:34:56] [Middleware] 分发消息 - 主题: query/response, 内容: {'status': 'success', 'data': 7, 'query_id': '1779788096.110478'}
[2026-05-26 17:35:25] [Middleware] 接收到查询请求放入队列 - ID: 1779788125.7866697, 类型: get_notes
[2026-05-26 17:35:25] [Middleware] 分发查询请求 - 主题: query/request, 内容: {'query_id': '1779788125.7866697', 'query_type': 'get_notes', 'params': {}}
[2026-05-26 17:35:25] [Middleware] 接收到消息 - 主题: query/response, 内容: {'status': 'success', 'data': [{'id': '4cbd6681-8b0d-4de1-ada9-9bf2900a8573', 'title': '111', 'content': '1111', 'author': 'guest', 'created_at': None, 'likes': 0, 'comments': 0, 'heat': 0, 'status': 'approved'}, {'id': 'f4e8c84e-0b91-4105-a36e-701623db2646', 'title': '123', 'content': '123', 'author': 'guest', 'created_at': None, 'likes': 7, 'comments': 2, 'heat': 20, 'status': 'approved'}, {'id': 'eca01e10-0c3d-4ca4-b3c2-a47b300bc9dd', 'title': '123', 'content': '333', 'author': 'guest', 'created_at': None, 'likes': 0, 'comments': 0, 'heat': 0, 'status': 'approved'}, {'id': '2f396c90-3efe-4a5c-8fb1-816d4b4b60ab', 'title': '324234342', 'content': '23434234232432432432432', 'author': 'guest', 'created_at': None, 'likes': 23, 'comments': 0, 'heat': 46, 'status': 'approved'}, {'id': 'c2552d28-3c44-4aa1-bf1a-b4cbf1c2bd55', 'title': '22222', 'content': '新建笔记\r\n', 'author': 'guest', 'created_at': None, 'likes': 0, 'comments': 0, 'heat': 0, 'status': 'approved'}], 'query_id': '1779788125.7866697'}
[2026-05-26 17:35:25] [Middleware] 分发消息 - 主题: query/response, 内容: {'status': 'success', 'data': [{'id': '4cbd6681-8b0d-4de1-ada9-9bf2900a8573', 'title': '111', 'content': '1111', 'author': 'guest', 'created_at': None, 'likes': 0, 'comments': 0, 'heat': 0, 'status': 'approved'}, {'id': 'f4e8c84e-0b91-4105-a36e-701623db2646', 'title': '123', 'content': '123', 'author': 'guest', 'created_at': None, 'likes': 7, 'comments': 2, 'heat': 20, 'status': 'approved'}, {'id': 'eca01e10-0c3d-4ca4-b3c2-a47b300bc9dd', 'title': '123', 'content': '333', 'author': 'guest', 'created_at': None, 'likes': 0, 'comments': 0, 'heat': 0, 'status': 'approved'}, {'id': '2f396c90-3efe-4a5c-8fb1-816d4b4b60ab', 'title': '324234342', 'content': '23434234232432432432432', 'author': 'guest', 'created_at': None, 'likes': 23, 'comments': 0, 'heat': 46, 'status': 'approved'}, {'id': 'c2552d28-3c44-4aa1-bf1a-b4cbf1c2bd55', 'title': '22222', 'content': '新建笔记\r\n', 'author': 'guest', 'created_at': None, 'likes': 0, 'comments': 0, 'heat': 0, 'status': 'approved'}], 'query_id': '1779788125.7866697'}
[2026-05-26 17:35:34] [Middleware] 接收到查询请求放入队列 - ID: 1779788134.979406, 类型: get_note
[2026-05-26 17:35:35] [Middleware] 分发查询请求 - 主题: query/request, 内容: {'query_id': '1779788134.979406', 'query_type': 'get_note', 'params': {'note_id': 'f4e8c84e-0b91-4105-a36e-701623db2646'}}
[2026-05-26 17:35:35] [Middleware] 接收到消息 - 主题: query/response, 内容: {'status': 'success', 'data': {'id': 'f4e8c84e-0b91-4105-a36e-701623db2646', 'title': '123', 'content': '123', 'author': 'guest', 'created_at': None, 'likes': 7, 'comments': 2, 'heat': 20, 'status': 'approved'}, 'query_id': '1779788134.979406'}
[2026-05-26 17:35:35] [Middleware] 分发消息 - 主题: query/response, 内容: {'status': 'success', 'data': {'id': 'f4e8c84e-0b91-4105-a36e-701623db2646', 'title': '123', 'content': '123', 'author': 'guest', 'created_at': None, 'likes': 7, 'comments': 2, 'heat': 20, 'status': 'approved'}, 'query_id': '1779788134.979406'}
[2026-05-26 17:35:35] [Middleware] 接收到查询请求放入队列 - ID: 1779788135.0880508, 类型: get_comments
[2026-05-26 17:35:35] [Middleware] 分发查询请求 - 主题: query/request, 内容: {'query_id': '1779788135.0880508', 'query_type': 'get_comments', 'params': {'note_id': 'f4e8c84e-0b91-4105-a36e-701623db2646'}}
[2026-05-26 17:35:35] [Middleware] 接收到消息 - 主题: query/response, 内容: {'status': 'success', 'data': [{'id': '5a77b3ca-5475-4409-a0ec-19089e4f4b2c', 'note_id': 'f4e8c84e-0b91-4105-a36e-701623db2646', 'user_id': 'guest', 'content': '不是写错了把\r\n', 'created_at': '2026-05-26T17:34:41.277782'}, {'id': '287b4f5e-22a0-4d76-a79c-1e1f80e4513c', 'note_id': 'f4e8c84e-0b91-4105-a36e-701623db2646', 'user_id': 'guest', 'content': 'hao \r\n', 'created_at': '2026-05-26T17:34:31.847905'}], 'query_id': '1779788135.0880508'}
[2026-05-26 17:35:35] [Middleware] 分发消息 - 主题: query/response, 内容: {'status': 'success', 'data': [{'id': '5a77b3ca-5475-4409-a0ec-19089e4f4b2c', 'note_id': 'f4e8c84e-0b91-4105-a36e-701623db2646', 'user_id': 'guest', 'content': '不是写错了把\r\n', 'created_at': '2026-05-26T17:34:41.277782'}, {'id': '287b4f5e-22a0-4d76-a79c-1e1f80e4513c', 'note_id': 'f4e8c84e-0b91-4105-a36e-701623db2646', 'user_id': 'guest', 'content': 'hao \r\n', 'created_at': '2026-05-26T17:34:31.847905'}], 'query_id': '1779788135.0880508'}
[2026-05-26 17:35:35] [Middleware] 接收到查询请求放入队列 - ID: 1779788135.215145, 类型: get_like_count
[2026-05-26 17:35:35] [Middleware] 分发查询请求 - 主题: query/request, 内容: {'query_id': '1779788135.215145', 'query_type': 'get_like_count', 'params': {'note_id': 'f4e8c84e-0b91-4105-a36e-701623db2646'}}
[2026-05-26 17:35:35] [Middleware] 接收到消息 - 主题: query/response, 内容: {'status': 'success', 'data': 7, 'query_id': '1779788135.215145'}
[2026-05-26 17:35:35] [Middleware] 分发消息 - 主题: query/response, 内容: {'status': 'success', 'data': 7, 'query_id': '1779788135.215145'}
[2026-05-26 17:35:37] [Middleware] 接收到消息 - 主题: note/delete, 内容: {'note_id': 'f4e8c84e-0b91-4105-a36e-701623db2646'}
[2026-05-26 17:35:38] [Middleware] 分发消息 - 主题: note/delete, 内容: {'note_id': 'f4e8c84e-0b91-4105-a36e-701623db2646'}
[2026-05-26 17:35:38] [Middleware] 接收到查询请求放入队列 - ID: 1779788138.076051, 类型: get_notes
[2026-05-26 17:35:38] [Middleware] 分发查询请求 - 主题: query/request, 内容: {'query_id': '1779788138.076051', 'query_type': 'get_notes', 'params': {}}
[2026-05-26 17:35:38] [Middleware] 接收到消息 - 主题: query/response, 内容: {'status': 'success', 'data': [{'id': '4cbd6681-8b0d-4de1-ada9-9bf2900a8573', 'title': '111', 'content': '1111', 'author': 'guest', 'created_at': None, 'likes': 0, 'comments': 0, 'heat': 0, 'status': 'approved'}, {'id': 'eca01e10-0c3d-4ca4-b3c2-a47b300bc9dd', 'title': '123', 'content': '333', 'author': 'guest', 'created_at': None, 'likes': 0, 'comments': 0, 'heat': 0, 'status': 'approved'}, {'id': '2f396c90-3efe-4a5c-8fb1-816d4b4b60ab', 'title': '324234342', 'content': '23434234232432432432432', 'author': 'guest', 'created_at': None, 'likes': 23, 'comments': 0, 'heat': 46, 'status': 'approved'}, {'id': 'c2552d28-3c44-4aa1-bf1a-b4cbf1c2bd55', 'title': '22222', 'content': '新建笔记\r\n', 'author': 'guest', 'created_at': None, 'likes': 0, 'comments': 0, 'heat': 0, 'status': 'approved'}], 'query_id': '1779788138.076051'}
[2026-05-26 17:35:38] [Middleware] 分发消息 - 主题: query/response, 内容: {'status': 'success', 'data': [{'id': '4cbd6681-8b0d-4de1-ada9-9bf2900a8573', 'title': '111', 'content': '1111', 'author': 'guest', 'created_at': None, 'likes': 0, 'comments': 0, 'heat': 0, 'status': 'approved'}, {'id': 'eca01e10-0c3d-4ca4-b3c2-a47b300bc9dd', 'title': '123', 'content': '333', 'author': 'guest', 'created_at': None, 'likes': 0, 'comments': 0, 'heat': 0, 'status': 'approved'}, {'id': '2f396c90-3efe-4a5c-8fb1-816d4b4b60ab', 'title': '324234342', 'content': '23434234232432432432432', 'author': 'guest', 'created_at': None, 'likes': 23, 'comments': 0, 'heat': 46, 'status': 'approved'}, {'id': 'c2552d28-3c44-4aa1-bf1a-b4cbf1c2bd55', 'title': '22222', 'content': '新建笔记\r\n', 'author': 'guest', 'created_at': None, 'likes': 0, 'comments': 0, 'heat': 0, 'status': 'approved'}], 'query_id': '1779788138.076051'}
