======================================================================
【性能统计报告】 2026-05-26 17:34:22
运行时长: 10秒
======================================================================

【吞吐量分析 (Throughput)】
------------------------------
消息吞吐量:
  - 当前: 0.35 msg/s (最近60秒)
  - 平均: 2.10 msg/s
  - 总数: 21 条

查询吞吐量:
  - 当前: 0.28 qps (最近60秒)
  - 平均: 1.70 qps
  - 总数: 17 次

【延迟分析 (Latency)】
------------------------------
样本数: 0
平均延迟: 0.00 ms
最小延迟: inf ms
最大延迟: 0.00 ms

延迟百分位数:
  - P50: 0.00 ms
  - P90: 0.00 ms
  - P95: 0.00 ms
  - P99: 0.00 ms

【队列分析 (Queue)】
------------------------------
最大队列深度: 3
平均队列深度: 0.12

【连接统计 (Connections)】
------------------------------
总连接数: 7
当前活跃连接: 7

【消息分布 (Message Distribution)】
------------------------------
  query/response: 16 条 (76.2%)
  note/like: 5 条 (23.8%)

【查询分布 (Query Distribution)】
------------------------------
  get_note: 6 次 (35.3%)
  get_comments: 5 次 (29.4%)
  get_like_count: 5 次 (29.4%)
  get_notes: 1 次 (5.9%)

【错误统计 (Errors)】
------------------------------
总错误数: 0

【性能评估】
------------------------------
✓ 平均延迟优秀 (0.00 ms)
✓ P99延迟优秀 (0.00 ms)
当前吞吐量较低 (0.35 msg/s)，系统负载较轻
======================================================================
======================================================================
【性能统计报告】 2026-05-26 17:34:32
运行时长: 20秒
======================================================================

【吞吐量分析 (Throughput)】
------------------------------
消息吞吐量:
  - 当前: 0.60 msg/s (最近60秒)
  - 平均: 1.80 msg/s
  - 总数: 36 条

查询吞吐量:
  - 当前: 0.47 qps (最近60秒)
  - 平均: 1.40 qps
  - 总数: 28 次

【延迟分析 (Latency)】
------------------------------
样本数: 0
平均延迟: 0.00 ms
最小延迟: inf ms
最大延迟: 0.00 ms

延迟百分位数:
  - P50: 0.00 ms
  - P90: 0.00 ms
  - P95: 0.00 ms
  - P99: 0.00 ms

【队列分析 (Queue)】
------------------------------
最大队列深度: 3
平均队列深度: 0.10

【连接统计 (Connections)】
------------------------------
总连接数: 7
当前活跃连接: 7

【消息分布 (Message Distribution)】
------------------------------
  query/response: 28 条 (77.8%)
  note/like: 7 条 (19.4%)
  note/comment: 1 条 (2.8%)

【查询分布 (Query Distribution)】
------------------------------
  get_note: 9 次 (32.1%)
  get_comments: 9 次 (32.1%)
  get_like_count: 9 次 (32.1%)
  get_notes: 1 次 (3.6%)

【错误统计 (Errors)】
------------------------------
总错误数: 0

【性能评估】
------------------------------
✓ 平均延迟优秀 (0.00 ms)
✓ P99延迟优秀 (0.00 ms)
当前吞吐量较低 (0.60 msg/s)，系统负载较轻
======================================================================
======================================================================
【性能统计报告】 2026-05-26 17:34:42
运行时长: 30秒
======================================================================

【吞吐量分析 (Throughput)】
------------------------------
消息吞吐量:
  - 当前: 0.67 msg/s (最近60秒)
  - 平均: 1.33 msg/s
  - 总数: 40 条

查询吞吐量:
  - 当前: 0.52 qps (最近60秒)
  - 平均: 1.03 qps
  - 总数: 31 次

【延迟分析 (Latency)】
------------------------------
样本数: 0
平均延迟: 0.00 ms
最小延迟: inf ms
最大延迟: 0.00 ms

延迟百分位数:
  - P50: 0.00 ms
  - P90: 0.00 ms
  - P95: 0.00 ms
  - P99: 0.00 ms

【队列分析 (Queue)】
------------------------------
最大队列深度: 3
平均队列深度: 0.03

【连接统计 (Connections)】
------------------------------
总连接数: 7
当前活跃连接: 7

【消息分布 (Message Distribution)】
------------------------------
  query/response: 31 条 (77.5%)
  note/like: 7 条 (17.5%)
  note/comment: 2 条 (5.0%)

【查询分布 (Query Distribution)】
------------------------------
  get_note: 10 次 (32.3%)
  get_comments: 10 次 (32.3%)
  get_like_count: 10 次 (32.3%)
  get_notes: 1 次 (3.2%)

【错误统计 (Errors)】
------------------------------
总错误数: 0

【性能评估】
------------------------------
✓ 平均延迟优秀 (0.00 ms)
✓ P99延迟优秀 (0.00 ms)
当前吞吐量较低 (0.67 msg/s)，系统负载较轻
======================================================================
======================================================================
【性能统计报告】 2026-05-26 17:34:52
运行时长: 40秒
======================================================================

【吞吐量分析 (Throughput)】
------------------------------
消息吞吐量:
  - 当前: 0.70 msg/s (最近60秒)
  - 平均: 1.05 msg/s
  - 总数: 42 条

查询吞吐量:
  - 当前: 0.55 qps (最近60秒)
  - 平均: 0.82 qps
  - 总数: 33 次

【延迟分析 (Latency)】
------------------------------
样本数: 0
平均延迟: 0.00 ms
最小延迟: inf ms
最大延迟: 0.00 ms

延迟百分位数:
  - P50: 0.00 ms
  - P90: 0.00 ms
  - P95: 0.00 ms
  - P99: 0.00 ms

【队列分析 (Queue)】
------------------------------
最大队列深度: 3
平均队列深度: 0.02

【连接统计 (Connections)】
------------------------------
总连接数: 7
当前活跃连接: 7

【消息分布 (Message Distribution)】
------------------------------
  query/response: 32 条 (76.2%)
  note/like: 7 条 (16.7%)
  note/comment: 2 条 (4.8%)
  note/publish: 1 条 (2.4%)

【查询分布 (Query Distribution)】
------------------------------
  get_note: 10 次 (30.3%)
  get_comments: 10 次 (30.3%)
  get_like_count: 10 次 (30.3%)
  get_notes: 3 次 (9.1%)

【错误统计 (Errors)】
------------------------------
总错误数: 0

【性能评估】
------------------------------
✓ 平均延迟优秀 (0.00 ms)
✓ P99延迟优秀 (0.00 ms)
当前吞吐量较低 (0.70 msg/s)，系统负载较轻
======================================================================
======================================================================
【性能统计报告】 2026-05-26 17:35:02
运行时长: 50秒
======================================================================

【吞吐量分析 (Throughput)】
------------------------------
消息吞吐量:
  - 当前: 0.77 msg/s (最近60秒)
  - 平均: 0.92 msg/s
  - 总数: 46 条

查询吞吐量:
  - 当前: 0.60 qps (最近60秒)
  - 平均: 0.72 qps
  - 总数: 36 次

【延迟分析 (Latency)】
------------------------------
样本数: 0
平均延迟: 0.00 ms
最小延迟: inf ms
最大延迟: 0.00 ms

延迟百分位数:
  - P50: 0.00 ms
  - P90: 0.00 ms
  - P95: 0.00 ms
  - P99: 0.00 ms

【队列分析 (Queue)】
------------------------------
最大队列深度: 3
平均队列深度: 0.02

【连接统计 (Connections)】
------------------------------
总连接数: 7
当前活跃连接: 7

【消息分布 (Message Distribution)】
------------------------------
  query/response: 36 条 (78.3%)
  note/like: 7 条 (15.2%)
  note/comment: 2 条 (4.3%)
  note/publish: 1 条 (2.2%)

【查询分布 (Query Distribution)】
------------------------------
  get_note: 11 次 (30.6%)
  get_comments: 11 次 (30.6%)
  get_like_count: 11 次 (30.6%)
  get_notes: 3 次 (8.3%)

【错误统计 (Errors)】
------------------------------
总错误数: 0

【性能评估】
------------------------------
✓ 平均延迟优秀 (0.00 ms)
✓ P99延迟优秀 (0.00 ms)
当前吞吐量较低 (0.77 msg/s)，系统负载较轻
======================================================================
======================================================================
【性能统计报告】 2026-05-26 17:35:12
运行时长: 1分钟0秒
======================================================================

【吞吐量分析 (Throughput)】
------------------------------
消息吞吐量:
  - 当前: 0.77 msg/s (最近60秒)
  - 平均: 0.77 msg/s
  - 总数: 46 条

查询吞吐量:
  - 当前: 0.60 qps (最近60秒)
  - 平均: 0.60 qps
  - 总数: 36 次

【延迟分析 (Latency)】
------------------------------
样本数: 0
平均延迟: 0.00 ms
最小延迟: inf ms
最大延迟: 0.00 ms

延迟百分位数:
  - P50: 0.00 ms
  - P90: 0.00 ms
  - P95: 0.00 ms
  - P99: 0.00 ms

【队列分析 (Queue)】
------------------------------
最大队列深度: 3
平均队列深度: 0.01

【连接统计 (Connections)】
------------------------------
总连接数: 7
当前活跃连接: 7

【消息分布 (Message Distribution)】
------------------------------
  query/response: 36 条 (78.3%)
  note/like: 7 条 (15.2%)
  note/comment: 2 条 (4.3%)
  note/publish: 1 条 (2.2%)

【查询分布 (Query Distribution)】
------------------------------
  get_note: 11 次 (30.6%)
  get_comments: 11 次 (30.6%)
  get_like_count: 11 次 (30.6%)
  get_notes: 3 次 (8.3%)

【错误统计 (Errors)】
------------------------------
总错误数: 0

【性能评估】
------------------------------
✓ 平均延迟优秀 (0.00 ms)
✓ P99延迟优秀 (0.00 ms)
当前吞吐量较低 (0.77 msg/s)，系统负载较轻
======================================================================
======================================================================
【性能统计报告】 2026-05-26 17:35:22
运行时长: 1分钟10秒
======================================================================

【吞吐量分析 (Throughput)】
------------------------------
消息吞吐量:
  - 当前: 0.38 msg/s (最近60秒)
  - 平均: 0.66 msg/s
  - 总数: 46 条

查询吞吐量:
  - 当前: 0.28 qps (最近60秒)
  - 平均: 0.51 qps
  - 总数: 36 次

【延迟分析 (Latency)】
------------------------------
样本数: 0
平均延迟: 0.00 ms
最小延迟: inf ms
最大延迟: 0.00 ms

延迟百分位数:
  - P50: 0.00 ms
  - P90: 0.00 ms
  - P95: 0.00 ms
  - P99: 0.00 ms

【队列分析 (Queue)】
------------------------------
最大队列深度: 3
平均队列深度: 0.01

【连接统计 (Connections)】
------------------------------
总连接数: 7
当前活跃连接: 7

【消息分布 (Message Distribution)】
------------------------------
  query/response: 36 条 (78.3%)
  note/like: 7 条 (15.2%)
  note/comment: 2 条 (4.3%)
  note/publish: 1 条 (2.2%)

【查询分布 (Query Distribution)】
------------------------------
  get_note: 11 次 (30.6%)
  get_comments: 11 次 (30.6%)
  get_like_count: 11 次 (30.6%)
  get_notes: 3 次 (8.3%)

【错误统计 (Errors)】
------------------------------
总错误数: 0

【性能评估】
------------------------------
✓ 平均延迟优秀 (0.00 ms)
✓ P99延迟优秀 (0.00 ms)
当前吞吐量较低 (0.38 msg/s)，系统负载较轻
======================================================================
======================================================================
【性能统计报告】 2026-05-26 17:35:32
运行时长: 1分钟20秒
======================================================================

【吞吐量分析 (Throughput)】
------------------------------
消息吞吐量:
  - 当前: 0.18 msg/s (最近60秒)
  - 平均: 0.59 msg/s
  - 总数: 47 条

查询吞吐量:
  - 当前: 0.15 qps (最近60秒)
  - 平均: 0.46 qps
  - 总数: 37 次

【延迟分析 (Latency)】
------------------------------
样本数: 0
平均延迟: 0.00 ms
最小延迟: inf ms
最大延迟: 0.00 ms

延迟百分位数:
  - P50: 0.00 ms
  - P90: 0.00 ms
  - P95: 0.00 ms
  - P99: 0.00 ms

【队列分析 (Queue)】
------------------------------
最大队列深度: 3
平均队列深度: 0.00

【连接统计 (Connections)】
------------------------------
总连接数: 7
当前活跃连接: 7

【消息分布 (Message Distribution)】
------------------------------
  query/response: 37 条 (78.7%)
  note/like: 7 条 (14.9%)
  note/comment: 2 条 (4.3%)
  note/publish: 1 条 (2.1%)

【查询分布 (Query Distribution)】
------------------------------
  get_note: 11 次 (29.7%)
  get_comments: 11 次 (29.7%)
  get_like_count: 11 次 (29.7%)
  get_notes: 4 次 (10.8%)

【错误统计 (Errors)】
------------------------------
总错误数: 0

【性能评估】
------------------------------
✓ 平均延迟优秀 (0.00 ms)
✓ P99延迟优秀 (0.00 ms)
当前吞吐量较低 (0.18 msg/s)，系统负载较轻
======================================================================
======================================================================
【性能统计报告】 2026-05-26 17:35:42
运行时长: 1分钟30秒
======================================================================

【吞吐量分析 (Throughput)】
------------------------------
消息吞吐量:
  - 当前: 0.20 msg/s (最近60秒)
  - 平均: 0.58 msg/s
  - 总数: 52 条

查询吞吐量:
  - 当前: 0.17 qps (最近60秒)
  - 平均: 0.45 qps
  - 总数: 41 次

【延迟分析 (Latency)】
------------------------------
样本数: 0
平均延迟: 0.00 ms
最小延迟: inf ms
最大延迟: 0.00 ms

延迟百分位数:
  - P50: 0.00 ms
  - P90: 0.00 ms
  - P95: 0.00 ms
  - P99: 0.00 ms

【队列分析 (Queue)】
------------------------------
最大队列深度: 3
平均队列深度: 0.02

【连接统计 (Connections)】
------------------------------
总连接数: 7
当前活跃连接: 7

【消息分布 (Message Distribution)】
------------------------------
  query/response: 41 条 (78.8%)
  note/like: 7 条 (13.5%)
  note/comment: 2 条 (3.8%)
  note/publish: 1 条 (1.9%)
  note/delete: 1 条 (1.9%)

【查询分布 (Query Distribution)】
------------------------------
  get_note: 12 次 (29.3%)
  get_comments: 12 次 (29.3%)
  get_like_count: 12 次 (29.3%)
  get_notes: 5 次 (12.2%)

【错误统计 (Errors)】
------------------------------
总错误数: 0

【性能评估】
------------------------------
✓ 平均延迟优秀 (0.00 ms)
✓ P99延迟优秀 (0.00 ms)
当前吞吐量较低 (0.20 msg/s)，系统负载较轻
======================================================================
