[2026-05-26 17:34:12] [Producer] 已连接到中间件 127.0.0.1:5001
[2026-05-26 17:34:18] [Producer] 已发送消息 - 主题: query/response, 内容: {'status': 'success', 'data': [{'id': '4cbd6681-8b0d-4de1-ada9-9bf2900a8573', 'title': '111', 'content': '1111', 'author': 'guest', 'created_at': None, 'likes': 0, 'comments': 0, 'heat': 0, 'status': 'approved'}, {'id': 'f4e8c84e-0b91-4105-a36e-701623db2646', 'title': '123', 'content': '123', 'author': 'guest', 'created_at': None, 'likes': 0, 'comments': 0, 'heat': 0, 'status': 'approved'}, {'id': 'eca01e10-0c3d-4ca4-b3c2-a47b300bc9dd', 'title': '123', 'content': '333', 'author': 'guest', 'created_at': None, 'likes': 0, 'comments': 0, 'heat': 0, 'status': 'approved'}, {'id': '2f396c90-3efe-4a5c-8fb1-816d4b4b60ab', 'title': '324234342', 'content': '23434234232432432432432', 'author': 'guest', 'created_at': None, 'likes': 23, 'comments': 0, 'heat': 46, 'status': 'approved'}], 'query_id': '1779788058.0713844'}
[2026-05-26 17:34:20] [Producer] 已发送消息 - 主题: query/response, 内容: {'status': 'success', 'data': {'id': 'f4e8c84e-0b91-4105-a36e-701623db2646', 'title': '123', 'content': '123', 'author': 'guest', 'created_at': None, 'likes': 0, 'comments': 0, 'heat': 0, 'status': 'approved'}, 'query_id': '1779788059.982554'}
[2026-05-26 17:34:20] [Producer] 已发送消息 - 主题: query/response, 内容: {'status': 'success', 'data': [], 'query_id': '1779788060.0935938'}
[2026-05-26 17:34:20] [Producer] 已发送消息 - 主题: query/response, 内容: {'status': 'success', 'data': 0, 'query_id': '1779788060.2097461'}
[2026-05-26 17:34:21] [Producer] 已连接到中间件 127.0.0.1:5001
[2026-05-26 17:34:21] [Producer] 已发送消息 - 主题: note/like, 内容: {'note_id': 'f4e8c84e-0b91-4105-a36e-701623db2646', 'user_id': 'guest'}
[2026-05-26 17:34:21] [Producer] 已发送消息 - 主题: query/response, 内容: {'status': 'success', 'data': {'id': 'f4e8c84e-0b91-4105-a36e-701623db2646', 'title': '123', 'content': '123', 'author': 'guest', 'created_at': None, 'likes': 1, 'comments': 0, 'heat': 2, 'status': 'approved'}, 'query_id': '1779788061.842851'}
[2026-05-26 17:34:22] [Producer] 已发送消息 - 主题: note/like, 内容: {'note_id': 'f4e8c84e-0b91-4105-a36e-701623db2646', 'user_id': 'guest'}
[2026-05-26 17:34:22] [Producer] 已发送消息 - 主题: query/response, 内容: {'status': 'success', 'data': {'id': 'f4e8c84e-0b91-4105-a36e-701623db2646', 'title': '123', 'content': '123', 'author': 'guest', 'created_at': None, 'likes': 2, 'comments': 0, 'heat': 4, 'status': 'approved'}, 'query_id': '1779788062.0625393'}
[2026-05-26 17:34:22] [Producer] 已发送消息 - 主题: query/response, 内容: {'status': 'success', 'data': [], 'query_id': '1779788062.0672994'}
[2026-05-26 17:34:22] [Producer] 已发送消息 - 主题: query/response, 内容: {'status': 'success', 'data': [], 'query_id': '1779788062.1793413'}
[2026-05-26 17:34:22] [Producer] 已发送消息 - 主题: query/response, 内容: {'status': 'success', 'data': 2, 'query_id': '1779788062.1825268'}
[2026-05-26 17:34:22] [Producer] 已发送消息 - 主题: note/like, 内容: {'note_id': 'f4e8c84e-0b91-4105-a36e-701623db2646', 'user_id': 'guest'}
[2026-05-26 17:34:22] [Producer] 已发送消息 - 主题: query/response, 内容: {'status': 'success', 'data': {'id': 'f4e8c84e-0b91-4105-a36e-701623db2646', 'title': '123', 'content': '123', 'author': 'guest', 'created_at': None, 'likes': 3, 'comments': 0, 'heat': 6, 'status': 'approved'}, 'query_id': '1779788062.2441258'}
[2026-05-26 17:34:22] [Producer] 已发送消息 - 主题: query/response, 内容: {'status': 'success', 'data': 3, 'query_id': '1779788062.2962258'}
[2026-05-26 17:34:22] [Producer] 已发送消息 - 主题: note/like, 内容: {'note_id': 'f4e8c84e-0b91-4105-a36e-701623db2646', 'user_id': 'guest'}
[2026-05-26 17:34:22] [Producer] 已发送消息 - 主题: query/response, 内容: {'status': 'success', 'data': [], 'query_id': '1779788062.3599079'}
[2026-05-26 17:34:22] [Producer] 已发送消息 - 主题: query/response, 内容: {'status': 'success', 'data': {'id': 'f4e8c84e-0b91-4105-a36e-701623db2646', 'title': '123', 'content': '123', 'author': 'guest', 'created_at': None, 'likes': 4, 'comments': 0, 'heat': 8, 'status': 'approved'}, 'query_id': '1779788062.4185202'}
[2026-05-26 17:34:22] [Producer] 已发送消息 - 主题: query/response, 内容: {'status': 'success', 'data': 4, 'query_id': '1779788062.4775379'}
[2026-05-26 17:34:22] [Producer] 已发送消息 - 主题: query/response, 内容: {'status': 'success', 'data': [], 'query_id': '1779788062.529627'}
[2026-05-26 17:34:22] [Producer] 已发送消息 - 主题: note/like, 内容: {'note_id': 'f4e8c84e-0b91-4105-a36e-701623db2646', 'user_id': 'guest'}
[2026-05-26 17:34:22] [Producer] 已发送消息 - 主题: query/response, 内容: {'status': 'success', 'data': {'id': 'f4e8c84e-0b91-4105-a36e-701623db2646', 'title': '123', 'content': '123', 'author': 'guest', 'created_at': None, 'likes': 5, 'comments': 0, 'heat': 10, 'status': 'approved'}, 'query_id': '1779788062.5690112'}
[2026-05-26 17:34:22] [Producer] 已发送消息 - 主题: query/response, 内容: {'status': 'success', 'data': 5, 'query_id': '1779788062.6468267'}
[2026-05-26 17:34:22] [Producer] 已发送消息 - 主题: note/like, 内容: {'note_id': 'f4e8c84e-0b91-4105-a36e-701623db2646', 'user_id': 'guest'}
[2026-05-26 17:34:22] [Producer] 已发送消息 - 主题: query/response, 内容: {'status': 'success', 'data': [], 'query_id': '1779788062.679462'}
[2026-05-26 17:34:22] [Producer] 已发送消息 - 主题: query/response, 内容: {'status': 'success', 'data': {'id': 'f4e8c84e-0b91-4105-a36e-701623db2646', 'title': '123', 'content': '123', 'author': 'guest', 'created_at': None, 'likes': 6, 'comments': 0, 'heat': 10, 'status': 'approved'}, 'query_id': '1779788062.7309713'}
[2026-05-26 17:34:22] [Producer] 已发送消息 - 主题: query/response, 内容: {'status': 'success', 'data': [], 'query_id': '1779788062.844386'}
[2026-05-26 17:34:22] [Producer] 已发送消息 - 主题: query/response, 内容: {'status': 'success', 'data': 6, 'query_id': '1779788062.899873'}
[2026-05-26 17:34:22] [Producer] 已发送消息 - 主题: query/response, 内容: {'status': 'success', 'data': 6, 'query_id': '1779788062.9513237'}
[2026-05-26 17:34:25] [Producer] 已发送消息 - 主题: note/like, 内容: {'note_id': 'f4e8c84e-0b91-4105-a36e-701623db2646', 'user_id': 'guest'}
[2026-05-26 17:34:25] [Producer] 已发送消息 - 主题: query/response, 内容: {'status': 'success', 'data': {'id': 'f4e8c84e-0b91-4105-a36e-701623db2646', 'title': '123', 'content': '123', 'author': 'guest', 'created_at': None, 'likes': 7, 'comments': 0, 'heat': 14, 'status': 'approved'}, 'query_id': '1779788065.1941764'}
[2026-05-26 17:34:25] [Producer] 已发送消息 - 主题: query/response, 内容: {'status': 'success', 'data': [], 'query_id': '1779788065.4270563'}
[2026-05-26 17:34:25] [Producer] 已发送消息 - 主题: query/response, 内容: {'status': 'success', 'data': 7, 'query_id': '1779788065.6553795'}
[2026-05-26 17:34:31] [Producer] 已发送消息 - 主题: note/comment, 内容: {'note_id': 'f4e8c84e-0b91-4105-a36e-701623db2646', 'user_id': 'guest', 'comment_text': 'hao \r\n'}
[2026-05-26 17:34:31] [Producer] 已发送消息 - 主题: query/response, 内容: {'status': 'success', 'data': {'id': 'f4e8c84e-0b91-4105-a36e-701623db2646', 'title': '123', 'content': '123', 'author': 'guest', 'created_at': None, 'likes': 7, 'comments': 1, 'heat': 14, 'status': 'approved'}, 'query_id': '1779788071.8228354'}
[2026-05-26 17:34:32] [Producer] 已发送消息 - 主题: query/response, 内容: {'status': 'success', 'data': [{'id': '287b4f5e-22a0-4d76-a79c-1e1f80e4513c', 'note_id': 'f4e8c84e-0b91-4105-a36e-701623db2646', 'user_id': 'guest', 'content': 'hao \r\n', 'created_at': '2026-05-26T17:34:31.847905'}], 'query_id': '1779788071.9721997'}
[2026-05-26 17:34:32] [Producer] 已发送消息 - 主题: query/response, 内容: {'status': 'success', 'data': 7, 'query_id': '1779788072.2021391'}
[2026-05-26 17:34:41] [Producer] 已发送消息 - 主题: note/comment, 内容: {'note_id': 'f4e8c84e-0b91-4105-a36e-701623db2646', 'user_id': 'guest', 'comment_text': '不是写错了把\r\n'}
[2026-05-26 17:34:41] [Producer] 已发送消息 - 主题: query/response, 内容: {'status': 'success', 'data': {'id': 'f4e8c84e-0b91-4105-a36e-701623db2646', 'title': '123', 'content': '123', 'author': 'guest', 'created_at': None, 'likes': 7, 'comments': 2, 'heat': 17, 'status': 'approved'}, 'query_id': '1779788081.2378578'}
[2026-05-26 17:34:41] [Producer] 已发送消息 - 主题: query/response, 内容: {'status': 'success', 'data': [{'id': '5a77b3ca-5475-4409-a0ec-19089e4f4b2c', 'note_id': 'f4e8c84e-0b91-4105-a36e-701623db2646', 'user_id': 'guest', 'content': '不是写错了把\r\n', 'created_at': '2026-05-26T17:34:41.277782'}, {'id': '287b4f5e-22a0-4d76-a79c-1e1f80e4513c', 'note_id': 'f4e8c84e-0b91-4105-a36e-701623db2646', 'user_id': 'guest', 'content': 'hao \r\n', 'created_at': '2026-05-26T17:34:31.847905'}], 'query_id': '1779788081.353151'}
[2026-05-26 17:34:41] [Producer] 已发送消息 - 主题: query/response, 内容: {'status': 'success', 'data': 7, 'query_id': '1779788081.462906'}
[2026-05-26 17:34:43] [Producer] 已发送消息 - 主题: query/response, 内容: {'status': 'success', 'data': [{'id': '4cbd6681-8b0d-4de1-ada9-9bf2900a8573', 'title': '111', 'content': '1111', 'author': 'guest', 'created_at': None, 'likes': 0, 'comments': 0, 'heat': 0, 'status': 'approved'}, {'id': 'f4e8c84e-0b91-4105-a36e-701623db2646', 'title': '123', 'content': '123', 'author': 'guest', 'created_at': None, 'likes': 7, 'comments': 2, 'heat': 20, 'status': 'approved'}, {'id': 'eca01e10-0c3d-4ca4-b3c2-a47b300bc9dd', 'title': '123', 'content': '333', 'author': 'guest', 'created_at': None, 'likes': 0, 'comments': 0, 'heat': 0, 'status': 'approved'}, {'id': '2f396c90-3efe-4a5c-8fb1-816d4b4b60ab', 'title': '324234342', 'content': '23434234232432432432432', 'author': 'guest', 'created_at': None, 'likes': 23, 'comments': 0, 'heat': 46, 'status': 'approved'}], 'query_id': '1779788083.8311017'}
[2026-05-26 17:34:52] [Producer] 已发送消息 - 主题: note/publish, 内容: {'note_id': 'c2552d28-3c44-4aa1-bf1a-b4cbf1c2bd55', 'title': '22222', 'content': '新建笔记\r\n', 'author': 'guest', 'created_at': None}
[2026-05-26 17:34:52] [Producer] 已发送消息 - 主题: query/response, 内容: {'status': 'success', 'data': [{'id': '4cbd6681-8b0d-4de1-ada9-9bf2900a8573', 'title': '111', 'content': '1111', 'author': 'guest', 'created_at': None, 'likes': 0, 'comments': 0, 'heat': 0, 'status': 'approved'}, {'id': 'f4e8c84e-0b91-4105-a36e-701623db2646', 'title': '123', 'content': '123', 'author': 'guest', 'created_at': None, 'likes': 7, 'comments': 2, 'heat': 20, 'status': 'approved'}, {'id': 'eca01e10-0c3d-4ca4-b3c2-a47b300bc9dd', 'title': '123', 'content': '333', 'author': 'guest', 'created_at': None, 'likes': 0, 'comments': 0, 'heat': 0, 'status': 'approved'}, {'id': '2f396c90-3efe-4a5c-8fb1-816d4b4b60ab', 'title': '324234342', 'content': '23434234232432432432432', 'author': 'guest', 'created_at': None, 'likes': 23, 'comments': 0, 'heat': 46, 'status': 'approved'}, {'id': 'c2552d28-3c44-4aa1-bf1a-b4cbf1c2bd55', 'title': '22222', 'content': '新建笔记\r\n', 'author': 'guest', 'created_at': None, 'likes': 0, 'comments': 0, 'heat': 0, 'status': 'approved'}], 'query_id': '1779788092.6973526'}
[2026-05-26 17:34:55] [Producer] 已发送消息 - 主题: query/response, 内容: {'status': 'success', 'data': {'id': 'f4e8c84e-0b91-4105-a36e-701623db2646', 'title': '123', 'content': '123', 'author': 'guest', 'created_at': None, 'likes': 7, 'comments': 2, 'heat': 20, 'status': 'approved'}, 'query_id': '1779788095.8750238'}
[2026-05-26 17:34:56] [Producer] 已发送消息 - 主题: query/response, 内容: {'status': 'success', 'data': [{'id': '5a77b3ca-5475-4409-a0ec-19089e4f4b2c', 'note_id': 'f4e8c84e-0b91-4105-a36e-701623db2646', 'user_id': 'guest', 'content': '不是写错了把\r\n', 'created_at': '2026-05-26T17:34:41.277782'}, {'id': '287b4f5e-22a0-4d76-a79c-1e1f80e4513c', 'note_id': 'f4e8c84e-0b91-4105-a36e-701623db2646', 'user_id': 'guest', 'content': 'hao \r\n', 'created_at': '2026-05-26T17:34:31.847905'}], 'query_id': '1779788095.992308'}
[2026-05-26 17:34:56] [Producer] 已发送消息 - 主题: query/response, 内容: {'status': 'success', 'data': 7, 'query_id': '1779788096.110478'}
[2026-05-26 17:35:25] [Producer] 已发送消息 - 主题: query/response, 内容: {'status': 'success', 'data': [{'id': '4cbd6681-8b0d-4de1-ada9-9bf2900a8573', 'title': '111', 'content': '1111', 'author': 'guest', 'created_at': None, 'likes': 0, 'comments': 0, 'heat': 0, 'status': 'approved'}, {'id': 'f4e8c84e-0b91-4105-a36e-701623db2646', 'title': '123', 'content': '123', 'author': 'guest', 'created_at': None, 'likes': 7, 'comments': 2, 'heat': 20, 'status': 'approved'}, {'id': 'eca01e10-0c3d-4ca4-b3c2-a47b300bc9dd', 'title': '123', 'content': '333', 'author': 'guest', 'created_at': None, 'likes': 0, 'comments': 0, 'heat': 0, 'status': 'approved'}, {'id': '2f396c90-3efe-4a5c-8fb1-816d4b4b60ab', 'title': '324234342', 'content': '23434234232432432432432', 'author': 'guest', 'created_at': None, 'likes': 23, 'comments': 0, 'heat': 46, 'status': 'approved'}, {'id': 'c2552d28-3c44-4aa1-bf1a-b4cbf1c2bd55', 'title': '22222', 'content': '新建笔记\r\n', 'author': 'guest', 'created_at': None, 'likes': 0, 'comments': 0, 'heat': 0, 'status': 'approved'}], 'query_id': '1779788125.7866697'}
[2026-05-26 17:35:35] [Producer] 已发送消息 - 主题: query/response, 内容: {'status': 'success', 'data': {'id': 'f4e8c84e-0b91-4105-a36e-701623db2646', 'title': '123', 'content': '123', 'author': 'guest', 'created_at': None, 'likes': 7, 'comments': 2, 'heat': 20, 'status': 'approved'}, 'query_id': '1779788134.979406'}
[2026-05-26 17:35:35] [Producer] 已发送消息 - 主题: query/response, 内容: {'status': 'success', 'data': [{'id': '5a77b3ca-5475-4409-a0ec-19089e4f4b2c', 'note_id': 'f4e8c84e-0b91-4105-a36e-701623db2646', 'user_id': 'guest', 'content': '不是写错了把\r\n', 'created_at': '2026-05-26T17:34:41.277782'}, {'id': '287b4f5e-22a0-4d76-a79c-1e1f80e4513c', 'note_id': 'f4e8c84e-0b91-4105-a36e-701623db2646', 'user_id': 'guest', 'content': 'hao \r\n', 'created_at': '2026-05-26T17:34:31.847905'}], 'query_id': '1779788135.0880508'}
[2026-05-26 17:35:35] [Producer] 已发送消息 - 主题: query/response, 内容: {'status': 'success', 'data': 7, 'query_id': '1779788135.215145'}
[2026-05-26 17:35:37] [Producer] 已发送消息 - 主题: note/delete, 内容: {'note_id': 'f4e8c84e-0b91-4105-a36e-701623db2646'}
[2026-05-26 17:35:38] [Producer] 已发送消息 - 主题: query/response, 内容: {'status': 'success', 'data': [{'id': '4cbd6681-8b0d-4de1-ada9-9bf2900a8573', 'title': '111', 'content': '1111', 'author': 'guest', 'created_at': None, 'likes': 0, 'comments': 0, 'heat': 0, 'status': 'approved'}, {'id': 'eca01e10-0c3d-4ca4-b3c2-a47b300bc9dd', 'title': '123', 'content': '333', 'author': 'guest', 'created_at': None, 'likes': 0, 'comments': 0, 'heat': 0, 'status': 'approved'}, {'id': '2f396c90-3efe-4a5c-8fb1-816d4b4b60ab', 'title': '324234342', 'content': '23434234232432432432432', 'author': 'guest', 'created_at': None, 'likes': 23, 'comments': 0, 'heat': 46, 'status': 'approved'}, {'id': 'c2552d28-3c44-4aa1-bf1a-b4cbf1c2bd55', 'title': '22222', 'content': '新建笔记\r\n', 'author': 'guest', 'created_at': None, 'likes': 0, 'comments': 0, 'heat': 0, 'status': 'approved'}], 'query_id': '1779788138.076051'}
