[2026-05-26 17:34:18] [QueryConsumer] 处理查询请求 - ID: 1779788058.0713844, 类型: get_notes
[2026-05-26 17:34:18] [QueryConsumer] 查询完成 - ID: 1779788058.0713844, 状态: success
[2026-05-26 17:34:20] [QueryConsumer] 处理查询请求 - ID: 1779788059.982554, 类型: get_note
[2026-05-26 17:34:20] [QueryConsumer] 查询完成 - ID: 1779788059.982554, 状态: success
[2026-05-26 17:34:20] [QueryConsumer] 处理查询请求 - ID: 1779788060.0935938, 类型: get_comments
[2026-05-26 17:34:20] [QueryConsumer] 查询完成 - ID: 1779788060.0935938, 状态: success
[2026-05-26 17:34:20] [QueryConsumer] 处理查询请求 - ID: 1779788060.2097461, 类型: get_like_count
[2026-05-26 17:34:20] [QueryConsumer] 查询完成 - ID: 1779788060.2097461, 状态: success
[2026-05-26 17:34:21] [QueryConsumer] 处理查询请求 - ID: 1779788061.842851, 类型: get_note
[2026-05-26 17:34:21] [QueryConsumer] 查询完成 - ID: 1779788061.842851, 状态: success
[2026-05-26 17:34:22] [QueryConsumer] 处理查询请求 - ID: 1779788062.0625393, 类型: get_note
[2026-05-26 17:34:22] [QueryConsumer] 查询完成 - ID: 1779788062.0625393, 状态: success
[2026-05-26 17:34:22] [QueryConsumer] 处理查询请求 - ID: 1779788062.0672994, 类型: get_comments
[2026-05-26 17:34:22] [QueryConsumer] 查询完成 - ID: 1779788062.0672994, 状态: success
[2026-05-26 17:34:22] [QueryConsumer] 处理查询请求 - ID: 1779788062.1793413, 类型: get_comments
[2026-05-26 17:34:22] [QueryConsumer] 查询完成 - ID: 1779788062.1793413, 状态: success
[2026-05-26 17:34:22] [QueryConsumer] 处理查询请求 - ID: 1779788062.1825268, 类型: get_like_count
[2026-05-26 17:34:22] [QueryConsumer] 查询完成 - ID: 1779788062.1825268, 状态: success
[2026-05-26 17:34:22] [QueryConsumer] 处理查询请求 - ID: 1779788062.2441258, 类型: get_note
[2026-05-26 17:34:22] [QueryConsumer] 查询完成 - ID: 1779788062.2441258, 状态: success
[2026-05-26 17:34:22] [QueryConsumer] 处理查询请求 - ID: 1779788062.2962258, 类型: get_like_count
[2026-05-26 17:34:22] [QueryConsumer] 查询完成 - ID: 1779788062.2962258, 状态: success
[2026-05-26 17:34:22] [QueryConsumer] 处理查询请求 - ID: 1779788062.3599079, 类型: get_comments
[2026-05-26 17:34:22] [QueryConsumer] 查询完成 - ID: 1779788062.3599079, 状态: success
[2026-05-26 17:34:22] [QueryConsumer] 处理查询请求 - ID: 1779788062.4185202, 类型: get_note
[2026-05-26 17:34:22] [QueryConsumer] 查询完成 - ID: 1779788062.4185202, 状态: success
[2026-05-26 17:34:22] [QueryConsumer] 处理查询请求 - ID: 1779788062.4775379, 类型: get_like_count
[2026-05-26 17:34:22] [QueryConsumer] 查询完成 - ID: 1779788062.4775379, 状态: success
[2026-05-26 17:34:22] [QueryConsumer] 处理查询请求 - ID: 1779788062.529627, 类型: get_comments
[2026-05-26 17:34:22] [QueryConsumer] 查询完成 - ID: 1779788062.529627, 状态: success
[2026-05-26 17:34:22] [QueryConsumer] 处理查询请求 - ID: 1779788062.5690112, 类型: get_note
[2026-05-26 17:34:22] [QueryConsumer] 查询完成 - ID: 1779788062.5690112, 状态: success
[2026-05-26 17:34:22] [QueryConsumer] 处理查询请求 - ID: 1779788062.6468267, 类型: get_like_count
[2026-05-26 17:34:22] [QueryConsumer] 查询完成 - ID: 1779788062.6468267, 状态: success
[2026-05-26 17:34:22] [QueryConsumer] 处理查询请求 - ID: 1779788062.679462, 类型: get_comments
[2026-05-26 17:34:22] [QueryConsumer] 查询完成 - ID: 1779788062.679462, 状态: success
[2026-05-26 17:34:22] [QueryConsumer] 处理查询请求 - ID: 1779788062.7309713, 类型: get_note
[2026-05-26 17:34:22] [QueryConsumer] 查询完成 - ID: 1779788062.7309713, 状态: success
[2026-05-26 17:34:22] [QueryConsumer] 处理查询请求 - ID: 1779788062.844386, 类型: get_comments
[2026-05-26 17:34:22] [QueryConsumer] 查询完成 - ID: 1779788062.844386, 状态: success
[2026-05-26 17:34:22] [QueryConsumer] 处理查询请求 - ID: 1779788062.899873, 类型: get_like_count
[2026-05-26 17:34:22] [QueryConsumer] 查询完成 - ID: 1779788062.899873, 状态: success
[2026-05-26 17:34:22] [QueryConsumer] 处理查询请求 - ID: 1779788062.9513237, 类型: get_like_count
[2026-05-26 17:34:22] [QueryConsumer] 查询完成 - ID: 1779788062.9513237, 状态: success
[2026-05-26 17:34:25] [QueryConsumer] 处理查询请求 - ID: 1779788065.1941764, 类型: get_note
[2026-05-26 17:34:25] [QueryConsumer] 查询完成 - ID: 1779788065.1941764, 状态: success
[2026-05-26 17:34:25] [QueryConsumer] 处理查询请求 - ID: 1779788065.4270563, 类型: get_comments
[2026-05-26 17:34:25] [QueryConsumer] 查询完成 - ID: 1779788065.4270563, 状态: success
[2026-05-26 17:34:25] [QueryConsumer] 处理查询请求 - ID: 1779788065.6553795, 类型: get_like_count
[2026-05-26 17:34:25] [QueryConsumer] 查询完成 - ID: 1779788065.6553795, 状态: success
[2026-05-26 17:34:31] [QueryConsumer] 处理查询请求 - ID: 1779788071.8228354, 类型: get_note
[2026-05-26 17:34:31] [QueryConsumer] 查询完成 - ID: 1779788071.8228354, 状态: success
[2026-05-26 17:34:32] [QueryConsumer] 处理查询请求 - ID: 1779788071.9721997, 类型: get_comments
[2026-05-26 17:34:32] [QueryConsumer] 查询完成 - ID: 1779788071.9721997, 状态: success
[2026-05-26 17:34:32] [QueryConsumer] 处理查询请求 - ID: 1779788072.2021391, 类型: get_like_count
[2026-05-26 17:34:32] [QueryConsumer] 查询完成 - ID: 1779788072.2021391, 状态: success
[2026-05-26 17:34:41] [QueryConsumer] 处理查询请求 - ID: 1779788081.2378578, 类型: get_note
[2026-05-26 17:34:41] [QueryConsumer] 查询完成 - ID: 1779788081.2378578, 状态: success
[2026-05-26 17:34:41] [QueryConsumer] 处理查询请求 - ID: 1779788081.353151, 类型: get_comments
[2026-05-26 17:34:41] [QueryConsumer] 查询完成 - ID: 1779788081.353151, 状态: success
[2026-05-26 17:34:41] [QueryConsumer] 处理查询请求 - ID: 1779788081.462906, 类型: get_like_count
[2026-05-26 17:34:41] [QueryConsumer] 查询完成 - ID: 1779788081.462906, 状态: success
[2026-05-26 17:34:43] [QueryConsumer] 处理查询请求 - ID: 1779788083.8311017, 类型: get_notes
[2026-05-26 17:34:43] [QueryConsumer] 查询完成 - ID: 1779788083.8311017, 状态: success
[2026-05-26 17:34:52] [QueryConsumer] 处理查询请求 - ID: 1779788092.6973526, 类型: get_notes
[2026-05-26 17:34:52] [QueryConsumer] 查询完成 - ID: 1779788092.6973526, 状态: success
[2026-05-26 17:34:55] [QueryConsumer] 处理查询请求 - ID: 1779788095.8750238, 类型: get_note
[2026-05-26 17:34:55] [QueryConsumer] 查询完成 - ID: 1779788095.8750238, 状态: success
[2026-05-26 17:34:56] [QueryConsumer] 处理查询请求 - ID: 1779788095.992308, 类型: get_comments
[2026-05-26 17:34:56] [QueryConsumer] 查询完成 - ID: 1779788095.992308, 状态: success
[2026-05-26 17:34:56] [QueryConsumer] 处理查询请求 - ID: 1779788096.110478, 类型: get_like_count
[2026-05-26 17:34:56] [QueryConsumer] 查询完成 - ID: 1779788096.110478, 状态: success
[2026-05-26 17:35:25] [QueryConsumer] 处理查询请求 - ID: 1779788125.7866697, 类型: get_notes
[2026-05-26 17:35:25] [QueryConsumer] 查询完成 - ID: 1779788125.7866697, 状态: success
[2026-05-26 17:35:35] [QueryConsumer] 处理查询请求 - ID: 1779788134.979406, 类型: get_note
[2026-05-26 17:35:35] [QueryConsumer] 查询完成 - ID: 1779788134.979406, 状态: success
[2026-05-26 17:35:35] [QueryConsumer] 处理查询请求 - ID: 1779788135.0880508, 类型: get_comments
[2026-05-26 17:35:35] [QueryConsumer] 查询完成 - ID: 1779788135.0880508, 状态: success
[2026-05-26 17:35:35] [QueryConsumer] 处理查询请求 - ID: 1779788135.215145, 类型: get_like_count
[2026-05-26 17:35:35] [QueryConsumer] 查询完成 - ID: 1779788135.215145, 状态: success
[2026-05-26 17:35:38] [QueryConsumer] 处理查询请求 - ID: 1779788138.076051, 类型: get_notes
[2026-05-26 17:35:38] [QueryConsumer] 查询完成 - ID: 1779788138.076051, 状态: success
