[2026-05-26 17:34:12.674] CONNECTION_OPEN | 总连接数: 1 | 活跃连接数: 1
[2026-05-26 17:34:12.677] CONNECTION_OPEN | 总连接数: 2 | 活跃连接数: 2
[2026-05-26 17:34:12.680] CONNECTION_OPEN | 总连接数: 3 | 活跃连接数: 3
[2026-05-26 17:34:12.684] CONNECTION_OPEN | 总连接数: 4 | 活跃连接数: 4
[2026-05-26 17:34:12.687] CONNECTION_OPEN | 总连接数: 5 | 活跃连接数: 5
[2026-05-26 17:34:18.077] CONNECTION_OPEN | 总连接数: 6 | 活跃连接数: 6
[2026-05-26 17:34:18.099] RECEIVE_QUERY | 类型: get_notes | 总数: 1
[2026-05-26 17:34:18.153] DISPATCH_QUERY | 类型: get_notes | 总数: 1
[2026-05-26 17:34:18.169] RECEIVE_MESSAGE | 主题: query/response | 总数: 1
[2026-05-26 17:34:18.216] DISPATCH_MESSAGE | 主题: query/response | 总数: 1
[2026-05-26 17:34:19.985] RECEIVE_QUERY | 类型: get_note | 总数: 2
[2026-05-26 17:34:20.025] DISPATCH_QUERY | 类型: get_note | 总数: 2
[2026-05-26 17:34:20.035] RECEIVE_MESSAGE | 主题: query/response | 总数: 2
[2026-05-26 17:34:20.077] DISPATCH_MESSAGE | 主题: query/response | 总数: 2
[2026-05-26 17:34:20.094] RECEIVE_QUERY | 类型: get_comments | 总数: 3
[2026-05-26 17:34:20.146] DISPATCH_QUERY | 类型: get_comments | 总数: 3
[2026-05-26 17:34:20.153] RECEIVE_MESSAGE | 主题: query/response | 总数: 3
[2026-05-26 17:34:20.198] DISPATCH_MESSAGE | 主题: query/response | 总数: 3
[2026-05-26 17:34:20.210] RECEIVE_QUERY | 类型: get_like_count | 总数: 4
[2026-05-26 17:34:20.270] DISPATCH_QUERY | 类型: get_like_count | 总数: 4
[2026-05-26 17:34:20.279] RECEIVE_MESSAGE | 主题: query/response | 总数: 4
[2026-05-26 17:34:20.320] DISPATCH_MESSAGE | 主题: query/response | 总数: 4
[2026-05-26 17:34:21.827] CONNECTION_OPEN | 总连接数: 7 | 活跃连接数: 7
[2026-05-26 17:34:21.833] RECEIVE_MESSAGE | 主题: note/like | 总数: 5
[2026-05-26 17:34:21.847] RECEIVE_QUERY | 类型: get_note | 总数: 5
[2026-05-26 17:34:21.856] DISPATCH_MESSAGE | 主题: note/like | 总数: 5
[2026-05-26 17:34:21.901] DISPATCH_QUERY | 类型: get_note | 总数: 5
[2026-05-26 17:34:21.946] RECEIVE_MESSAGE | 主题: query/response | 总数: 6
[2026-05-26 17:34:21.987] DISPATCH_MESSAGE | 主题: query/response | 总数: 6
[2026-05-26 17:34:22.047] RECEIVE_MESSAGE | 主题: note/like | 总数: 7
[2026-05-26 17:34:22.056] DISPATCH_MESSAGE | 主题: note/like | 总数: 7
[2026-05-26 17:34:22.069] RECEIVE_QUERY | 类型: get_note | 总数: 6
[2026-05-26 17:34:22.075] RECEIVE_QUERY | 类型: get_comments | 总数: 7
[2026-05-26 17:34:22.083] DISPATCH_QUERY | 类型: get_note | 总数: 6
[2026-05-26 17:34:22.084] DISPATCH_QUERY | 类型: get_comments | 总数: 7
[2026-05-26 17:34:22.097] RECEIVE_MESSAGE | 主题: query/response | 总数: 8
[2026-05-26 17:34:22.109] RECEIVE_MESSAGE | 主题: query/response | 总数: 9
[2026-05-26 17:34:22.113] DISPATCH_MESSAGE | 主题: query/response | 总数: 8
[2026-05-26 17:34:22.116] DISPATCH_MESSAGE | 主题: query/response | 总数: 9
[2026-05-26 17:34:22.185] RECEIVE_QUERY | 类型: get_comments | 总数: 8
[2026-05-26 17:34:22.189] RECEIVE_QUERY | 类型: get_like_count | 总数: 9
[2026-05-26 17:34:22.201] DISPATCH_QUERY | 类型: get_comments | 总数: 8
[2026-05-26 17:34:22.205] DISPATCH_QUERY | 类型: get_like_count | 总数: 9
[2026-05-26 17:34:22.207] RECEIVE_MESSAGE | 主题: query/response | 总数: 10
[2026-05-26 17:34:22.216] RECEIVE_MESSAGE | 主题: query/response | 总数: 11
[2026-05-26 17:34:22.234] RECEIVE_MESSAGE | 主题: note/like | 总数: 12
[2026-05-26 17:34:22.241] DISPATCH_MESSAGE | 主题: query/response | 总数: 10
[2026-05-26 17:34:22.244] DISPATCH_MESSAGE | 主题: query/response | 总数: 11
[2026-05-26 17:34:22.244] RECEIVE_QUERY | 类型: get_note | 总数: 10
[2026-05-26 17:34:22.250] DISPATCH_MESSAGE | 主题: note/like | 总数: 12
[2026-05-26 17:34:22.274] DISPATCH_QUERY | 类型: get_note | 总数: 10
[2026-05-26 17:34:22.292] RECEIVE_MESSAGE | 主题: query/response | 总数: 13
[2026-05-26 17:34:22.299] RECEIVE_QUERY | 类型: get_like_count | 总数: 11
[2026-05-26 17:34:22.306] DISPATCH_MESSAGE | 主题: query/response | 总数: 13
[2026-05-26 17:34:22.344] DISPATCH_QUERY | 类型: get_like_count | 总数: 11
[2026-05-26 17:34:22.352] RECEIVE_MESSAGE | 主题: query/response | 总数: 14
[2026-05-26 17:34:22.360] RECEIVE_QUERY | 类型: get_comments | 总数: 12
[2026-05-26 17:34:22.374] DISPATCH_MESSAGE | 主题: query/response | 总数: 14
[2026-05-26 17:34:22.398] RECEIVE_MESSAGE | 主题: note/like | 总数: 15
[2026-05-26 17:34:22.415] DISPATCH_QUERY | 类型: get_comments | 总数: 12
[2026-05-26 17:34:22.421] RECEIVE_QUERY | 类型: get_note | 总数: 13
[2026-05-26 17:34:22.425] RECEIVE_MESSAGE | 主题: query/response | 总数: 16
[2026-05-26 17:34:22.434] DISPATCH_MESSAGE | 主题: note/like | 总数: 15
[2026-05-26 17:34:22.439] DISPATCH_MESSAGE | 主题: query/response | 总数: 16
[2026-05-26 17:34:22.477] DISPATCH_QUERY | 类型: get_note | 总数: 13
[2026-05-26 17:34:22.477] RECEIVE_QUERY | 类型: get_like_count | 总数: 14
[2026-05-26 17:34:22.484] DISPATCH_QUERY | 类型: get_like_count | 总数: 14
[2026-05-26 17:34:22.488] RECEIVE_MESSAGE | 主题: query/response | 总数: 17
[2026-05-26 17:34:22.501] DISPATCH_MESSAGE | 主题: query/response | 总数: 17
[2026-05-26 17:34:22.502] RECEIVE_MESSAGE | 主题: query/response | 总数: 18
[2026-05-26 17:34:22.506] DISPATCH_MESSAGE | 主题: query/response | 总数: 18
[2026-05-26 17:34:22.530] RECEIVE_QUERY | 类型: get_comments | 总数: 15
[2026-05-26 17:34:22.545] DISPATCH_QUERY | 类型: get_comments | 总数: 15
[2026-05-26 17:34:22.551] RECEIVE_MESSAGE | 主题: query/response | 总数: 19
[2026-05-26 17:34:22.560] RECEIVE_MESSAGE | 主题: note/like | 总数: 20
[2026-05-26 17:34:22.561] DISPATCH_MESSAGE | 主题: query/response | 总数: 19
[2026-05-26 17:34:22.566] DISPATCH_MESSAGE | 主题: note/like | 总数: 20
[2026-05-26 17:34:22.571] RECEIVE_QUERY | 类型: get_note | 总数: 16
[2026-05-26 17:34:22.615] DISPATCH_QUERY | 类型: get_note | 总数: 16
[2026-05-26 17:34:22.622] RECEIVE_MESSAGE | 主题: query/response | 总数: 21
[2026-05-26 17:34:22.628] DISPATCH_MESSAGE | 主题: query/response | 总数: 21
[2026-05-26 17:34:22.646] RECEIVE_QUERY | 类型: get_like_count | 总数: 17
[2026-05-26 17:34:22.674] DISPATCH_QUERY | 类型: get_like_count | 总数: 17
[2026-05-26 17:34:22.682] RECEIVE_QUERY | 类型: get_comments | 总数: 18
[2026-05-26 17:34:22.684] RECEIVE_MESSAGE | 主题: query/response | 总数: 22
[2026-05-26 17:34:22.695] DISPATCH_MESSAGE | 主题: query/response | 总数: 22
[2026-05-26 17:34:22.723] RECEIVE_MESSAGE | 主题: note/like | 总数: 23
[2026-05-26 17:34:22.736] RECEIVE_QUERY | 类型: get_note | 总数: 19
[2026-05-26 17:34:22.743] DISPATCH_QUERY | 类型: get_comments | 总数: 18
[2026-05-26 17:34:22.749] DISPATCH_QUERY | 类型: get_note | 总数: 19
[2026-05-26 17:34:22.754] DISPATCH_MESSAGE | 主题: note/like | 总数: 23
[2026-05-26 17:34:22.759] RECEIVE_MESSAGE | 主题: query/response | 总数: 24
[2026-05-26 17:34:22.775] RECEIVE_MESSAGE | 主题: query/response | 总数: 25
[2026-05-26 17:34:22.819] DISPATCH_MESSAGE | 主题: query/response | 总数: 24
[2026-05-26 17:34:22.824] DISPATCH_MESSAGE | 主题: query/response | 总数: 25
[2026-05-26 17:34:22.846] RECEIVE_QUERY | 类型: get_comments | 总数: 20
[2026-05-26 17:34:22.866] DISPATCH_QUERY | 类型: get_comments | 总数: 20
[2026-05-26 17:34:22.875] RECEIVE_MESSAGE | 主题: query/response | 总数: 26
[2026-05-26 17:34:22.884] DISPATCH_MESSAGE | 主题: query/response | 总数: 26
[2026-05-26 17:34:22.902] RECEIVE_QUERY | 类型: get_like_count | 总数: 21
[2026-05-26 17:34:22.931] DISPATCH_QUERY | 类型: get_like_count | 总数: 21
[2026-05-26 17:34:22.940] RECEIVE_MESSAGE | 主题: query/response | 总数: 27
[2026-05-26 17:34:22.949] DISPATCH_MESSAGE | 主题: query/response | 总数: 27
[2026-05-26 17:34:22.954] RECEIVE_QUERY | 类型: get_like_count | 总数: 22
[2026-05-26 17:34:22.992] DISPATCH_QUERY | 类型: get_like_count | 总数: 22
[2026-05-26 17:34:22.997] RECEIVE_MESSAGE | 主题: query/response | 总数: 28
[2026-05-26 17:34:23.008] DISPATCH_MESSAGE | 主题: query/response | 总数: 28
[2026-05-26 17:34:25.184] RECEIVE_MESSAGE | 主题: note/like | 总数: 29
[2026-05-26 17:34:25.193] DISPATCH_MESSAGE | 主题: note/like | 总数: 29
[2026-05-26 17:34:25.196] RECEIVE_QUERY | 类型: get_note | 总数: 23
[2026-05-26 17:34:25.254] DISPATCH_QUERY | 类型: get_note | 总数: 23
[2026-05-26 17:34:25.262] RECEIVE_MESSAGE | 主题: query/response | 总数: 30
[2026-05-26 17:34:25.315] DISPATCH_MESSAGE | 主题: query/response | 总数: 30
[2026-05-26 17:34:25.432] RECEIVE_QUERY | 类型: get_comments | 总数: 24
[2026-05-26 17:34:25.493] DISPATCH_QUERY | 类型: get_comments | 总数: 24
[2026-05-26 17:34:25.506] RECEIVE_MESSAGE | 主题: query/response | 总数: 31
[2026-05-26 17:34:25.545] DISPATCH_MESSAGE | 主题: query/response | 总数: 31
[2026-05-26 17:34:25.657] RECEIVE_QUERY | 类型: get_like_count | 总数: 25
[2026-05-26 17:34:25.679] DISPATCH_QUERY | 类型: get_like_count | 总数: 25
[2026-05-26 17:34:25.687] RECEIVE_MESSAGE | 主题: query/response | 总数: 32
[2026-05-26 17:34:25.712] DISPATCH_MESSAGE | 主题: query/response | 总数: 32
[2026-05-26 17:34:31.808] RECEIVE_MESSAGE | 主题: note/comment | 总数: 33
[2026-05-26 17:34:31.824] RECEIVE_QUERY | 类型: get_note | 总数: 26
[2026-05-26 17:34:31.843] DISPATCH_MESSAGE | 主题: note/comment | 总数: 33
[2026-05-26 17:34:31.843] DISPATCH_QUERY | 类型: get_note | 总数: 26
[2026-05-26 17:34:31.870] RECEIVE_MESSAGE | 主题: query/response | 总数: 34
[2026-05-26 17:34:31.912] DISPATCH_MESSAGE | 主题: query/response | 总数: 34
[2026-05-26 17:34:31.976] RECEIVE_QUERY | 类型: get_comments | 总数: 27
[2026-05-26 17:34:32.033] DISPATCH_QUERY | 类型: get_comments | 总数: 27
[2026-05-26 17:34:32.050] RECEIVE_MESSAGE | 主题: query/response | 总数: 35
[2026-05-26 17:34:32.101] DISPATCH_MESSAGE | 主题: query/response | 总数: 35
[2026-05-26 17:34:32.204] RECEIVE_QUERY | 类型: get_like_count | 总数: 28
[2026-05-26 17:34:32.217] DISPATCH_QUERY | 类型: get_like_count | 总数: 28
[2026-05-26 17:34:32.224] RECEIVE_MESSAGE | 主题: query/response | 总数: 36
[2026-05-26 17:34:32.270] DISPATCH_MESSAGE | 主题: query/response | 总数: 36
[2026-05-26 17:34:41.221] RECEIVE_MESSAGE | 主题: note/comment | 总数: 37
[2026-05-26 17:34:41.241] RECEIVE_QUERY | 类型: get_note | 总数: 29
[2026-05-26 17:34:41.272] DISPATCH_QUERY | 类型: get_note | 总数: 29
[2026-05-26 17:34:41.273] DISPATCH_MESSAGE | 主题: note/comment | 总数: 37
[2026-05-26 17:34:41.296] RECEIVE_MESSAGE | 主题: query/response | 总数: 38
[2026-05-26 17:34:41.342] DISPATCH_MESSAGE | 主题: query/response | 总数: 38
[2026-05-26 17:34:41.354] RECEIVE_QUERY | 类型: get_comments | 总数: 30
[2026-05-26 17:34:41.382] DISPATCH_QUERY | 类型: get_comments | 总数: 30
[2026-05-26 17:34:41.388] RECEIVE_MESSAGE | 主题: query/response | 总数: 39
[2026-05-26 17:34:41.398] DISPATCH_MESSAGE | 主题: query/response | 总数: 39
[2026-05-26 17:34:41.464] RECEIVE_QUERY | 类型: get_like_count | 总数: 31
[2026-05-26 17:34:41.506] DISPATCH_QUERY | 类型: get_like_count | 总数: 31
[2026-05-26 17:34:41.513] RECEIVE_MESSAGE | 主题: query/response | 总数: 40
[2026-05-26 17:34:41.524] DISPATCH_MESSAGE | 主题: query/response | 总数: 40
[2026-05-26 17:34:43.832] RECEIVE_QUERY | 类型: get_notes | 总数: 32
[2026-05-26 17:34:43.848] DISPATCH_QUERY | 类型: get_notes | 总数: 32
[2026-05-26 17:34:43.854] RECEIVE_MESSAGE | 主题: query/response | 总数: 41
[2026-05-26 17:34:43.909] DISPATCH_MESSAGE | 主题: query/response | 总数: 41
[2026-05-26 17:34:52.677] RECEIVE_MESSAGE | 主题: note/publish | 总数: 42
[2026-05-26 17:34:52.699] RECEIVE_QUERY | 类型: get_notes | 总数: 33
[2026-05-26 17:34:52.719] DISPATCH_MESSAGE | 主题: note/publish | 总数: 42
[2026-05-26 17:34:52.727] DISPATCH_QUERY | 类型: get_notes | 总数: 33
[2026-05-26 17:34:52.756] RECEIVE_MESSAGE | 主题: query/response | 总数: 43
[2026-05-26 17:34:52.788] DISPATCH_MESSAGE | 主题: query/response | 总数: 43
[2026-05-26 17:34:55.875] RECEIVE_QUERY | 类型: get_note | 总数: 34
[2026-05-26 17:34:55.923] DISPATCH_QUERY | 类型: get_note | 总数: 34
[2026-05-26 17:34:55.926] RECEIVE_MESSAGE | 主题: query/response | 总数: 44
[2026-05-26 17:34:55.980] DISPATCH_MESSAGE | 主题: query/response | 总数: 44
[2026-05-26 17:34:55.995] RECEIVE_QUERY | 类型: get_comments | 总数: 35
[2026-05-26 17:34:56.037] DISPATCH_QUERY | 类型: get_comments | 总数: 35
[2026-05-26 17:34:56.045] RECEIVE_MESSAGE | 主题: query/response | 总数: 45
[2026-05-26 17:34:56.096] DISPATCH_MESSAGE | 主题: query/response | 总数: 45
[2026-05-26 17:34:56.112] RECEIVE_QUERY | 类型: get_like_count | 总数: 36
[2026-05-26 17:34:56.154] DISPATCH_QUERY | 类型: get_like_count | 总数: 36
[2026-05-26 17:34:56.164] RECEIVE_MESSAGE | 主题: query/response | 总数: 46
[2026-05-26 17:34:56.214] DISPATCH_MESSAGE | 主题: query/response | 总数: 46
[2026-05-26 17:35:25.788] RECEIVE_QUERY | 类型: get_notes | 总数: 37
[2026-05-26 17:35:25.834] DISPATCH_QUERY | 类型: get_notes | 总数: 37
[2026-05-26 17:35:25.843] RECEIVE_MESSAGE | 主题: query/response | 总数: 47
[2026-05-26 17:35:25.888] DISPATCH_MESSAGE | 主题: query/response | 总数: 47
[2026-05-26 17:35:34.981] RECEIVE_QUERY | 类型: get_note | 总数: 38
[2026-05-26 17:35:35.005] DISPATCH_QUERY | 类型: get_note | 总数: 38
[2026-05-26 17:35:35.014] RECEIVE_MESSAGE | 主题: query/response | 总数: 48
[2026-05-26 17:35:35.063] DISPATCH_MESSAGE | 主题: query/response | 总数: 48
[2026-05-26 17:35:35.092] RECEIVE_QUERY | 类型: get_comments | 总数: 39
[2026-05-26 17:35:35.146] DISPATCH_QUERY | 类型: get_comments | 总数: 39
[2026-05-26 17:35:35.178] RECEIVE_MESSAGE | 主题: query/response | 总数: 49
[2026-05-26 17:35:35.201] DISPATCH_MESSAGE | 主题: query/response | 总数: 49
[2026-05-26 17:35:35.220] RECEIVE_QUERY | 类型: get_like_count | 总数: 40
[2026-05-26 17:35:35.239] DISPATCH_QUERY | 类型: get_like_count | 总数: 40
[2026-05-26 17:35:35.260] RECEIVE_MESSAGE | 主题: query/response | 总数: 50
[2026-05-26 17:35:35.320] DISPATCH_MESSAGE | 主题: query/response | 总数: 50
[2026-05-26 17:35:37.943] RECEIVE_MESSAGE | 主题: note/delete | 总数: 51
[2026-05-26 17:35:38.005] DISPATCH_MESSAGE | 主题: note/delete | 总数: 51
[2026-05-26 17:35:38.080] RECEIVE_QUERY | 类型: get_notes | 总数: 41
[2026-05-26 17:35:38.119] DISPATCH_QUERY | 类型: get_notes | 总数: 41
[2026-05-26 17:35:38.135] RECEIVE_MESSAGE | 主题: query/response | 总数: 52
[2026-05-26 17:35:38.175] DISPATCH_MESSAGE | 主题: query/response | 总数: 52
