[2026-06-01 10:52:08] 运行时长: 10s
[吞吐量] 消息: 0.00 msg/s (平均: 0.00), 查询: 0.00 qps (平均: 0.00)
[延迟] 平均: 0.00 ms, P50: 0.00 ms, P90: 0.00 ms, P95: 0.00 ms, P99: 0.00 ms
[统计] 消息总数: 0, 查询总数: 0
[2026-06-01 10:52:18] 运行时长: 20s
[吞吐量] 消息: 0.00 msg/s (平均: 0.00), 查询: 0.00 qps (平均: 0.00)
[延迟] 平均: 0.00 ms, P50: 0.00 ms, P90: 0.00 ms, P95: 0.00 ms, P99: 0.00 ms
[统计] 消息总数: 0, 查询总数: 0
[2026-06-01 10:52:28] 运行时长: 30s
[吞吐量] 消息: 0.00 msg/s (平均: 0.00), 查询: 0.00 qps (平均: 0.00)
[延迟] 平均: 0.00 ms, P50: 0.00 ms, P90: 0.00 ms, P95: 0.00 ms, P99: 0.00 ms
[统计] 消息总数: 0, 查询总数: 0
[2026-06-01 10:52:38] 运行时长: 40s
[吞吐量] 消息: 0.00 msg/s (平均: 0.00), 查询: 0.00 qps (平均: 0.00)
[延迟] 平均: 0.00 ms, P50: 0.00 ms, P90: 0.00 ms, P95: 0.00 ms, P99: 0.00 ms
[统计] 消息总数: 0, 查询总数: 0
[2026-06-01 10:52:48] 运行时长: 50s
[吞吐量] 消息: 0.00 msg/s (平均: 0.00), 查询: 0.00 qps (平均: 0.00)
[延迟] 平均: 0.00 ms, P50: 0.00 ms, P90: 0.00 ms, P95: 0.00 ms, P99: 0.00 ms
[统计] 消息总数: 0, 查询总数: 0
[2026-06-01 10:52:58] 运行时长: 1m0s
[吞吐量] 消息: 0.00 msg/s (平均: 0.00), 查询: 0.00 qps (平均: 0.00)
[延迟] 平均: 0.00 ms, P50: 0.00 ms, P90: 0.00 ms, P95: 0.00 ms, P99: 0.00 ms
[统计] 消息总数: 0, 查询总数: 0
[2026-06-01 10:53:08] 运行时长: 1m10s
[吞吐量] 消息: 0.00 msg/s (平均: 0.00), 查询: 0.00 qps (平均: 0.00)
[延迟] 平均: 0.00 ms, P50: 0.00 ms, P90: 0.00 ms, P95: 0.00 ms, P99: 0.00 ms
[统计] 消息总数: 0, 查询总数: 0
[2026-06-01 10:53:18] 运行时长: 1m20s
[吞吐量] 消息: 0.00 msg/s (平均: 0.00), 查询: 0.00 qps (平均: 0.00)
[延迟] 平均: 0.00 ms, P50: 0.00 ms, P90: 0.00 ms, P95: 0.00 ms, P99: 0.00 ms
[统计] 消息总数: 0, 查询总数: 0
[2026-06-01 10:53:28] 运行时长: 1m30s
[吞吐量] 消息: 0.00 msg/s (平均: 0.00), 查询: 0.00 qps (平均: 0.00)
[延迟] 平均: 0.00 ms, P50: 0.00 ms, P90: 0.00 ms, P95: 0.00 ms, P99: 0.00 ms
[统计] 消息总数: 0, 查询总数: 0
[2026-06-01 10:53:38] 运行时长: 1m40s
[吞吐量] 消息: 0.00 msg/s (平均: 0.00), 查询: 0.00 qps (平均: 0.00)
[延迟] 平均: 0.00 ms, P50: 0.00 ms, P90: 0.00 ms, P95: 0.00 ms, P99: 0.00 ms
[统计] 消息总数: 0, 查询总数: 0
[2026-06-01 10:53:48] 运行时长: 1m50s
[吞吐量] 消息: 0.00 msg/s (平均: 0.00), 查询: 0.00 qps (平均: 0.00)
[延迟] 平均: 0.00 ms, P50: 0.00 ms, P90: 0.00 ms, P95: 0.00 ms, P99: 0.00 ms
[统计] 消息总数: 0, 查询总数: 0
[2026-06-01 10:53:58] 运行时长: 2m0s
[吞吐量] 消息: 0.00 msg/s (平均: 0.00), 查询: 0.00 qps (平均: 0.00)
[延迟] 平均: 0.00 ms, P50: 0.00 ms, P90: 0.00 ms, P95: 0.00 ms, P99: 0.00 ms
[统计] 消息总数: 0, 查询总数: 0
[2026-06-01 10:54:08] 运行时长: 2m10s
[吞吐量] 消息: 0.00 msg/s (平均: 0.00), 查询: 0.00 qps (平均: 0.00)
[延迟] 平均: 0.00 ms, P50: 0.00 ms, P90: 0.00 ms, P95: 0.00 ms, P99: 0.00 ms
[统计] 消息总数: 0, 查询总数: 0
[2026-06-01 10:54:18] 运行时长: 2m20s
[吞吐量] 消息: 0.00 msg/s (平均: 0.00), 查询: 0.00 qps (平均: 0.00)
[延迟] 平均: 0.00 ms, P50: 0.00 ms, P90: 0.00 ms, P95: 0.00 ms, P99: 0.00 ms
[统计] 消息总数: 0, 查询总数: 0
[2026-06-01 10:54:28] 运行时长: 2m30s
[吞吐量] 消息: 0.00 msg/s (平均: 0.00), 查询: 0.00 qps (平均: 0.00)
[延迟] 平均: 0.00 ms, P50: 0.00 ms, P90: 0.00 ms, P95: 0.00 ms, P99: 0.00 ms
[统计] 消息总数: 0, 查询总数: 0
[2026-06-01 10:54:38] 运行时长: 2m40s
[吞吐量] 消息: 0.00 msg/s (平均: 0.00), 查询: 0.00 qps (平均: 0.00)
[延迟] 平均: 0.00 ms, P50: 0.00 ms, P90: 0.00 ms, P95: 0.00 ms, P99: 0.00 ms
[统计] 消息总数: 0, 查询总数: 0
[2026-06-01 10:54:48] 运行时长: 2m50s
[吞吐量] 消息: 0.00 msg/s (平均: 0.00), 查询: 0.00 qps (平均: 0.00)
[延迟] 平均: 0.00 ms, P50: 0.00 ms, P90: 0.00 ms, P95: 0.00 ms, P99: 0.00 ms
[统计] 消息总数: 0, 查询总数: 0
[2026-06-01 10:54:58] 运行时长: 3m0s
[吞吐量] 消息: 0.00 msg/s (平均: 0.00), 查询: 0.00 qps (平均: 0.00)
[延迟] 平均: 0.00 ms, P50: 0.00 ms, P90: 0.00 ms, P95: 0.00 ms, P99: 0.00 ms
[统计] 消息总数: 0, 查询总数: 0
[2026-06-01 10:55:08] 运行时长: 3m10s
[吞吐量] 消息: 0.00 msg/s (平均: 0.00), 查询: 0.00 qps (平均: 0.00)
[延迟] 平均: 0.00 ms, P50: 0.00 ms, P90: 0.00 ms, P95: 0.00 ms, P99: 0.00 ms
[统计] 消息总数: 0, 查询总数: 0
[2026-06-01 10:55:18] 运行时长: 3m20s
[吞吐量] 消息: 0.00 msg/s (平均: 0.00), 查询: 0.00 qps (平均: 0.00)
[延迟] 平均: 0.00 ms, P50: 0.00 ms, P90: 0.00 ms, P95: 0.00 ms, P99: 0.00 ms
[统计] 消息总数: 0, 查询总数: 0
[2026-06-01 10:55:28] 运行时长: 3m30s
[吞吐量] 消息: 0.00 msg/s (平均: 0.00), 查询: 0.00 qps (平均: 0.00)
[延迟] 平均: 0.00 ms, P50: 0.00 ms, P90: 0.00 ms, P95: 0.00 ms, P99: 0.00 ms
[统计] 消息总数: 0, 查询总数: 0
[2026-06-01 10:55:38] 运行时长: 3m40s
[吞吐量] 消息: 0.00 msg/s (平均: 0.00), 查询: 0.00 qps (平均: 0.00)
[延迟] 平均: 0.00 ms, P50: 0.00 ms, P90: 0.00 ms, P95: 0.00 ms, P99: 0.00 ms
[统计] 消息总数: 0, 查询总数: 0
[2026-06-01 10:55:48] 运行时长: 3m50s
[吞吐量] 消息: 0.00 msg/s (平均: 0.00), 查询: 0.00 qps (平均: 0.00)
[延迟] 平均: 0.00 ms, P50: 0.00 ms, P90: 0.00 ms, P95: 0.00 ms, P99: 0.00 ms
[统计] 消息总数: 0, 查询总数: 0
[2026-06-01 10:55:58] 运行时长: 4m0s
[吞吐量] 消息: 0.00 msg/s (平均: 0.00), 查询: 0.00 qps (平均: 0.00)
[延迟] 平均: 0.00 ms, P50: 0.00 ms, P90: 0.00 ms, P95: 0.00 ms, P99: 0.00 ms
[统计] 消息总数: 0, 查询总数: 0
[2026-06-01 10:56:08] 运行时长: 4m10s
[吞吐量] 消息: 0.00 msg/s (平均: 0.00), 查询: 0.00 qps (平均: 0.00)
[延迟] 平均: 0.00 ms, P50: 0.00 ms, P90: 0.00 ms, P95: 0.00 ms, P99: 0.00 ms
[统计] 消息总数: 0, 查询总数: 0
[2026-06-01 10:56:18] 运行时长: 4m20s
[吞吐量] 消息: 0.00 msg/s (平均: 0.00), 查询: 0.00 qps (平均: 0.00)
[延迟] 平均: 0.00 ms, P50: 0.00 ms, P90: 0.00 ms, P95: 0.00 ms, P99: 0.00 ms
[统计] 消息总数: 0, 查询总数: 0
