[2026-06-01 10:30:02] [QueryClient] 已连接到中间件 127.0.0.1:5001
[2026-06-01 10:30:02] [QueryClient] 已订阅查询结果主题
[2026-06-01 10:30:02] [QueryClient] 已连接到中间件 127.0.0.1:5001
[2026-06-01 10:30:02] [QueryClient] 已订阅查询结果主题
[2026-06-01 10:30:02] [QueryClient] 已连接到中间件 127.0.0.1:5001
[2026-06-01 10:30:02] [QueryClient] 已订阅查询结果主题
[2026-06-01 10:30:02] [QueryClient] 已连接到中间件 127.0.0.1:5001
[2026-06-01 10:30:02] [QueryClient] 已订阅查询结果主题
[2026-06-01 10:30:02] [QueryClient] 已连接到中间件 127.0.0.1:5001
[2026-06-01 10:30:02] [QueryClient] 已订阅查询结果主题
[2026-06-01 10:30:02] [QueryClient] 已连接到中间件 127.0.0.1:5001
[2026-06-01 10:30:02] [QueryClient] 已订阅查询结果主题
[2026-06-01 10:30:02] [QueryClient] 已连接到中间件 127.0.0.1:5001
[2026-06-01 10:30:02] [QueryClient] 发送查询请求 - ID: 1780281002.0510814, 类型: get_notes
[2026-06-01 10:30:02] [QueryClient] 发送查询请求 - ID: 1780281002.0510814, 类型: get_notes
[2026-06-01 10:30:02] [QueryClient] 已连接到中间件 127.0.0.1:5001
[2026-06-01 10:30:02] [QueryClient] 已订阅查询结果主题
[2026-06-01 10:30:02] [QueryClient] 发送查询请求 - ID: 1780281002.0510814, 类型: get_notes
[2026-06-01 10:30:02] [QueryClient] 发送查询请求 - ID: 1780281002.0510814, 类型: get_notes
[2026-06-01 10:30:02] [QueryClient] 发送查询请求 - ID: 1780281002.0468352, 类型: get_notes
[2026-06-01 10:30:02] [QueryClient] 已连接到中间件 127.0.0.1:5001
[2026-06-01 10:30:02] [QueryClient] 已订阅查询结果主题
[2026-06-01 10:30:02] [QueryClient] 已连接到中间件 127.0.0.1:5001
[2026-06-01 10:30:02] [QueryClient] 已订阅查询结果主题
[2026-06-01 10:30:02] [QueryClient] 已订阅查询结果主题
[2026-06-01 10:30:02] [QueryClient] 发送查询请求 - ID: 1780281002.0510814, 类型: get_notes
[2026-06-01 10:30:02] [QueryClient] 发送查询请求 - ID: 1780281002.0468352, 类型: get_notes
[2026-06-01 10:30:02] [QueryClient] 发送查询请求 - ID: 1780281002.0510814, 类型: get_notes
[2026-06-01 10:30:02] [QueryClient] 发送查询请求 - ID: 1780281002.0510814, 类型: get_notes
[2026-06-01 10:30:02] [QueryClient] 发送查询请求 - ID: 1780281002.0510814, 类型: get_notes
[2026-06-01 10:30:02] [QueryClient] 收到查询结果 - ID: 1780281002.0510814, 状态: success
[2026-06-01 10:30:02] [QueryClient] 收到查询结果 - ID: 1780281002.0510814, 状态: success
[2026-06-01 10:30:02] [QueryClient] 发送查询请求 - ID: 1780281002.2093437, 类型: get_like_count
[2026-06-01 10:30:02] [QueryClient] 发送查询请求 - ID: 1780281002.2093437, 类型: get_like_count
[2026-06-01 10:30:02] [QueryClient] 收到查询结果 - ID: 1780281002.0510814, 状态: success
[2026-06-01 10:30:02] [QueryClient] 收到查询结果 - ID: 1780281002.0468352, 状态: success
[2026-06-01 10:30:02] [QueryClient] 收到查询结果 - ID: 1780281002.0510814, 状态: success
[2026-06-01 10:30:02] [QueryClient] 收到查询结果 - ID: 1780281002.0510814, 状态: success
[2026-06-01 10:30:02] [QueryClient] 发送查询请求 - ID: 1780281002.2296042, 类型: get_like_count
[2026-06-01 10:30:02] [QueryClient] 发送查询请求 - ID: 1780281002.2250483, 类型: get_like_count
[2026-06-01 10:30:02] [QueryClient] 发送查询请求 - ID: 1780281002.2250483, 类型: get_like_count
[2026-06-01 10:30:02] [QueryClient] 发送查询请求 - ID: 1780281002.2285824, 类型: get_like_count
[2026-06-01 10:30:02] [QueryClient] 收到查询结果 - ID: 1780281002.0468352, 状态: success
[2026-06-01 10:30:02] [QueryClient] 发送查询请求 - ID: 1780281002.2331662, 类型: get_like_count
[2026-06-01 10:30:02] [QueryClient] 收到查询结果 - ID: 1780281002.0510814, 状态: success
[2026-06-01 10:30:02] [QueryClient] 收到查询结果 - ID: 1780281002.0510814, 状态: success
[2026-06-01 10:30:02] [QueryClient] 发送查询请求 - ID: 1780281002.2432683, 类型: get_like_count
[2026-06-01 10:30:02] [QueryClient] 发送查询请求 - ID: 1780281002.2412405, 类型: get_like_count
[2026-06-01 10:30:02] [QueryClient] 收到查询结果 - ID: 1780281002.0510814, 状态: success
[2026-06-01 10:30:02] [QueryClient] 发送查询请求 - ID: 1780281002.2442873, 类型: get_like_count
[2026-06-01 10:30:02] [QueryClient] 收到查询结果 - ID: 1780281002.2093437, 状态: success
[2026-06-01 10:30:02] [QueryClient] 发送查询请求 - ID: 1780281002.31883, 类型: get_comments
[2026-06-01 10:30:02] [QueryClient] 收到查询结果 - ID: 1780281002.2093437, 状态: success
[2026-06-01 10:30:02] [QueryClient] 发送查询请求 - ID: 1780281002.3208456, 类型: get_comments
[2026-06-01 10:30:02] [QueryClient] 收到查询结果 - ID: 1780281002.2331662, 状态: success
[2026-06-01 10:30:02] [QueryClient] 发送查询请求 - ID: 1780281002.3529058, 类型: get_comments
[2026-06-01 10:30:02] [QueryClient] 收到查询结果 - ID: 1780281002.3208456, 状态: success
[2026-06-01 10:30:02] [QueryClient] 发送查询请求 - ID: 1780281002.4324923, 类型: get_notes
[2026-06-01 10:30:02] [QueryClient] 收到查询结果 - ID: 1780281002.31883, 状态: success
[2026-06-01 10:30:02] [QueryClient] 发送查询请求 - ID: 1780281002.4324923, 类型: get_notes
[2026-06-01 10:30:02] [QueryClient] 收到查询结果 - ID: 1780281002.2296042, 状态: success
[2026-06-01 10:30:02] [QueryClient] 收到查询结果 - ID: 1780281002.2250483, 状态: success
[2026-06-01 10:30:02] [QueryClient] 发送查询请求 - ID: 1780281002.4439037, 类型: get_comments
[2026-06-01 10:30:02] [QueryClient] 收到查询结果 - ID: 1780281002.2285824, 状态: success
[2026-06-01 10:30:02] [QueryClient] 发送查询请求 - ID: 1780281002.4482229, 类型: get_comments
[2026-06-01 10:30:02] [QueryClient] 收到查询结果 - ID: 1780281002.2250483, 状态: success
[2026-06-01 10:30:02] [QueryClient] 发送查询请求 - ID: 1780281002.44885, 类型: get_comments
[2026-06-01 10:30:02] [QueryClient] 发送查询请求 - ID: 1780281002.4439037, 类型: get_comments
[2026-06-01 10:30:02] [QueryClient] 收到查询结果 - ID: 1780281002.3529058, 状态: success
[2026-06-01 10:30:02] [QueryClient] 发送查询请求 - ID: 1780281002.4561589, 类型: get_notes
[2026-06-01 10:30:02] [QueryClient] 收到查询结果 - ID: 1780281002.2412405, 状态: success
[2026-06-01 10:30:02] [QueryClient] 发送查询请求 - ID: 1780281002.4561589, 类型: get_comments
[2026-06-01 10:30:02] [QueryClient] 收到查询结果 - ID: 1780281002.2432683, 状态: success
[2026-06-01 10:30:02] [QueryClient] 收到查询结果 - ID: 1780281002.2442873, 状态: success
[2026-06-01 10:30:02] [QueryClient] 发送查询请求 - ID: 1780281002.4561589, 类型: get_comments
[2026-06-01 10:30:02] [QueryClient] 发送查询请求 - ID: 1780281002.460692, 类型: get_comments
[2026-06-01 10:30:02] [QueryClient] 收到查询结果 - ID: 1780281002.4324923, 状态: success
[2026-06-01 10:30:02] [QueryClient] 收到查询结果 - ID: 1780281002.4324923, 状态: success
[2026-06-01 10:30:02] [QueryClient] 发送查询请求 - ID: 1780281002.5471625, 类型: get_like_count
[2026-06-01 10:30:02] [QueryClient] 发送查询请求 - ID: 1780281002.549172, 类型: get_like_count
[2026-06-01 10:30:02] [QueryClient] 收到查询结果 - ID: 1780281002.4482229, 状态: success
[2026-06-01 10:30:02] [QueryClient] 收到查询结果 - ID: 1780281002.4439037, 状态: success
[2026-06-01 10:30:02] [QueryClient] 收到查询结果 - ID: 1780281002.44885, 状态: success
[2026-06-01 10:30:02] [QueryClient] 收到查询结果 - ID: 1780281002.4439037, 状态: success
[2026-06-01 10:30:02] [QueryClient] 发送查询请求 - ID: 1780281002.5590432, 类型: get_notes
[2026-06-01 10:30:02] [QueryClient] 发送查询请求 - ID: 1780281002.5590432, 类型: get_notes
[2026-06-01 10:30:02] [QueryClient] 发送查询请求 - ID: 1780281002.5610566, 类型: get_notes
[2026-06-01 10:30:02] [QueryClient] 发送查询请求 - ID: 1780281002.5610566, 类型: get_notes
[2026-06-01 10:30:02] [QueryClient] 收到查询结果 - ID: 1780281002.460692, 状态: success
[2026-06-01 10:30:02] [QueryClient] 发送查询请求 - ID: 1780281002.5699859, 类型: get_notes
[2026-06-01 10:30:02] [QueryClient] 收到查询结果 - ID: 1780281002.4561589, 状态: success
[2026-06-01 10:30:02] [QueryClient] 收到查询结果 - ID: 1780281002.4561589, 状态: success
[2026-06-01 10:30:02] [QueryClient] 收到查询结果 - ID: 1780281002.4561589, 状态: success
[2026-06-01 10:30:02] [QueryClient] 发送查询请求 - ID: 1780281002.5751488, 类型: get_notes
[2026-06-01 10:30:02] [QueryClient] 发送查询请求 - ID: 1780281002.5741582, 类型: get_like_count
[2026-06-01 10:30:02] [QueryClient] 发送查询请求 - ID: 1780281002.572911, 类型: get_notes
[2026-06-01 10:30:02] [QueryClient] 收到查询结果 - ID: 1780281002.5590432, 状态: success
[2026-06-01 10:30:02] [QueryClient] 收到查询结果 - ID: 1780281002.5590432, 状态: success
[2026-06-01 10:30:02] [QueryClient] 发送查询请求 - ID: 1780281002.7311122, 类型: get_like_count
[2026-06-01 10:30:02] [QueryClient] 发送查询请求 - ID: 1780281002.7229998, 类型: get_like_count
[2026-06-01 10:30:02] [QueryClient] 收到查询结果 - ID: 1780281002.549172, 状态: success
[2026-06-01 10:30:02] [QueryClient] 发送查询请求 - ID: 1780281002.7394474, 类型: get_comments
[2026-06-01 10:30:02] [QueryClient] 收到查询结果 - ID: 1780281002.5471625, 状态: success
[2026-06-01 10:30:02] [QueryClient] 发送查询请求 - ID: 1780281002.7621582, 类型: get_comments
[2026-06-01 10:30:02] [QueryClient] 收到查询结果 - ID: 1780281002.5610566, 状态: success
[2026-06-01 10:30:02] [QueryClient] 收到查询结果 - ID: 1780281002.5610566, 状态: success
[2026-06-01 10:30:02] [QueryClient] 收到查询结果 - ID: 1780281002.5741582, 状态: success
[2026-06-01 10:30:02] [QueryClient] 收到查询结果 - ID: 1780281002.5751488, 状态: success
[2026-06-01 10:30:02] [QueryClient] 收到查询结果 - ID: 1780281002.572911, 状态: success
[2026-06-01 10:30:02] [QueryClient] 发送查询请求 - ID: 1780281002.8245196, 类型: get_like_count
[2026-06-01 10:30:02] [QueryClient] 发送查询请求 - ID: 1780281002.820263, 类型: get_like_count
[2026-06-01 10:30:02] [QueryClient] 发送查询请求 - ID: 1780281002.820263, 类型: get_like_count
[2026-06-01 10:30:02] [QueryClient] 发送查询请求 - ID: 1780281002.8227723, 类型: get_comments
[2026-06-01 10:30:02] [QueryClient] 发送查询请求 - ID: 1780281002.8237514, 类型: get_like_count
[2026-06-01 10:30:02] [QueryClient] 收到查询结果 - ID: 1780281002.5699859, 状态: success
[2026-06-01 10:30:02] [QueryClient] 发送查询请求 - ID: 1780281002.8285205, 类型: get_like_count
[2026-06-01 10:30:02] [QueryClient] 收到查询结果 - ID: 1780281002.7229998, 状态: success
[2026-06-01 10:30:02] [QueryClient] 收到查询结果 - ID: 1780281002.7394474, 状态: success
[2026-06-01 10:30:02] [QueryClient] 收到查询结果 - ID: 1780281002.7311122, 状态: success
[2026-06-01 10:30:02] [QueryClient] 发送查询请求 - ID: 1780281002.845657, 类型: get_comments
[2026-06-01 10:30:02] [QueryClient] 发送查询请求 - ID: 1780281002.8479297, 类型: get_notes
[2026-06-01 10:30:02] [QueryClient] 发送查询请求 - ID: 1780281002.8482823, 类型: get_comments
[2026-06-01 10:30:02] [QueryClient] 收到查询结果 - ID: 1780281002.7621582, 状态: success
[2026-06-01 10:30:02] [QueryClient] 发送查询请求 - ID: 1780281002.8676353, 类型: get_notes
[2026-06-01 10:30:02] [QueryClient] 收到查询结果 - ID: 1780281002.8227723, 状态: success
[2026-06-01 10:30:02] [QueryClient] 收到查询结果 - ID: 1780281002.820263, 状态: success
[2026-06-01 10:30:02] [QueryClient] 收到查询结果 - ID: 1780281002.820263, 状态: success
[2026-06-01 10:30:02] [QueryClient] 收到查询结果 - ID: 1780281002.8245196, 状态: success
[2026-06-01 10:30:02] [QueryClient] 收到查询结果 - ID: 1780281002.8237514, 状态: success
[2026-06-01 10:30:02] [QueryClient] 发送查询请求 - ID: 1780281002.9406571, 类型: get_notes
[2026-06-01 10:30:02] [QueryClient] 发送查询请求 - ID: 1780281002.9423318, 类型: get_comments
[2026-06-01 10:30:02] [QueryClient] 发送查询请求 - ID: 1780281002.9423318, 类型: get_comments
[2026-06-01 10:30:02] [QueryClient] 发送查询请求 - ID: 1780281002.9423318, 类型: get_comments
[2026-06-01 10:30:02] [QueryClient] 发送查询请求 - ID: 1780281002.9423318, 类型: get_comments
[2026-06-01 10:30:03] [QueryClient] 收到查询结果 - ID: 1780281002.8285205, 状态: success
[2026-06-01 10:30:03] [QueryClient] 发送查询请求 - ID: 1780281003.0423841, 类型: get_comments
[2026-06-01 10:30:03] [QueryClient] 收到查询结果 - ID: 1780281002.9423318, 状态: success
[2026-06-01 10:30:03] [QueryClient] 收到查询结果 - ID: 1780281002.9423318, 状态: success
[2026-06-01 10:30:03] [QueryClient] 收到查询结果 - ID: 1780281002.9423318, 状态: success
[2026-06-01 10:30:03] [QueryClient] 发送查询请求 - ID: 1780281003.0588472, 类型: get_notes
[2026-06-01 10:30:03] [QueryClient] 收到查询结果 - ID: 1780281002.9406571, 状态: success
[2026-06-01 10:30:03] [QueryClient] 发送查询请求 - ID: 1780281003.0568225, 类型: get_notes
[2026-06-01 10:30:03] [QueryClient] 发送查询请求 - ID: 1780281003.0588472, 类型: get_notes
[2026-06-01 10:30:03] [QueryClient] 收到查询结果 - ID: 1780281002.9423318, 状态: success
[2026-06-01 10:30:03] [QueryClient] 发送查询请求 - ID: 1780281003.0623965, 类型: get_like_count
[2026-06-01 10:30:03] [QueryClient] 发送查询请求 - ID: 1780281003.0668287, 类型: get_notes
[2026-06-01 10:30:03] [QueryClient] 收到查询结果 - ID: 1780281002.8482823, 状态: success
[2026-06-01 10:30:03] [QueryClient] 收到查询结果 - ID: 1780281002.8479297, 状态: success
[2026-06-01 10:30:03] [QueryClient] 收到查询结果 - ID: 1780281002.845657, 状态: success
[2026-06-01 10:30:03] [QueryClient] 发送查询请求 - ID: 1780281003.0683413, 类型: get_notes
[2026-06-01 10:30:03] [QueryClient] 发送查询请求 - ID: 1780281003.0683413, 类型: get_like_count
[2026-06-01 10:30:03] [QueryClient] 发送查询请求 - ID: 1780281003.073059, 类型: get_notes
[2026-06-01 10:30:03] [QueryClient] 收到查询结果 - ID: 1780281002.8676353, 状态: success
[2026-06-01 10:30:03] [QueryClient] 发送查询请求 - ID: 1780281003.0906014, 类型: get_like_count
[2026-06-01 10:30:03] [QueryClient] 收到查询结果 - ID: 1780281003.0423841, 状态: success
[2026-06-01 10:30:03] [QueryClient] 发送查询请求 - ID: 1780281003.1597984, 类型: get_notes
[2026-06-01 10:30:03] [QueryClient] 收到查询结果 - ID: 1780281003.0623965, 状态: success
[2026-06-01 10:30:03] [QueryClient] 收到查询结果 - ID: 1780281003.0588472, 状态: success
[2026-06-01 10:30:03] [QueryClient] 收到查询结果 - ID: 1780281003.0568225, 状态: success
[2026-06-01 10:30:03] [QueryClient] 收到查询结果 - ID: 1780281003.0588472, 状态: success
[2026-06-01 10:30:03] [QueryClient] 发送查询请求 - ID: 1780281003.1700542, 类型: get_comments
[2026-06-01 10:30:03] [QueryClient] 发送查询请求 - ID: 1780281003.1700542, 类型: get_like_count
[2026-06-01 10:30:03] [QueryClient] 发送查询请求 - ID: 1780281003.1700542, 类型: get_like_count
[2026-06-01 10:30:03] [QueryClient] 发送查询请求 - ID: 1780281003.1700542, 类型: get_like_count
[2026-06-01 10:30:03] [QueryClient] 收到查询结果 - ID: 1780281003.0683413, 状态: success
[2026-06-01 10:30:03] [QueryClient] 收到查询结果 - ID: 1780281003.0683413, 状态: success
[2026-06-01 10:30:03] [QueryClient] 收到查询结果 - ID: 1780281003.0668287, 状态: success
[2026-06-01 10:30:03] [QueryClient] 发送查询请求 - ID: 1780281003.186425, 类型: get_like_count
[2026-06-01 10:30:03] [QueryClient] 发送查询请求 - ID: 1780281003.1844106, 类型: get_comments
[2026-06-01 10:30:03] [QueryClient] 发送查询请求 - ID: 1780281003.1844106, 类型: get_like_count
[2026-06-01 10:30:03] [QueryClient] 收到查询结果 - ID: 1780281003.1597984, 状态: success
[2026-06-01 10:30:03] [QueryClient] 发送查询请求 - ID: 1780281003.267185, 类型: get_like_count
[2026-06-01 10:30:03] [QueryClient] 收到查询结果 - ID: 1780281003.1700542, 状态: success
[2026-06-01 10:30:03] [QueryClient] 收到查询结果 - ID: 1780281003.1700542, 状态: success
[2026-06-01 10:30:03] [QueryClient] 收到查询结果 - ID: 1780281003.1700542, 状态: success
[2026-06-01 10:30:03] [QueryClient] 收到查询结果 - ID: 1780281003.1700542, 状态: success
[2026-06-01 10:30:03] [QueryClient] 发送查询请求 - ID: 1780281003.283887, 类型: get_notes
[2026-06-01 10:30:03] [QueryClient] 发送查询请求 - ID: 1780281003.283887, 类型: get_comments
[2026-06-01 10:30:03] [QueryClient] 发送查询请求 - ID: 1780281003.2859576, 类型: get_comments
[2026-06-01 10:30:03] [QueryClient] 发送查询请求 - ID: 1780281003.2859576, 类型: get_comments
[2026-06-01 10:30:03] [QueryClient] 收到查询结果 - ID: 1780281003.073059, 状态: success
[2026-06-01 10:30:03] [QueryClient] 收到查询结果 - ID: 1780281003.0906014, 状态: success
[2026-06-01 10:30:03] [QueryClient] 发送查询请求 - ID: 1780281003.2989852, 类型: get_like_count
[2026-06-01 10:30:03] [QueryClient] 发送查询请求 - ID: 1780281003.3009965, 类型: get_comments
[2026-06-01 10:30:03] [QueryClient] 收到查询结果 - ID: 1780281003.267185, 状态: success
[2026-06-01 10:30:03] [QueryClient] 发送查询请求 - ID: 1780281003.3793166, 类型: get_comments
[2026-06-01 10:30:03] [QueryClient] 收到查询结果 - ID: 1780281003.283887, 状态: success
[2026-06-01 10:30:03] [QueryClient] 收到查询结果 - ID: 1780281003.2859576, 状态: success
[2026-06-01 10:30:03] [QueryClient] 发送查询请求 - ID: 1780281003.400529, 类型: get_notes
[2026-06-01 10:30:03] [QueryClient] 收到查询结果 - ID: 1780281003.283887, 状态: success
[2026-06-01 10:30:03] [QueryClient] 接收响应失败: [WinError 10038] 在一个非套接字上尝试了一个操作。
[2026-06-01 10:30:03] [QueryClient] 已断开与中间件的连接
[2026-06-01 10:30:03] [QueryClient] 收到查询结果 - ID: 1780281003.2859576, 状态: success
[2026-06-01 10:30:03] [QueryClient] 发送查询请求 - ID: 1780281003.4057152, 类型: get_notes
[2026-06-01 10:30:03] [QueryClient] 收到查询结果 - ID: 1780281003.186425, 状态: success
[2026-06-01 10:30:03] [QueryClient] 收到查询结果 - ID: 1780281003.1844106, 状态: success
[2026-06-01 10:30:03] [QueryClient] 收到查询结果 - ID: 1780281003.1844106, 状态: success
[2026-06-01 10:30:03] [QueryClient] 已断开与中间件的连接
[2026-06-01 10:30:03] [QueryClient] 发送查询请求 - ID: 1780281003.4057152, 类型: get_notes
[2026-06-01 10:30:03] [QueryClient] 发送查询请求 - ID: 1780281003.4057152, 类型: get_comments
[2026-06-01 10:30:03] [QueryClient] 发送查询请求 - ID: 1780281003.4057152, 类型: get_notes
[2026-06-01 10:30:03] [QueryClient] 发送查询请求 - ID: 1780281003.4057152, 类型: get_comments
[2026-06-01 10:30:03] [QueryClient] 收到查询结果 - ID: 1780281003.3793166, 状态: success
[2026-06-01 10:30:03] [QueryClient] 发送查询请求 - ID: 1780281003.4919367, 类型: get_notes
[2026-06-01 10:30:03] [QueryClient] 收到查询结果 - ID: 1780281003.4057152, 状态: success
[2026-06-01 10:30:03] [QueryClient] 收到查询结果 - ID: 1780281003.2989852, 状态: success
[2026-06-01 10:30:03] [QueryClient] 收到查询结果 - ID: 1780281003.400529, 状态: success
[2026-06-01 10:30:03] [QueryClient] 已断开与中间件的连接
[2026-06-01 10:30:03] [QueryClient] 接收响应失败: [WinError 10038] 在一个非套接字上尝试了一个操作。
[2026-06-01 10:30:03] [QueryClient] 发送查询请求 - ID: 1780281003.5087302, 类型: get_comments
[2026-06-01 10:30:03] [QueryClient] 接收响应失败: [WinError 10038] 在一个非套接字上尝试了一个操作。
[2026-06-01 10:30:03] [QueryClient] 已断开与中间件的连接
[2026-06-01 10:30:03] [QueryClient] 已断开与中间件的连接
[2026-06-01 10:30:03] [QueryClient] 收到查询结果 - ID: 1780281003.4057152, 状态: success
[2026-06-01 10:30:03] [QueryClient] 接收响应失败: [WinError 10038] 在一个非套接字上尝试了一个操作。
[2026-06-01 10:30:03] [QueryClient] 已断开与中间件的连接
[2026-06-01 10:30:03] [QueryClient] 收到查询结果 - ID: 1780281003.3009965, 状态: success
[2026-06-01 10:30:03] [QueryClient] 收到查询结果 - ID: 1780281003.4057152, 状态: success
[2026-06-01 10:30:03] [QueryClient] 收到查询结果 - ID: 1780281003.4057152, 状态: success
[2026-06-01 10:30:03] [QueryClient] 已断开与中间件的连接
[2026-06-01 10:30:03] [QueryClient] 收到查询结果 - ID: 1780281003.4057152, 状态: success
[2026-06-01 10:30:03] [QueryClient] 发送查询请求 - ID: 1780281003.5327501, 类型: get_notes
[2026-06-01 10:30:03] [QueryClient] 接收响应失败: [WinError 10038] 在一个非套接字上尝试了一个操作。
[2026-06-01 10:30:03] [QueryClient] 已断开与中间件的连接
[2026-06-01 10:30:03] [QueryClient] 发送查询请求 - ID: 1780281003.5327501, 类型: get_notes
[2026-06-01 10:30:03] [QueryClient] 发送查询请求 - ID: 1780281003.5297778, 类型: get_notes
[2026-06-01 10:30:03] [QueryClient] 已断开与中间件的连接
[2026-06-01 10:30:03] [QueryClient] 收到查询结果 - ID: 1780281003.4919367, 状态: success
[2026-06-01 10:30:03] [QueryClient] 接收响应失败: [WinError 10038] 在一个非套接字上尝试了一个操作。
[2026-06-01 10:30:03] [QueryClient] 已断开与中间件的连接
[2026-06-01 10:30:03] [QueryClient] 已断开与中间件的连接
[2026-06-01 10:30:03] [QueryClient] 收到查询结果 - ID: 1780281003.5087302, 状态: success
[2026-06-01 10:30:03] [QueryClient] 发送查询请求 - ID: 1780281003.6159966, 类型: get_notes
[2026-06-01 10:30:03] [QueryClient] 收到查询结果 - ID: 1780281003.5297778, 状态: success
[2026-06-01 10:30:03] [QueryClient] 收到查询结果 - ID: 1780281003.5327501, 状态: success
[2026-06-01 10:30:03] [QueryClient] 收到查询结果 - ID: 1780281003.5327501, 状态: success
[2026-06-01 10:30:03] [QueryClient] 接收响应失败: [WinError 10038] 在一个非套接字上尝试了一个操作。
[2026-06-01 10:30:03] [QueryClient] 已断开与中间件的连接
[2026-06-01 10:30:03] [QueryClient] 接收响应失败: [WinError 10038] 在一个非套接字上尝试了一个操作。
[2026-06-01 10:30:03] [QueryClient] 已断开与中间件的连接
[2026-06-01 10:30:03] [QueryClient] 接收响应失败: [WinError 10038] 在一个非套接字上尝试了一个操作。
[2026-06-01 10:30:03] [QueryClient] 已断开与中间件的连接
[2026-06-01 10:30:03] [QueryClient] 已断开与中间件的连接
[2026-06-01 10:30:03] [QueryClient] 已断开与中间件的连接
[2026-06-01 10:30:03] [QueryClient] 已断开与中间件的连接
[2026-06-01 10:30:03] [QueryClient] 收到查询结果 - ID: 1780281003.6159966, 状态: success
[2026-06-01 10:30:03] [QueryClient] 接收响应失败: [WinError 10038] 在一个非套接字上尝试了一个操作。
[2026-06-01 10:30:03] [QueryClient] 已断开与中间件的连接
[2026-06-01 10:30:03] [QueryClient] 已断开与中间件的连接
