[2026-06-01 10:47:46] 运行时长: 10s
[吞吐量] 消息: 0.00 msg/s (平均: 0.00), 查询: 0.00 qps (平均: 0.00)
[延迟] 平均: 0.00 ms, P50: 0.00 ms, P90: 0.00 ms, P95: 0.00 ms, P99: 0.00 ms
[统计] 消息总数: 0, 查询总数: 0
[2026-06-01 10:47:56] 运行时长: 20s
[吞吐量] 消息: 0.00 msg/s (平均: 0.00), 查询: 0.00 qps (平均: 0.00)
[延迟] 平均: 0.00 ms, P50: 0.00 ms, P90: 0.00 ms, P95: 0.00 ms, P99: 0.00 ms
[统计] 消息总数: 0, 查询总数: 0
[2026-06-01 10:48:06] 运行时长: 30s
[吞吐量] 消息: 0.00 msg/s (平均: 0.00), 查询: 0.00 qps (平均: 0.00)
[延迟] 平均: 0.00 ms, P50: 0.00 ms, P90: 0.00 ms, P95: 0.00 ms, P99: 0.00 ms
[统计] 消息总数: 0, 查询总数: 0
[2026-06-01 10:48:16] 运行时长: 40s
[吞吐量] 消息: 0.00 msg/s (平均: 0.00), 查询: 0.00 qps (平均: 0.00)
[延迟] 平均: 0.00 ms, P50: 0.00 ms, P90: 0.00 ms, P95: 0.00 ms, P99: 0.00 ms
[统计] 消息总数: 0, 查询总数: 0
[2026-06-01 10:48:26] 运行时长: 50s
[吞吐量] 消息: 0.00 msg/s (平均: 0.00), 查询: 0.00 qps (平均: 0.00)
[延迟] 平均: 0.00 ms, P50: 0.00 ms, P90: 0.00 ms, P95: 0.00 ms, P99: 0.00 ms
[统计] 消息总数: 0, 查询总数: 0
[2026-06-01 10:48:36] 运行时长: 1m0s
[吞吐量] 消息: 0.00 msg/s (平均: 0.00), 查询: 0.00 qps (平均: 0.00)
[延迟] 平均: 0.00 ms, P50: 0.00 ms, P90: 0.00 ms, P95: 0.00 ms, P99: 0.00 ms
[统计] 消息总数: 0, 查询总数: 0
[2026-06-01 10:48:46] 运行时长: 1m10s
[吞吐量] 消息: 0.00 msg/s (平均: 0.00), 查询: 0.00 qps (平均: 0.00)
[延迟] 平均: 0.00 ms, P50: 0.00 ms, P90: 0.00 ms, P95: 0.00 ms, P99: 0.00 ms
[统计] 消息总数: 0, 查询总数: 0
[2026-06-01 10:48:56] 运行时长: 1m20s
[吞吐量] 消息: 0.00 msg/s (平均: 0.00), 查询: 0.00 qps (平均: 0.00)
[延迟] 平均: 0.00 ms, P50: 0.00 ms, P90: 0.00 ms, P95: 0.00 ms, P99: 0.00 ms
[统计] 消息总数: 0, 查询总数: 0
[2026-06-01 10:49:06] 运行时长: 1m30s
[吞吐量] 消息: 0.17 msg/s (平均: 0.11), 查询: 0.15 qps (平均: 0.10)
[延迟] 平均: 0.00 ms, P50: 0.00 ms, P90: 0.00 ms, P95: 0.00 ms, P99: 0.00 ms
[统计] 消息总数: 10, 查询总数: 9
[2026-06-01 10:49:16] 运行时长: 1m40s
[吞吐量] 消息: 0.18 msg/s (平均: 0.11), 查询: 0.15 qps (平均: 0.09)
[延迟] 平均: 0.00 ms, P50: 0.00 ms, P90: 0.00 ms, P95: 0.00 ms, P99: 0.00 ms
[统计] 消息总数: 11, 查询总数: 9
[2026-06-01 10:49:26] 运行时长: 1m50s
[吞吐量] 消息: 0.18 msg/s (平均: 0.10), 查询: 0.15 qps (平均: 0.08)
[延迟] 平均: 0.00 ms, P50: 0.00 ms, P90: 0.00 ms, P95: 0.00 ms, P99: 0.00 ms
[统计] 消息总数: 11, 查询总数: 9
[2026-06-01 10:49:36] 运行时长: 2m0s
[吞吐量] 消息: 0.27 msg/s (平均: 0.13), 查询: 0.22 qps (平均: 0.11)
[延迟] 平均: 0.00 ms, P50: 0.00 ms, P90: 0.00 ms, P95: 0.00 ms, P99: 0.00 ms
[统计] 消息总数: 16, 查询总数: 13
[2026-06-01 10:49:46] 运行时长: 2m10s
[吞吐量] 消息: 0.45 msg/s (平均: 0.21), 查询: 0.32 qps (平均: 0.15)
[延迟] 平均: 0.00 ms, P50: 0.00 ms, P90: 0.00 ms, P95: 0.00 ms, P99: 0.00 ms
[统计] 消息总数: 27, 查询总数: 19
[2026-06-01 10:49:56] 运行时长: 2m20s
[吞吐量] 消息: 0.45 msg/s (平均: 0.19), 查询: 0.32 qps (平均: 0.14)
[延迟] 平均: 0.00 ms, P50: 0.00 ms, P90: 0.00 ms, P95: 0.00 ms, P99: 0.00 ms
[统计] 消息总数: 27, 查询总数: 19
[2026-06-01 10:50:06] 运行时长: 2m30s
[吞吐量] 消息: 0.27 msg/s (平均: 0.18), 查询: 0.17 qps (平均: 0.13)
[延迟] 平均: 0.00 ms, P50: 0.00 ms, P90: 0.00 ms, P95: 0.00 ms, P99: 0.00 ms
[统计] 消息总数: 27, 查询总数: 19
[2026-06-01 10:50:16] 运行时长: 2m40s
[吞吐量] 消息: 0.27 msg/s (平均: 0.17), 查询: 0.17 qps (平均: 0.12)
[延迟] 平均: 0.00 ms, P50: 0.00 ms, P90: 0.00 ms, P95: 0.00 ms, P99: 0.00 ms
[统计] 消息总数: 27, 查询总数: 19
[2026-06-01 10:50:26] 运行时长: 2m50s
[吞吐量] 消息: 0.27 msg/s (平均: 0.16), 查询: 0.17 qps (平均: 0.11)
[延迟] 平均: 0.00 ms, P50: 0.00 ms, P90: 0.00 ms, P95: 0.00 ms, P99: 0.00 ms
[统计] 消息总数: 27, 查询总数: 19
[2026-06-01 10:50:36] 运行时长: 3m0s
[吞吐量] 消息: 0.18 msg/s (平均: 0.15), 查询: 0.10 qps (平均: 0.11)
[延迟] 平均: 0.00 ms, P50: 0.00 ms, P90: 0.00 ms, P95: 0.00 ms, P99: 0.00 ms
[统计] 消息总数: 27, 查询总数: 19
[2026-06-01 10:50:46] 运行时长: 3m10s
[吞吐量] 消息: 0.00 msg/s (平均: 0.14), 查询: 0.00 qps (平均: 0.10)
[延迟] 平均: 0.00 ms, P50: 0.00 ms, P90: 0.00 ms, P95: 0.00 ms, P99: 0.00 ms
[统计] 消息总数: 27, 查询总数: 19
[2026-06-01 10:50:56] 运行时长: 3m20s
[吞吐量] 消息: 0.00 msg/s (平均: 0.13), 查询: 0.00 qps (平均: 0.09)
[延迟] 平均: 0.00 ms, P50: 0.00 ms, P90: 0.00 ms, P95: 0.00 ms, P99: 0.00 ms
[统计] 消息总数: 27, 查询总数: 19
[2026-06-01 10:51:06] 运行时长: 3m30s
[吞吐量] 消息: 0.00 msg/s (平均: 0.13), 查询: 0.00 qps (平均: 0.09)
[延迟] 平均: 0.00 ms, P50: 0.00 ms, P90: 0.00 ms, P95: 0.00 ms, P99: 0.00 ms
[统计] 消息总数: 27, 查询总数: 19
[2026-06-01 10:51:16] 运行时长: 3m40s
[吞吐量] 消息: 0.00 msg/s (平均: 0.12), 查询: 0.00 qps (平均: 0.09)
[延迟] 平均: 0.00 ms, P50: 0.00 ms, P90: 0.00 ms, P95: 0.00 ms, P99: 0.00 ms
[统计] 消息总数: 27, 查询总数: 19
[2026-06-01 10:51:26] 运行时长: 3m50s
[吞吐量] 消息: 0.00 msg/s (平均: 0.12), 查询: 0.00 qps (平均: 0.08)
[延迟] 平均: 0.00 ms, P50: 0.00 ms, P90: 0.00 ms, P95: 0.00 ms, P99: 0.00 ms
[统计] 消息总数: 27, 查询总数: 19
[2026-06-01 10:51:36] 运行时长: 4m0s
[吞吐量] 消息: 0.00 msg/s (平均: 0.11), 查询: 0.00 qps (平均: 0.08)
[延迟] 平均: 0.00 ms, P50: 0.00 ms, P90: 0.00 ms, P95: 0.00 ms, P99: 0.00 ms
[统计] 消息总数: 27, 查询总数: 19
[2026-06-01 10:51:46] 运行时长: 4m10s
[吞吐量] 消息: 0.00 msg/s (平均: 0.11), 查询: 0.00 qps (平均: 0.08)
[延迟] 平均: 0.00 ms, P50: 0.00 ms, P90: 0.00 ms, P95: 0.00 ms, P99: 0.00 ms
[统计] 消息总数: 27, 查询总数: 19
[2026-06-01 10:51:56] 运行时长: 4m20s
[吞吐量] 消息: 0.00 msg/s (平均: 0.10), 查询: 0.00 qps (平均: 0.07)
[延迟] 平均: 0.00 ms, P50: 0.00 ms, P90: 0.00 ms, P95: 0.00 ms, P99: 0.00 ms
[统计] 消息总数: 27, 查询总数: 19
