[2026-06-01 10:47:05] [stat_consumer] 已连接到中间件 127.0.0.1:5001
[2026-06-01 10:47:05] [stat_consumer] 已订阅主题: note/like
[2026-06-01 10:47:05] [stat_consumer] 已存在连接，跳过连接建立
[2026-06-01 10:47:05] [stat_consumer] 已订阅主题: note/comment
[2026-06-01 10:47:05] [stat_consumer] 已存在连接，跳过连接建立
[2026-06-01 10:47:05] [stat_consumer] 已存在连接，跳过连接建立
[2026-06-01 10:47:05] [stat_consumer] 主题 note/like 已订阅，跳过重复订阅
[2026-06-01 10:47:05] [stat_consumer] 已存在连接，跳过连接建立
[2026-06-01 10:47:05] [stat_consumer] 主题 note/comment 已订阅，跳过重复订阅
[2026-06-01 10:47:05] [stat_consumer] 开始接收消息...
[2026-06-01 10:47:05] [stat_consumer] 消息监听线程已启动
[2026-06-01 10:47:15] [stat_consumer] 已连接到中间件 127.0.0.1:5001
[2026-06-01 10:47:15] [stat_consumer] 已订阅主题: note/like
[2026-06-01 10:47:15] [stat_consumer] 已存在连接，跳过连接建立
[2026-06-01 10:47:15] [stat_consumer] 已订阅主题: note/comment
[2026-06-01 10:47:15] [stat_consumer] 已存在连接，跳过连接建立
[2026-06-01 10:47:15] [stat_consumer] 已存在连接，跳过连接建立
[2026-06-01 10:47:15] [stat_consumer] 主题 note/like 已订阅，跳过重复订阅
[2026-06-01 10:47:15] [stat_consumer] 已存在连接，跳过连接建立
[2026-06-01 10:47:15] [stat_consumer] 主题 note/comment 已订阅，跳过重复订阅
[2026-06-01 10:47:15] [stat_consumer] 开始接收消息...
[2026-06-01 10:47:15] [stat_consumer] 消息监听线程已启动
[2026-06-01 10:47:25] [stat_consumer] 已连接到中间件 127.0.0.1:5001
[2026-06-01 10:47:25] [stat_consumer] 已订阅主题: note/like
[2026-06-01 10:47:25] [stat_consumer] 已存在连接，跳过连接建立
[2026-06-01 10:47:25] [stat_consumer] 已订阅主题: note/comment
[2026-06-01 10:47:25] [stat_consumer] 已存在连接，跳过连接建立
[2026-06-01 10:47:25] [stat_consumer] 已存在连接，跳过连接建立
[2026-06-01 10:47:25] [stat_consumer] 主题 note/like 已订阅，跳过重复订阅
[2026-06-01 10:47:25] [stat_consumer] 已存在连接，跳过连接建立
[2026-06-01 10:47:25] [stat_consumer] 主题 note/comment 已订阅，跳过重复订阅
[2026-06-01 10:47:25] [stat_consumer] 开始接收消息...
[2026-06-01 10:47:25] [stat_consumer] 消息监听线程已启动
[2026-06-01 10:47:36] [stat_consumer] 已连接到中间件 127.0.0.1:5001
[2026-06-01 10:47:36] [stat_consumer] 已订阅主题: note/like
[2026-06-01 10:47:36] [stat_consumer] 已存在连接，跳过连接建立
[2026-06-01 10:47:36] [stat_consumer] 已订阅主题: note/comment
[2026-06-01 10:47:36] [stat_consumer] 已存在连接，跳过连接建立
[2026-06-01 10:47:36] [stat_consumer] 已存在连接，跳过连接建立
[2026-06-01 10:47:36] [stat_consumer] 主题 note/like 已订阅，跳过重复订阅
[2026-06-01 10:47:36] [stat_consumer] 已存在连接，跳过连接建立
[2026-06-01 10:47:36] [stat_consumer] 主题 note/comment 已订阅，跳过重复订阅
[2026-06-01 10:47:36] [stat_consumer] 开始接收消息...
[2026-06-01 10:47:36] [stat_consumer] 消息监听线程已启动
[2026-06-01 10:49:04] [stat_consumer] 接收到消息 - 主题: note/like
[2026-06-01 10:49:04] [StatConsumer] 已处理点赞热度 4cbd6681-8b0d-4de1-ada9-9bf2900a8573
[2026-06-01 10:49:05] [stat_consumer] 接收到消息 - 主题: note/like
[2026-06-01 10:49:05] [StatConsumer] 已处理点赞热度 4cbd6681-8b0d-4de1-ada9-9bf2900a8573
[2026-06-01 10:49:28] [stat_consumer] 接收到消息 - 主题: note/comment
[2026-06-01 10:49:28] [StatConsumer] 已处理评论热度 4cbd6681-8b0d-4de1-ada9-9bf2900a8573
[2026-06-01 10:49:40] [stat_consumer] 接收到消息 - 主题: note/like
[2026-06-01 10:49:40] [StatConsumer] 已处理点赞热度 2f396c90-3efe-4a5c-8fb1-816d4b4b60ab
[2026-06-01 10:49:40] [stat_consumer] 接收到消息 - 主题: note/like
[2026-06-01 10:49:40] [StatConsumer] 已处理点赞热度 2f396c90-3efe-4a5c-8fb1-816d4b4b60ab
[2026-06-01 10:49:40] [stat_consumer] 接收到消息 - 主题: note/like
[2026-06-01 10:49:41] [StatConsumer] 已处理点赞热度 2f396c90-3efe-4a5c-8fb1-816d4b4b60ab
[2026-06-01 10:49:41] [stat_consumer] 接收到消息 - 主题: note/like
[2026-06-01 10:49:41] [StatConsumer] 已处理点赞热度 2f396c90-3efe-4a5c-8fb1-816d4b4b60ab
[2026-06-01 10:49:41] [stat_consumer] 接收到消息 - 主题: note/like
[2026-06-01 10:49:41] [StatConsumer] 已处理点赞热度 2f396c90-3efe-4a5c-8fb1-816d4b4b60ab
