[2026-06-01 10:24:27] 运行时长: 10s
[吞吐量] 消息: 0.00 msg/s (平均: 0.00), 查询: 0.00 qps (平均: 0.00)
[延迟] 平均: 0.00 ms, P50: 0.00 ms, P90: 0.00 ms, P95: 0.00 ms, P99: 0.00 ms
[统计] 消息总数: 0, 查询总数: 0
[2026-06-01 10:24:37] 运行时长: 20s
[吞吐量] 消息: 0.00 msg/s (平均: 0.00), 查询: 0.00 qps (平均: 0.00)
[延迟] 平均: 0.00 ms, P50: 0.00 ms, P90: 0.00 ms, P95: 0.00 ms, P99: 0.00 ms
[统计] 消息总数: 0, 查询总数: 0
[2026-06-01 10:24:48] 运行时长: 10s
[吞吐量] 消息: 0.00 msg/s (平均: 0.00), 查询: 0.00 qps (平均: 0.00)
[延迟] 平均: 0.00 ms, P50: 0.00 ms, P90: 0.00 ms, P95: 0.00 ms, P99: 0.00 ms
[统计] 消息总数: 0, 查询总数: 0
[2026-06-01 10:24:58] 运行时长: 20s
[吞吐量] 消息: 0.00 msg/s (平均: 0.00), 查询: 0.00 qps (平均: 0.00)
[延迟] 平均: 0.00 ms, P50: 0.00 ms, P90: 0.00 ms, P95: 0.00 ms, P99: 0.00 ms
[统计] 消息总数: 0, 查询总数: 0
[2026-06-01 10:25:08] 运行时长: 30s
[吞吐量] 消息: 0.00 msg/s (平均: 0.00), 查询: 0.00 qps (平均: 0.00)
[延迟] 平均: 0.00 ms, P50: 0.00 ms, P90: 0.00 ms, P95: 0.00 ms, P99: 0.00 ms
[统计] 消息总数: 0, 查询总数: 0
[2026-06-01 10:25:18] 运行时长: 40s
[吞吐量] 消息: 0.00 msg/s (平均: 0.00), 查询: 0.00 qps (平均: 0.00)
[延迟] 平均: 0.00 ms, P50: 0.00 ms, P90: 0.00 ms, P95: 0.00 ms, P99: 0.00 ms
[统计] 消息总数: 0, 查询总数: 0
[2026-06-01 10:25:28] 运行时长: 50s
[吞吐量] 消息: 0.00 msg/s (平均: 0.00), 查询: 0.00 qps (平均: 0.00)
[延迟] 平均: 0.00 ms, P50: 0.00 ms, P90: 0.00 ms, P95: 0.00 ms, P99: 0.00 ms
[统计] 消息总数: 0, 查询总数: 0
[2026-06-01 10:25:38] 运行时长: 1m0s
[吞吐量] 消息: 0.00 msg/s (平均: 0.00), 查询: 0.00 qps (平均: 0.00)
[延迟] 平均: 0.00 ms, P50: 0.00 ms, P90: 0.00 ms, P95: 0.00 ms, P99: 0.00 ms
[统计] 消息总数: 0, 查询总数: 0
[2026-06-01 10:25:48] 运行时长: 1m10s
[吞吐量] 消息: 0.00 msg/s (平均: 0.00), 查询: 0.00 qps (平均: 0.00)
[延迟] 平均: 0.00 ms, P50: 0.00 ms, P90: 0.00 ms, P95: 0.00 ms, P99: 0.00 ms
[统计] 消息总数: 0, 查询总数: 0
[2026-06-01 10:25:58] 运行时长: 1m20s
[吞吐量] 消息: 0.00 msg/s (平均: 0.00), 查询: 0.00 qps (平均: 0.00)
[延迟] 平均: 0.00 ms, P50: 0.00 ms, P90: 0.00 ms, P95: 0.00 ms, P99: 0.00 ms
[统计] 消息总数: 0, 查询总数: 0
[2026-06-01 10:26:08] 运行时长: 1m30s
[吞吐量] 消息: 0.12 msg/s (平均: 0.08), 查询: 0.12 qps (平均: 0.08)
[延迟] 平均: 0.00 ms, P50: 0.00 ms, P90: 0.00 ms, P95: 0.00 ms, P99: 0.00 ms
[统计] 消息总数: 7, 查询总数: 7
[2026-06-01 10:26:18] 运行时长: 1m40s
[吞吐量] 消息: 0.27 msg/s (平均: 0.16), 查询: 0.20 qps (平均: 0.12)
[延迟] 平均: 0.00 ms, P50: 0.00 ms, P90: 0.00 ms, P95: 0.00 ms, P99: 0.00 ms
[统计] 消息总数: 16, 查询总数: 12
[2026-06-01 10:26:28] 运行时长: 1m50s
[吞吐量] 消息: 0.37 msg/s (平均: 0.20), 查询: 0.25 qps (平均: 0.14)
[延迟] 平均: 0.00 ms, P50: 0.00 ms, P90: 0.00 ms, P95: 0.00 ms, P99: 0.00 ms
[统计] 消息总数: 22, 查询总数: 15
[2026-06-01 10:26:38] 运行时长: 2m0s
[吞吐量] 消息: 1.52 msg/s (平均: 0.76), 查询: 1.40 qps (平均: 0.70)
[延迟] 平均: 0.00 ms, P50: 0.00 ms, P90: 0.00 ms, P95: 0.00 ms, P99: 0.00 ms
[统计] 消息总数: 91, 查询总数: 84
[2026-06-01 10:26:49] 运行时长: 2m10s
[吞吐量] 消息: 3.50 msg/s (平均: 1.61), 查询: 3.50 qps (平均: 1.61)
[延迟] 平均: 0.00 ms, P50: 0.00 ms, P90: 0.00 ms, P95: 0.00 ms, P99: 0.00 ms
[统计] 消息总数: 210, 查询总数: 210
[2026-06-01 10:26:59] 运行时长: 2m20s
[吞吐量] 消息: 20.37 msg/s (平均: 8.72), 查询: 3.58 qps (平均: 1.53)
[延迟] 平均: 0.00 ms, P50: 0.00 ms, P90: 0.00 ms, P95: 0.00 ms, P99: 0.00 ms
[统计] 消息总数: 1222, 查询总数: 215
[2026-06-01 10:27:09] 运行时长: 2m30s
[吞吐量] 消息: 53.60 msg/s (平均: 21.47), 查询: 3.48 qps (平均: 1.44)
[延迟] 平均: 0.00 ms, P50: 0.00 ms, P90: 0.00 ms, P95: 0.00 ms, P99: 0.00 ms
[统计] 消息总数: 3223, 查询总数: 216
[2026-06-01 10:27:19] 运行时长: 2m40s
[吞吐量] 消息: 53.47 msg/s (平均: 20.14), 查询: 3.42 qps (平均: 1.36)
[延迟] 平均: 0.00 ms, P50: 0.00 ms, P90: 0.00 ms, P95: 0.00 ms, P99: 0.00 ms
[统计] 消息总数: 3224, 查询总数: 217
[2026-06-01 10:27:29] 运行时长: 2m50s
[吞吐量] 消息: 53.37 msg/s (平均: 18.95), 查询: 3.37 qps (平均: 1.28)
[延迟] 平均: 0.00 ms, P50: 0.00 ms, P90: 0.00 ms, P95: 0.00 ms, P99: 0.00 ms
[统计] 消息总数: 3224, 查询总数: 217
[2026-06-01 10:27:39] 运行时长: 3m0s
[吞吐量] 消息: 52.22 msg/s (平均: 17.90), 查询: 2.22 qps (平均: 1.20)
[延迟] 平均: 0.00 ms, P50: 0.00 ms, P90: 0.00 ms, P95: 0.00 ms, P99: 0.00 ms
[统计] 消息总数: 3224, 查询总数: 217
[2026-06-01 10:27:49] 运行时长: 3m10s
[吞吐量] 消息: 50.25 msg/s (平均: 16.97), 查询: 0.13 qps (平均: 1.15)
[延迟] 平均: 0.00 ms, P50: 0.00 ms, P90: 0.00 ms, P95: 0.00 ms, P99: 0.00 ms
[统计] 消息总数: 3226, 查询总数: 218
[2026-06-01 10:27:59] 运行时长: 3m20s
[吞吐量] 消息: 33.40 msg/s (平均: 16.12), 查询: 0.05 qps (平均: 1.09)
[延迟] 平均: 0.00 ms, P50: 0.00 ms, P90: 0.00 ms, P95: 0.00 ms, P99: 0.00 ms
[统计] 消息总数: 3226, 查询总数: 218
[2026-06-01 10:28:09] 运行时长: 3m30s
[吞吐量] 消息: 0.05 msg/s (平均: 15.35), 查询: 0.03 qps (平均: 1.04)
[延迟] 平均: 0.00 ms, P50: 0.00 ms, P90: 0.00 ms, P95: 0.00 ms, P99: 0.00 ms
[统计] 消息总数: 3226, 查询总数: 218
[2026-06-01 10:28:19] 运行时长: 3m40s
[吞吐量] 消息: 0.08 msg/s (平均: 14.67), 查询: 0.07 qps (平均: 1.00)
[延迟] 平均: 0.00 ms, P50: 0.00 ms, P90: 0.00 ms, P95: 0.00 ms, P99: 0.00 ms
[统计] 消息总数: 3229, 查询总数: 221
[2026-06-01 10:28:29] 运行时长: 3m50s
[吞吐量] 消息: 0.08 msg/s (平均: 14.03), 查询: 0.07 qps (平均: 0.96)
[延迟] 平均: 0.00 ms, P50: 0.00 ms, P90: 0.00 ms, P95: 0.00 ms, P99: 0.00 ms
[统计] 消息总数: 3229, 查询总数: 221
[2026-06-01 10:28:39] 运行时长: 4m0s
[吞吐量] 消息: 0.08 msg/s (平均: 13.45), 查询: 0.07 qps (平均: 0.92)
[延迟] 平均: 0.00 ms, P50: 0.00 ms, P90: 0.00 ms, P95: 0.00 ms, P99: 0.00 ms
[统计] 消息总数: 3229, 查询总数: 221
[2026-06-01 10:28:49] 运行时长: 4m10s
[吞吐量] 消息: 0.05 msg/s (平均: 12.91), 查询: 0.05 qps (平均: 0.88)
[延迟] 平均: 0.00 ms, P50: 0.00 ms, P90: 0.00 ms, P95: 0.00 ms, P99: 0.00 ms
[统计] 消息总数: 3229, 查询总数: 221
[2026-06-01 10:28:59] 运行时长: 4m20s
[吞吐量] 消息: 0.05 msg/s (平均: 12.41), 查询: 0.05 qps (平均: 0.85)
[延迟] 平均: 0.00 ms, P50: 0.00 ms, P90: 0.00 ms, P95: 0.00 ms, P99: 0.00 ms
[统计] 消息总数: 3229, 查询总数: 221
