[2026-06-01 10:27:04] [QueryClient] 已连接到中间件 127.0.0.1:5001
[2026-06-01 10:27:04] [QueryClient] 已订阅查询结果主题
[2026-06-01 10:27:04] [QueryClient] 发送查询请求 - ID: 1780280824.5072036, 类型: get_notes
[2026-06-01 10:27:14] [QueryClient] 查询失败 - ID: 1780280824.5072036, 错误: 查询超时
[2026-06-01 10:27:14] [QueryClient] 接收响应失败: [WinError 10038] 在一个非套接字上尝试了一个操作。
[2026-06-01 10:27:14] [QueryClient] 已断开与中间件的连接
[2026-06-01 10:27:14] [QueryClient] 已断开与中间件的连接
[2026-06-01 10:27:16] [QueryClient] 已连接到中间件 127.0.0.1:5001
[2026-06-01 10:27:16] [QueryClient] 已订阅查询结果主题
[2026-06-01 10:27:16] [QueryClient] 发送查询请求 - ID: 1780280836.5533106, 类型: get_notes
[2026-06-01 10:27:26] [QueryClient] 查询失败 - ID: 1780280836.5533106, 错误: 查询超时
[2026-06-01 10:27:26] [QueryClient] 已断开与中间件的连接
[2026-06-01 10:27:26] [QueryClient] 接收响应失败: [WinError 10038] 在一个非套接字上尝试了一个操作。
[2026-06-01 10:27:42] [QueryClient] 已连接到中间件 127.0.0.1:5001
[2026-06-01 10:27:42] [QueryClient] 已订阅查询结果主题
[2026-06-01 10:27:42] [QueryClient] 发送查询请求 - ID: 1780280862.756959, 类型: get_notes
[2026-06-01 10:27:47] [QueryClient] 收到查询结果 - ID: 1780280862.756959, 状态: success
[2026-06-01 10:28:15] [QueryClient] 发送查询请求 - ID: 1780280895.694657, 类型: get_note
[2026-06-01 10:28:15] [QueryClient] 收到查询结果 - ID: 1780280895.694657, 状态: success
[2026-06-01 10:28:15] [QueryClient] 发送查询请求 - ID: 1780280895.8016887, 类型: get_comments
[2026-06-01 10:28:15] [QueryClient] 收到查询结果 - ID: 1780280895.8016887, 状态: success
[2026-06-01 10:28:15] [QueryClient] 发送查询请求 - ID: 1780280895.906956, 类型: get_like_count
[2026-06-01 10:28:16] [QueryClient] 收到查询结果 - ID: 1780280895.906956, 状态: success
