[2026-05-26 16:47:12] [Middleware] 服务已启动 127.0.0.1:5001
[2026-05-26 16:47:12] [Middleware] 新节点加入: ('127.0.0.1', 56718)
[2026-05-26 16:47:12] [Middleware] 新节点加入: ('127.0.0.1', 56719)
[2026-05-26 16:47:12] [Middleware] 节点 ('127.0.0.1', 56718) 订阅主题: note/publish
[2026-05-26 16:47:12] [Middleware] 新节点加入: ('127.0.0.1', 56720)
[2026-05-26 16:47:12] [Middleware] 节点 ('127.0.0.1', 56719) 订阅主题: note/like
[2026-05-26 16:47:12] [Middleware] 节点 ('127.0.0.1', 56719) 订阅主题: note/comment
[2026-05-26 16:47:12] [Middleware] 节点 ('127.0.0.1', 56719) 订阅主题: note/delete
[2026-05-26 16:47:12] [Middleware] 节点 ('127.0.0.1', 56720) 订阅主题: note/like
[2026-05-26 16:47:12] [Middleware] 新节点加入: ('127.0.0.1', 56721)
[2026-05-26 16:47:12] [Middleware] 节点 ('127.0.0.1', 56720) 订阅主题: note/comment
[2026-05-26 16:47:12] [Middleware] 新节点加入: ('127.0.0.1', 56722)
[2026-05-26 16:47:12] [Middleware] 节点 ('127.0.0.1', 56721) 订阅主题: query/request
[2026-05-26 16:47:12] [Middleware] 节点 ('127.0.0.1', 56718) 订阅主题: note/publish
[2026-05-26 16:47:12] [Middleware] 节点 ('127.0.0.1', 56719) 订阅主题: note/like
[2026-05-26 16:47:12] [Middleware] 节点 ('127.0.0.1', 56720) 订阅主题: note/like
[2026-05-26 16:47:12] [Middleware] 节点 ('127.0.0.1', 56721) 订阅主题: query/request
[2026-05-26 16:47:12] [Middleware] 节点 ('127.0.0.1', 56719) 订阅主题: note/comment
[2026-05-26 16:47:12] [Middleware] 节点 ('127.0.0.1', 56720) 订阅主题: note/comment
[2026-05-26 16:47:15] [Middleware] 新节点加入: ('127.0.0.1', 63427)
[2026-05-26 16:47:16] [Middleware] 节点 ('127.0.0.1', 63427) 订阅主题: query/response
[2026-05-26 16:47:16] [Middleware] 接收到查询请求放入队列 - ID: 1779785235.993406, 类型: get_note
[2026-05-26 16:47:16] [Middleware] 分发查询请求 - 主题: query/request, 内容: {'query_id': '1779785235.993406', 'query_type': 'get_note', 'params': {'note_id': 'c216fe9f-591f-4616-a21c-813aff198c85'}}
[2026-05-26 16:47:16] [Middleware] 接收到消息 - 主题: query/response, 内容: {'status': 'success', 'data': {'id': 'c216fe9f-591f-4616-a21c-813aff198c85', 'title': '333', 'content': '333', 'author': 'guest', 'created_at': None, 'likes': 16, 'comments': 1, 'heat': 47, 'status': 'approved'}, 'query_id': '1779785235.993406'}
[2026-05-26 16:47:16] [Middleware] 分发消息 - 主题: query/response, 内容: {'status': 'success', 'data': {'id': 'c216fe9f-591f-4616-a21c-813aff198c85', 'title': '333', 'content': '333', 'author': 'guest', 'created_at': None, 'likes': 16, 'comments': 1, 'heat': 47, 'status': 'approved'}, 'query_id': '1779785235.993406'}
[2026-05-26 16:47:16] [Middleware] 接收到查询请求放入队列 - ID: 1779785236.2390237, 类型: get_comments
[2026-05-26 16:47:16] [Middleware] 分发查询请求 - 主题: query/request, 内容: {'query_id': '1779785236.2390237', 'query_type': 'get_comments', 'params': {'note_id': 'c216fe9f-591f-4616-a21c-813aff198c85'}}
[2026-05-26 16:47:16] [Middleware] 接收到消息 - 主题: query/response, 内容: {'status': 'success', 'data': [{'id': 'eaa0cf99-4632-4741-a1b3-471fb44b9f87', 'note_id': 'c216fe9f-591f-4616-a21c-813aff198c85', 'user_id': 'guest', 'content': '123213321', 'created_at': '2026-05-26T16:25:59.468515'}], 'query_id': '1779785236.2390237'}
[2026-05-26 16:47:16] [Middleware] 分发消息 - 主题: query/response, 内容: {'status': 'success', 'data': [{'id': 'eaa0cf99-4632-4741-a1b3-471fb44b9f87', 'note_id': 'c216fe9f-591f-4616-a21c-813aff198c85', 'user_id': 'guest', 'content': '123213321', 'created_at': '2026-05-26T16:25:59.468515'}], 'query_id': '1779785236.2390237'}
[2026-05-26 16:47:16] [Middleware] 接收到查询请求放入队列 - ID: 1779785236.346389, 类型: get_like_count
[2026-05-26 16:47:16] [Middleware] 分发查询请求 - 主题: query/request, 内容: {'query_id': '1779785236.346389', 'query_type': 'get_like_count', 'params': {'note_id': 'c216fe9f-591f-4616-a21c-813aff198c85'}}
[2026-05-26 16:47:16] [Middleware] 接收到消息 - 主题: query/response, 内容: {'status': 'success', 'data': 16, 'query_id': '1779785236.346389'}
[2026-05-26 16:47:16] [Middleware] 分发消息 - 主题: query/response, 内容: {'status': 'success', 'data': 16, 'query_id': '1779785236.346389'}
[2026-05-26 16:47:18] [Middleware] 新节点加入: ('127.0.0.1', 52297)
[2026-05-26 16:47:18] [Middleware] 接收到消息 - 主题: note/like, 内容: {'note_id': 'c216fe9f-591f-4616-a21c-813aff198c85', 'user_id': 'guest'}
[2026-05-26 16:47:18] [Middleware] 分发消息 - 主题: note/like, 内容: {'note_id': 'c216fe9f-591f-4616-a21c-813aff198c85', 'user_id': 'guest'}
[2026-05-26 16:47:18] [Middleware] 接收到查询请求放入队列 - ID: 1779785238.1918879, 类型: get_note
[2026-05-26 16:47:18] [Middleware] 分发查询请求 - 主题: query/request, 内容: {'query_id': '1779785238.1918879', 'query_type': 'get_note', 'params': {'note_id': 'c216fe9f-591f-4616-a21c-813aff198c85'}}
[2026-05-26 16:47:18] [Middleware] 接收到消息 - 主题: query/response, 内容: {'status': 'success', 'data': {'id': 'c216fe9f-591f-4616-a21c-813aff198c85', 'title': '333', 'content': '333', 'author': 'guest', 'created_at': None, 'likes': 17, 'comments': 1, 'heat': 49, 'status': 'approved'}, 'query_id': '1779785238.1918879'}
[2026-05-26 16:47:18] [Middleware] 分发消息 - 主题: query/response, 内容: {'status': 'success', 'data': {'id': 'c216fe9f-591f-4616-a21c-813aff198c85', 'title': '333', 'content': '333', 'author': 'guest', 'created_at': None, 'likes': 17, 'comments': 1, 'heat': 49, 'status': 'approved'}, 'query_id': '1779785238.1918879'}
[2026-05-26 16:47:18] [Middleware] 接收到查询请求放入队列 - ID: 1779785238.5153928, 类型: get_comments
[2026-05-26 16:47:18] [Middleware] 分发查询请求 - 主题: query/request, 内容: {'query_id': '1779785238.5153928', 'query_type': 'get_comments', 'params': {'note_id': 'c216fe9f-591f-4616-a21c-813aff198c85'}}
[2026-05-26 16:47:18] [Middleware] 接收到消息 - 主题: query/response, 内容: {'status': 'success', 'data': [{'id': 'eaa0cf99-4632-4741-a1b3-471fb44b9f87', 'note_id': 'c216fe9f-591f-4616-a21c-813aff198c85', 'user_id': 'guest', 'content': '123213321', 'created_at': '2026-05-26T16:25:59.468515'}], 'query_id': '1779785238.5153928'}
[2026-05-26 16:47:18] [Middleware] 分发消息 - 主题: query/response, 内容: {'status': 'success', 'data': [{'id': 'eaa0cf99-4632-4741-a1b3-471fb44b9f87', 'note_id': 'c216fe9f-591f-4616-a21c-813aff198c85', 'user_id': 'guest', 'content': '123213321', 'created_at': '2026-05-26T16:25:59.468515'}], 'query_id': '1779785238.5153928'}
[2026-05-26 16:47:18] [Middleware] 接收到查询请求放入队列 - ID: 1779785238.7482145, 类型: get_like_count
[2026-05-26 16:47:18] [Middleware] 分发查询请求 - 主题: query/request, 内容: {'query_id': '1779785238.7482145', 'query_type': 'get_like_count', 'params': {'note_id': 'c216fe9f-591f-4616-a21c-813aff198c85'}}
[2026-05-26 16:47:18] [Middleware] 接收到消息 - 主题: query/response, 内容: {'status': 'success', 'data': 17, 'query_id': '1779785238.7482145'}
[2026-05-26 16:47:18] [Middleware] 分发消息 - 主题: query/response, 内容: {'status': 'success', 'data': 17, 'query_id': '1779785238.7482145'}
[2026-05-26 16:47:20] [Middleware] 接收到消息 - 主题: note/like, 内容: {'note_id': 'c216fe9f-591f-4616-a21c-813aff198c85', 'user_id': 'guest'}
[2026-05-26 16:47:20] [Middleware] 接收到查询请求放入队列 - ID: 1779785240.4982133, 类型: get_note
[2026-05-26 16:47:20] [Middleware] 分发查询请求 - 主题: query/request, 内容: {'query_id': '1779785240.4982133', 'query_type': 'get_note', 'params': {'note_id': 'c216fe9f-591f-4616-a21c-813aff198c85'}}
[2026-05-26 16:47:20] [Middleware] 接收到消息 - 主题: query/response, 内容: {'status': 'success', 'data': {'id': 'c216fe9f-591f-4616-a21c-813aff198c85', 'title': '333', 'content': '333', 'author': 'guest', 'created_at': None, 'likes': 17, 'comments': 1, 'heat': 49, 'status': 'approved'}, 'query_id': '1779785240.4982133'}
[2026-05-26 16:47:20] [Middleware] 分发消息 - 主题: note/like, 内容: {'note_id': 'c216fe9f-591f-4616-a21c-813aff198c85', 'user_id': 'guest'}
[2026-05-26 16:47:20] [Middleware] 分发消息 - 主题: query/response, 内容: {'status': 'success', 'data': {'id': 'c216fe9f-591f-4616-a21c-813aff198c85', 'title': '333', 'content': '333', 'author': 'guest', 'created_at': None, 'likes': 17, 'comments': 1, 'heat': 49, 'status': 'approved'}, 'query_id': '1779785240.4982133'}
[2026-05-26 16:47:20] [Middleware] 接收到查询请求放入队列 - ID: 1779785240.610505, 类型: get_comments
[2026-05-26 16:47:20] [Middleware] 分发查询请求 - 主题: query/request, 内容: {'query_id': '1779785240.610505', 'query_type': 'get_comments', 'params': {'note_id': 'c216fe9f-591f-4616-a21c-813aff198c85'}}
[2026-05-26 16:47:20] [Middleware] 接收到消息 - 主题: query/response, 内容: {'status': 'success', 'data': [{'id': 'eaa0cf99-4632-4741-a1b3-471fb44b9f87', 'note_id': 'c216fe9f-591f-4616-a21c-813aff198c85', 'user_id': 'guest', 'content': '123213321', 'created_at': '2026-05-26T16:25:59.468515'}], 'query_id': '1779785240.610505'}
[2026-05-26 16:47:20] [Middleware] 分发消息 - 主题: query/response, 内容: {'status': 'success', 'data': [{'id': 'eaa0cf99-4632-4741-a1b3-471fb44b9f87', 'note_id': 'c216fe9f-591f-4616-a21c-813aff198c85', 'user_id': 'guest', 'content': '123213321', 'created_at': '2026-05-26T16:25:59.468515'}], 'query_id': '1779785240.610505'}
[2026-05-26 16:47:20] [Middleware] 接收到查询请求放入队列 - ID: 1779785240.7201467, 类型: get_like_count
[2026-05-26 16:47:20] [Middleware] 分发查询请求 - 主题: query/request, 内容: {'query_id': '1779785240.7201467', 'query_type': 'get_like_count', 'params': {'note_id': 'c216fe9f-591f-4616-a21c-813aff198c85'}}
[2026-05-26 16:47:20] [Middleware] 接收到消息 - 主题: query/response, 内容: {'status': 'success', 'data': 18, 'query_id': '1779785240.7201467'}
[2026-05-26 16:47:20] [Middleware] 分发消息 - 主题: query/response, 内容: {'status': 'success', 'data': 18, 'query_id': '1779785240.7201467'}
[2026-05-26 16:47:22] [Middleware] 接收到消息 - 主题: note/like, 内容: {'note_id': 'c216fe9f-591f-4616-a21c-813aff198c85', 'user_id': 'guest'}
[2026-05-26 16:47:22] [Middleware] 接收到查询请求放入队列 - ID: 1779785242.435547, 类型: get_note
[2026-05-26 16:47:22] [Middleware] 分发查询请求 - 主题: query/request, 内容: {'query_id': '1779785242.435547', 'query_type': 'get_note', 'params': {'note_id': 'c216fe9f-591f-4616-a21c-813aff198c85'}}
[2026-05-26 16:47:22] [Middleware] 接收到消息 - 主题: query/response, 内容: {'status': 'success', 'data': {'id': 'c216fe9f-591f-4616-a21c-813aff198c85', 'title': '333', 'content': '333', 'author': 'guest', 'created_at': None, 'likes': 18, 'comments': 1, 'heat': 51, 'status': 'approved'}, 'query_id': '1779785242.435547'}
[2026-05-26 16:47:22] [Middleware] 分发消息 - 主题: note/like, 内容: {'note_id': 'c216fe9f-591f-4616-a21c-813aff198c85', 'user_id': 'guest'}
[2026-05-26 16:47:22] [Middleware] 分发消息 - 主题: query/response, 内容: {'status': 'success', 'data': {'id': 'c216fe9f-591f-4616-a21c-813aff198c85', 'title': '333', 'content': '333', 'author': 'guest', 'created_at': None, 'likes': 18, 'comments': 1, 'heat': 51, 'status': 'approved'}, 'query_id': '1779785242.435547'}
[2026-05-26 16:47:22] [Middleware] 接收到查询请求放入队列 - ID: 1779785242.5466607, 类型: get_comments
[2026-05-26 16:47:22] [Middleware] 分发查询请求 - 主题: query/request, 内容: {'query_id': '1779785242.5466607', 'query_type': 'get_comments', 'params': {'note_id': 'c216fe9f-591f-4616-a21c-813aff198c85'}}
[2026-05-26 16:47:22] [Middleware] 接收到消息 - 主题: query/response, 内容: {'status': 'success', 'data': [{'id': 'eaa0cf99-4632-4741-a1b3-471fb44b9f87', 'note_id': 'c216fe9f-591f-4616-a21c-813aff198c85', 'user_id': 'guest', 'content': '123213321', 'created_at': '2026-05-26T16:25:59.468515'}], 'query_id': '1779785242.5466607'}
[2026-05-26 16:47:22] [Middleware] 分发消息 - 主题: query/response, 内容: {'status': 'success', 'data': [{'id': 'eaa0cf99-4632-4741-a1b3-471fb44b9f87', 'note_id': 'c216fe9f-591f-4616-a21c-813aff198c85', 'user_id': 'guest', 'content': '123213321', 'created_at': '2026-05-26T16:25:59.468515'}], 'query_id': '1779785242.5466607'}
[2026-05-26 16:47:22] [Middleware] 接收到查询请求放入队列 - ID: 1779785242.6683707, 类型: get_like_count
[2026-05-26 16:47:22] [Middleware] 分发查询请求 - 主题: query/request, 内容: {'query_id': '1779785242.6683707', 'query_type': 'get_like_count', 'params': {'note_id': 'c216fe9f-591f-4616-a21c-813aff198c85'}}
[2026-05-26 16:47:22] [Middleware] 接收到消息 - 主题: query/response, 内容: {'status': 'success', 'data': 19, 'query_id': '1779785242.6683707'}
[2026-05-26 16:47:22] [Middleware] 分发消息 - 主题: query/response, 内容: {'status': 'success', 'data': 19, 'query_id': '1779785242.6683707'}
[2026-05-26 16:47:25] [Middleware] 接收到消息 - 主题: note/comment, 内容: {'note_id': 'c216fe9f-591f-4616-a21c-813aff198c85', 'user_id': 'guest', 'comment_text': 'www'}
[2026-05-26 16:47:25] [Middleware] 接收到查询请求放入队列 - ID: 1779785245.9527388, 类型: get_note
[2026-05-26 16:47:26] [Middleware] 分发消息 - 主题: note/comment, 内容: {'note_id': 'c216fe9f-591f-4616-a21c-813aff198c85', 'user_id': 'guest', 'comment_text': 'www'}
[2026-05-26 16:47:26] [Middleware] 分发查询请求 - 主题: query/request, 内容: {'query_id': '1779785245.9527388', 'query_type': 'get_note', 'params': {'note_id': 'c216fe9f-591f-4616-a21c-813aff198c85'}}
[2026-05-26 16:47:26] [Middleware] 接收到消息 - 主题: query/response, 内容: {'status': 'success', 'data': {'id': 'c216fe9f-591f-4616-a21c-813aff198c85', 'title': '333', 'content': '333', 'author': 'guest', 'created_at': None, 'likes': 19, 'comments': 1, 'heat': 53, 'status': 'approved'}, 'query_id': '1779785245.9527388'}
[2026-05-26 16:47:26] [Middleware] 分发消息 - 主题: query/response, 内容: {'status': 'success', 'data': {'id': 'c216fe9f-591f-4616-a21c-813aff198c85', 'title': '333', 'content': '333', 'author': 'guest', 'created_at': None, 'likes': 19, 'comments': 1, 'heat': 53, 'status': 'approved'}, 'query_id': '1779785245.9527388'}
[2026-05-26 16:47:26] [Middleware] 接收到查询请求放入队列 - ID: 1779785246.1772652, 类型: get_comments
[2026-05-26 16:47:26] [Middleware] 分发查询请求 - 主题: query/request, 内容: {'query_id': '1779785246.1772652', 'query_type': 'get_comments', 'params': {'note_id': 'c216fe9f-591f-4616-a21c-813aff198c85'}}
[2026-05-26 16:47:26] [Middleware] 接收到消息 - 主题: query/response, 内容: {'status': 'success', 'data': [{'id': '34b47db5-d4ef-4fe7-9844-8740496f153a', 'note_id': 'c216fe9f-591f-4616-a21c-813aff198c85', 'user_id': 'guest', 'content': 'www', 'created_at': '2026-05-26T16:47:26.042841'}, {'id': 'eaa0cf99-4632-4741-a1b3-471fb44b9f87', 'note_id': 'c216fe9f-591f-4616-a21c-813aff198c85', 'user_id': 'guest', 'content': '123213321', 'created_at': '2026-05-26T16:25:59.468515'}], 'query_id': '1779785246.1772652'}
[2026-05-26 16:47:26] [Middleware] 分发消息 - 主题: query/response, 内容: {'status': 'success', 'data': [{'id': '34b47db5-d4ef-4fe7-9844-8740496f153a', 'note_id': 'c216fe9f-591f-4616-a21c-813aff198c85', 'user_id': 'guest', 'content': 'www', 'created_at': '2026-05-26T16:47:26.042841'}, {'id': 'eaa0cf99-4632-4741-a1b3-471fb44b9f87', 'note_id': 'c216fe9f-591f-4616-a21c-813aff198c85', 'user_id': 'guest', 'content': '123213321', 'created_at': '2026-05-26T16:25:59.468515'}], 'query_id': '1779785246.1772652'}
[2026-05-26 16:47:26] [Middleware] 接收到查询请求放入队列 - ID: 1779785246.4021525, 类型: get_like_count
[2026-05-26 16:47:26] [Middleware] 分发查询请求 - 主题: query/request, 内容: {'query_id': '1779785246.4021525', 'query_type': 'get_like_count', 'params': {'note_id': 'c216fe9f-591f-4616-a21c-813aff198c85'}}
[2026-05-26 16:47:26] [Middleware] 接收到消息 - 主题: query/response, 内容: {'status': 'success', 'data': 19, 'query_id': '1779785246.4021525'}
[2026-05-26 16:47:26] [Middleware] 分发消息 - 主题: query/response, 内容: {'status': 'success', 'data': 19, 'query_id': '1779785246.4021525'}
[2026-05-26 16:47:29] [Middleware] 接收到消息 - 主题: note/delete, 内容: {'note_id': 'c216fe9f-591f-4616-a21c-813aff198c85'}
[2026-05-26 16:47:29] [Middleware] 接收到查询请求放入队列 - ID: 1779785249.9638567, 类型: get_notes
[2026-05-26 16:47:29] [Middleware] 分发消息 - 主题: note/delete, 内容: {'note_id': 'c216fe9f-591f-4616-a21c-813aff198c85'}
[2026-05-26 16:47:29] [Middleware] 分发查询请求 - 主题: query/request, 内容: {'query_id': '1779785249.9638567', 'query_type': 'get_notes', 'params': {}}
[2026-05-26 16:47:29] [Middleware] 接收到消息 - 主题: query/response, 内容: {'status': 'success', 'data': [{'id': 'a16394cd-45b4-45aa-b129-b92a54fd46a8', 'title': '123', 'content': '123', 'author': 'guest', 'created_at': None, 'likes': 5, 'comments': 0, 'heat': 19, 'status': 'approved'}, {'id': 'c216fe9f-591f-4616-a21c-813aff198c85', 'title': '333', 'content': '333', 'author': 'guest', 'created_at': None, 'likes': 19, 'comments': 2, 'heat': 56, 'status': 'approved'}, {'id': '4cbd6681-8b0d-4de1-ada9-9bf2900a8573', 'title': '111', 'content': '1111', 'author': 'guest', 'created_at': None, 'likes': 0, 'comments': 0, 'heat': 0, 'status': 'approved'}, {'id': 'f4e8c84e-0b91-4105-a36e-701623db2646', 'title': '123', 'content': '123', 'author': 'guest', 'created_at': None, 'likes': 0, 'comments': 0, 'heat': 0, 'status': 'approved'}, {'id': '1da6e627-985d-4349-812a-e7e417697b1d', 'title': '324', 'content': '432', 'author': 'guest', 'created_at': None, 'likes': 0, 'comments': 0, 'heat': 0, 'status': 'approved'}, {'id': 'f5ccadc4-9790-4523-8d87-fe7fa42b9ea3', 'title': '888', 'content': '888', 'author': 'guest', 'created_at': None, 'likes': 5, 'comments': 0, 'heat': 10, 'status': 'approved'}, {'id': '16e53912-a6f0-495d-aa52-e962e746dfa1', 'title': '123222', 'content': 'qqwe', 'author': 'guest', 'created_at': None, 'likes': 0, 'comments': 0, 'heat': 0, 'status': 'approved'}, {'id': '53c9ac4a-4bcf-48f1-9134-31f0a1a32c6a', 'title': '546445654', 'content': '4564', 'author': 'guest', 'created_at': None, 'likes': 0, 'comments': 0, 'heat': 0, 'status': 'approved'}], 'query_id': '1779785249.9638567'}
[2026-05-26 16:47:30] [Middleware] 分发消息 - 主题: query/response, 内容: {'status': 'success', 'data': [{'id': 'a16394cd-45b4-45aa-b129-b92a54fd46a8', 'title': '123', 'content': '123', 'author': 'guest', 'created_at': None, 'likes': 5, 'comments': 0, 'heat': 19, 'status': 'approved'}, {'id': 'c216fe9f-591f-4616-a21c-813aff198c85', 'title': '333', 'content': '333', 'author': 'guest', 'created_at': None, 'likes': 19, 'comments': 2, 'heat': 56, 'status': 'approved'}, {'id': '4cbd6681-8b0d-4de1-ada9-9bf2900a8573', 'title': '111', 'content': '1111', 'author': 'guest', 'created_at': None, 'likes': 0, 'comments': 0, 'heat': 0, 'status': 'approved'}, {'id': 'f4e8c84e-0b91-4105-a36e-701623db2646', 'title': '123', 'content': '123', 'author': 'guest', 'created_at': None, 'likes': 0, 'comments': 0, 'heat': 0, 'status': 'approved'}, {'id': '1da6e627-985d-4349-812a-e7e417697b1d', 'title': '324', 'content': '432', 'author': 'guest', 'created_at': None, 'likes': 0, 'comments': 0, 'heat': 0, 'status': 'approved'}, {'id': 'f5ccadc4-9790-4523-8d87-fe7fa42b9ea3', 'title': '888', 'content': '888', 'author': 'guest', 'created_at': None, 'likes': 5, 'comments': 0, 'heat': 10, 'status': 'approved'}, {'id': '16e53912-a6f0-495d-aa52-e962e746dfa1', 'title': '123222', 'content': 'qqwe', 'author': 'guest', 'created_at': None, 'likes': 0, 'comments': 0, 'heat': 0, 'status': 'approved'}, {'id': '53c9ac4a-4bcf-48f1-9134-31f0a1a32c6a', 'title': '546445654', 'content': '4564', 'author': 'guest', 'created_at': None, 'likes': 0, 'comments': 0, 'heat': 0, 'status': 'approved'}], 'query_id': '1779785249.9638567'}
[2026-05-26 16:47:31] [Middleware] 接收到查询请求放入队列 - ID: 1779785251.9470377, 类型: get_note
[2026-05-26 16:47:32] [Middleware] 分发查询请求 - 主题: query/request, 内容: {'query_id': '1779785251.9470377', 'query_type': 'get_note', 'params': {'note_id': '53c9ac4a-4bcf-48f1-9134-31f0a1a32c6a'}}
[2026-05-26 16:47:32] [Middleware] 接收到消息 - 主题: query/response, 内容: {'status': 'success', 'data': {'id': '53c9ac4a-4bcf-48f1-9134-31f0a1a32c6a', 'title': '546445654', 'content': '4564', 'author': 'guest', 'created_at': None, 'likes': 0, 'comments': 0, 'heat': 0, 'status': 'approved'}, 'query_id': '1779785251.9470377'}
[2026-05-26 16:47:32] [Middleware] 分发消息 - 主题: query/response, 内容: {'status': 'success', 'data': {'id': '53c9ac4a-4bcf-48f1-9134-31f0a1a32c6a', 'title': '546445654', 'content': '4564', 'author': 'guest', 'created_at': None, 'likes': 0, 'comments': 0, 'heat': 0, 'status': 'approved'}, 'query_id': '1779785251.9470377'}
[2026-05-26 16:47:32] [Middleware] 接收到查询请求放入队列 - ID: 1779785252.1552646, 类型: get_comments
[2026-05-26 16:47:32] [Middleware] 分发查询请求 - 主题: query/request, 内容: {'query_id': '1779785252.1552646', 'query_type': 'get_comments', 'params': {'note_id': '53c9ac4a-4bcf-48f1-9134-31f0a1a32c6a'}}
[2026-05-26 16:47:32] [Middleware] 接收到消息 - 主题: query/response, 内容: {'status': 'success', 'data': [], 'query_id': '1779785252.1552646'}
[2026-05-26 16:47:32] [Middleware] 分发消息 - 主题: query/response, 内容: {'status': 'success', 'data': [], 'query_id': '1779785252.1552646'}
[2026-05-26 16:47:32] [Middleware] 接收到查询请求放入队列 - ID: 1779785252.3723543, 类型: get_like_count
[2026-05-26 16:47:32] [Middleware] 分发查询请求 - 主题: query/request, 内容: {'query_id': '1779785252.3723543', 'query_type': 'get_like_count', 'params': {'note_id': '53c9ac4a-4bcf-48f1-9134-31f0a1a32c6a'}}
[2026-05-26 16:47:32] [Middleware] 接收到消息 - 主题: query/response, 内容: {'status': 'success', 'data': 0, 'query_id': '1779785252.3723543'}
[2026-05-26 16:47:32] [Middleware] 分发消息 - 主题: query/response, 内容: {'status': 'success', 'data': 0, 'query_id': '1779785252.3723543'}
[2026-05-26 16:47:35] [Middleware] 接收到消息 - 主题: note/delete, 内容: {'note_id': '53c9ac4a-4bcf-48f1-9134-31f0a1a32c6a'}
[2026-05-26 16:47:35] [Middleware] 接收到查询请求放入队列 - ID: 1779785255.069725, 类型: get_notes
[2026-05-26 16:47:35] [Middleware] 分发消息 - 主题: note/delete, 内容: {'note_id': '53c9ac4a-4bcf-48f1-9134-31f0a1a32c6a'}
[2026-05-26 16:47:35] [Middleware] 分发查询请求 - 主题: query/request, 内容: {'query_id': '1779785255.069725', 'query_type': 'get_notes', 'params': {}}
[2026-05-26 16:47:35] [Middleware] 接收到消息 - 主题: query/response, 内容: {'status': 'success', 'data': [{'id': 'a16394cd-45b4-45aa-b129-b92a54fd46a8', 'title': '123', 'content': '123', 'author': 'guest', 'created_at': None, 'likes': 5, 'comments': 0, 'heat': 19, 'status': 'approved'}, {'id': '4cbd6681-8b0d-4de1-ada9-9bf2900a8573', 'title': '111', 'content': '1111', 'author': 'guest', 'created_at': None, 'likes': 0, 'comments': 0, 'heat': 0, 'status': 'approved'}, {'id': 'f4e8c84e-0b91-4105-a36e-701623db2646', 'title': '123', 'content': '123', 'author': 'guest', 'created_at': None, 'likes': 0, 'comments': 0, 'heat': 0, 'status': 'approved'}, {'id': '1da6e627-985d-4349-812a-e7e417697b1d', 'title': '324', 'content': '432', 'author': 'guest', 'created_at': None, 'likes': 0, 'comments': 0, 'heat': 0, 'status': 'approved'}, {'id': 'f5ccadc4-9790-4523-8d87-fe7fa42b9ea3', 'title': '888', 'content': '888', 'author': 'guest', 'created_at': None, 'likes': 5, 'comments': 0, 'heat': 10, 'status': 'approved'}, {'id': '16e53912-a6f0-495d-aa52-e962e746dfa1', 'title': '123222', 'content': 'qqwe', 'author': 'guest', 'created_at': None, 'likes': 0, 'comments': 0, 'heat': 0, 'status': 'approved'}], 'query_id': '1779785255.069725'}
[2026-05-26 16:47:35] [Middleware] 分发消息 - 主题: query/response, 内容: {'status': 'success', 'data': [{'id': 'a16394cd-45b4-45aa-b129-b92a54fd46a8', 'title': '123', 'content': '123', 'author': 'guest', 'created_at': None, 'likes': 5, 'comments': 0, 'heat': 19, 'status': 'approved'}, {'id': '4cbd6681-8b0d-4de1-ada9-9bf2900a8573', 'title': '111', 'content': '1111', 'author': 'guest', 'created_at': None, 'likes': 0, 'comments': 0, 'heat': 0, 'status': 'approved'}, {'id': 'f4e8c84e-0b91-4105-a36e-701623db2646', 'title': '123', 'content': '123', 'author': 'guest', 'created_at': None, 'likes': 0, 'comments': 0, 'heat': 0, 'status': 'approved'}, {'id': '1da6e627-985d-4349-812a-e7e417697b1d', 'title': '324', 'content': '432', 'author': 'guest', 'created_at': None, 'likes': 0, 'comments': 0, 'heat': 0, 'status': 'approved'}, {'id': 'f5ccadc4-9790-4523-8d87-fe7fa42b9ea3', 'title': '888', 'content': '888', 'author': 'guest', 'created_at': None, 'likes': 5, 'comments': 0, 'heat': 10, 'status': 'approved'}, {'id': '16e53912-a6f0-495d-aa52-e962e746dfa1', 'title': '123222', 'content': 'qqwe', 'author': 'guest', 'created_at': None, 'likes': 0, 'comments': 0, 'heat': 0, 'status': 'approved'}], 'query_id': '1779785255.069725'}
[2026-05-26 16:47:38] [Middleware] 接收到查询请求放入队列 - ID: 1779785258.4091527, 类型: get_note
[2026-05-26 16:47:38] [Middleware] 分发查询请求 - 主题: query/request, 内容: {'query_id': '1779785258.4091527', 'query_type': 'get_note', 'params': {'note_id': '16e53912-a6f0-495d-aa52-e962e746dfa1'}}
[2026-05-26 16:47:38] [Middleware] 接收到消息 - 主题: query/response, 内容: {'status': 'success', 'data': {'id': '16e53912-a6f0-495d-aa52-e962e746dfa1', 'title': '123222', 'content': 'qqwe', 'author': 'guest', 'created_at': None, 'likes': 0, 'comments': 0, 'heat': 0, 'status': 'approved'}, 'query_id': '1779785258.4091527'}
[2026-05-26 16:47:38] [Middleware] 分发消息 - 主题: query/response, 内容: {'status': 'success', 'data': {'id': '16e53912-a6f0-495d-aa52-e962e746dfa1', 'title': '123222', 'content': 'qqwe', 'author': 'guest', 'created_at': None, 'likes': 0, 'comments': 0, 'heat': 0, 'status': 'approved'}, 'query_id': '1779785258.4091527'}
[2026-05-26 16:47:38] [Middleware] 接收到查询请求放入队列 - ID: 1779785258.633449, 类型: get_comments
[2026-05-26 16:47:38] [Middleware] 分发查询请求 - 主题: query/request, 内容: {'query_id': '1779785258.633449', 'query_type': 'get_comments', 'params': {'note_id': '16e53912-a6f0-495d-aa52-e962e746dfa1'}}
[2026-05-26 16:47:38] [Middleware] 接收到消息 - 主题: query/response, 内容: {'status': 'success', 'data': [], 'query_id': '1779785258.633449'}
[2026-05-26 16:47:38] [Middleware] 分发消息 - 主题: query/response, 内容: {'status': 'success', 'data': [], 'query_id': '1779785258.633449'}
[2026-05-26 16:47:38] [Middleware] 接收到查询请求放入队列 - ID: 1779785258.8548212, 类型: get_like_count
[2026-05-26 16:47:38] [Middleware] 分发查询请求 - 主题: query/request, 内容: {'query_id': '1779785258.8548212', 'query_type': 'get_like_count', 'params': {'note_id': '16e53912-a6f0-495d-aa52-e962e746dfa1'}}
[2026-05-26 16:47:38] [Middleware] 接收到消息 - 主题: query/response, 内容: {'status': 'success', 'data': 0, 'query_id': '1779785258.8548212'}
[2026-05-26 16:47:38] [Middleware] 分发消息 - 主题: query/response, 内容: {'status': 'success', 'data': 0, 'query_id': '1779785258.8548212'}
[2026-05-26 16:47:41] [Middleware] 接收到消息 - 主题: note/delete, 内容: {'note_id': '16e53912-a6f0-495d-aa52-e962e746dfa1'}
[2026-05-26 16:47:41] [Middleware] 接收到查询请求放入队列 - ID: 1779785261.1928012, 类型: get_notes
[2026-05-26 16:47:41] [Middleware] 分发查询请求 - 主题: query/request, 内容: {'query_id': '1779785261.1928012', 'query_type': 'get_notes', 'params': {}}
[2026-05-26 16:47:41] [Middleware] 接收到消息 - 主题: query/response, 内容: {'status': 'success', 'data': [{'id': 'a16394cd-45b4-45aa-b129-b92a54fd46a8', 'title': '123', 'content': '123', 'author': 'guest', 'created_at': None, 'likes': 5, 'comments': 0, 'heat': 19, 'status': 'approved'}, {'id': '4cbd6681-8b0d-4de1-ada9-9bf2900a8573', 'title': '111', 'content': '1111', 'author': 'guest', 'created_at': None, 'likes': 0, 'comments': 0, 'heat': 0, 'status': 'approved'}, {'id': 'f4e8c84e-0b91-4105-a36e-701623db2646', 'title': '123', 'content': '123', 'author': 'guest', 'created_at': None, 'likes': 0, 'comments': 0, 'heat': 0, 'status': 'approved'}, {'id': '1da6e627-985d-4349-812a-e7e417697b1d', 'title': '324', 'content': '432', 'author': 'guest', 'created_at': None, 'likes': 0, 'comments': 0, 'heat': 0, 'status': 'approved'}, {'id': 'f5ccadc4-9790-4523-8d87-fe7fa42b9ea3', 'title': '888', 'content': '888', 'author': 'guest', 'created_at': None, 'likes': 5, 'comments': 0, 'heat': 10, 'status': 'approved'}, {'id': '16e53912-a6f0-495d-aa52-e962e746dfa1', 'title': '123222', 'content': 'qqwe', 'author': 'guest', 'created_at': None, 'likes': 0, 'comments': 0, 'heat': 0, 'status': 'approved'}], 'query_id': '1779785261.1928012'}
[2026-05-26 16:47:41] [Middleware] 分发消息 - 主题: note/delete, 内容: {'note_id': '16e53912-a6f0-495d-aa52-e962e746dfa1'}
[2026-05-26 16:47:41] [Middleware] 分发消息 - 主题: query/response, 内容: {'status': 'success', 'data': [{'id': 'a16394cd-45b4-45aa-b129-b92a54fd46a8', 'title': '123', 'content': '123', 'author': 'guest', 'created_at': None, 'likes': 5, 'comments': 0, 'heat': 19, 'status': 'approved'}, {'id': '4cbd6681-8b0d-4de1-ada9-9bf2900a8573', 'title': '111', 'content': '1111', 'author': 'guest', 'created_at': None, 'likes': 0, 'comments': 0, 'heat': 0, 'status': 'approved'}, {'id': 'f4e8c84e-0b91-4105-a36e-701623db2646', 'title': '123', 'content': '123', 'author': 'guest', 'created_at': None, 'likes': 0, 'comments': 0, 'heat': 0, 'status': 'approved'}, {'id': '1da6e627-985d-4349-812a-e7e417697b1d', 'title': '324', 'content': '432', 'author': 'guest', 'created_at': None, 'likes': 0, 'comments': 0, 'heat': 0, 'status': 'approved'}, {'id': 'f5ccadc4-9790-4523-8d87-fe7fa42b9ea3', 'title': '888', 'content': '888', 'author': 'guest', 'created_at': None, 'likes': 5, 'comments': 0, 'heat': 10, 'status': 'approved'}, {'id': '16e53912-a6f0-495d-aa52-e962e746dfa1', 'title': '123222', 'content': 'qqwe', 'author': 'guest', 'created_at': None, 'likes': 0, 'comments': 0, 'heat': 0, 'status': 'approved'}], 'query_id': '1779785261.1928012'}
[2026-05-26 16:47:43] [Middleware] 接收到查询请求放入队列 - ID: 1779785263.5306463, 类型: get_notes
[2026-05-26 16:47:43] [Middleware] 分发查询请求 - 主题: query/request, 内容: {'query_id': '1779785263.5306463', 'query_type': 'get_notes', 'params': {}}
[2026-05-26 16:47:43] [Middleware] 接收到消息 - 主题: query/response, 内容: {'status': 'success', 'data': [{'id': 'a16394cd-45b4-45aa-b129-b92a54fd46a8', 'title': '123', 'content': '123', 'author': 'guest', 'created_at': None, 'likes': 5, 'comments': 0, 'heat': 19, 'status': 'approved'}, {'id': '4cbd6681-8b0d-4de1-ada9-9bf2900a8573', 'title': '111', 'content': '1111', 'author': 'guest', 'created_at': None, 'likes': 0, 'comments': 0, 'heat': 0, 'status': 'approved'}, {'id': 'f4e8c84e-0b91-4105-a36e-701623db2646', 'title': '123', 'content': '123', 'author': 'guest', 'created_at': None, 'likes': 0, 'comments': 0, 'heat': 0, 'status': 'approved'}, {'id': '1da6e627-985d-4349-812a-e7e417697b1d', 'title': '324', 'content': '432', 'author': 'guest', 'created_at': None, 'likes': 0, 'comments': 0, 'heat': 0, 'status': 'approved'}, {'id': 'f5ccadc4-9790-4523-8d87-fe7fa42b9ea3', 'title': '888', 'content': '888', 'author': 'guest', 'created_at': None, 'likes': 5, 'comments': 0, 'heat': 10, 'status': 'approved'}], 'query_id': '1779785263.5306463'}
[2026-05-26 16:47:43] [Middleware] 分发消息 - 主题: query/response, 内容: {'status': 'success', 'data': [{'id': 'a16394cd-45b4-45aa-b129-b92a54fd46a8', 'title': '123', 'content': '123', 'author': 'guest', 'created_at': None, 'likes': 5, 'comments': 0, 'heat': 19, 'status': 'approved'}, {'id': '4cbd6681-8b0d-4de1-ada9-9bf2900a8573', 'title': '111', 'content': '1111', 'author': 'guest', 'created_at': None, 'likes': 0, 'comments': 0, 'heat': 0, 'status': 'approved'}, {'id': 'f4e8c84e-0b91-4105-a36e-701623db2646', 'title': '123', 'content': '123', 'author': 'guest', 'created_at': None, 'likes': 0, 'comments': 0, 'heat': 0, 'status': 'approved'}, {'id': '1da6e627-985d-4349-812a-e7e417697b1d', 'title': '324', 'content': '432', 'author': 'guest', 'created_at': None, 'likes': 0, 'comments': 0, 'heat': 0, 'status': 'approved'}, {'id': 'f5ccadc4-9790-4523-8d87-fe7fa42b9ea3', 'title': '888', 'content': '888', 'author': 'guest', 'created_at': None, 'likes': 5, 'comments': 0, 'heat': 10, 'status': 'approved'}], 'query_id': '1779785263.5306463'}
[2026-05-26 16:47:45] [Middleware] 接收到查询请求放入队列 - ID: 1779785265.810691, 类型: get_note
[2026-05-26 16:47:45] [Middleware] 分发查询请求 - 主题: query/request, 内容: {'query_id': '1779785265.810691', 'query_type': 'get_note', 'params': {'note_id': 'f5ccadc4-9790-4523-8d87-fe7fa42b9ea3'}}
[2026-05-26 16:47:45] [Middleware] 接收到消息 - 主题: query/response, 内容: {'status': 'success', 'data': {'id': 'f5ccadc4-9790-4523-8d87-fe7fa42b9ea3', 'title': '888', 'content': '888', 'author': 'guest', 'created_at': None, 'likes': 5, 'comments': 0, 'heat': 10, 'status': 'approved'}, 'query_id': '1779785265.810691'}
[2026-05-26 16:47:45] [Middleware] 分发消息 - 主题: query/response, 内容: {'status': 'success', 'data': {'id': 'f5ccadc4-9790-4523-8d87-fe7fa42b9ea3', 'title': '888', 'content': '888', 'author': 'guest', 'created_at': None, 'likes': 5, 'comments': 0, 'heat': 10, 'status': 'approved'}, 'query_id': '1779785265.810691'}
[2026-05-26 16:47:46] [Middleware] 接收到查询请求放入队列 - ID: 1779785266.032612, 类型: get_comments
[2026-05-26 16:47:46] [Middleware] 分发查询请求 - 主题: query/request, 内容: {'query_id': '1779785266.032612', 'query_type': 'get_comments', 'params': {'note_id': 'f5ccadc4-9790-4523-8d87-fe7fa42b9ea3'}}
[2026-05-26 16:47:46] [Middleware] 接收到消息 - 主题: query/response, 内容: {'status': 'success', 'data': [], 'query_id': '1779785266.032612'}
[2026-05-26 16:47:46] [Middleware] 分发消息 - 主题: query/response, 内容: {'status': 'success', 'data': [], 'query_id': '1779785266.032612'}
[2026-05-26 16:47:46] [Middleware] 接收到查询请求放入队列 - ID: 1779785266.2516718, 类型: get_like_count
[2026-05-26 16:47:46] [Middleware] 分发查询请求 - 主题: query/request, 内容: {'query_id': '1779785266.2516718', 'query_type': 'get_like_count', 'params': {'note_id': 'f5ccadc4-9790-4523-8d87-fe7fa42b9ea3'}}
[2026-05-26 16:47:46] [Middleware] 接收到消息 - 主题: query/response, 内容: {'status': 'success', 'data': 5, 'query_id': '1779785266.2516718'}
[2026-05-26 16:47:46] [Middleware] 分发消息 - 主题: query/response, 内容: {'status': 'success', 'data': 5, 'query_id': '1779785266.2516718'}
[2026-05-26 16:47:48] [Middleware] 接收到消息 - 主题: note/delete, 内容: {'note_id': 'f5ccadc4-9790-4523-8d87-fe7fa42b9ea3'}
[2026-05-26 16:47:48] [Middleware] 接收到查询请求放入队列 - ID: 1779785268.3626845, 类型: get_notes
[2026-05-26 16:47:48] [Middleware] 分发查询请求 - 主题: query/request, 内容: {'query_id': '1779785268.3626845', 'query_type': 'get_notes', 'params': {}}
[2026-05-26 16:47:48] [Middleware] 接收到消息 - 主题: query/response, 内容: {'status': 'success', 'data': [{'id': 'a16394cd-45b4-45aa-b129-b92a54fd46a8', 'title': '123', 'content': '123', 'author': 'guest', 'created_at': None, 'likes': 5, 'comments': 0, 'heat': 19, 'status': 'approved'}, {'id': '4cbd6681-8b0d-4de1-ada9-9bf2900a8573', 'title': '111', 'content': '1111', 'author': 'guest', 'created_at': None, 'likes': 0, 'comments': 0, 'heat': 0, 'status': 'approved'}, {'id': 'f4e8c84e-0b91-4105-a36e-701623db2646', 'title': '123', 'content': '123', 'author': 'guest', 'created_at': None, 'likes': 0, 'comments': 0, 'heat': 0, 'status': 'approved'}, {'id': '1da6e627-985d-4349-812a-e7e417697b1d', 'title': '324', 'content': '432', 'author': 'guest', 'created_at': None, 'likes': 0, 'comments': 0, 'heat': 0, 'status': 'approved'}, {'id': 'f5ccadc4-9790-4523-8d87-fe7fa42b9ea3', 'title': '888', 'content': '888', 'author': 'guest', 'created_at': None, 'likes': 5, 'comments': 0, 'heat': 10, 'status': 'approved'}], 'query_id': '1779785268.3626845'}
[2026-05-26 16:47:48] [Middleware] 分发消息 - 主题: note/delete, 内容: {'note_id': 'f5ccadc4-9790-4523-8d87-fe7fa42b9ea3'}
[2026-05-26 16:47:48] [Middleware] 分发消息 - 主题: query/response, 内容: {'status': 'success', 'data': [{'id': 'a16394cd-45b4-45aa-b129-b92a54fd46a8', 'title': '123', 'content': '123', 'author': 'guest', 'created_at': None, 'likes': 5, 'comments': 0, 'heat': 19, 'status': 'approved'}, {'id': '4cbd6681-8b0d-4de1-ada9-9bf2900a8573', 'title': '111', 'content': '1111', 'author': 'guest', 'created_at': None, 'likes': 0, 'comments': 0, 'heat': 0, 'status': 'approved'}, {'id': 'f4e8c84e-0b91-4105-a36e-701623db2646', 'title': '123', 'content': '123', 'author': 'guest', 'created_at': None, 'likes': 0, 'comments': 0, 'heat': 0, 'status': 'approved'}, {'id': '1da6e627-985d-4349-812a-e7e417697b1d', 'title': '324', 'content': '432', 'author': 'guest', 'created_at': None, 'likes': 0, 'comments': 0, 'heat': 0, 'status': 'approved'}, {'id': 'f5ccadc4-9790-4523-8d87-fe7fa42b9ea3', 'title': '888', 'content': '888', 'author': 'guest', 'created_at': None, 'likes': 5, 'comments': 0, 'heat': 10, 'status': 'approved'}], 'query_id': '1779785268.3626845'}
[2026-05-26 16:47:50] [Middleware] 接收到查询请求放入队列 - ID: 1779785270.311984, 类型: get_notes
[2026-05-26 16:47:50] [Middleware] 分发查询请求 - 主题: query/request, 内容: {'query_id': '1779785270.311984', 'query_type': 'get_notes', 'params': {}}
[2026-05-26 16:47:50] [Middleware] 接收到消息 - 主题: query/response, 内容: {'status': 'success', 'data': [{'id': 'a16394cd-45b4-45aa-b129-b92a54fd46a8', 'title': '123', 'content': '123', 'author': 'guest', 'created_at': None, 'likes': 5, 'comments': 0, 'heat': 19, 'status': 'approved'}, {'id': '4cbd6681-8b0d-4de1-ada9-9bf2900a8573', 'title': '111', 'content': '1111', 'author': 'guest', 'created_at': None, 'likes': 0, 'comments': 0, 'heat': 0, 'status': 'approved'}, {'id': 'f4e8c84e-0b91-4105-a36e-701623db2646', 'title': '123', 'content': '123', 'author': 'guest', 'created_at': None, 'likes': 0, 'comments': 0, 'heat': 0, 'status': 'approved'}, {'id': '1da6e627-985d-4349-812a-e7e417697b1d', 'title': '324', 'content': '432', 'author': 'guest', 'created_at': None, 'likes': 0, 'comments': 0, 'heat': 0, 'status': 'approved'}], 'query_id': '1779785270.311984'}
[2026-05-26 16:47:50] [Middleware] 分发消息 - 主题: query/response, 内容: {'status': 'success', 'data': [{'id': 'a16394cd-45b4-45aa-b129-b92a54fd46a8', 'title': '123', 'content': '123', 'author': 'guest', 'created_at': None, 'likes': 5, 'comments': 0, 'heat': 19, 'status': 'approved'}, {'id': '4cbd6681-8b0d-4de1-ada9-9bf2900a8573', 'title': '111', 'content': '1111', 'author': 'guest', 'created_at': None, 'likes': 0, 'comments': 0, 'heat': 0, 'status': 'approved'}, {'id': 'f4e8c84e-0b91-4105-a36e-701623db2646', 'title': '123', 'content': '123', 'author': 'guest', 'created_at': None, 'likes': 0, 'comments': 0, 'heat': 0, 'status': 'approved'}, {'id': '1da6e627-985d-4349-812a-e7e417697b1d', 'title': '324', 'content': '432', 'author': 'guest', 'created_at': None, 'likes': 0, 'comments': 0, 'heat': 0, 'status': 'approved'}], 'query_id': '1779785270.311984'}
[2026-05-26 16:47:52] [Middleware] 接收到查询请求放入队列 - ID: 1779785272.8836522, 类型: get_note
[2026-05-26 16:47:52] [Middleware] 分发查询请求 - 主题: query/request, 内容: {'query_id': '1779785272.8836522', 'query_type': 'get_note', 'params': {'note_id': '1da6e627-985d-4349-812a-e7e417697b1d'}}
[2026-05-26 16:47:52] [Middleware] 接收到消息 - 主题: query/response, 内容: {'status': 'success', 'data': {'id': '1da6e627-985d-4349-812a-e7e417697b1d', 'title': '324', 'content': '432', 'author': 'guest', 'created_at': None, 'likes': 0, 'comments': 0, 'heat': 0, 'status': 'approved'}, 'query_id': '1779785272.8836522'}
[2026-05-26 16:47:53] [Middleware] 分发消息 - 主题: query/response, 内容: {'status': 'success', 'data': {'id': '1da6e627-985d-4349-812a-e7e417697b1d', 'title': '324', 'content': '432', 'author': 'guest', 'created_at': None, 'likes': 0, 'comments': 0, 'heat': 0, 'status': 'approved'}, 'query_id': '1779785272.8836522'}
[2026-05-26 16:47:53] [Middleware] 接收到查询请求放入队列 - ID: 1779785273.1052692, 类型: get_comments
[2026-05-26 16:47:53] [Middleware] 分发查询请求 - 主题: query/request, 内容: {'query_id': '1779785273.1052692', 'query_type': 'get_comments', 'params': {'note_id': '1da6e627-985d-4349-812a-e7e417697b1d'}}
[2026-05-26 16:47:53] [Middleware] 接收到消息 - 主题: query/response, 内容: {'status': 'success', 'data': [], 'query_id': '1779785273.1052692'}
[2026-05-26 16:47:53] [Middleware] 分发消息 - 主题: query/response, 内容: {'status': 'success', 'data': [], 'query_id': '1779785273.1052692'}
[2026-05-26 16:47:53] [Middleware] 接收到查询请求放入队列 - ID: 1779785273.3167284, 类型: get_like_count
[2026-05-26 16:47:53] [Middleware] 分发查询请求 - 主题: query/request, 内容: {'query_id': '1779785273.3167284', 'query_type': 'get_like_count', 'params': {'note_id': '1da6e627-985d-4349-812a-e7e417697b1d'}}
[2026-05-26 16:47:53] [Middleware] 接收到消息 - 主题: query/response, 内容: {'status': 'success', 'data': 0, 'query_id': '1779785273.3167284'}
[2026-05-26 16:47:53] [Middleware] 分发消息 - 主题: query/response, 内容: {'status': 'success', 'data': 0, 'query_id': '1779785273.3167284'}
[2026-05-26 16:47:55] [Middleware] 接收到消息 - 主题: note/delete, 内容: {'note_id': '1da6e627-985d-4349-812a-e7e417697b1d'}
[2026-05-26 16:47:55] [Middleware] 接收到查询请求放入队列 - ID: 1779785275.7515962, 类型: get_notes
[2026-05-26 16:47:55] [Middleware] 分发查询请求 - 主题: query/request, 内容: {'query_id': '1779785275.7515962', 'query_type': 'get_notes', 'params': {}}
[2026-05-26 16:47:55] [Middleware] 分发消息 - 主题: note/delete, 内容: {'note_id': '1da6e627-985d-4349-812a-e7e417697b1d'}
[2026-05-26 16:47:55] [Middleware] 接收到消息 - 主题: query/response, 内容: {'status': 'success', 'data': [{'id': 'a16394cd-45b4-45aa-b129-b92a54fd46a8', 'title': '123', 'content': '123', 'author': 'guest', 'created_at': None, 'likes': 5, 'comments': 0, 'heat': 19, 'status': 'approved'}, {'id': '4cbd6681-8b0d-4de1-ada9-9bf2900a8573', 'title': '111', 'content': '1111', 'author': 'guest', 'created_at': None, 'likes': 0, 'comments': 0, 'heat': 0, 'status': 'approved'}, {'id': 'f4e8c84e-0b91-4105-a36e-701623db2646', 'title': '123', 'content': '123', 'author': 'guest', 'created_at': None, 'likes': 0, 'comments': 0, 'heat': 0, 'status': 'approved'}, {'id': '1da6e627-985d-4349-812a-e7e417697b1d', 'title': '324', 'content': '432', 'author': 'guest', 'created_at': None, 'likes': 0, 'comments': 0, 'heat': 0, 'status': 'approved'}], 'query_id': '1779785275.7515962'}
[2026-05-26 16:47:55] [Middleware] 分发消息 - 主题: query/response, 内容: {'status': 'success', 'data': [{'id': 'a16394cd-45b4-45aa-b129-b92a54fd46a8', 'title': '123', 'content': '123', 'author': 'guest', 'created_at': None, 'likes': 5, 'comments': 0, 'heat': 19, 'status': 'approved'}, {'id': '4cbd6681-8b0d-4de1-ada9-9bf2900a8573', 'title': '111', 'content': '1111', 'author': 'guest', 'created_at': None, 'likes': 0, 'comments': 0, 'heat': 0, 'status': 'approved'}, {'id': 'f4e8c84e-0b91-4105-a36e-701623db2646', 'title': '123', 'content': '123', 'author': 'guest', 'created_at': None, 'likes': 0, 'comments': 0, 'heat': 0, 'status': 'approved'}, {'id': '1da6e627-985d-4349-812a-e7e417697b1d', 'title': '324', 'content': '432', 'author': 'guest', 'created_at': None, 'likes': 0, 'comments': 0, 'heat': 0, 'status': 'approved'}], 'query_id': '1779785275.7515962'}
[2026-05-26 16:47:56] [Middleware] 接收到查询请求放入队列 - ID: 1779785276.9317782, 类型: get_notes
[2026-05-26 16:47:56] [Middleware] 分发查询请求 - 主题: query/request, 内容: {'query_id': '1779785276.9317782', 'query_type': 'get_notes', 'params': {}}
[2026-05-26 16:47:56] [Middleware] 接收到消息 - 主题: query/response, 内容: {'status': 'success', 'data': [{'id': 'a16394cd-45b4-45aa-b129-b92a54fd46a8', 'title': '123', 'content': '123', 'author': 'guest', 'created_at': None, 'likes': 5, 'comments': 0, 'heat': 19, 'status': 'approved'}, {'id': '4cbd6681-8b0d-4de1-ada9-9bf2900a8573', 'title': '111', 'content': '1111', 'author': 'guest', 'created_at': None, 'likes': 0, 'comments': 0, 'heat': 0, 'status': 'approved'}, {'id': 'f4e8c84e-0b91-4105-a36e-701623db2646', 'title': '123', 'content': '123', 'author': 'guest', 'created_at': None, 'likes': 0, 'comments': 0, 'heat': 0, 'status': 'approved'}], 'query_id': '1779785276.9317782'}
[2026-05-26 16:47:57] [Middleware] 分发消息 - 主题: query/response, 内容: {'status': 'success', 'data': [{'id': 'a16394cd-45b4-45aa-b129-b92a54fd46a8', 'title': '123', 'content': '123', 'author': 'guest', 'created_at': None, 'likes': 5, 'comments': 0, 'heat': 19, 'status': 'approved'}, {'id': '4cbd6681-8b0d-4de1-ada9-9bf2900a8573', 'title': '111', 'content': '1111', 'author': 'guest', 'created_at': None, 'likes': 0, 'comments': 0, 'heat': 0, 'status': 'approved'}, {'id': 'f4e8c84e-0b91-4105-a36e-701623db2646', 'title': '123', 'content': '123', 'author': 'guest', 'created_at': None, 'likes': 0, 'comments': 0, 'heat': 0, 'status': 'approved'}], 'query_id': '1779785276.9317782'}
[2026-05-26 16:48:03] [Middleware] 接收到消息 - 主题: note/publish, 内容: {'note_id': 'eca01e10-0c3d-4ca4-b3c2-a47b300bc9dd', 'title': '123', 'content': '333', 'author': 'guest', 'created_at': None}
[2026-05-26 16:48:03] [Middleware] 接收到查询请求放入队列 - ID: 1779785283.1127877, 类型: get_notes
[2026-05-26 16:48:03] [Middleware] 分发消息 - 主题: note/publish, 内容: {'note_id': 'eca01e10-0c3d-4ca4-b3c2-a47b300bc9dd', 'title': '123', 'content': '333', 'author': 'guest', 'created_at': None}
[2026-05-26 16:48:03] [Middleware] 分发查询请求 - 主题: query/request, 内容: {'query_id': '1779785283.1127877', 'query_type': 'get_notes', 'params': {}}
[2026-05-26 16:48:03] [Middleware] 接收到消息 - 主题: query/response, 内容: {'status': 'success', 'data': [{'id': 'a16394cd-45b4-45aa-b129-b92a54fd46a8', 'title': '123', 'content': '123', 'author': 'guest', 'created_at': None, 'likes': 5, 'comments': 0, 'heat': 19, 'status': 'approved'}, {'id': '4cbd6681-8b0d-4de1-ada9-9bf2900a8573', 'title': '111', 'content': '1111', 'author': 'guest', 'created_at': None, 'likes': 0, 'comments': 0, 'heat': 0, 'status': 'approved'}, {'id': 'f4e8c84e-0b91-4105-a36e-701623db2646', 'title': '123', 'content': '123', 'author': 'guest', 'created_at': None, 'likes': 0, 'comments': 0, 'heat': 0, 'status': 'approved'}, {'id': 'eca01e10-0c3d-4ca4-b3c2-a47b300bc9dd', 'title': '123', 'content': '333', 'author': 'guest', 'created_at': None, 'likes': 0, 'comments': 0, 'heat': 0, 'status': 'approved'}], 'query_id': '1779785283.1127877'}
[2026-05-26 16:48:03] [Middleware] 分发消息 - 主题: query/response, 内容: {'status': 'success', 'data': [{'id': 'a16394cd-45b4-45aa-b129-b92a54fd46a8', 'title': '123', 'content': '123', 'author': 'guest', 'created_at': None, 'likes': 5, 'comments': 0, 'heat': 19, 'status': 'approved'}, {'id': '4cbd6681-8b0d-4de1-ada9-9bf2900a8573', 'title': '111', 'content': '1111', 'author': 'guest', 'created_at': None, 'likes': 0, 'comments': 0, 'heat': 0, 'status': 'approved'}, {'id': 'f4e8c84e-0b91-4105-a36e-701623db2646', 'title': '123', 'content': '123', 'author': 'guest', 'created_at': None, 'likes': 0, 'comments': 0, 'heat': 0, 'status': 'approved'}, {'id': 'eca01e10-0c3d-4ca4-b3c2-a47b300bc9dd', 'title': '123', 'content': '333', 'author': 'guest', 'created_at': None, 'likes': 0, 'comments': 0, 'heat': 0, 'status': 'approved'}], 'query_id': '1779785283.1127877'}
[2026-05-26 16:48:06] [Middleware] 接收到查询请求放入队列 - ID: 1779785286.8680599, 类型: get_note
[2026-05-26 16:48:06] [Middleware] 分发查询请求 - 主题: query/request, 内容: {'query_id': '1779785286.8680599', 'query_type': 'get_note', 'params': {'note_id': 'eca01e10-0c3d-4ca4-b3c2-a47b300bc9dd'}}
[2026-05-26 16:48:06] [Middleware] 接收到消息 - 主题: query/response, 内容: {'status': 'success', 'data': {'id': 'eca01e10-0c3d-4ca4-b3c2-a47b300bc9dd', 'title': '123', 'content': '333', 'author': 'guest', 'created_at': None, 'likes': 0, 'comments': 0, 'heat': 0, 'status': 'approved'}, 'query_id': '1779785286.8680599'}
[2026-05-26 16:48:07] [Middleware] 分发消息 - 主题: query/response, 内容: {'status': 'success', 'data': {'id': 'eca01e10-0c3d-4ca4-b3c2-a47b300bc9dd', 'title': '123', 'content': '333', 'author': 'guest', 'created_at': None, 'likes': 0, 'comments': 0, 'heat': 0, 'status': 'approved'}, 'query_id': '1779785286.8680599'}
[2026-05-26 16:48:07] [Middleware] 接收到查询请求放入队列 - ID: 1779785287.0921605, 类型: get_comments
[2026-05-26 16:48:07] [Middleware] 分发查询请求 - 主题: query/request, 内容: {'query_id': '1779785287.0921605', 'query_type': 'get_comments', 'params': {'note_id': 'eca01e10-0c3d-4ca4-b3c2-a47b300bc9dd'}}
[2026-05-26 16:48:07] [Middleware] 接收到消息 - 主题: query/response, 内容: {'status': 'success', 'data': [], 'query_id': '1779785287.0921605'}
[2026-05-26 16:48:07] [Middleware] 分发消息 - 主题: query/response, 内容: {'status': 'success', 'data': [], 'query_id': '1779785287.0921605'}
[2026-05-26 16:48:07] [Middleware] 接收到查询请求放入队列 - ID: 1779785287.3141725, 类型: get_like_count
[2026-05-26 16:48:07] [Middleware] 分发查询请求 - 主题: query/request, 内容: {'query_id': '1779785287.3141725', 'query_type': 'get_like_count', 'params': {'note_id': 'eca01e10-0c3d-4ca4-b3c2-a47b300bc9dd'}}
[2026-05-26 16:48:07] [Middleware] 接收到消息 - 主题: query/response, 内容: {'status': 'success', 'data': 0, 'query_id': '1779785287.3141725'}
[2026-05-26 16:48:07] [Middleware] 分发消息 - 主题: query/response, 内容: {'status': 'success', 'data': 0, 'query_id': '1779785287.3141725'}
[2026-05-26 16:48:09] [Middleware] 接收到查询请求放入队列 - ID: 1779785289.2369034, 类型: get_notes
[2026-05-26 16:48:09] [Middleware] 分发查询请求 - 主题: query/request, 内容: {'query_id': '1779785289.2369034', 'query_type': 'get_notes', 'params': {}}
[2026-05-26 16:48:09] [Middleware] 接收到消息 - 主题: query/response, 内容: {'status': 'success', 'data': [{'id': 'a16394cd-45b4-45aa-b129-b92a54fd46a8', 'title': '123', 'content': '123', 'author': 'guest', 'created_at': None, 'likes': 5, 'comments': 0, 'heat': 19, 'status': 'approved'}, {'id': '4cbd6681-8b0d-4de1-ada9-9bf2900a8573', 'title': '111', 'content': '1111', 'author': 'guest', 'created_at': None, 'likes': 0, 'comments': 0, 'heat': 0, 'status': 'approved'}, {'id': 'f4e8c84e-0b91-4105-a36e-701623db2646', 'title': '123', 'content': '123', 'author': 'guest', 'created_at': None, 'likes': 0, 'comments': 0, 'heat': 0, 'status': 'approved'}, {'id': 'eca01e10-0c3d-4ca4-b3c2-a47b300bc9dd', 'title': '123', 'content': '333', 'author': 'guest', 'created_at': None, 'likes': 0, 'comments': 0, 'heat': 0, 'status': 'approved'}], 'query_id': '1779785289.2369034'}
[2026-05-26 16:48:09] [Middleware] 分发消息 - 主题: query/response, 内容: {'status': 'success', 'data': [{'id': 'a16394cd-45b4-45aa-b129-b92a54fd46a8', 'title': '123', 'content': '123', 'author': 'guest', 'created_at': None, 'likes': 5, 'comments': 0, 'heat': 19, 'status': 'approved'}, {'id': '4cbd6681-8b0d-4de1-ada9-9bf2900a8573', 'title': '111', 'content': '1111', 'author': 'guest', 'created_at': None, 'likes': 0, 'comments': 0, 'heat': 0, 'status': 'approved'}, {'id': 'f4e8c84e-0b91-4105-a36e-701623db2646', 'title': '123', 'content': '123', 'author': 'guest', 'created_at': None, 'likes': 0, 'comments': 0, 'heat': 0, 'status': 'approved'}, {'id': 'eca01e10-0c3d-4ca4-b3c2-a47b300bc9dd', 'title': '123', 'content': '333', 'author': 'guest', 'created_at': None, 'likes': 0, 'comments': 0, 'heat': 0, 'status': 'approved'}], 'query_id': '1779785289.2369034'}
