[2026-06-01 10:29:12] 运行时长: 10s
[吞吐量] 消息: 0.05 msg/s (平均: 0.30), 查询: 0.05 qps (平均: 0.30)
[延迟] 平均: 0.00 ms, P50: 0.00 ms, P90: 0.00 ms, P95: 0.00 ms, P99: 0.00 ms
[统计] 消息总数: 3, 查询总数: 3
[2026-06-01 10:29:22] 运行时长: 20s
[吞吐量] 消息: 0.17 msg/s (平均: 0.50), 查询: 0.17 qps (平均: 0.50)
[延迟] 平均: 0.00 ms, P50: 0.00 ms, P90: 0.00 ms, P95: 0.00 ms, P99: 0.00 ms
[统计] 消息总数: 10, 查询总数: 10
[2026-06-01 10:29:32] 运行时长: 30s
[吞吐量] 消息: 0.32 msg/s (平均: 0.63), 查询: 0.25 qps (平均: 0.50)
[延迟] 平均: 0.00 ms, P50: 0.00 ms, P90: 0.00 ms, P95: 0.00 ms, P99: 0.00 ms
[统计] 消息总数: 19, 查询总数: 15
[2026-06-01 10:29:42] 运行时长: 40s
[吞吐量] 消息: 0.42 msg/s (平均: 0.62), 查询: 0.30 qps (平均: 0.45)
[延迟] 平均: 0.00 ms, P50: 0.00 ms, P90: 0.00 ms, P95: 0.00 ms, P99: 0.00 ms
[统计] 消息总数: 25, 查询总数: 18
[2026-06-01 10:29:52] 运行时长: 50s
[吞吐量] 消息: 1.53 msg/s (平均: 1.84), 查询: 1.42 qps (平均: 1.70)
[延迟] 平均: 0.00 ms, P50: 0.00 ms, P90: 0.00 ms, P95: 0.00 ms, P99: 0.00 ms
[统计] 消息总数: 92, 查询总数: 85
[2026-06-01 10:30:02] 运行时长: 1m0s
[吞吐量] 消息: 2.87 msg/s (平均: 2.86), 查询: 2.83 qps (平均: 2.83)
[延迟] 平均: 0.00 ms, P50: 0.00 ms, P90: 0.00 ms, P95: 0.00 ms, P99: 0.00 ms
[统计] 消息总数: 172, 查询总数: 170
[2026-06-01 10:30:12] 运行时长: 1m10s
[吞吐量] 消息: 20.37 msg/s (平均: 17.49), 查询: 3.58 qps (平均: 3.11)
[延迟] 平均: 0.00 ms, P50: 0.00 ms, P90: 0.00 ms, P95: 0.00 ms, P99: 0.00 ms
[统计] 消息总数: 1225, 查询总数: 218
[2026-06-01 10:30:22] 运行时长: 1m20s
[吞吐量] 消息: 53.58 msg/s (平均: 40.29), 查询: 3.47 qps (平均: 2.72)
[延迟] 平均: 0.00 ms, P50: 0.00 ms, P90: 0.00 ms, P95: 0.00 ms, P99: 0.00 ms
[统计] 消息总数: 3225, 查询总数: 218
[2026-06-01 10:30:32] 运行时长: 1m30s
[吞吐量] 消息: 53.43 msg/s (平均: 35.82), 查询: 3.38 qps (平均: 2.42)
[延迟] 平均: 0.00 ms, P50: 0.00 ms, P90: 0.00 ms, P95: 0.00 ms, P99: 0.00 ms
[统计] 消息总数: 3225, 查询总数: 218
[2026-06-01 10:30:42] 运行时长: 1m40s
[吞吐量] 消息: 53.33 msg/s (平均: 32.24), 查询: 3.33 qps (平均: 2.18)
[延迟] 平均: 0.00 ms, P50: 0.00 ms, P90: 0.00 ms, P95: 0.00 ms, P99: 0.00 ms
[统计] 消息总数: 3225, 查询总数: 218
[2026-06-01 10:30:52] 运行时长: 1m50s
[吞吐量] 消息: 52.22 msg/s (平均: 29.30), 查询: 2.22 qps (平均: 1.98)
[延迟] 平均: 0.00 ms, P50: 0.00 ms, P90: 0.00 ms, P95: 0.00 ms, P99: 0.00 ms
[统计] 消息总数: 3225, 查询总数: 218
[2026-06-01 10:31:02] 运行时长: 2m0s
[吞吐量] 消息: 50.88 msg/s (平均: 26.86), 查询: 0.77 qps (平均: 1.82)
[延迟] 平均: 0.00 ms, P50: 0.00 ms, P90: 0.00 ms, P95: 0.00 ms, P99: 0.00 ms
[统计] 消息总数: 3225, 查询总数: 218
[2026-06-01 10:31:12] 运行时长: 2m10s
[吞吐量] 消息: 33.33 msg/s (平均: 24.80), 查询: 0.00 qps (平均: 1.68)
[延迟] 平均: 0.00 ms, P50: 0.00 ms, P90: 0.00 ms, P95: 0.00 ms, P99: 0.00 ms
[统计] 消息总数: 3225, 查询总数: 218
[2026-06-01 10:31:22] 运行时长: 2m20s
[吞吐量] 消息: 0.00 msg/s (平均: 23.03), 查询: 0.00 qps (平均: 1.56)
[延迟] 平均: 0.00 ms, P50: 0.00 ms, P90: 0.00 ms, P95: 0.00 ms, P99: 0.00 ms
[统计] 消息总数: 3225, 查询总数: 218
[2026-06-01 10:31:32] 运行时长: 2m30s
[吞吐量] 消息: 0.00 msg/s (平均: 21.49), 查询: 0.00 qps (平均: 1.45)
[延迟] 平均: 0.00 ms, P50: 0.00 ms, P90: 0.00 ms, P95: 0.00 ms, P99: 0.00 ms
[统计] 消息总数: 3225, 查询总数: 218
[2026-06-01 10:31:42] 运行时长: 2m40s
[吞吐量] 消息: 0.00 msg/s (平均: 20.15), 查询: 0.00 qps (平均: 1.36)
[延迟] 平均: 0.00 ms, P50: 0.00 ms, P90: 0.00 ms, P95: 0.00 ms, P99: 0.00 ms
[统计] 消息总数: 3225, 查询总数: 218
[2026-06-01 10:31:52] 运行时长: 2m50s
[吞吐量] 消息: 0.00 msg/s (平均: 18.96), 查询: 0.00 qps (平均: 1.28)
[延迟] 平均: 0.00 ms, P50: 0.00 ms, P90: 0.00 ms, P95: 0.00 ms, P99: 0.00 ms
[统计] 消息总数: 3225, 查询总数: 218
[2026-06-01 10:32:02] 运行时长: 3m0s
[吞吐量] 消息: 0.00 msg/s (平均: 17.91), 查询: 0.00 qps (平均: 1.21)
[延迟] 平均: 0.00 ms, P50: 0.00 ms, P90: 0.00 ms, P95: 0.00 ms, P99: 0.00 ms
[统计] 消息总数: 3225, 查询总数: 218
[2026-06-01 10:32:12] 运行时长: 3m10s
[吞吐量] 消息: 0.00 msg/s (平均: 16.97), 查询: 0.00 qps (平均: 1.15)
[延迟] 平均: 0.00 ms, P50: 0.00 ms, P90: 0.00 ms, P95: 0.00 ms, P99: 0.00 ms
[统计] 消息总数: 3225, 查询总数: 218
[2026-06-01 10:32:22] 运行时长: 3m20s
[吞吐量] 消息: 0.00 msg/s (平均: 16.12), 查询: 0.00 qps (平均: 1.09)
[延迟] 平均: 0.00 ms, P50: 0.00 ms, P90: 0.00 ms, P95: 0.00 ms, P99: 0.00 ms
[统计] 消息总数: 3225, 查询总数: 218
[2026-06-01 10:32:32] 运行时长: 3m30s
[吞吐量] 消息: 0.00 msg/s (平均: 15.35), 查询: 0.00 qps (平均: 1.04)
[延迟] 平均: 0.00 ms, P50: 0.00 ms, P90: 0.00 ms, P95: 0.00 ms, P99: 0.00 ms
[统计] 消息总数: 3225, 查询总数: 218
[2026-06-01 10:32:42] 运行时长: 3m40s
[吞吐量] 消息: 0.00 msg/s (平均: 14.65), 查询: 0.00 qps (平均: 0.99)
[延迟] 平均: 0.00 ms, P50: 0.00 ms, P90: 0.00 ms, P95: 0.00 ms, P99: 0.00 ms
[统计] 消息总数: 3225, 查询总数: 218
[2026-06-01 10:32:52] 运行时长: 3m50s
[吞吐量] 消息: 0.00 msg/s (平均: 14.02), 查询: 0.00 qps (平均: 0.95)
[延迟] 平均: 0.00 ms, P50: 0.00 ms, P90: 0.00 ms, P95: 0.00 ms, P99: 0.00 ms
[统计] 消息总数: 3225, 查询总数: 218
[2026-06-01 10:33:02] 运行时长: 4m0s
[吞吐量] 消息: 0.00 msg/s (平均: 13.43), 查询: 0.00 qps (平均: 0.91)
[延迟] 平均: 0.00 ms, P50: 0.00 ms, P90: 0.00 ms, P95: 0.00 ms, P99: 0.00 ms
[统计] 消息总数: 3225, 查询总数: 218
[2026-06-01 10:33:12] 运行时长: 4m10s
[吞吐量] 消息: 0.00 msg/s (平均: 12.89), 查询: 0.00 qps (平均: 0.87)
[延迟] 平均: 0.00 ms, P50: 0.00 ms, P90: 0.00 ms, P95: 0.00 ms, P99: 0.00 ms
[统计] 消息总数: 3225, 查询总数: 218
[2026-06-01 10:33:22] 运行时长: 4m20s
[吞吐量] 消息: 0.00 msg/s (平均: 12.40), 查询: 0.00 qps (平均: 0.84)
[延迟] 平均: 0.00 ms, P50: 0.00 ms, P90: 0.00 ms, P95: 0.00 ms, P99: 0.00 ms
[统计] 消息总数: 3225, 查询总数: 218
[2026-06-01 10:33:32] 运行时长: 4m30s
[吞吐量] 消息: 0.00 msg/s (平均: 11.94), 查询: 0.00 qps (平均: 0.81)
[延迟] 平均: 0.00 ms, P50: 0.00 ms, P90: 0.00 ms, P95: 0.00 ms, P99: 0.00 ms
[统计] 消息总数: 3225, 查询总数: 218
[2026-06-01 10:33:42] 运行时长: 4m40s
[吞吐量] 消息: 0.00 msg/s (平均: 11.51), 查询: 0.00 qps (平均: 0.78)
[延迟] 平均: 0.00 ms, P50: 0.00 ms, P90: 0.00 ms, P95: 0.00 ms, P99: 0.00 ms
[统计] 消息总数: 3225, 查询总数: 218
[2026-06-01 10:33:52] 运行时长: 4m50s
[吞吐量] 消息: 0.00 msg/s (平均: 11.12), 查询: 0.00 qps (平均: 0.75)
[延迟] 平均: 0.00 ms, P50: 0.00 ms, P90: 0.00 ms, P95: 0.00 ms, P99: 0.00 ms
[统计] 消息总数: 3225, 查询总数: 218
[2026-06-01 10:34:02] 运行时长: 5m0s
[吞吐量] 消息: 0.00 msg/s (平均: 10.75), 查询: 0.00 qps (平均: 0.73)
[延迟] 平均: 0.00 ms, P50: 0.00 ms, P90: 0.00 ms, P95: 0.00 ms, P99: 0.00 ms
[统计] 消息总数: 3225, 查询总数: 218
[2026-06-01 10:34:12] 运行时长: 5m10s
[吞吐量] 消息: 0.00 msg/s (平均: 10.40), 查询: 0.00 qps (平均: 0.70)
[延迟] 平均: 0.00 ms, P50: 0.00 ms, P90: 0.00 ms, P95: 0.00 ms, P99: 0.00 ms
[统计] 消息总数: 3225, 查询总数: 218
[2026-06-01 10:34:22] 运行时长: 5m20s
[吞吐量] 消息: 0.00 msg/s (平均: 10.07), 查询: 0.00 qps (平均: 0.68)
[延迟] 平均: 0.00 ms, P50: 0.00 ms, P90: 0.00 ms, P95: 0.00 ms, P99: 0.00 ms
[统计] 消息总数: 3225, 查询总数: 218
[2026-06-01 10:34:32] 运行时长: 5m30s
[吞吐量] 消息: 0.00 msg/s (平均: 9.77), 查询: 0.00 qps (平均: 0.66)
[延迟] 平均: 0.00 ms, P50: 0.00 ms, P90: 0.00 ms, P95: 0.00 ms, P99: 0.00 ms
[统计] 消息总数: 3225, 查询总数: 218
[2026-06-01 10:34:42] 运行时长: 5m40s
[吞吐量] 消息: 0.00 msg/s (平均: 9.48), 查询: 0.00 qps (平均: 0.64)
[延迟] 平均: 0.00 ms, P50: 0.00 ms, P90: 0.00 ms, P95: 0.00 ms, P99: 0.00 ms
[统计] 消息总数: 3225, 查询总数: 218
[2026-06-01 10:34:52] 运行时长: 5m50s
[吞吐量] 消息: 0.00 msg/s (平均: 9.21), 查询: 0.00 qps (平均: 0.62)
[延迟] 平均: 0.00 ms, P50: 0.00 ms, P90: 0.00 ms, P95: 0.00 ms, P99: 0.00 ms
[统计] 消息总数: 3225, 查询总数: 218
[2026-06-01 10:35:02] 运行时长: 6m0s
[吞吐量] 消息: 0.00 msg/s (平均: 8.95), 查询: 0.00 qps (平均: 0.61)
[延迟] 平均: 0.00 ms, P50: 0.00 ms, P90: 0.00 ms, P95: 0.00 ms, P99: 0.00 ms
[统计] 消息总数: 3225, 查询总数: 218
[2026-06-01 10:35:12] 运行时长: 6m10s
[吞吐量] 消息: 0.00 msg/s (平均: 8.71), 查询: 0.00 qps (平均: 0.59)
[延迟] 平均: 0.00 ms, P50: 0.00 ms, P90: 0.00 ms, P95: 0.00 ms, P99: 0.00 ms
[统计] 消息总数: 3225, 查询总数: 218
[2026-06-01 10:35:22] 运行时长: 6m20s
[吞吐量] 消息: 0.00 msg/s (平均: 8.48), 查询: 0.00 qps (平均: 0.57)
[延迟] 平均: 0.00 ms, P50: 0.00 ms, P90: 0.00 ms, P95: 0.00 ms, P99: 0.00 ms
[统计] 消息总数: 3225, 查询总数: 218
[2026-06-01 10:35:32] 运行时长: 6m30s
[吞吐量] 消息: 0.00 msg/s (平均: 8.27), 查询: 0.00 qps (平均: 0.56)
[延迟] 平均: 0.00 ms, P50: 0.00 ms, P90: 0.00 ms, P95: 0.00 ms, P99: 0.00 ms
[统计] 消息总数: 3225, 查询总数: 218
[2026-06-01 10:35:42] 运行时长: 6m40s
[吞吐量] 消息: 0.00 msg/s (平均: 8.06), 查询: 0.00 qps (平均: 0.54)
[延迟] 平均: 0.00 ms, P50: 0.00 ms, P90: 0.00 ms, P95: 0.00 ms, P99: 0.00 ms
[统计] 消息总数: 3225, 查询总数: 218
[2026-06-01 10:35:52] 运行时长: 6m50s
[吞吐量] 消息: 0.00 msg/s (平均: 7.86), 查询: 0.00 qps (平均: 0.53)
[延迟] 平均: 0.00 ms, P50: 0.00 ms, P90: 0.00 ms, P95: 0.00 ms, P99: 0.00 ms
[统计] 消息总数: 3225, 查询总数: 218
[2026-06-01 10:36:02] 运行时长: 7m0s
[吞吐量] 消息: 0.00 msg/s (平均: 7.68), 查询: 0.00 qps (平均: 0.52)
[延迟] 平均: 0.00 ms, P50: 0.00 ms, P90: 0.00 ms, P95: 0.00 ms, P99: 0.00 ms
[统计] 消息总数: 3225, 查询总数: 218
[2026-06-01 10:36:12] 运行时长: 7m10s
[吞吐量] 消息: 0.00 msg/s (平均: 7.50), 查询: 0.00 qps (平均: 0.51)
[延迟] 平均: 0.00 ms, P50: 0.00 ms, P90: 0.00 ms, P95: 0.00 ms, P99: 0.00 ms
[统计] 消息总数: 3225, 查询总数: 218
[2026-06-01 10:36:22] 运行时长: 7m20s
[吞吐量] 消息: 0.00 msg/s (平均: 7.33), 查询: 0.00 qps (平均: 0.50)
[延迟] 平均: 0.00 ms, P50: 0.00 ms, P90: 0.00 ms, P95: 0.00 ms, P99: 0.00 ms
[统计] 消息总数: 3225, 查询总数: 218
[2026-06-01 10:36:32] 运行时长: 7m30s
[吞吐量] 消息: 0.00 msg/s (平均: 7.16), 查询: 0.00 qps (平均: 0.48)
[延迟] 平均: 0.00 ms, P50: 0.00 ms, P90: 0.00 ms, P95: 0.00 ms, P99: 0.00 ms
[统计] 消息总数: 3225, 查询总数: 218
[2026-06-01 10:36:42] 运行时长: 7m40s
[吞吐量] 消息: 0.00 msg/s (平均: 7.01), 查询: 0.00 qps (平均: 0.47)
[延迟] 平均: 0.00 ms, P50: 0.00 ms, P90: 0.00 ms, P95: 0.00 ms, P99: 0.00 ms
[统计] 消息总数: 3225, 查询总数: 218
[2026-06-01 10:36:52] 运行时长: 7m50s
[吞吐量] 消息: 0.00 msg/s (平均: 6.86), 查询: 0.00 qps (平均: 0.46)
[延迟] 平均: 0.00 ms, P50: 0.00 ms, P90: 0.00 ms, P95: 0.00 ms, P99: 0.00 ms
[统计] 消息总数: 3225, 查询总数: 218
[2026-06-01 10:37:02] 运行时长: 8m0s
[吞吐量] 消息: 0.00 msg/s (平均: 6.72), 查询: 0.00 qps (平均: 0.45)
[延迟] 平均: 0.00 ms, P50: 0.00 ms, P90: 0.00 ms, P95: 0.00 ms, P99: 0.00 ms
[统计] 消息总数: 3225, 查询总数: 218
[2026-06-01 10:37:12] 运行时长: 8m10s
[吞吐量] 消息: 0.00 msg/s (平均: 6.58), 查询: 0.00 qps (平均: 0.44)
[延迟] 平均: 0.00 ms, P50: 0.00 ms, P90: 0.00 ms, P95: 0.00 ms, P99: 0.00 ms
[统计] 消息总数: 3225, 查询总数: 218
[2026-06-01 10:37:22] 运行时长: 8m20s
[吞吐量] 消息: 0.00 msg/s (平均: 6.45), 查询: 0.00 qps (平均: 0.44)
[延迟] 平均: 0.00 ms, P50: 0.00 ms, P90: 0.00 ms, P95: 0.00 ms, P99: 0.00 ms
[统计] 消息总数: 3225, 查询总数: 218
[2026-06-01 10:37:32] 运行时长: 8m30s
[吞吐量] 消息: 0.00 msg/s (平均: 6.32), 查询: 0.00 qps (平均: 0.43)
[延迟] 平均: 0.00 ms, P50: 0.00 ms, P90: 0.00 ms, P95: 0.00 ms, P99: 0.00 ms
[统计] 消息总数: 3225, 查询总数: 218
[2026-06-01 10:37:42] 运行时长: 8m40s
[吞吐量] 消息: 0.00 msg/s (平均: 6.20), 查询: 0.00 qps (平均: 0.42)
[延迟] 平均: 0.00 ms, P50: 0.00 ms, P90: 0.00 ms, P95: 0.00 ms, P99: 0.00 ms
[统计] 消息总数: 3225, 查询总数: 218
[2026-06-01 10:37:53] 运行时长: 8m50s
[吞吐量] 消息: 0.00 msg/s (平均: 6.08), 查询: 0.00 qps (平均: 0.41)
[延迟] 平均: 0.00 ms, P50: 0.00 ms, P90: 0.00 ms, P95: 0.00 ms, P99: 0.00 ms
[统计] 消息总数: 3225, 查询总数: 218
[2026-06-01 10:38:03] 运行时长: 9m0s
[吞吐量] 消息: 0.00 msg/s (平均: 5.97), 查询: 0.00 qps (平均: 0.40)
[延迟] 平均: 0.00 ms, P50: 0.00 ms, P90: 0.00 ms, P95: 0.00 ms, P99: 0.00 ms
[统计] 消息总数: 3225, 查询总数: 218
[2026-06-01 10:38:13] 运行时长: 9m10s
[吞吐量] 消息: 0.00 msg/s (平均: 5.86), 查询: 0.00 qps (平均: 0.40)
[延迟] 平均: 0.00 ms, P50: 0.00 ms, P90: 0.00 ms, P95: 0.00 ms, P99: 0.00 ms
[统计] 消息总数: 3225, 查询总数: 218
[2026-06-01 10:38:23] 运行时长: 9m20s
[吞吐量] 消息: 0.00 msg/s (平均: 5.76), 查询: 0.00 qps (平均: 0.39)
[延迟] 平均: 0.00 ms, P50: 0.00 ms, P90: 0.00 ms, P95: 0.00 ms, P99: 0.00 ms
[统计] 消息总数: 3225, 查询总数: 218
[2026-06-01 10:38:33] 运行时长: 9m30s
[吞吐量] 消息: 0.00 msg/s (平均: 5.66), 查询: 0.00 qps (平均: 0.38)
[延迟] 平均: 0.00 ms, P50: 0.00 ms, P90: 0.00 ms, P95: 0.00 ms, P99: 0.00 ms
[统计] 消息总数: 3225, 查询总数: 218
[2026-06-01 10:38:43] 运行时长: 9m40s
[吞吐量] 消息: 0.00 msg/s (平均: 5.56), 查询: 0.00 qps (平均: 0.38)
[延迟] 平均: 0.00 ms, P50: 0.00 ms, P90: 0.00 ms, P95: 0.00 ms, P99: 0.00 ms
[统计] 消息总数: 3225, 查询总数: 218
[2026-06-01 10:38:53] 运行时长: 9m50s
[吞吐量] 消息: 0.00 msg/s (平均: 5.46), 查询: 0.00 qps (平均: 0.37)
[延迟] 平均: 0.00 ms, P50: 0.00 ms, P90: 0.00 ms, P95: 0.00 ms, P99: 0.00 ms
[统计] 消息总数: 3225, 查询总数: 218
[2026-06-01 10:39:03] 运行时长: 10m0s
[吞吐量] 消息: 0.00 msg/s (平均: 5.37), 查询: 0.00 qps (平均: 0.36)
[延迟] 平均: 0.00 ms, P50: 0.00 ms, P90: 0.00 ms, P95: 0.00 ms, P99: 0.00 ms
[统计] 消息总数: 3225, 查询总数: 218
[2026-06-01 10:39:13] 运行时长: 10m10s
[吞吐量] 消息: 0.00 msg/s (平均: 5.28), 查询: 0.00 qps (平均: 0.36)
[延迟] 平均: 0.00 ms, P50: 0.00 ms, P90: 0.00 ms, P95: 0.00 ms, P99: 0.00 ms
[统计] 消息总数: 3225, 查询总数: 218
[2026-06-01 10:39:23] 运行时长: 10m20s
[吞吐量] 消息: 0.00 msg/s (平均: 5.20), 查询: 0.00 qps (平均: 0.35)
[延迟] 平均: 0.00 ms, P50: 0.00 ms, P90: 0.00 ms, P95: 0.00 ms, P99: 0.00 ms
[统计] 消息总数: 3225, 查询总数: 218
[2026-06-01 10:39:33] 运行时长: 10m30s
[吞吐量] 消息: 0.00 msg/s (平均: 5.12), 查询: 0.00 qps (平均: 0.35)
[延迟] 平均: 0.00 ms, P50: 0.00 ms, P90: 0.00 ms, P95: 0.00 ms, P99: 0.00 ms
[统计] 消息总数: 3225, 查询总数: 218
[2026-06-01 10:39:43] 运行时长: 10m40s
[吞吐量] 消息: 0.00 msg/s (平均: 5.04), 查询: 0.00 qps (平均: 0.34)
[延迟] 平均: 0.00 ms, P50: 0.00 ms, P90: 0.00 ms, P95: 0.00 ms, P99: 0.00 ms
[统计] 消息总数: 3225, 查询总数: 218
[2026-06-01 10:39:53] 运行时长: 10m50s
[吞吐量] 消息: 0.00 msg/s (平均: 4.96), 查询: 0.00 qps (平均: 0.34)
[延迟] 平均: 0.00 ms, P50: 0.00 ms, P90: 0.00 ms, P95: 0.00 ms, P99: 0.00 ms
[统计] 消息总数: 3225, 查询总数: 218
[2026-06-01 10:40:03] 运行时长: 11m0s
[吞吐量] 消息: 0.00 msg/s (平均: 4.88), 查询: 0.00 qps (平均: 0.33)
[延迟] 平均: 0.00 ms, P50: 0.00 ms, P90: 0.00 ms, P95: 0.00 ms, P99: 0.00 ms
[统计] 消息总数: 3225, 查询总数: 218
[2026-06-01 10:40:13] 运行时长: 11m10s
[吞吐量] 消息: 0.00 msg/s (平均: 4.81), 查询: 0.00 qps (平均: 0.33)
[延迟] 平均: 0.00 ms, P50: 0.00 ms, P90: 0.00 ms, P95: 0.00 ms, P99: 0.00 ms
[统计] 消息总数: 3225, 查询总数: 218
[2026-06-01 10:40:23] 运行时长: 11m20s
[吞吐量] 消息: 0.00 msg/s (平均: 4.74), 查询: 0.00 qps (平均: 0.32)
[延迟] 平均: 0.00 ms, P50: 0.00 ms, P90: 0.00 ms, P95: 0.00 ms, P99: 0.00 ms
[统计] 消息总数: 3225, 查询总数: 218
[2026-06-01 10:40:33] 运行时长: 11m30s
[吞吐量] 消息: 0.00 msg/s (平均: 4.67), 查询: 0.00 qps (平均: 0.32)
[延迟] 平均: 0.00 ms, P50: 0.00 ms, P90: 0.00 ms, P95: 0.00 ms, P99: 0.00 ms
[统计] 消息总数: 3225, 查询总数: 218
[2026-06-01 10:40:43] 运行时长: 11m40s
[吞吐量] 消息: 0.00 msg/s (平均: 4.60), 查询: 0.00 qps (平均: 0.31)
[延迟] 平均: 0.00 ms, P50: 0.00 ms, P90: 0.00 ms, P95: 0.00 ms, P99: 0.00 ms
[统计] 消息总数: 3225, 查询总数: 218
[2026-06-01 10:40:53] 运行时长: 11m50s
[吞吐量] 消息: 0.00 msg/s (平均: 4.54), 查询: 0.00 qps (平均: 0.31)
[延迟] 平均: 0.00 ms, P50: 0.00 ms, P90: 0.00 ms, P95: 0.00 ms, P99: 0.00 ms
[统计] 消息总数: 3225, 查询总数: 218
[2026-06-01 10:41:03] 运行时长: 12m0s
[吞吐量] 消息: 0.00 msg/s (平均: 4.48), 查询: 0.00 qps (平均: 0.30)
[延迟] 平均: 0.00 ms, P50: 0.00 ms, P90: 0.00 ms, P95: 0.00 ms, P99: 0.00 ms
[统计] 消息总数: 3225, 查询总数: 218
[2026-06-01 10:41:13] 运行时长: 12m10s
[吞吐量] 消息: 0.00 msg/s (平均: 4.42), 查询: 0.00 qps (平均: 0.30)
[延迟] 平均: 0.00 ms, P50: 0.00 ms, P90: 0.00 ms, P95: 0.00 ms, P99: 0.00 ms
[统计] 消息总数: 3225, 查询总数: 218
[2026-06-01 10:41:23] 运行时长: 12m20s
[吞吐量] 消息: 0.00 msg/s (平均: 4.36), 查询: 0.00 qps (平均: 0.29)
[延迟] 平均: 0.00 ms, P50: 0.00 ms, P90: 0.00 ms, P95: 0.00 ms, P99: 0.00 ms
[统计] 消息总数: 3225, 查询总数: 218
[2026-06-01 10:41:33] 运行时长: 12m30s
[吞吐量] 消息: 0.00 msg/s (平均: 4.30), 查询: 0.00 qps (平均: 0.29)
[延迟] 平均: 0.00 ms, P50: 0.00 ms, P90: 0.00 ms, P95: 0.00 ms, P99: 0.00 ms
[统计] 消息总数: 3225, 查询总数: 218
[2026-06-01 10:41:43] 运行时长: 12m40s
[吞吐量] 消息: 0.00 msg/s (平均: 4.24), 查询: 0.00 qps (平均: 0.29)
[延迟] 平均: 0.00 ms, P50: 0.00 ms, P90: 0.00 ms, P95: 0.00 ms, P99: 0.00 ms
[统计] 消息总数: 3225, 查询总数: 218
[2026-06-01 10:41:53] 运行时长: 12m50s
[吞吐量] 消息: 0.00 msg/s (平均: 4.19), 查询: 0.00 qps (平均: 0.28)
[延迟] 平均: 0.00 ms, P50: 0.00 ms, P90: 0.00 ms, P95: 0.00 ms, P99: 0.00 ms
[统计] 消息总数: 3225, 查询总数: 218
[2026-06-01 10:42:03] 运行时长: 13m0s
[吞吐量] 消息: 0.00 msg/s (平均: 4.13), 查询: 0.00 qps (平均: 0.28)
[延迟] 平均: 0.00 ms, P50: 0.00 ms, P90: 0.00 ms, P95: 0.00 ms, P99: 0.00 ms
[统计] 消息总数: 3225, 查询总数: 218
[2026-06-01 10:42:13] 运行时长: 13m10s
[吞吐量] 消息: 0.00 msg/s (平均: 4.08), 查询: 0.00 qps (平均: 0.28)
[延迟] 平均: 0.00 ms, P50: 0.00 ms, P90: 0.00 ms, P95: 0.00 ms, P99: 0.00 ms
[统计] 消息总数: 3225, 查询总数: 218
[2026-06-01 10:42:23] 运行时长: 13m20s
[吞吐量] 消息: 0.00 msg/s (平均: 4.03), 查询: 0.00 qps (平均: 0.27)
[延迟] 平均: 0.00 ms, P50: 0.00 ms, P90: 0.00 ms, P95: 0.00 ms, P99: 0.00 ms
[统计] 消息总数: 3225, 查询总数: 218
[2026-06-01 10:42:33] 运行时长: 13m30s
[吞吐量] 消息: 0.00 msg/s (平均: 3.98), 查询: 0.00 qps (平均: 0.27)
[延迟] 平均: 0.00 ms, P50: 0.00 ms, P90: 0.00 ms, P95: 0.00 ms, P99: 0.00 ms
[统计] 消息总数: 3225, 查询总数: 218
[2026-06-01 10:42:43] 运行时长: 13m40s
[吞吐量] 消息: 0.00 msg/s (平均: 3.93), 查询: 0.00 qps (平均: 0.27)
[延迟] 平均: 0.00 ms, P50: 0.00 ms, P90: 0.00 ms, P95: 0.00 ms, P99: 0.00 ms
[统计] 消息总数: 3225, 查询总数: 218
[2026-06-01 10:42:53] 运行时长: 13m50s
[吞吐量] 消息: 0.00 msg/s (平均: 3.88), 查询: 0.00 qps (平均: 0.26)
[延迟] 平均: 0.00 ms, P50: 0.00 ms, P90: 0.00 ms, P95: 0.00 ms, P99: 0.00 ms
[统计] 消息总数: 3225, 查询总数: 218
[2026-06-01 10:43:03] 运行时长: 14m0s
[吞吐量] 消息: 0.00 msg/s (平均: 3.84), 查询: 0.00 qps (平均: 0.26)
[延迟] 平均: 0.00 ms, P50: 0.00 ms, P90: 0.00 ms, P95: 0.00 ms, P99: 0.00 ms
[统计] 消息总数: 3225, 查询总数: 218
[2026-06-01 10:43:13] 运行时长: 14m10s
[吞吐量] 消息: 0.00 msg/s (平均: 3.79), 查询: 0.00 qps (平均: 0.26)
[延迟] 平均: 0.00 ms, P50: 0.00 ms, P90: 0.00 ms, P95: 0.00 ms, P99: 0.00 ms
[统计] 消息总数: 3225, 查询总数: 218
[2026-06-01 10:43:23] 运行时长: 14m20s
[吞吐量] 消息: 0.00 msg/s (平均: 3.75), 查询: 0.00 qps (平均: 0.25)
[延迟] 平均: 0.00 ms, P50: 0.00 ms, P90: 0.00 ms, P95: 0.00 ms, P99: 0.00 ms
[统计] 消息总数: 3225, 查询总数: 218
[2026-06-01 10:43:33] 运行时长: 14m30s
[吞吐量] 消息: 0.00 msg/s (平均: 3.71), 查询: 0.00 qps (平均: 0.25)
[延迟] 平均: 0.00 ms, P50: 0.00 ms, P90: 0.00 ms, P95: 0.00 ms, P99: 0.00 ms
[统计] 消息总数: 3225, 查询总数: 218
[2026-06-01 10:43:43] 运行时长: 14m40s
[吞吐量] 消息: 0.00 msg/s (平均: 3.66), 查询: 0.00 qps (平均: 0.25)
[延迟] 平均: 0.00 ms, P50: 0.00 ms, P90: 0.00 ms, P95: 0.00 ms, P99: 0.00 ms
[统计] 消息总数: 3225, 查询总数: 218
[2026-06-01 10:43:53] 运行时长: 14m50s
[吞吐量] 消息: 0.00 msg/s (平均: 3.62), 查询: 0.00 qps (平均: 0.24)
[延迟] 平均: 0.00 ms, P50: 0.00 ms, P90: 0.00 ms, P95: 0.00 ms, P99: 0.00 ms
[统计] 消息总数: 3225, 查询总数: 218
[2026-06-01 10:44:03] 运行时长: 15m0s
[吞吐量] 消息: 0.00 msg/s (平均: 3.58), 查询: 0.00 qps (平均: 0.24)
[延迟] 平均: 0.00 ms, P50: 0.00 ms, P90: 0.00 ms, P95: 0.00 ms, P99: 0.00 ms
[统计] 消息总数: 3225, 查询总数: 218
[2026-06-01 10:44:13] 运行时长: 15m10s
[吞吐量] 消息: 0.00 msg/s (平均: 3.54), 查询: 0.00 qps (平均: 0.24)
[延迟] 平均: 0.00 ms, P50: 0.00 ms, P90: 0.00 ms, P95: 0.00 ms, P99: 0.00 ms
[统计] 消息总数: 3225, 查询总数: 218
[2026-06-01 10:44:23] 运行时长: 15m20s
[吞吐量] 消息: 0.00 msg/s (平均: 3.50), 查询: 0.00 qps (平均: 0.24)
[延迟] 平均: 0.00 ms, P50: 0.00 ms, P90: 0.00 ms, P95: 0.00 ms, P99: 0.00 ms
[统计] 消息总数: 3225, 查询总数: 218
[2026-06-01 10:44:33] 运行时长: 15m30s
[吞吐量] 消息: 0.00 msg/s (平均: 3.47), 查询: 0.00 qps (平均: 0.23)
[延迟] 平均: 0.00 ms, P50: 0.00 ms, P90: 0.00 ms, P95: 0.00 ms, P99: 0.00 ms
[统计] 消息总数: 3225, 查询总数: 218
[2026-06-01 10:44:43] 运行时长: 15m40s
[吞吐量] 消息: 0.00 msg/s (平均: 3.43), 查询: 0.00 qps (平均: 0.23)
[延迟] 平均: 0.00 ms, P50: 0.00 ms, P90: 0.00 ms, P95: 0.00 ms, P99: 0.00 ms
[统计] 消息总数: 3225, 查询总数: 218
[2026-06-01 10:44:53] 运行时长: 15m50s
[吞吐量] 消息: 0.00 msg/s (平均: 3.39), 查询: 0.00 qps (平均: 0.23)
[延迟] 平均: 0.00 ms, P50: 0.00 ms, P90: 0.00 ms, P95: 0.00 ms, P99: 0.00 ms
[统计] 消息总数: 3225, 查询总数: 218
[2026-06-01 10:45:03] 运行时长: 16m0s
[吞吐量] 消息: 0.00 msg/s (平均: 3.36), 查询: 0.00 qps (平均: 0.23)
[延迟] 平均: 0.00 ms, P50: 0.00 ms, P90: 0.00 ms, P95: 0.00 ms, P99: 0.00 ms
[统计] 消息总数: 3225, 查询总数: 218
[2026-06-01 10:45:13] 运行时长: 16m10s
[吞吐量] 消息: 0.00 msg/s (平均: 3.32), 查询: 0.00 qps (平均: 0.22)
[延迟] 平均: 0.00 ms, P50: 0.00 ms, P90: 0.00 ms, P95: 0.00 ms, P99: 0.00 ms
[统计] 消息总数: 3225, 查询总数: 218
[2026-06-01 10:45:23] 运行时长: 16m20s
[吞吐量] 消息: 0.00 msg/s (平均: 3.29), 查询: 0.00 qps (平均: 0.22)
[延迟] 平均: 0.00 ms, P50: 0.00 ms, P90: 0.00 ms, P95: 0.00 ms, P99: 0.00 ms
[统计] 消息总数: 3225, 查询总数: 218
[2026-06-01 10:45:33] 运行时长: 16m30s
[吞吐量] 消息: 0.00 msg/s (平均: 3.26), 查询: 0.00 qps (平均: 0.22)
[延迟] 平均: 0.00 ms, P50: 0.00 ms, P90: 0.00 ms, P95: 0.00 ms, P99: 0.00 ms
[统计] 消息总数: 3225, 查询总数: 218
[2026-06-01 10:45:43] 运行时长: 16m40s
[吞吐量] 消息: 0.00 msg/s (平均: 3.22), 查询: 0.00 qps (平均: 0.22)
[延迟] 平均: 0.00 ms, P50: 0.00 ms, P90: 0.00 ms, P95: 0.00 ms, P99: 0.00 ms
[统计] 消息总数: 3225, 查询总数: 218
[2026-06-01 10:45:53] 运行时长: 16m50s
[吞吐量] 消息: 0.00 msg/s (平均: 3.19), 查询: 0.00 qps (平均: 0.22)
[延迟] 平均: 0.00 ms, P50: 0.00 ms, P90: 0.00 ms, P95: 0.00 ms, P99: 0.00 ms
[统计] 消息总数: 3225, 查询总数: 218
[2026-06-01 10:46:03] 运行时长: 17m0s
[吞吐量] 消息: 0.00 msg/s (平均: 3.16), 查询: 0.00 qps (平均: 0.21)
[延迟] 平均: 0.00 ms, P50: 0.00 ms, P90: 0.00 ms, P95: 0.00 ms, P99: 0.00 ms
[统计] 消息总数: 3225, 查询总数: 218
[2026-06-01 10:46:13] 运行时长: 17m10s
[吞吐量] 消息: 0.00 msg/s (平均: 3.13), 查询: 0.00 qps (平均: 0.21)
[延迟] 平均: 0.00 ms, P50: 0.00 ms, P90: 0.00 ms, P95: 0.00 ms, P99: 0.00 ms
[统计] 消息总数: 3225, 查询总数: 218
[2026-06-01 10:46:23] 运行时长: 17m20s
[吞吐量] 消息: 0.00 msg/s (平均: 3.10), 查询: 0.00 qps (平均: 0.21)
[延迟] 平均: 0.00 ms, P50: 0.00 ms, P90: 0.00 ms, P95: 0.00 ms, P99: 0.00 ms
[统计] 消息总数: 3225, 查询总数: 218
[2026-06-01 10:46:33] 运行时长: 17m30s
[吞吐量] 消息: 0.00 msg/s (平均: 3.07), 查询: 0.00 qps (平均: 0.21)
[延迟] 平均: 0.00 ms, P50: 0.00 ms, P90: 0.00 ms, P95: 0.00 ms, P99: 0.00 ms
[统计] 消息总数: 3225, 查询总数: 218
[2026-06-01 10:46:43] 运行时长: 17m40s
[吞吐量] 消息: 0.00 msg/s (平均: 3.04), 查询: 0.00 qps (平均: 0.21)
[延迟] 平均: 0.00 ms, P50: 0.00 ms, P90: 0.00 ms, P95: 0.00 ms, P99: 0.00 ms
[统计] 消息总数: 3225, 查询总数: 218
[2026-06-01 10:46:53] 运行时长: 17m50s
[吞吐量] 消息: 0.00 msg/s (平均: 3.01), 查询: 0.00 qps (平均: 0.20)
[延迟] 平均: 0.00 ms, P50: 0.00 ms, P90: 0.00 ms, P95: 0.00 ms, P99: 0.00 ms
[统计] 消息总数: 3225, 查询总数: 218
[2026-06-01 10:47:03] 运行时长: 18m0s
[吞吐量] 消息: 0.00 msg/s (平均: 2.98), 查询: 0.00 qps (平均: 0.20)
[延迟] 平均: 0.00 ms, P50: 0.00 ms, P90: 0.00 ms, P95: 0.00 ms, P99: 0.00 ms
[统计] 消息总数: 3225, 查询总数: 218
