[2026-06-01 10:29:00] [query_consumer] 已连接到中间件 127.0.0.1:5001
[2026-06-01 10:29:00] [query_consumer] 已订阅主题: query/request
[2026-06-01 10:29:00] [query_consumer] 已存在连接，跳过连接建立
[2026-06-01 10:29:00] [query_consumer] 已存在连接，跳过连接建立
[2026-06-01 10:29:00] [query_consumer] 主题 query/request 已订阅，跳过重复订阅
[2026-06-01 10:29:00] [query_consumer] 开始接收消息...
[2026-06-01 10:29:00] [query_consumer] 消息监听线程已启动
[2026-06-01 10:29:02] [query_consumer] 已连接到中间件 127.0.0.1:5001
[2026-06-01 10:29:02] [query_consumer] 已订阅主题: query/request
[2026-06-01 10:29:02] [query_consumer] 已存在连接，跳过连接建立
[2026-06-01 10:29:02] [query_consumer] 已存在连接，跳过连接建立
[2026-06-01 10:29:02] [query_consumer] 主题 query/request 已订阅，跳过重复订阅
[2026-06-01 10:29:02] [query_consumer] 开始接收消息...
[2026-06-01 10:29:02] [query_consumer] 消息监听线程已启动
[2026-06-01 10:29:06] [query_consumer] 接收到消息 - 主题: query/request
[2026-06-01 10:29:06] [QueryConsumer] 处理查询请求 - ID: 1780280946.5917714, 类型: get_note
[2026-06-01 10:29:06] [QueryConsumer] 查询完成 - ID: 1780280946.5917714, 状态: success
[2026-06-01 10:29:06] [query_consumer] 接收到消息 - 主题: query/request
[2026-06-01 10:29:06] [QueryConsumer] 处理查询请求 - ID: 1780280946.7076206, 类型: get_comments
[2026-06-01 10:29:06] [QueryConsumer] 查询完成 - ID: 1780280946.7076206, 状态: success
[2026-06-01 10:29:06] [query_consumer] 接收到消息 - 主题: query/request
[2026-06-01 10:29:06] [QueryConsumer] 处理查询请求 - ID: 1780280946.8129828, 类型: get_like_count
[2026-06-01 10:29:06] [QueryConsumer] 查询完成 - ID: 1780280946.8129828, 状态: success
[2026-06-01 10:29:17] [query_consumer] 接收到消息 - 主题: query/request
[2026-06-01 10:29:17] [QueryConsumer] 处理查询请求 - ID: 1780280957.3525376, 类型: get_notes
[2026-06-01 10:29:17] [QueryConsumer] 查询完成 - ID: 1780280957.3525376, 状态: success
[2026-06-01 10:29:17] [query_consumer] 接收到消息 - 主题: query/request
[2026-06-01 10:29:17] [QueryConsumer] 处理查询请求 - ID: 1780280957.5045419, 类型: get_notes
[2026-06-01 10:29:17] [QueryConsumer] 查询完成 - ID: 1780280957.5045419, 状态: success
[2026-06-01 10:29:17] [query_consumer] 接收到消息 - 主题: query/request
[2026-06-01 10:29:17] [QueryConsumer] 处理查询请求 - ID: 1780280957.625597, 类型: get_notes
[2026-06-01 10:29:17] [QueryConsumer] 查询完成 - ID: 1780280957.625597, 状态: success
[2026-06-01 10:29:17] [query_consumer] 接收到消息 - 主题: query/request
[2026-06-01 10:29:17] [QueryConsumer] 处理查询请求 - ID: 1780280957.7485602, 类型: get_notes
[2026-06-01 10:29:17] [QueryConsumer] 查询完成 - ID: 1780280957.7485602, 状态: success
[2026-06-01 10:29:17] [query_consumer] 接收到消息 - 主题: query/request
[2026-06-01 10:29:17] [QueryConsumer] 处理查询请求 - ID: 1780280957.8554082, 类型: get_notes
[2026-06-01 10:29:17] [QueryConsumer] 查询完成 - ID: 1780280957.8554082, 状态: success
[2026-06-01 10:29:18] [query_consumer] 接收到消息 - 主题: query/request
[2026-06-01 10:29:18] [QueryConsumer] 处理查询请求 - ID: 1780280957.9827425, 类型: get_notes
[2026-06-01 10:29:18] [QueryConsumer] 查询完成 - ID: 1780280957.9827425, 状态: success
[2026-06-01 10:29:18] [query_consumer] 接收到消息 - 主题: query/request
[2026-06-01 10:29:18] [QueryConsumer] 处理查询请求 - ID: 1780280958.2006958, 类型: get_notes
[2026-06-01 10:29:18] [QueryConsumer] 查询完成 - ID: 1780280958.2006958, 状态: success
[2026-06-01 10:29:30] [query_consumer] 接收到消息 - 主题: query/request
[2026-06-01 10:29:30] [QueryConsumer] 处理查询请求 - ID: 1780280970.800543, 类型: get_notes
[2026-06-01 10:29:30] [QueryConsumer] 查询完成 - ID: 1780280970.800543, 状态: success
[2026-06-01 10:29:30] [query_consumer] 接收到消息 - 主题: query/request
[2026-06-01 10:29:30] [QueryConsumer] 处理查询请求 - ID: 1780280970.9211764, 类型: get_note
[2026-06-01 10:29:30] [QueryConsumer] 查询完成 - ID: 1780280970.9211764, 状态: success
[2026-06-01 10:29:31] [query_consumer] 接收到消息 - 主题: query/request
[2026-06-01 10:29:31] [QueryConsumer] 处理查询请求 - ID: 1780280971.0338433, 类型: get_comments
[2026-06-01 10:29:31] [QueryConsumer] 查询完成 - ID: 1780280971.0338433, 状态: success
[2026-06-01 10:29:31] [query_consumer] 接收到消息 - 主题: query/request
[2026-06-01 10:29:31] [QueryConsumer] 处理查询请求 - ID: 1780280971.1357815, 类型: get_like_count
[2026-06-01 10:29:31] [QueryConsumer] 查询完成 - ID: 1780280971.1357815, 状态: success
[2026-06-01 10:29:31] [query_consumer] 接收到消息 - 主题: query/request
[2026-06-01 10:29:31] [QueryConsumer] 处理查询请求 - ID: 1780280971.238007, 类型: unknown_query
[2026-06-01 10:29:31] [QueryConsumer] 查询完成 - ID: 1780280971.238007, 状态: error
[2026-06-01 10:29:37] [query_consumer] 接收到消息 - 主题: query/request
[2026-06-01 10:29:37] [QueryConsumer] 处理查询请求 - ID: 1780280977.6153667, 类型: get_notes
[2026-06-01 10:29:37] [QueryConsumer] 查询完成 - ID: 1780280977.6153667, 状态: success
[2026-06-01 10:29:38] [query_consumer] 接收到消息 - 主题: query/request
[2026-06-01 10:29:38] [QueryConsumer] 处理查询请求 - ID: 1780280978.750225, 类型: get_like_count
[2026-06-01 10:29:38] [QueryConsumer] 查询完成 - ID: 1780280978.750225, 状态: success
[2026-06-01 10:29:39] [query_consumer] 接收到消息 - 主题: query/request
[2026-06-01 10:29:39] [QueryConsumer] 处理查询请求 - ID: 1780280979.8833249, 类型: get_comments
[2026-06-01 10:29:39] [QueryConsumer] 查询完成 - ID: 1780280979.8833249, 状态: success
[2026-06-01 10:29:45] [query_consumer] 接收到消息 - 主题: query/request
[2026-06-01 10:29:45] [QueryConsumer] 处理查询请求 - ID: 1780280985.2646666, 类型: get_notes
[2026-06-01 10:29:45] [QueryConsumer] 查询完成 - ID: 1780280985.2646666, 状态: success
[2026-06-01 10:29:45] [query_consumer] 接收到消息 - 主题: query/request
[2026-06-01 10:29:45] [QueryConsumer] 处理查询请求 - ID: 1780280985.3778906, 类型: get_notes
[2026-06-01 10:29:45] [QueryConsumer] 查询完成 - ID: 1780280985.3778906, 状态: success
[2026-06-01 10:29:45] [query_consumer] 接收到消息 - 主题: query/request
[2026-06-01 10:29:45] [QueryConsumer] 处理查询请求 - ID: 1780280985.4895225, 类型: get_notes
[2026-06-01 10:29:45] [QueryConsumer] 查询完成 - ID: 1780280985.4895225, 状态: success
[2026-06-01 10:29:45] [query_consumer] 接收到消息 - 主题: query/request
[2026-06-01 10:29:45] [QueryConsumer] 处理查询请求 - ID: 1780280985.5991037, 类型: get_notes
[2026-06-01 10:29:45] [QueryConsumer] 查询完成 - ID: 1780280985.5991037, 状态: success
[2026-06-01 10:29:45] [query_consumer] 接收到消息 - 主题: query/request
[2026-06-01 10:29:45] [QueryConsumer] 处理查询请求 - ID: 1780280985.7082958, 类型: get_notes
[2026-06-01 10:29:45] [QueryConsumer] 查询完成 - ID: 1780280985.7082958, 状态: success
[2026-06-01 10:29:45] [query_consumer] 接收到消息 - 主题: query/request
[2026-06-01 10:29:45] [QueryConsumer] 处理查询请求 - ID: 1780280985.816887, 类型: get_notes
[2026-06-01 10:29:45] [QueryConsumer] 查询完成 - ID: 1780280985.816887, 状态: success
[2026-06-01 10:29:45] [query_consumer] 接收到消息 - 主题: query/request
[2026-06-01 10:29:45] [QueryConsumer] 处理查询请求 - ID: 1780280985.9277716, 类型: get_notes
[2026-06-01 10:29:45] [QueryConsumer] 查询完成 - ID: 1780280985.9277716, 状态: success
[2026-06-01 10:29:46] [query_consumer] 接收到消息 - 主题: query/request
[2026-06-01 10:29:46] [QueryConsumer] 处理查询请求 - ID: 1780280986.0356276, 类型: get_notes
[2026-06-01 10:29:46] [QueryConsumer] 查询完成 - ID: 1780280986.0356276, 状态: success
[2026-06-01 10:29:46] [query_consumer] 接收到消息 - 主题: query/request
[2026-06-01 10:29:46] [QueryConsumer] 处理查询请求 - ID: 1780280986.1461592, 类型: get_notes
[2026-06-01 10:29:46] [QueryConsumer] 查询完成 - ID: 1780280986.1461592, 状态: success
[2026-06-01 10:29:46] [query_consumer] 接收到消息 - 主题: query/request
[2026-06-01 10:29:46] [QueryConsumer] 处理查询请求 - ID: 1780280986.2537415, 类型: get_notes
[2026-06-01 10:29:46] [QueryConsumer] 查询完成 - ID: 1780280986.2537415, 状态: success
[2026-06-01 10:29:46] [query_consumer] 接收到消息 - 主题: query/request
[2026-06-01 10:29:46] [QueryConsumer] 处理查询请求 - ID: 1780280986.3626134, 类型: get_notes
[2026-06-01 10:29:46] [QueryConsumer] 查询完成 - ID: 1780280986.3626134, 状态: success
[2026-06-01 10:29:46] [query_consumer] 接收到消息 - 主题: query/request
[2026-06-01 10:29:46] [QueryConsumer] 处理查询请求 - ID: 1780280986.477956, 类型: get_notes
[2026-06-01 10:29:46] [QueryConsumer] 查询完成 - ID: 1780280986.477956, 状态: success
[2026-06-01 10:29:46] [query_consumer] 接收到消息 - 主题: query/request
[2026-06-01 10:29:46] [QueryConsumer] 处理查询请求 - ID: 1780280986.5894258, 类型: get_notes
[2026-06-01 10:29:46] [QueryConsumer] 查询完成 - ID: 1780280986.5894258, 状态: success
[2026-06-01 10:29:46] [query_consumer] 接收到消息 - 主题: query/request
[2026-06-01 10:29:46] [QueryConsumer] 处理查询请求 - ID: 1780280986.7020142, 类型: get_notes
[2026-06-01 10:29:46] [QueryConsumer] 查询完成 - ID: 1780280986.7020142, 状态: success
[2026-06-01 10:29:46] [query_consumer] 接收到消息 - 主题: query/request
[2026-06-01 10:29:46] [QueryConsumer] 处理查询请求 - ID: 1780280986.81374, 类型: get_notes
[2026-06-01 10:29:46] [QueryConsumer] 查询完成 - ID: 1780280986.81374, 状态: success
[2026-06-01 10:29:46] [query_consumer] 接收到消息 - 主题: query/request
[2026-06-01 10:29:46] [QueryConsumer] 处理查询请求 - ID: 1780280986.9236648, 类型: get_notes
[2026-06-01 10:29:46] [QueryConsumer] 查询完成 - ID: 1780280986.9236648, 状态: success
[2026-06-01 10:29:47] [query_consumer] 接收到消息 - 主题: query/request
[2026-06-01 10:29:47] [QueryConsumer] 处理查询请求 - ID: 1780280987.0411246, 类型: get_notes
[2026-06-01 10:29:47] [QueryConsumer] 查询完成 - ID: 1780280987.0411246, 状态: success
[2026-06-01 10:29:47] [query_consumer] 接收到消息 - 主题: query/request
[2026-06-01 10:29:47] [QueryConsumer] 处理查询请求 - ID: 1780280987.153518, 类型: get_notes
[2026-06-01 10:29:47] [QueryConsumer] 查询完成 - ID: 1780280987.153518, 状态: success
[2026-06-01 10:29:47] [query_consumer] 接收到消息 - 主题: query/request
[2026-06-01 10:29:47] [QueryConsumer] 处理查询请求 - ID: 1780280987.2577815, 类型: get_notes
[2026-06-01 10:29:47] [QueryConsumer] 查询完成 - ID: 1780280987.2577815, 状态: success
[2026-06-01 10:29:47] [query_consumer] 接收到消息 - 主题: query/request
[2026-06-01 10:29:47] [QueryConsumer] 处理查询请求 - ID: 1780280987.3717647, 类型: get_notes
[2026-06-01 10:29:47] [QueryConsumer] 查询完成 - ID: 1780280987.3717647, 状态: success
[2026-06-01 10:29:47] [query_consumer] 接收到消息 - 主题: query/request
[2026-06-01 10:29:47] [QueryConsumer] 处理查询请求 - ID: 1780280987.4827418, 类型: get_notes
[2026-06-01 10:29:47] [QueryConsumer] 查询完成 - ID: 1780280987.4827418, 状态: success
[2026-06-01 10:29:47] [query_consumer] 接收到消息 - 主题: query/request
[2026-06-01 10:29:47] [QueryConsumer] 处理查询请求 - ID: 1780280987.595584, 类型: get_notes
[2026-06-01 10:29:47] [QueryConsumer] 查询完成 - ID: 1780280987.595584, 状态: success
[2026-06-01 10:29:47] [query_consumer] 接收到消息 - 主题: query/request
[2026-06-01 10:29:47] [QueryConsumer] 处理查询请求 - ID: 1780280987.705863, 类型: get_notes
[2026-06-01 10:29:47] [QueryConsumer] 查询完成 - ID: 1780280987.705863, 状态: success
[2026-06-01 10:29:47] [query_consumer] 接收到消息 - 主题: query/request
[2026-06-01 10:29:47] [QueryConsumer] 处理查询请求 - ID: 1780280987.8165305, 类型: get_notes
[2026-06-01 10:29:47] [QueryConsumer] 查询完成 - ID: 1780280987.8165305, 状态: success
[2026-06-01 10:29:47] [query_consumer] 接收到消息 - 主题: query/request
[2026-06-01 10:29:47] [QueryConsumer] 处理查询请求 - ID: 1780280987.9294236, 类型: get_notes
[2026-06-01 10:29:47] [QueryConsumer] 查询完成 - ID: 1780280987.9294236, 状态: success
[2026-06-01 10:29:48] [query_consumer] 接收到消息 - 主题: query/request
[2026-06-01 10:29:48] [QueryConsumer] 处理查询请求 - ID: 1780280988.0426872, 类型: get_notes
[2026-06-01 10:29:48] [QueryConsumer] 查询完成 - ID: 1780280988.0426872, 状态: success
[2026-06-01 10:29:48] [query_consumer] 接收到消息 - 主题: query/request
[2026-06-01 10:29:48] [QueryConsumer] 处理查询请求 - ID: 1780280988.1545405, 类型: get_notes
[2026-06-01 10:29:48] [QueryConsumer] 查询完成 - ID: 1780280988.1545405, 状态: success
[2026-06-01 10:29:48] [query_consumer] 接收到消息 - 主题: query/request
[2026-06-01 10:29:48] [QueryConsumer] 处理查询请求 - ID: 1780280988.2779195, 类型: get_notes
[2026-06-01 10:29:48] [QueryConsumer] 查询完成 - ID: 1780280988.2779195, 状态: success
[2026-06-01 10:29:48] [query_consumer] 接收到消息 - 主题: query/request
[2026-06-01 10:29:48] [QueryConsumer] 处理查询请求 - ID: 1780280988.3900943, 类型: get_notes
[2026-06-01 10:29:48] [QueryConsumer] 查询完成 - ID: 1780280988.3900943, 状态: success
[2026-06-01 10:29:48] [query_consumer] 接收到消息 - 主题: query/request
[2026-06-01 10:29:48] [QueryConsumer] 处理查询请求 - ID: 1780280988.502969, 类型: get_notes
[2026-06-01 10:29:48] [QueryConsumer] 查询完成 - ID: 1780280988.502969, 状态: success
[2026-06-01 10:29:48] [query_consumer] 接收到消息 - 主题: query/request
[2026-06-01 10:29:48] [QueryConsumer] 处理查询请求 - ID: 1780280988.6140523, 类型: get_notes
[2026-06-01 10:29:48] [QueryConsumer] 查询完成 - ID: 1780280988.6140523, 状态: success
[2026-06-01 10:29:48] [query_consumer] 接收到消息 - 主题: query/request
[2026-06-01 10:29:48] [QueryConsumer] 处理查询请求 - ID: 1780280988.7273076, 类型: get_notes
[2026-06-01 10:29:48] [QueryConsumer] 查询完成 - ID: 1780280988.7273076, 状态: success
[2026-06-01 10:29:48] [query_consumer] 接收到消息 - 主题: query/request
[2026-06-01 10:29:48] [QueryConsumer] 处理查询请求 - ID: 1780280988.8418338, 类型: get_notes
[2026-06-01 10:29:48] [QueryConsumer] 查询完成 - ID: 1780280988.8418338, 状态: success
[2026-06-01 10:29:49] [query_consumer] 接收到消息 - 主题: query/request
[2026-06-01 10:29:49] [QueryConsumer] 处理查询请求 - ID: 1780280988.9678755, 类型: get_notes
[2026-06-01 10:29:49] [QueryConsumer] 查询完成 - ID: 1780280988.9678755, 状态: success
[2026-06-01 10:29:49] [query_consumer] 接收到消息 - 主题: query/request
[2026-06-01 10:29:49] [QueryConsumer] 处理查询请求 - ID: 1780280989.1858423, 类型: get_notes
[2026-06-01 10:29:49] [QueryConsumer] 查询完成 - ID: 1780280989.1858423, 状态: success
[2026-06-01 10:29:49] [query_consumer] 接收到消息 - 主题: query/request
[2026-06-01 10:29:49] [QueryConsumer] 处理查询请求 - ID: 1780280989.2968962, 类型: get_notes
[2026-06-01 10:29:49] [QueryConsumer] 查询完成 - ID: 1780280989.2968962, 状态: success
[2026-06-01 10:29:49] [query_consumer] 接收到消息 - 主题: query/request
[2026-06-01 10:29:49] [QueryConsumer] 处理查询请求 - ID: 1780280989.4118404, 类型: get_notes
[2026-06-01 10:29:49] [QueryConsumer] 查询完成 - ID: 1780280989.4118404, 状态: success
[2026-06-01 10:29:49] [query_consumer] 接收到消息 - 主题: query/request
[2026-06-01 10:29:49] [QueryConsumer] 处理查询请求 - ID: 1780280989.536654, 类型: get_notes
[2026-06-01 10:29:49] [QueryConsumer] 查询完成 - ID: 1780280989.536654, 状态: success
[2026-06-01 10:29:49] [query_consumer] 接收到消息 - 主题: query/request
[2026-06-01 10:29:49] [QueryConsumer] 处理查询请求 - ID: 1780280989.6436243, 类型: get_notes
[2026-06-01 10:29:49] [QueryConsumer] 查询完成 - ID: 1780280989.6436243, 状态: success
[2026-06-01 10:29:49] [query_consumer] 接收到消息 - 主题: query/request
[2026-06-01 10:29:49] [QueryConsumer] 处理查询请求 - ID: 1780280989.7574844, 类型: get_notes
[2026-06-01 10:29:49] [QueryConsumer] 查询完成 - ID: 1780280989.7574844, 状态: success
[2026-06-01 10:29:49] [query_consumer] 接收到消息 - 主题: query/request
[2026-06-01 10:29:49] [QueryConsumer] 处理查询请求 - ID: 1780280989.8821294, 类型: get_notes
[2026-06-01 10:29:49] [QueryConsumer] 查询完成 - ID: 1780280989.8821294, 状态: success
[2026-06-01 10:29:50] [query_consumer] 接收到消息 - 主题: query/request
[2026-06-01 10:29:50] [QueryConsumer] 处理查询请求 - ID: 1780280989.9873595, 类型: get_notes
[2026-06-01 10:29:50] [QueryConsumer] 查询完成 - ID: 1780280989.9873595, 状态: success
[2026-06-01 10:29:50] [query_consumer] 接收到消息 - 主题: query/request
[2026-06-01 10:29:50] [QueryConsumer] 处理查询请求 - ID: 1780280990.1021502, 类型: get_notes
[2026-06-01 10:29:50] [QueryConsumer] 查询完成 - ID: 1780280990.1021502, 状态: success
[2026-06-01 10:29:50] [query_consumer] 接收到消息 - 主题: query/request
[2026-06-01 10:29:50] [QueryConsumer] 处理查询请求 - ID: 1780280990.2251387, 类型: get_notes
[2026-06-01 10:29:50] [QueryConsumer] 查询完成 - ID: 1780280990.2251387, 状态: success
[2026-06-01 10:29:50] [query_consumer] 接收到消息 - 主题: query/request
[2026-06-01 10:29:50] [QueryConsumer] 处理查询请求 - ID: 1780280990.3502073, 类型: get_notes
[2026-06-01 10:29:50] [QueryConsumer] 查询完成 - ID: 1780280990.3502073, 状态: success
[2026-06-01 10:29:50] [query_consumer] 接收到消息 - 主题: query/request
[2026-06-01 10:29:50] [QueryConsumer] 处理查询请求 - ID: 1780280990.4595706, 类型: get_notes
[2026-06-01 10:29:50] [QueryConsumer] 查询完成 - ID: 1780280990.4595706, 状态: success
[2026-06-01 10:29:50] [query_consumer] 接收到消息 - 主题: query/request
[2026-06-01 10:29:50] [QueryConsumer] 处理查询请求 - ID: 1780280990.5774965, 类型: get_notes
[2026-06-01 10:29:50] [QueryConsumer] 查询完成 - ID: 1780280990.5774965, 状态: success
[2026-06-01 10:29:50] [query_consumer] 接收到消息 - 主题: query/request
[2026-06-01 10:29:50] [QueryConsumer] 处理查询请求 - ID: 1780280990.6802294, 类型: get_notes
[2026-06-01 10:29:50] [QueryConsumer] 查询完成 - ID: 1780280990.6802294, 状态: success
[2026-06-01 10:29:50] [query_consumer] 接收到消息 - 主题: query/request
[2026-06-01 10:29:50] [QueryConsumer] 处理查询请求 - ID: 1780280990.7921023, 类型: get_notes
[2026-06-01 10:29:50] [QueryConsumer] 查询完成 - ID: 1780280990.7921023, 状态: success
[2026-06-01 10:29:50] [query_consumer] 接收到消息 - 主题: query/request
[2026-06-01 10:29:50] [QueryConsumer] 处理查询请求 - ID: 1780280990.9055977, 类型: get_notes
[2026-06-01 10:29:50] [QueryConsumer] 查询完成 - ID: 1780280990.9055977, 状态: success
[2026-06-01 10:29:51] [query_consumer] 接收到消息 - 主题: query/request
[2026-06-01 10:29:51] [QueryConsumer] 处理查询请求 - ID: 1780280991.0147676, 类型: get_notes
[2026-06-01 10:29:51] [QueryConsumer] 查询完成 - ID: 1780280991.0147676, 状态: success
[2026-06-01 10:29:51] [query_consumer] 接收到消息 - 主题: query/request
[2026-06-01 10:29:51] [QueryConsumer] 处理查询请求 - ID: 1780280991.1340945, 类型: get_notes
[2026-06-01 10:29:51] [QueryConsumer] 查询完成 - ID: 1780280991.1340945, 状态: success
[2026-06-01 10:29:51] [query_consumer] 接收到消息 - 主题: query/request
[2026-06-01 10:29:51] [QueryConsumer] 处理查询请求 - ID: 1780280991.2423043, 类型: get_notes
[2026-06-01 10:29:51] [QueryConsumer] 查询完成 - ID: 1780280991.2423043, 状态: success
[2026-06-01 10:29:51] [query_consumer] 接收到消息 - 主题: query/request
[2026-06-01 10:29:51] [QueryConsumer] 处理查询请求 - ID: 1780280991.3576243, 类型: get_notes
[2026-06-01 10:29:51] [QueryConsumer] 查询完成 - ID: 1780280991.3576243, 状态: success
[2026-06-01 10:29:51] [query_consumer] 接收到消息 - 主题: query/request
[2026-06-01 10:29:51] [QueryConsumer] 处理查询请求 - ID: 1780280991.4666784, 类型: get_notes
[2026-06-01 10:29:51] [QueryConsumer] 查询完成 - ID: 1780280991.4666784, 状态: success
[2026-06-01 10:29:51] [query_consumer] 接收到消息 - 主题: query/request
[2026-06-01 10:29:51] [QueryConsumer] 处理查询请求 - ID: 1780280991.5795035, 类型: get_notes
[2026-06-01 10:29:51] [QueryConsumer] 查询完成 - ID: 1780280991.5795035, 状态: success
[2026-06-01 10:29:51] [query_consumer] 接收到消息 - 主题: query/request
[2026-06-01 10:29:51] [QueryConsumer] 处理查询请求 - ID: 1780280991.6891038, 类型: get_notes
[2026-06-01 10:29:51] [QueryConsumer] 查询完成 - ID: 1780280991.6891038, 状态: success
[2026-06-01 10:29:51] [query_consumer] 接收到消息 - 主题: query/request
[2026-06-01 10:29:51] [QueryConsumer] 处理查询请求 - ID: 1780280991.799775, 类型: get_notes
[2026-06-01 10:29:51] [QueryConsumer] 查询完成 - ID: 1780280991.799775, 状态: success
[2026-06-01 10:29:51] [query_consumer] 接收到消息 - 主题: query/request
[2026-06-01 10:29:51] [QueryConsumer] 处理查询请求 - ID: 1780280991.913355, 类型: get_notes
[2026-06-01 10:29:51] [QueryConsumer] 查询完成 - ID: 1780280991.913355, 状态: success
[2026-06-01 10:29:52] [query_consumer] 接收到消息 - 主题: query/request
[2026-06-01 10:29:52] [QueryConsumer] 处理查询请求 - ID: 1780280992.0157945, 类型: get_notes
[2026-06-01 10:29:52] [QueryConsumer] 查询完成 - ID: 1780280992.0157945, 状态: success
[2026-06-01 10:29:52] [query_consumer] 接收到消息 - 主题: query/request
[2026-06-01 10:29:52] [QueryConsumer] 处理查询请求 - ID: 1780280992.1264908, 类型: get_notes
[2026-06-01 10:29:52] [QueryConsumer] 查询完成 - ID: 1780280992.1264908, 状态: success
[2026-06-01 10:29:52] [query_consumer] 接收到消息 - 主题: query/request
[2026-06-01 10:29:52] [QueryConsumer] 处理查询请求 - ID: 1780280992.243126, 类型: get_notes
[2026-06-01 10:29:52] [QueryConsumer] 查询完成 - ID: 1780280992.243126, 状态: success
[2026-06-01 10:29:52] [query_consumer] 接收到消息 - 主题: query/request
[2026-06-01 10:29:52] [QueryConsumer] 处理查询请求 - ID: 1780280992.353577, 类型: get_notes
[2026-06-01 10:29:52] [QueryConsumer] 查询完成 - ID: 1780280992.353577, 状态: success
[2026-06-01 10:29:52] [query_consumer] 接收到消息 - 主题: query/request
[2026-06-01 10:29:52] [QueryConsumer] 处理查询请求 - ID: 1780280992.466357, 类型: get_notes
[2026-06-01 10:29:52] [QueryConsumer] 查询完成 - ID: 1780280992.466357, 状态: success
[2026-06-01 10:29:52] [query_consumer] 接收到消息 - 主题: query/request
[2026-06-01 10:29:52] [QueryConsumer] 处理查询请求 - ID: 1780280992.5778875, 类型: get_notes
[2026-06-01 10:29:52] [QueryConsumer] 查询完成 - ID: 1780280992.5778875, 状态: success
[2026-06-01 10:29:52] [query_consumer] 接收到消息 - 主题: query/request
[2026-06-01 10:29:52] [QueryConsumer] 处理查询请求 - ID: 1780280992.6881723, 类型: get_notes
[2026-06-01 10:29:52] [QueryConsumer] 查询完成 - ID: 1780280992.6881723, 状态: success
[2026-06-01 10:29:52] [query_consumer] 接收到消息 - 主题: query/request
[2026-06-01 10:29:52] [QueryConsumer] 处理查询请求 - ID: 1780280992.8014145, 类型: get_notes
[2026-06-01 10:29:52] [QueryConsumer] 查询完成 - ID: 1780280992.8014145, 状态: success
[2026-06-01 10:29:52] [query_consumer] 接收到消息 - 主题: query/request
[2026-06-01 10:29:52] [QueryConsumer] 处理查询请求 - ID: 1780280992.9508266, 类型: get_notes
[2026-06-01 10:29:52] [QueryConsumer] 查询完成 - ID: 1780280992.9508266, 状态: success
[2026-06-01 10:29:53] [query_consumer] 接收到消息 - 主题: query/request
[2026-06-01 10:29:53] [QueryConsumer] 处理查询请求 - ID: 1780280993.065734, 类型: get_notes
[2026-06-01 10:29:53] [QueryConsumer] 查询完成 - ID: 1780280993.065734, 状态: success
[2026-06-01 10:29:53] [query_consumer] 接收到消息 - 主题: query/request
[2026-06-01 10:29:53] [QueryConsumer] 处理查询请求 - ID: 1780280993.1770608, 类型: get_notes
[2026-06-01 10:29:53] [QueryConsumer] 查询完成 - ID: 1780280993.1770608, 状态: success
[2026-06-01 10:29:53] [query_consumer] 接收到消息 - 主题: query/request
[2026-06-01 10:29:53] [QueryConsumer] 处理查询请求 - ID: 1780280993.2936223, 类型: get_notes
[2026-06-01 10:29:53] [QueryConsumer] 查询完成 - ID: 1780280993.2936223, 状态: success
[2026-06-01 10:29:53] [query_consumer] 接收到消息 - 主题: query/request
[2026-06-01 10:29:53] [QueryConsumer] 处理查询请求 - ID: 1780280993.5134873, 类型: get_notes
[2026-06-01 10:29:53] [QueryConsumer] 查询完成 - ID: 1780280993.5134873, 状态: success
[2026-06-01 10:29:53] [query_consumer] 接收到消息 - 主题: query/request
[2026-06-01 10:29:53] [QueryConsumer] 处理查询请求 - ID: 1780280993.6367264, 类型: get_notes
[2026-06-01 10:29:53] [QueryConsumer] 查询完成 - ID: 1780280993.6367264, 状态: success
[2026-06-01 10:29:53] [query_consumer] 接收到消息 - 主题: query/request
[2026-06-01 10:29:53] [QueryConsumer] 处理查询请求 - ID: 1780280993.748847, 类型: get_notes
[2026-06-01 10:29:53] [QueryConsumer] 查询完成 - ID: 1780280993.748847, 状态: success
[2026-06-01 10:29:53] [query_consumer] 接收到消息 - 主题: query/request
[2026-06-01 10:29:53] [QueryConsumer] 处理查询请求 - ID: 1780280993.8596275, 类型: get_notes
[2026-06-01 10:29:53] [QueryConsumer] 查询完成 - ID: 1780280993.8596275, 状态: success
[2026-06-01 10:29:53] [query_consumer] 接收到消息 - 主题: query/request
[2026-06-01 10:29:53] [QueryConsumer] 处理查询请求 - ID: 1780280993.9700358, 类型: get_notes
[2026-06-01 10:29:54] [QueryConsumer] 查询完成 - ID: 1780280993.9700358, 状态: success
[2026-06-01 10:29:54] [query_consumer] 接收到消息 - 主题: query/request
[2026-06-01 10:29:54] [QueryConsumer] 处理查询请求 - ID: 1780280994.081459, 类型: get_notes
[2026-06-01 10:29:54] [QueryConsumer] 查询完成 - ID: 1780280994.081459, 状态: success
[2026-06-01 10:29:54] [query_consumer] 接收到消息 - 主题: query/request
[2026-06-01 10:29:54] [QueryConsumer] 处理查询请求 - ID: 1780280994.1904316, 类型: get_notes
[2026-06-01 10:29:54] [QueryConsumer] 查询完成 - ID: 1780280994.1904316, 状态: success
[2026-06-01 10:29:54] [query_consumer] 接收到消息 - 主题: query/request
[2026-06-01 10:29:54] [QueryConsumer] 处理查询请求 - ID: 1780280994.3030694, 类型: get_notes
[2026-06-01 10:29:54] [QueryConsumer] 查询完成 - ID: 1780280994.3030694, 状态: success
[2026-06-01 10:29:54] [query_consumer] 接收到消息 - 主题: query/request
[2026-06-01 10:29:54] [QueryConsumer] 处理查询请求 - ID: 1780280994.41419, 类型: get_notes
[2026-06-01 10:29:54] [QueryConsumer] 查询完成 - ID: 1780280994.41419, 状态: success
[2026-06-01 10:29:54] [query_consumer] 接收到消息 - 主题: query/request
[2026-06-01 10:29:54] [QueryConsumer] 处理查询请求 - ID: 1780280994.527947, 类型: get_notes
[2026-06-01 10:29:54] [QueryConsumer] 查询完成 - ID: 1780280994.527947, 状态: success
[2026-06-01 10:29:54] [query_consumer] 接收到消息 - 主题: query/request
[2026-06-01 10:29:54] [QueryConsumer] 处理查询请求 - ID: 1780280994.6379821, 类型: get_notes
[2026-06-01 10:29:54] [QueryConsumer] 查询完成 - ID: 1780280994.6379821, 状态: success
[2026-06-01 10:29:54] [query_consumer] 接收到消息 - 主题: query/request
[2026-06-01 10:29:54] [QueryConsumer] 处理查询请求 - ID: 1780280994.747817, 类型: get_notes
[2026-06-01 10:29:54] [QueryConsumer] 查询完成 - ID: 1780280994.747817, 状态: success
[2026-06-01 10:29:54] [query_consumer] 接收到消息 - 主题: query/request
[2026-06-01 10:29:54] [QueryConsumer] 处理查询请求 - ID: 1780280994.8613214, 类型: get_notes
[2026-06-01 10:29:54] [QueryConsumer] 查询完成 - ID: 1780280994.8613214, 状态: success
[2026-06-01 10:29:55] [query_consumer] 接收到消息 - 主题: query/request
[2026-06-01 10:29:55] [QueryConsumer] 处理查询请求 - ID: 1780280994.9839518, 类型: get_notes
[2026-06-01 10:29:55] [QueryConsumer] 查询完成 - ID: 1780280994.9839518, 状态: success
[2026-06-01 10:29:55] [query_consumer] 接收到消息 - 主题: query/request
[2026-06-01 10:29:55] [QueryConsumer] 处理查询请求 - ID: 1780280995.100433, 类型: get_notes
[2026-06-01 10:29:55] [QueryConsumer] 查询完成 - ID: 1780280995.100433, 状态: success
[2026-06-01 10:29:55] [query_consumer] 接收到消息 - 主题: query/request
[2026-06-01 10:29:55] [QueryConsumer] 处理查询请求 - ID: 1780280995.2095594, 类型: get_notes
[2026-06-01 10:29:55] [QueryConsumer] 查询完成 - ID: 1780280995.2095594, 状态: success
[2026-06-01 10:29:55] [query_consumer] 接收到消息 - 主题: query/request
[2026-06-01 10:29:55] [QueryConsumer] 处理查询请求 - ID: 1780280995.3205976, 类型: get_notes
[2026-06-01 10:29:55] [QueryConsumer] 查询完成 - ID: 1780280995.3205976, 状态: success
[2026-06-01 10:29:55] [query_consumer] 接收到消息 - 主题: query/request
[2026-06-01 10:29:55] [QueryConsumer] 处理查询请求 - ID: 1780280995.432862, 类型: get_notes
[2026-06-01 10:29:55] [QueryConsumer] 查询完成 - ID: 1780280995.432862, 状态: success
[2026-06-01 10:29:55] [query_consumer] 接收到消息 - 主题: query/request
[2026-06-01 10:29:55] [QueryConsumer] 处理查询请求 - ID: 1780280995.5470238, 类型: get_notes
[2026-06-01 10:29:55] [QueryConsumer] 查询完成 - ID: 1780280995.5470238, 状态: success
[2026-06-01 10:29:55] [query_consumer] 接收到消息 - 主题: query/request
[2026-06-01 10:29:55] [QueryConsumer] 处理查询请求 - ID: 1780280995.6631975, 类型: get_notes
[2026-06-01 10:29:55] [QueryConsumer] 查询完成 - ID: 1780280995.6631975, 状态: success
[2026-06-01 10:29:55] [query_consumer] 接收到消息 - 主题: query/request
[2026-06-01 10:29:55] [QueryConsumer] 处理查询请求 - ID: 1780280995.7835946, 类型: get_notes
[2026-06-01 10:29:55] [QueryConsumer] 查询完成 - ID: 1780280995.7835946, 状态: success
[2026-06-01 10:29:55] [query_consumer] 接收到消息 - 主题: query/request
[2026-06-01 10:29:55] [QueryConsumer] 处理查询请求 - ID: 1780280995.8931305, 类型: get_notes
[2026-06-01 10:29:55] [QueryConsumer] 查询完成 - ID: 1780280995.8931305, 状态: success
[2026-06-01 10:29:56] [query_consumer] 接收到消息 - 主题: query/request
[2026-06-01 10:29:56] [QueryConsumer] 处理查询请求 - ID: 1780280996.007911, 类型: get_notes
[2026-06-01 10:29:56] [QueryConsumer] 查询完成 - ID: 1780280996.007911, 状态: success
[2026-06-01 10:29:56] [query_consumer] 接收到消息 - 主题: query/request
[2026-06-01 10:29:56] [QueryConsumer] 处理查询请求 - ID: 1780280996.116506, 类型: get_notes
[2026-06-01 10:29:56] [QueryConsumer] 查询完成 - ID: 1780280996.116506, 状态: success
[2026-06-01 10:29:56] [query_consumer] 接收到消息 - 主题: query/request
[2026-06-01 10:29:56] [QueryConsumer] 处理查询请求 - ID: 1780280996.2372825, 类型: get_notes
[2026-06-01 10:29:56] [QueryConsumer] 查询完成 - ID: 1780280996.2372825, 状态: success
[2026-06-01 10:29:56] [query_consumer] 接收到消息 - 主题: query/request
[2026-06-01 10:29:56] [QueryConsumer] 处理查询请求 - ID: 1780280996.3781147, 类型: get_notes
[2026-06-01 10:29:56] [QueryConsumer] 查询完成 - ID: 1780280996.3781147, 状态: success
[2026-06-01 10:29:56] [query_consumer] 接收到消息 - 主题: query/request
[2026-06-01 10:29:56] [QueryConsumer] 处理查询请求 - ID: 1780280996.4895005, 类型: get_notes
[2026-06-01 10:29:56] [QueryConsumer] 查询完成 - ID: 1780280996.4895005, 状态: success
[2026-06-01 10:29:56] [query_consumer] 接收到消息 - 主题: query/request
[2026-06-01 10:29:56] [QueryConsumer] 处理查询请求 - ID: 1780280996.6008332, 类型: get_notes
[2026-06-01 10:29:56] [QueryConsumer] 查询完成 - ID: 1780280996.6008332, 状态: success
[2026-06-01 10:29:56] [query_consumer] 接收到消息 - 主题: query/request
[2026-06-01 10:29:56] [QueryConsumer] 处理查询请求 - ID: 1780280996.7120404, 类型: get_notes
[2026-06-01 10:29:56] [QueryConsumer] 查询完成 - ID: 1780280996.7120404, 状态: success
[2026-06-01 10:30:02] [query_consumer] 接收到消息 - 主题: query/request
[2026-06-01 10:30:02] [QueryConsumer] 处理查询请求 - ID: 1780281002.0510814, 类型: get_notes
[2026-06-01 10:30:02] [QueryConsumer] 查询完成 - ID: 1780281002.0510814, 状态: success
[2026-06-01 10:30:02] [query_consumer] 接收到消息 - 主题: query/request
[2026-06-01 10:30:02] [QueryConsumer] 处理查询请求 - ID: 1780281002.0510814, 类型: get_notes
[2026-06-01 10:30:02] [QueryConsumer] 查询完成 - ID: 1780281002.0510814, 状态: success
[2026-06-01 10:30:02] [query_consumer] 接收到消息 - 主题: query/request
[2026-06-01 10:30:02] [QueryConsumer] 处理查询请求 - ID: 1780281002.0510814, 类型: get_notes
[2026-06-01 10:30:02] [QueryConsumer] 查询完成 - ID: 1780281002.0510814, 状态: success
[2026-06-01 10:30:02] [query_consumer] 接收到消息 - 主题: query/request
[2026-06-01 10:30:02] [QueryConsumer] 处理查询请求 - ID: 1780281002.0510814, 类型: get_notes
[2026-06-01 10:30:02] [QueryConsumer] 查询完成 - ID: 1780281002.0510814, 状态: success
[2026-06-01 10:30:02] [query_consumer] 接收到消息 - 主题: query/request
[2026-06-01 10:30:02] [QueryConsumer] 处理查询请求 - ID: 1780281002.0468352, 类型: get_notes
[2026-06-01 10:30:02] [QueryConsumer] 查询完成 - ID: 1780281002.0468352, 状态: success
[2026-06-01 10:30:02] [query_consumer] 接收到消息 - 主题: query/request
[2026-06-01 10:30:02] [QueryConsumer] 处理查询请求 - ID: 1780281002.0510814, 类型: get_notes
[2026-06-01 10:30:02] [QueryConsumer] 查询完成 - ID: 1780281002.0510814, 状态: success
[2026-06-01 10:30:02] [query_consumer] 接收到消息 - 主题: query/request
[2026-06-01 10:30:02] [QueryConsumer] 处理查询请求 - ID: 1780281002.0510814, 类型: get_notes
[2026-06-01 10:30:02] [QueryConsumer] 查询完成 - ID: 1780281002.0510814, 状态: success
[2026-06-01 10:30:02] [query_consumer] 接收到消息 - 主题: query/request
[2026-06-01 10:30:02] [QueryConsumer] 处理查询请求 - ID: 1780281002.0468352, 类型: get_notes
[2026-06-01 10:30:02] [QueryConsumer] 查询完成 - ID: 1780281002.0468352, 状态: success
[2026-06-01 10:30:02] [query_consumer] 接收到消息 - 主题: query/request
[2026-06-01 10:30:02] [QueryConsumer] 处理查询请求 - ID: 1780281002.0510814, 类型: get_notes
[2026-06-01 10:30:02] [QueryConsumer] 查询完成 - ID: 1780281002.0510814, 状态: success
[2026-06-01 10:30:02] [query_consumer] 接收到消息 - 主题: query/request
[2026-06-01 10:30:02] [QueryConsumer] 处理查询请求 - ID: 1780281002.0510814, 类型: get_notes
[2026-06-01 10:30:02] [QueryConsumer] 查询完成 - ID: 1780281002.0510814, 状态: success
[2026-06-01 10:30:02] [query_consumer] 接收到消息 - 主题: query/request
[2026-06-01 10:30:02] [QueryConsumer] 处理查询请求 - ID: 1780281002.2093437, 类型: get_like_count
[2026-06-01 10:30:02] [QueryConsumer] 查询完成 - ID: 1780281002.2093437, 状态: success
[2026-06-01 10:30:02] [query_consumer] 接收到消息 - 主题: query/request
[2026-06-01 10:30:02] [QueryConsumer] 处理查询请求 - ID: 1780281002.2093437, 类型: get_like_count
[2026-06-01 10:30:02] [QueryConsumer] 查询完成 - ID: 1780281002.2093437, 状态: success
[2026-06-01 10:30:02] [query_consumer] 接收到消息 - 主题: query/request
[2026-06-01 10:30:02] [QueryConsumer] 处理查询请求 - ID: 1780281002.2250483, 类型: get_like_count
[2026-06-01 10:30:02] [QueryConsumer] 查询完成 - ID: 1780281002.2250483, 状态: success
[2026-06-01 10:30:02] [query_consumer] 接收到消息 - 主题: query/request
[2026-06-01 10:30:02] [QueryConsumer] 处理查询请求 - ID: 1780281002.2250483, 类型: get_like_count
[2026-06-01 10:30:02] [QueryConsumer] 查询完成 - ID: 1780281002.2250483, 状态: success
[2026-06-01 10:30:02] [query_consumer] 接收到消息 - 主题: query/request
[2026-06-01 10:30:02] [QueryConsumer] 处理查询请求 - ID: 1780281002.2285824, 类型: get_like_count
[2026-06-01 10:30:02] [QueryConsumer] 查询完成 - ID: 1780281002.2285824, 状态: success
[2026-06-01 10:30:02] [query_consumer] 接收到消息 - 主题: query/request
[2026-06-01 10:30:02] [QueryConsumer] 处理查询请求 - ID: 1780281002.2296042, 类型: get_like_count
[2026-06-01 10:30:02] [QueryConsumer] 查询完成 - ID: 1780281002.2296042, 状态: success
[2026-06-01 10:30:02] [query_consumer] 接收到消息 - 主题: query/request
[2026-06-01 10:30:02] [QueryConsumer] 处理查询请求 - ID: 1780281002.2331662, 类型: get_like_count
[2026-06-01 10:30:02] [QueryConsumer] 查询完成 - ID: 1780281002.2331662, 状态: success
[2026-06-01 10:30:02] [query_consumer] 接收到消息 - 主题: query/request
[2026-06-01 10:30:02] [QueryConsumer] 处理查询请求 - ID: 1780281002.2412405, 类型: get_like_count
[2026-06-01 10:30:02] [QueryConsumer] 查询完成 - ID: 1780281002.2412405, 状态: success
[2026-06-01 10:30:02] [query_consumer] 接收到消息 - 主题: query/request
[2026-06-01 10:30:02] [QueryConsumer] 处理查询请求 - ID: 1780281002.2432683, 类型: get_like_count
[2026-06-01 10:30:02] [QueryConsumer] 查询完成 - ID: 1780281002.2432683, 状态: success
[2026-06-01 10:30:02] [query_consumer] 接收到消息 - 主题: query/request
[2026-06-01 10:30:02] [QueryConsumer] 处理查询请求 - ID: 1780281002.2442873, 类型: get_like_count
[2026-06-01 10:30:02] [QueryConsumer] 查询完成 - ID: 1780281002.2442873, 状态: success
[2026-06-01 10:30:02] [query_consumer] 接收到消息 - 主题: query/request
[2026-06-01 10:30:02] [QueryConsumer] 处理查询请求 - ID: 1780281002.31883, 类型: get_comments
[2026-06-01 10:30:02] [QueryConsumer] 查询完成 - ID: 1780281002.31883, 状态: success
[2026-06-01 10:30:02] [query_consumer] 接收到消息 - 主题: query/request
[2026-06-01 10:30:02] [QueryConsumer] 处理查询请求 - ID: 1780281002.3208456, 类型: get_comments
[2026-06-01 10:30:02] [QueryConsumer] 查询完成 - ID: 1780281002.3208456, 状态: success
[2026-06-01 10:30:02] [query_consumer] 接收到消息 - 主题: query/request
[2026-06-01 10:30:02] [QueryConsumer] 处理查询请求 - ID: 1780281002.3529058, 类型: get_comments
[2026-06-01 10:30:02] [QueryConsumer] 查询完成 - ID: 1780281002.3529058, 状态: success
[2026-06-01 10:30:02] [query_consumer] 接收到消息 - 主题: query/request
[2026-06-01 10:30:02] [QueryConsumer] 处理查询请求 - ID: 1780281002.4324923, 类型: get_notes
[2026-06-01 10:30:02] [QueryConsumer] 查询完成 - ID: 1780281002.4324923, 状态: success
[2026-06-01 10:30:02] [query_consumer] 接收到消息 - 主题: query/request
[2026-06-01 10:30:02] [QueryConsumer] 处理查询请求 - ID: 1780281002.4324923, 类型: get_notes
[2026-06-01 10:30:02] [QueryConsumer] 查询完成 - ID: 1780281002.4324923, 状态: success
[2026-06-01 10:30:02] [query_consumer] 接收到消息 - 主题: query/request
[2026-06-01 10:30:02] [QueryConsumer] 处理查询请求 - ID: 1780281002.4439037, 类型: get_comments
[2026-06-01 10:30:02] [QueryConsumer] 查询完成 - ID: 1780281002.4439037, 状态: success
[2026-06-01 10:30:02] [query_consumer] 接收到消息 - 主题: query/request
[2026-06-01 10:30:02] [QueryConsumer] 处理查询请求 - ID: 1780281002.4439037, 类型: get_comments
[2026-06-01 10:30:02] [QueryConsumer] 查询完成 - ID: 1780281002.4439037, 状态: success
[2026-06-01 10:30:02] [query_consumer] 接收到消息 - 主题: query/request
[2026-06-01 10:30:02] [QueryConsumer] 处理查询请求 - ID: 1780281002.4482229, 类型: get_comments
[2026-06-01 10:30:02] [QueryConsumer] 查询完成 - ID: 1780281002.4482229, 状态: success
[2026-06-01 10:30:02] [query_consumer] 接收到消息 - 主题: query/request
[2026-06-01 10:30:02] [QueryConsumer] 处理查询请求 - ID: 1780281002.44885, 类型: get_comments
[2026-06-01 10:30:02] [QueryConsumer] 查询完成 - ID: 1780281002.44885, 状态: success
[2026-06-01 10:30:02] [query_consumer] 接收到消息 - 主题: query/request
[2026-06-01 10:30:02] [QueryConsumer] 处理查询请求 - ID: 1780281002.4561589, 类型: get_notes
[2026-06-01 10:30:02] [QueryConsumer] 查询完成 - ID: 1780281002.4561589, 状态: success
[2026-06-01 10:30:02] [query_consumer] 接收到消息 - 主题: query/request
[2026-06-01 10:30:02] [QueryConsumer] 处理查询请求 - ID: 1780281002.4561589, 类型: get_comments
[2026-06-01 10:30:02] [QueryConsumer] 查询完成 - ID: 1780281002.4561589, 状态: success
[2026-06-01 10:30:02] [query_consumer] 接收到消息 - 主题: query/request
[2026-06-01 10:30:02] [QueryConsumer] 处理查询请求 - ID: 1780281002.4561589, 类型: get_comments
[2026-06-01 10:30:02] [QueryConsumer] 查询完成 - ID: 1780281002.4561589, 状态: success
[2026-06-01 10:30:02] [query_consumer] 接收到消息 - 主题: query/request
[2026-06-01 10:30:02] [QueryConsumer] 处理查询请求 - ID: 1780281002.460692, 类型: get_comments
[2026-06-01 10:30:02] [QueryConsumer] 查询完成 - ID: 1780281002.460692, 状态: success
[2026-06-01 10:30:02] [query_consumer] 接收到消息 - 主题: query/request
[2026-06-01 10:30:02] [QueryConsumer] 处理查询请求 - ID: 1780281002.5471625, 类型: get_like_count
[2026-06-01 10:30:02] [QueryConsumer] 查询完成 - ID: 1780281002.5471625, 状态: success
[2026-06-01 10:30:02] [query_consumer] 接收到消息 - 主题: query/request
[2026-06-01 10:30:02] [QueryConsumer] 处理查询请求 - ID: 1780281002.549172, 类型: get_like_count
[2026-06-01 10:30:02] [QueryConsumer] 查询完成 - ID: 1780281002.549172, 状态: success
[2026-06-01 10:30:02] [query_consumer] 接收到消息 - 主题: query/request
[2026-06-01 10:30:02] [QueryConsumer] 处理查询请求 - ID: 1780281002.5590432, 类型: get_notes
[2026-06-01 10:30:02] [QueryConsumer] 查询完成 - ID: 1780281002.5590432, 状态: success
[2026-06-01 10:30:02] [query_consumer] 接收到消息 - 主题: query/request
[2026-06-01 10:30:02] [QueryConsumer] 处理查询请求 - ID: 1780281002.5590432, 类型: get_notes
[2026-06-01 10:30:02] [QueryConsumer] 查询完成 - ID: 1780281002.5590432, 状态: success
[2026-06-01 10:30:02] [query_consumer] 接收到消息 - 主题: query/request
[2026-06-01 10:30:02] [QueryConsumer] 处理查询请求 - ID: 1780281002.5610566, 类型: get_notes
[2026-06-01 10:30:02] [QueryConsumer] 查询完成 - ID: 1780281002.5610566, 状态: success
[2026-06-01 10:30:02] [query_consumer] 接收到消息 - 主题: query/request
[2026-06-01 10:30:02] [QueryConsumer] 处理查询请求 - ID: 1780281002.5610566, 类型: get_notes
[2026-06-01 10:30:02] [QueryConsumer] 查询完成 - ID: 1780281002.5610566, 状态: success
[2026-06-01 10:30:02] [query_consumer] 接收到消息 - 主题: query/request
[2026-06-01 10:30:02] [QueryConsumer] 处理查询请求 - ID: 1780281002.5699859, 类型: get_notes
[2026-06-01 10:30:02] [QueryConsumer] 查询完成 - ID: 1780281002.5699859, 状态: success
[2026-06-01 10:30:02] [query_consumer] 接收到消息 - 主题: query/request
[2026-06-01 10:30:02] [QueryConsumer] 处理查询请求 - ID: 1780281002.572911, 类型: get_notes
[2026-06-01 10:30:02] [QueryConsumer] 查询完成 - ID: 1780281002.572911, 状态: success
[2026-06-01 10:30:02] [query_consumer] 接收到消息 - 主题: query/request
[2026-06-01 10:30:02] [QueryConsumer] 处理查询请求 - ID: 1780281002.5741582, 类型: get_like_count
[2026-06-01 10:30:02] [QueryConsumer] 查询完成 - ID: 1780281002.5741582, 状态: success
[2026-06-01 10:30:02] [query_consumer] 接收到消息 - 主题: query/request
[2026-06-01 10:30:02] [QueryConsumer] 处理查询请求 - ID: 1780281002.5751488, 类型: get_notes
[2026-06-01 10:30:02] [QueryConsumer] 查询完成 - ID: 1780281002.5751488, 状态: success
[2026-06-01 10:30:02] [query_consumer] 接收到消息 - 主题: query/request
[2026-06-01 10:30:02] [QueryConsumer] 处理查询请求 - ID: 1780281002.7229998, 类型: get_like_count
[2026-06-01 10:30:02] [QueryConsumer] 查询完成 - ID: 1780281002.7229998, 状态: success
[2026-06-01 10:30:02] [query_consumer] 接收到消息 - 主题: query/request
[2026-06-01 10:30:02] [QueryConsumer] 处理查询请求 - ID: 1780281002.7311122, 类型: get_like_count
[2026-06-01 10:30:02] [QueryConsumer] 查询完成 - ID: 1780281002.7311122, 状态: success
[2026-06-01 10:30:02] [query_consumer] 接收到消息 - 主题: query/request
[2026-06-01 10:30:02] [QueryConsumer] 处理查询请求 - ID: 1780281002.7394474, 类型: get_comments
[2026-06-01 10:30:02] [QueryConsumer] 查询完成 - ID: 1780281002.7394474, 状态: success
[2026-06-01 10:30:02] [query_consumer] 接收到消息 - 主题: query/request
[2026-06-01 10:30:02] [QueryConsumer] 处理查询请求 - ID: 1780281002.7621582, 类型: get_comments
[2026-06-01 10:30:02] [QueryConsumer] 查询完成 - ID: 1780281002.7621582, 状态: success
[2026-06-01 10:30:02] [query_consumer] 接收到消息 - 主题: query/request
[2026-06-01 10:30:02] [QueryConsumer] 处理查询请求 - ID: 1780281002.820263, 类型: get_like_count
[2026-06-01 10:30:02] [QueryConsumer] 查询完成 - ID: 1780281002.820263, 状态: success
[2026-06-01 10:30:02] [query_consumer] 接收到消息 - 主题: query/request
[2026-06-01 10:30:02] [QueryConsumer] 处理查询请求 - ID: 1780281002.820263, 类型: get_like_count
[2026-06-01 10:30:02] [QueryConsumer] 查询完成 - ID: 1780281002.820263, 状态: success
[2026-06-01 10:30:02] [query_consumer] 接收到消息 - 主题: query/request
[2026-06-01 10:30:02] [QueryConsumer] 处理查询请求 - ID: 1780281002.8227723, 类型: get_comments
[2026-06-01 10:30:02] [QueryConsumer] 查询完成 - ID: 1780281002.8227723, 状态: success
[2026-06-01 10:30:02] [query_consumer] 接收到消息 - 主题: query/request
[2026-06-01 10:30:02] [QueryConsumer] 处理查询请求 - ID: 1780281002.8237514, 类型: get_like_count
[2026-06-01 10:30:02] [QueryConsumer] 查询完成 - ID: 1780281002.8237514, 状态: success
[2026-06-01 10:30:02] [query_consumer] 接收到消息 - 主题: query/request
[2026-06-01 10:30:02] [QueryConsumer] 处理查询请求 - ID: 1780281002.8245196, 类型: get_like_count
[2026-06-01 10:30:02] [QueryConsumer] 查询完成 - ID: 1780281002.8245196, 状态: success
[2026-06-01 10:30:02] [query_consumer] 接收到消息 - 主题: query/request
[2026-06-01 10:30:02] [QueryConsumer] 处理查询请求 - ID: 1780281002.8285205, 类型: get_like_count
[2026-06-01 10:30:02] [QueryConsumer] 查询完成 - ID: 1780281002.8285205, 状态: success
[2026-06-01 10:30:02] [query_consumer] 接收到消息 - 主题: query/request
[2026-06-01 10:30:02] [QueryConsumer] 处理查询请求 - ID: 1780281002.845657, 类型: get_comments
[2026-06-01 10:30:02] [QueryConsumer] 查询完成 - ID: 1780281002.845657, 状态: success
[2026-06-01 10:30:02] [query_consumer] 接收到消息 - 主题: query/request
[2026-06-01 10:30:02] [QueryConsumer] 处理查询请求 - ID: 1780281002.8479297, 类型: get_notes
[2026-06-01 10:30:02] [QueryConsumer] 查询完成 - ID: 1780281002.8479297, 状态: success
[2026-06-01 10:30:02] [query_consumer] 接收到消息 - 主题: query/request
[2026-06-01 10:30:02] [QueryConsumer] 处理查询请求 - ID: 1780281002.8482823, 类型: get_comments
[2026-06-01 10:30:02] [QueryConsumer] 查询完成 - ID: 1780281002.8482823, 状态: success
[2026-06-01 10:30:02] [query_consumer] 接收到消息 - 主题: query/request
[2026-06-01 10:30:02] [QueryConsumer] 处理查询请求 - ID: 1780281002.8676353, 类型: get_notes
[2026-06-01 10:30:02] [QueryConsumer] 查询完成 - ID: 1780281002.8676353, 状态: success
[2026-06-01 10:30:02] [query_consumer] 接收到消息 - 主题: query/request
[2026-06-01 10:30:02] [QueryConsumer] 处理查询请求 - ID: 1780281002.9406571, 类型: get_notes
[2026-06-01 10:30:02] [QueryConsumer] 查询完成 - ID: 1780281002.9406571, 状态: success
[2026-06-01 10:30:02] [query_consumer] 接收到消息 - 主题: query/request
[2026-06-01 10:30:02] [QueryConsumer] 处理查询请求 - ID: 1780281002.9423318, 类型: get_comments
[2026-06-01 10:30:02] [QueryConsumer] 查询完成 - ID: 1780281002.9423318, 状态: success
[2026-06-01 10:30:02] [query_consumer] 接收到消息 - 主题: query/request
[2026-06-01 10:30:02] [QueryConsumer] 处理查询请求 - ID: 1780281002.9423318, 类型: get_comments
[2026-06-01 10:30:02] [QueryConsumer] 查询完成 - ID: 1780281002.9423318, 状态: success
[2026-06-01 10:30:02] [query_consumer] 接收到消息 - 主题: query/request
[2026-06-01 10:30:02] [QueryConsumer] 处理查询请求 - ID: 1780281002.9423318, 类型: get_comments
[2026-06-01 10:30:02] [QueryConsumer] 查询完成 - ID: 1780281002.9423318, 状态: success
[2026-06-01 10:30:02] [query_consumer] 接收到消息 - 主题: query/request
[2026-06-01 10:30:03] [QueryConsumer] 处理查询请求 - ID: 1780281002.9423318, 类型: get_comments
[2026-06-01 10:30:03] [QueryConsumer] 查询完成 - ID: 1780281002.9423318, 状态: success
[2026-06-01 10:30:03] [query_consumer] 接收到消息 - 主题: query/request
[2026-06-01 10:30:03] [QueryConsumer] 处理查询请求 - ID: 1780281003.0423841, 类型: get_comments
[2026-06-01 10:30:03] [QueryConsumer] 查询完成 - ID: 1780281003.0423841, 状态: success
[2026-06-01 10:30:03] [query_consumer] 接收到消息 - 主题: query/request
[2026-06-01 10:30:03] [QueryConsumer] 处理查询请求 - ID: 1780281003.0568225, 类型: get_notes
[2026-06-01 10:30:03] [QueryConsumer] 查询完成 - ID: 1780281003.0568225, 状态: success
[2026-06-01 10:30:03] [query_consumer] 接收到消息 - 主题: query/request
[2026-06-01 10:30:03] [QueryConsumer] 处理查询请求 - ID: 1780281003.0588472, 类型: get_notes
[2026-06-01 10:30:03] [QueryConsumer] 查询完成 - ID: 1780281003.0588472, 状态: success
[2026-06-01 10:30:03] [query_consumer] 接收到消息 - 主题: query/request
[2026-06-01 10:30:03] [QueryConsumer] 处理查询请求 - ID: 1780281003.0588472, 类型: get_notes
[2026-06-01 10:30:03] [QueryConsumer] 查询完成 - ID: 1780281003.0588472, 状态: success
[2026-06-01 10:30:03] [query_consumer] 接收到消息 - 主题: query/request
[2026-06-01 10:30:03] [QueryConsumer] 处理查询请求 - ID: 1780281003.0623965, 类型: get_like_count
[2026-06-01 10:30:03] [QueryConsumer] 查询完成 - ID: 1780281003.0623965, 状态: success
[2026-06-01 10:30:03] [query_consumer] 接收到消息 - 主题: query/request
[2026-06-01 10:30:03] [QueryConsumer] 处理查询请求 - ID: 1780281003.0668287, 类型: get_notes
[2026-06-01 10:30:03] [QueryConsumer] 查询完成 - ID: 1780281003.0668287, 状态: success
[2026-06-01 10:30:03] [query_consumer] 接收到消息 - 主题: query/request
[2026-06-01 10:30:03] [QueryConsumer] 处理查询请求 - ID: 1780281003.0683413, 类型: get_notes
[2026-06-01 10:30:03] [QueryConsumer] 查询完成 - ID: 1780281003.0683413, 状态: success
[2026-06-01 10:30:03] [query_consumer] 接收到消息 - 主题: query/request
[2026-06-01 10:30:03] [QueryConsumer] 处理查询请求 - ID: 1780281003.0683413, 类型: get_like_count
[2026-06-01 10:30:03] [QueryConsumer] 查询完成 - ID: 1780281003.0683413, 状态: success
[2026-06-01 10:30:03] [query_consumer] 接收到消息 - 主题: query/request
[2026-06-01 10:30:03] [QueryConsumer] 处理查询请求 - ID: 1780281003.073059, 类型: get_notes
[2026-06-01 10:30:03] [QueryConsumer] 查询完成 - ID: 1780281003.073059, 状态: success
[2026-06-01 10:30:03] [query_consumer] 接收到消息 - 主题: query/request
[2026-06-01 10:30:03] [QueryConsumer] 处理查询请求 - ID: 1780281003.0906014, 类型: get_like_count
[2026-06-01 10:30:03] [QueryConsumer] 查询完成 - ID: 1780281003.0906014, 状态: success
[2026-06-01 10:30:03] [query_consumer] 接收到消息 - 主题: query/request
[2026-06-01 10:30:03] [QueryConsumer] 处理查询请求 - ID: 1780281003.1597984, 类型: get_notes
[2026-06-01 10:30:03] [QueryConsumer] 查询完成 - ID: 1780281003.1597984, 状态: success
[2026-06-01 10:30:03] [query_consumer] 接收到消息 - 主题: query/request
[2026-06-01 10:30:03] [QueryConsumer] 处理查询请求 - ID: 1780281003.1700542, 类型: get_comments
[2026-06-01 10:30:03] [QueryConsumer] 查询完成 - ID: 1780281003.1700542, 状态: success
[2026-06-01 10:30:03] [query_consumer] 接收到消息 - 主题: query/request
[2026-06-01 10:30:03] [QueryConsumer] 处理查询请求 - ID: 1780281003.1700542, 类型: get_like_count
[2026-06-01 10:30:03] [QueryConsumer] 查询完成 - ID: 1780281003.1700542, 状态: success
[2026-06-01 10:30:03] [query_consumer] 接收到消息 - 主题: query/request
[2026-06-01 10:30:03] [QueryConsumer] 处理查询请求 - ID: 1780281003.1700542, 类型: get_like_count
[2026-06-01 10:30:03] [QueryConsumer] 查询完成 - ID: 1780281003.1700542, 状态: success
[2026-06-01 10:30:03] [query_consumer] 接收到消息 - 主题: query/request
[2026-06-01 10:30:03] [QueryConsumer] 处理查询请求 - ID: 1780281003.1700542, 类型: get_like_count
[2026-06-01 10:30:03] [QueryConsumer] 查询完成 - ID: 1780281003.1700542, 状态: success
[2026-06-01 10:30:03] [query_consumer] 接收到消息 - 主题: query/request
[2026-06-01 10:30:03] [QueryConsumer] 处理查询请求 - ID: 1780281003.1844106, 类型: get_like_count
[2026-06-01 10:30:03] [QueryConsumer] 查询完成 - ID: 1780281003.1844106, 状态: success
[2026-06-01 10:30:03] [query_consumer] 接收到消息 - 主题: query/request
[2026-06-01 10:30:03] [QueryConsumer] 处理查询请求 - ID: 1780281003.1844106, 类型: get_comments
[2026-06-01 10:30:03] [QueryConsumer] 查询完成 - ID: 1780281003.1844106, 状态: success
[2026-06-01 10:30:03] [query_consumer] 接收到消息 - 主题: query/request
[2026-06-01 10:30:03] [QueryConsumer] 处理查询请求 - ID: 1780281003.186425, 类型: get_like_count
[2026-06-01 10:30:03] [QueryConsumer] 查询完成 - ID: 1780281003.186425, 状态: success
[2026-06-01 10:30:03] [query_consumer] 接收到消息 - 主题: query/request
[2026-06-01 10:30:03] [QueryConsumer] 处理查询请求 - ID: 1780281003.267185, 类型: get_like_count
[2026-06-01 10:30:03] [QueryConsumer] 查询完成 - ID: 1780281003.267185, 状态: success
[2026-06-01 10:30:03] [query_consumer] 接收到消息 - 主题: query/request
[2026-06-01 10:30:03] [QueryConsumer] 处理查询请求 - ID: 1780281003.283887, 类型: get_notes
[2026-06-01 10:30:03] [QueryConsumer] 查询完成 - ID: 1780281003.283887, 状态: success
[2026-06-01 10:30:03] [query_consumer] 接收到消息 - 主题: query/request
[2026-06-01 10:30:03] [QueryConsumer] 处理查询请求 - ID: 1780281003.283887, 类型: get_comments
[2026-06-01 10:30:03] [QueryConsumer] 查询完成 - ID: 1780281003.283887, 状态: success
[2026-06-01 10:30:03] [query_consumer] 接收到消息 - 主题: query/request
[2026-06-01 10:30:03] [QueryConsumer] 处理查询请求 - ID: 1780281003.2859576, 类型: get_comments
[2026-06-01 10:30:03] [QueryConsumer] 查询完成 - ID: 1780281003.2859576, 状态: success
[2026-06-01 10:30:03] [query_consumer] 接收到消息 - 主题: query/request
[2026-06-01 10:30:03] [QueryConsumer] 处理查询请求 - ID: 1780281003.2859576, 类型: get_comments
[2026-06-01 10:30:03] [QueryConsumer] 查询完成 - ID: 1780281003.2859576, 状态: success
[2026-06-01 10:30:03] [query_consumer] 接收到消息 - 主题: query/request
[2026-06-01 10:30:03] [QueryConsumer] 处理查询请求 - ID: 1780281003.2989852, 类型: get_like_count
[2026-06-01 10:30:03] [QueryConsumer] 查询完成 - ID: 1780281003.2989852, 状态: success
[2026-06-01 10:30:03] [query_consumer] 接收到消息 - 主题: query/request
[2026-06-01 10:30:03] [QueryConsumer] 处理查询请求 - ID: 1780281003.3009965, 类型: get_comments
[2026-06-01 10:30:03] [QueryConsumer] 查询完成 - ID: 1780281003.3009965, 状态: success
[2026-06-01 10:30:03] [query_consumer] 接收到消息 - 主题: query/request
[2026-06-01 10:30:03] [QueryConsumer] 处理查询请求 - ID: 1780281003.3793166, 类型: get_comments
[2026-06-01 10:30:03] [QueryConsumer] 查询完成 - ID: 1780281003.3793166, 状态: success
[2026-06-01 10:30:03] [query_consumer] 接收到消息 - 主题: query/request
[2026-06-01 10:30:03] [QueryConsumer] 处理查询请求 - ID: 1780281003.400529, 类型: get_notes
[2026-06-01 10:30:03] [QueryConsumer] 查询完成 - ID: 1780281003.400529, 状态: success
[2026-06-01 10:30:03] [query_consumer] 接收到消息 - 主题: query/request
[2026-06-01 10:30:03] [QueryConsumer] 处理查询请求 - ID: 1780281003.4057152, 类型: get_notes
[2026-06-01 10:30:03] [QueryConsumer] 查询完成 - ID: 1780281003.4057152, 状态: success
[2026-06-01 10:30:03] [query_consumer] 接收到消息 - 主题: query/request
[2026-06-01 10:30:03] [QueryConsumer] 处理查询请求 - ID: 1780281003.4057152, 类型: get_notes
[2026-06-01 10:30:03] [QueryConsumer] 查询完成 - ID: 1780281003.4057152, 状态: success
[2026-06-01 10:30:03] [query_consumer] 接收到消息 - 主题: query/request
[2026-06-01 10:30:03] [QueryConsumer] 处理查询请求 - ID: 1780281003.4057152, 类型: get_comments
[2026-06-01 10:30:03] [QueryConsumer] 查询完成 - ID: 1780281003.4057152, 状态: success
[2026-06-01 10:30:03] [query_consumer] 接收到消息 - 主题: query/request
[2026-06-01 10:30:03] [QueryConsumer] 处理查询请求 - ID: 1780281003.4057152, 类型: get_notes
[2026-06-01 10:30:03] [QueryConsumer] 查询完成 - ID: 1780281003.4057152, 状态: success
[2026-06-01 10:30:03] [query_consumer] 接收到消息 - 主题: query/request
[2026-06-01 10:30:03] [QueryConsumer] 处理查询请求 - ID: 1780281003.4057152, 类型: get_comments
[2026-06-01 10:30:03] [QueryConsumer] 查询完成 - ID: 1780281003.4057152, 状态: success
[2026-06-01 10:30:03] [query_consumer] 接收到消息 - 主题: query/request
[2026-06-01 10:30:03] [QueryConsumer] 处理查询请求 - ID: 1780281003.4919367, 类型: get_notes
[2026-06-01 10:30:03] [QueryConsumer] 查询完成 - ID: 1780281003.4919367, 状态: success
[2026-06-01 10:30:03] [query_consumer] 接收到消息 - 主题: query/request
[2026-06-01 10:30:03] [QueryConsumer] 处理查询请求 - ID: 1780281003.5087302, 类型: get_comments
[2026-06-01 10:30:03] [QueryConsumer] 查询完成 - ID: 1780281003.5087302, 状态: success
[2026-06-01 10:30:03] [query_consumer] 接收到消息 - 主题: query/request
[2026-06-01 10:30:03] [QueryConsumer] 处理查询请求 - ID: 1780281003.5297778, 类型: get_notes
[2026-06-01 10:30:03] [QueryConsumer] 查询完成 - ID: 1780281003.5297778, 状态: success
[2026-06-01 10:30:03] [query_consumer] 接收到消息 - 主题: query/request
[2026-06-01 10:30:03] [QueryConsumer] 处理查询请求 - ID: 1780281003.5327501, 类型: get_notes
[2026-06-01 10:30:03] [QueryConsumer] 查询完成 - ID: 1780281003.5327501, 状态: success
[2026-06-01 10:30:03] [query_consumer] 接收到消息 - 主题: query/request
[2026-06-01 10:30:03] [QueryConsumer] 处理查询请求 - ID: 1780281003.5327501, 类型: get_notes
[2026-06-01 10:30:03] [QueryConsumer] 查询完成 - ID: 1780281003.5327501, 状态: success
[2026-06-01 10:30:03] [query_consumer] 接收到消息 - 主题: query/request
[2026-06-01 10:30:03] [QueryConsumer] 处理查询请求 - ID: 1780281003.6159966, 类型: get_notes
[2026-06-01 10:30:03] [QueryConsumer] 查询完成 - ID: 1780281003.6159966, 状态: success
