[2026-06-01 10:29:06] [QueryClient] 已连接到中间件 127.0.0.1:5001
[2026-06-01 10:29:06] [QueryClient] 已订阅查询结果主题
[2026-06-01 10:29:06] [QueryClient] 发送查询请求 - ID: 1780280946.5917714, 类型: get_note
[2026-06-01 10:29:06] [QueryClient] 收到查询结果 - ID: 1780280946.5917714, 状态: success
[2026-06-01 10:29:06] [QueryClient] 发送查询请求 - ID: 1780280946.7076206, 类型: get_comments
[2026-06-01 10:29:06] [QueryClient] 收到查询结果 - ID: 1780280946.7076206, 状态: success
[2026-06-01 10:29:06] [QueryClient] 发送查询请求 - ID: 1780280946.8129828, 类型: get_like_count
[2026-06-01 10:29:06] [QueryClient] 收到查询结果 - ID: 1780280946.8129828, 状态: success
[2026-06-01 10:29:17] [QueryClient] 已连接到中间件 127.0.0.1:5001
[2026-06-01 10:29:17] [QueryClient] 已订阅查询结果主题
[2026-06-01 10:29:17] [QueryClient] 发送查询请求 - ID: 1780280957.3525376, 类型: get_notes
[2026-06-01 10:29:17] [QueryClient] 收到查询结果 - ID: 1780280957.3525376, 状态: success
[2026-06-01 10:29:17] [QueryClient] 接收响应失败: [WinError 10038] 在一个非套接字上尝试了一个操作。
[2026-06-01 10:29:17] [QueryClient] 已断开与中间件的连接
[2026-06-01 10:29:17] [QueryClient] 已断开与中间件的连接
[2026-06-01 10:29:17] [QueryClient] 已连接到中间件 127.0.0.1:5001
[2026-06-01 10:29:17] [QueryClient] 已订阅查询结果主题
[2026-06-01 10:29:17] [QueryClient] 发送查询请求 - ID: 1780280957.5045419, 类型: get_notes
[2026-06-01 10:29:17] [QueryClient] 收到查询结果 - ID: 1780280957.5045419, 状态: success
[2026-06-01 10:29:17] [QueryClient] 接收响应失败: [WinError 10038] 在一个非套接字上尝试了一个操作。
[2026-06-01 10:29:17] [QueryClient] 已断开与中间件的连接
[2026-06-01 10:29:17] [QueryClient] 已断开与中间件的连接
[2026-06-01 10:29:17] [QueryClient] 已连接到中间件 127.0.0.1:5001
[2026-06-01 10:29:17] [QueryClient] 已订阅查询结果主题
[2026-06-01 10:29:17] [QueryClient] 发送查询请求 - ID: 1780280957.625597, 类型: get_notes
[2026-06-01 10:29:17] [QueryClient] 收到查询结果 - ID: 1780280957.625597, 状态: success
[2026-06-01 10:29:17] [QueryClient] 发送查询请求 - ID: 1780280957.7485602, 类型: get_notes
[2026-06-01 10:29:17] [QueryClient] 收到查询结果 - ID: 1780280957.7485602, 状态: success
[2026-06-01 10:29:17] [QueryClient] 发送查询请求 - ID: 1780280957.8554082, 类型: get_notes
[2026-06-01 10:29:17] [QueryClient] 收到查询结果 - ID: 1780280957.8554082, 状态: success
[2026-06-01 10:29:17] [QueryClient] 发送查询请求 - ID: 1780280957.9827425, 类型: get_notes
[2026-06-01 10:29:18] [QueryClient] 收到查询结果 - ID: 1780280957.9827425, 状态: success
[2026-06-01 10:29:18] [QueryClient] 发送查询请求 - ID: 1780280958.2006958, 类型: get_notes
[2026-06-01 10:29:18] [QueryClient] 收到查询结果 - ID: 1780280958.2006958, 状态: success
[2026-06-01 10:29:18] [QueryClient] 接收响应失败: [WinError 10038] 在一个非套接字上尝试了一个操作。
[2026-06-01 10:29:18] [QueryClient] 已断开与中间件的连接
[2026-06-01 10:29:18] [QueryClient] 已断开与中间件的连接
[2026-06-01 10:29:30] [QueryClient] 已连接到中间件 127.0.0.1:5001
[2026-06-01 10:29:30] [QueryClient] 已订阅查询结果主题
[2026-06-01 10:29:30] [QueryClient] 发送查询请求 - ID: 1780280970.800543, 类型: get_notes
[2026-06-01 10:29:30] [QueryClient] 收到查询结果 - ID: 1780280970.800543, 状态: success
[2026-06-01 10:29:30] [QueryClient] 发送查询请求 - ID: 1780280970.9211764, 类型: get_note
[2026-06-01 10:29:31] [QueryClient] 收到查询结果 - ID: 1780280970.9211764, 状态: success
[2026-06-01 10:29:31] [QueryClient] 发送查询请求 - ID: 1780280971.0338433, 类型: get_comments
[2026-06-01 10:29:31] [QueryClient] 收到查询结果 - ID: 1780280971.0338433, 状态: success
[2026-06-01 10:29:31] [QueryClient] 发送查询请求 - ID: 1780280971.1357815, 类型: get_like_count
[2026-06-01 10:29:31] [QueryClient] 收到查询结果 - ID: 1780280971.1357815, 状态: success
[2026-06-01 10:29:31] [QueryClient] 发送查询请求 - ID: 1780280971.238007, 类型: unknown_query
[2026-06-01 10:29:31] [QueryClient] 收到查询结果 - ID: 1780280971.238007, 状态: error
[2026-06-01 10:29:31] [QueryClient] 接收响应失败: [WinError 10038] 在一个非套接字上尝试了一个操作。
[2026-06-01 10:29:31] [QueryClient] 已断开与中间件的连接
[2026-06-01 10:29:31] [QueryClient] 已断开与中间件的连接
[2026-06-01 10:29:37] [QueryClient] 已连接到中间件 127.0.0.1:5001
[2026-06-01 10:29:37] [QueryClient] 已订阅查询结果主题
[2026-06-01 10:29:37] [QueryClient] 发送查询请求 - ID: 1780280977.6153667, 类型: get_notes
[2026-06-01 10:29:37] [QueryClient] 收到查询结果 - ID: 1780280977.6153667, 状态: success
[2026-06-01 10:29:38] [QueryClient] 发送查询请求 - ID: 1780280978.750225, 类型: get_like_count
[2026-06-01 10:29:38] [QueryClient] 收到查询结果 - ID: 1780280978.750225, 状态: success
[2026-06-01 10:29:39] [QueryClient] 发送查询请求 - ID: 1780280979.8833249, 类型: get_comments
[2026-06-01 10:29:39] [QueryClient] 收到查询结果 - ID: 1780280979.8833249, 状态: success
[2026-06-01 10:29:39] [QueryClient] 接收响应失败: [WinError 10038] 在一个非套接字上尝试了一个操作。
[2026-06-01 10:29:39] [QueryClient] 已断开与中间件的连接
[2026-06-01 10:29:39] [QueryClient] 已断开与中间件的连接
[2026-06-01 10:29:45] [QueryClient] 已连接到中间件 127.0.0.1:5001
[2026-06-01 10:29:45] [QueryClient] 已订阅查询结果主题
[2026-06-01 10:29:45] [QueryClient] 发送查询请求 - ID: 1780280985.2646666, 类型: get_notes
[2026-06-01 10:29:45] [QueryClient] 收到查询结果 - ID: 1780280985.2646666, 状态: success
[2026-06-01 10:29:45] [QueryClient] 发送查询请求 - ID: 1780280985.3778906, 类型: get_notes
[2026-06-01 10:29:45] [QueryClient] 收到查询结果 - ID: 1780280985.3778906, 状态: success
[2026-06-01 10:29:45] [QueryClient] 发送查询请求 - ID: 1780280985.4895225, 类型: get_notes
[2026-06-01 10:29:45] [QueryClient] 收到查询结果 - ID: 1780280985.4895225, 状态: success
[2026-06-01 10:29:45] [QueryClient] 发送查询请求 - ID: 1780280985.5991037, 类型: get_notes
[2026-06-01 10:29:45] [QueryClient] 收到查询结果 - ID: 1780280985.5991037, 状态: success
[2026-06-01 10:29:45] [QueryClient] 发送查询请求 - ID: 1780280985.7082958, 类型: get_notes
[2026-06-01 10:29:45] [QueryClient] 收到查询结果 - ID: 1780280985.7082958, 状态: success
[2026-06-01 10:29:45] [QueryClient] 发送查询请求 - ID: 1780280985.816887, 类型: get_notes
[2026-06-01 10:29:45] [QueryClient] 收到查询结果 - ID: 1780280985.816887, 状态: success
[2026-06-01 10:29:45] [QueryClient] 发送查询请求 - ID: 1780280985.9277716, 类型: get_notes
[2026-06-01 10:29:46] [QueryClient] 收到查询结果 - ID: 1780280985.9277716, 状态: success
[2026-06-01 10:29:46] [QueryClient] 发送查询请求 - ID: 1780280986.0356276, 类型: get_notes
[2026-06-01 10:29:46] [QueryClient] 收到查询结果 - ID: 1780280986.0356276, 状态: success
[2026-06-01 10:29:46] [QueryClient] 发送查询请求 - ID: 1780280986.1461592, 类型: get_notes
[2026-06-01 10:29:46] [QueryClient] 收到查询结果 - ID: 1780280986.1461592, 状态: success
[2026-06-01 10:29:46] [QueryClient] 发送查询请求 - ID: 1780280986.2537415, 类型: get_notes
[2026-06-01 10:29:46] [QueryClient] 收到查询结果 - ID: 1780280986.2537415, 状态: success
[2026-06-01 10:29:46] [QueryClient] 发送查询请求 - ID: 1780280986.3626134, 类型: get_notes
[2026-06-01 10:29:46] [QueryClient] 收到查询结果 - ID: 1780280986.3626134, 状态: success
[2026-06-01 10:29:46] [QueryClient] 发送查询请求 - ID: 1780280986.477956, 类型: get_notes
[2026-06-01 10:29:46] [QueryClient] 收到查询结果 - ID: 1780280986.477956, 状态: success
[2026-06-01 10:29:46] [QueryClient] 发送查询请求 - ID: 1780280986.5894258, 类型: get_notes
[2026-06-01 10:29:46] [QueryClient] 收到查询结果 - ID: 1780280986.5894258, 状态: success
[2026-06-01 10:29:46] [QueryClient] 发送查询请求 - ID: 1780280986.7020142, 类型: get_notes
[2026-06-01 10:29:46] [QueryClient] 收到查询结果 - ID: 1780280986.7020142, 状态: success
[2026-06-01 10:29:46] [QueryClient] 发送查询请求 - ID: 1780280986.81374, 类型: get_notes
[2026-06-01 10:29:46] [QueryClient] 收到查询结果 - ID: 1780280986.81374, 状态: success
[2026-06-01 10:29:46] [QueryClient] 发送查询请求 - ID: 1780280986.9236648, 类型: get_notes
[2026-06-01 10:29:47] [QueryClient] 收到查询结果 - ID: 1780280986.9236648, 状态: success
[2026-06-01 10:29:47] [QueryClient] 发送查询请求 - ID: 1780280987.0411246, 类型: get_notes
[2026-06-01 10:29:47] [QueryClient] 收到查询结果 - ID: 1780280987.0411246, 状态: success
[2026-06-01 10:29:47] [QueryClient] 发送查询请求 - ID: 1780280987.153518, 类型: get_notes
[2026-06-01 10:29:47] [QueryClient] 收到查询结果 - ID: 1780280987.153518, 状态: success
[2026-06-01 10:29:47] [QueryClient] 发送查询请求 - ID: 1780280987.2577815, 类型: get_notes
[2026-06-01 10:29:47] [QueryClient] 收到查询结果 - ID: 1780280987.2577815, 状态: success
[2026-06-01 10:29:47] [QueryClient] 发送查询请求 - ID: 1780280987.3717647, 类型: get_notes
[2026-06-01 10:29:47] [QueryClient] 收到查询结果 - ID: 1780280987.3717647, 状态: success
[2026-06-01 10:29:47] [QueryClient] 发送查询请求 - ID: 1780280987.4827418, 类型: get_notes
[2026-06-01 10:29:47] [QueryClient] 收到查询结果 - ID: 1780280987.4827418, 状态: success
[2026-06-01 10:29:47] [QueryClient] 发送查询请求 - ID: 1780280987.595584, 类型: get_notes
[2026-06-01 10:29:47] [QueryClient] 收到查询结果 - ID: 1780280987.595584, 状态: success
[2026-06-01 10:29:47] [QueryClient] 发送查询请求 - ID: 1780280987.705863, 类型: get_notes
[2026-06-01 10:29:47] [QueryClient] 收到查询结果 - ID: 1780280987.705863, 状态: success
[2026-06-01 10:29:47] [QueryClient] 发送查询请求 - ID: 1780280987.8165305, 类型: get_notes
[2026-06-01 10:29:47] [QueryClient] 收到查询结果 - ID: 1780280987.8165305, 状态: success
[2026-06-01 10:29:47] [QueryClient] 发送查询请求 - ID: 1780280987.9294236, 类型: get_notes
[2026-06-01 10:29:48] [QueryClient] 收到查询结果 - ID: 1780280987.9294236, 状态: success
[2026-06-01 10:29:48] [QueryClient] 发送查询请求 - ID: 1780280988.0426872, 类型: get_notes
[2026-06-01 10:29:48] [QueryClient] 收到查询结果 - ID: 1780280988.0426872, 状态: success
[2026-06-01 10:29:48] [QueryClient] 发送查询请求 - ID: 1780280988.1545405, 类型: get_notes
[2026-06-01 10:29:48] [QueryClient] 收到查询结果 - ID: 1780280988.1545405, 状态: success
[2026-06-01 10:29:48] [QueryClient] 发送查询请求 - ID: 1780280988.2779195, 类型: get_notes
[2026-06-01 10:29:48] [QueryClient] 收到查询结果 - ID: 1780280988.2779195, 状态: success
[2026-06-01 10:29:48] [QueryClient] 发送查询请求 - ID: 1780280988.3900943, 类型: get_notes
[2026-06-01 10:29:48] [QueryClient] 收到查询结果 - ID: 1780280988.3900943, 状态: success
[2026-06-01 10:29:48] [QueryClient] 发送查询请求 - ID: 1780280988.502969, 类型: get_notes
[2026-06-01 10:29:48] [QueryClient] 收到查询结果 - ID: 1780280988.502969, 状态: success
[2026-06-01 10:29:48] [QueryClient] 发送查询请求 - ID: 1780280988.6140523, 类型: get_notes
[2026-06-01 10:29:48] [QueryClient] 收到查询结果 - ID: 1780280988.6140523, 状态: success
[2026-06-01 10:29:48] [QueryClient] 发送查询请求 - ID: 1780280988.7273076, 类型: get_notes
[2026-06-01 10:29:48] [QueryClient] 收到查询结果 - ID: 1780280988.7273076, 状态: success
[2026-06-01 10:29:48] [QueryClient] 发送查询请求 - ID: 1780280988.8418338, 类型: get_notes
[2026-06-01 10:29:48] [QueryClient] 收到查询结果 - ID: 1780280988.8418338, 状态: success
[2026-06-01 10:29:48] [QueryClient] 发送查询请求 - ID: 1780280988.9678755, 类型: get_notes
[2026-06-01 10:29:49] [QueryClient] 收到查询结果 - ID: 1780280988.9678755, 状态: success
[2026-06-01 10:29:49] [QueryClient] 发送查询请求 - ID: 1780280989.1858423, 类型: get_notes
[2026-06-01 10:29:49] [QueryClient] 收到查询结果 - ID: 1780280989.1858423, 状态: success
[2026-06-01 10:29:49] [QueryClient] 发送查询请求 - ID: 1780280989.2968962, 类型: get_notes
[2026-06-01 10:29:49] [QueryClient] 收到查询结果 - ID: 1780280989.2968962, 状态: success
[2026-06-01 10:29:49] [QueryClient] 发送查询请求 - ID: 1780280989.4118404, 类型: get_notes
[2026-06-01 10:29:49] [QueryClient] 收到查询结果 - ID: 1780280989.4118404, 状态: success
[2026-06-01 10:29:49] [QueryClient] 发送查询请求 - ID: 1780280989.536654, 类型: get_notes
[2026-06-01 10:29:49] [QueryClient] 收到查询结果 - ID: 1780280989.536654, 状态: success
[2026-06-01 10:29:49] [QueryClient] 发送查询请求 - ID: 1780280989.6436243, 类型: get_notes
[2026-06-01 10:29:49] [QueryClient] 收到查询结果 - ID: 1780280989.6436243, 状态: success
[2026-06-01 10:29:49] [QueryClient] 发送查询请求 - ID: 1780280989.7574844, 类型: get_notes
[2026-06-01 10:29:49] [QueryClient] 收到查询结果 - ID: 1780280989.7574844, 状态: success
[2026-06-01 10:29:49] [QueryClient] 发送查询请求 - ID: 1780280989.8821294, 类型: get_notes
[2026-06-01 10:29:49] [QueryClient] 收到查询结果 - ID: 1780280989.8821294, 状态: success
[2026-06-01 10:29:49] [QueryClient] 发送查询请求 - ID: 1780280989.9873595, 类型: get_notes
[2026-06-01 10:29:50] [QueryClient] 收到查询结果 - ID: 1780280989.9873595, 状态: success
[2026-06-01 10:29:50] [QueryClient] 发送查询请求 - ID: 1780280990.1021502, 类型: get_notes
[2026-06-01 10:29:50] [QueryClient] 收到查询结果 - ID: 1780280990.1021502, 状态: success
[2026-06-01 10:29:50] [QueryClient] 发送查询请求 - ID: 1780280990.2251387, 类型: get_notes
[2026-06-01 10:29:50] [QueryClient] 收到查询结果 - ID: 1780280990.2251387, 状态: success
[2026-06-01 10:29:50] [QueryClient] 发送查询请求 - ID: 1780280990.3502073, 类型: get_notes
[2026-06-01 10:29:50] [QueryClient] 收到查询结果 - ID: 1780280990.3502073, 状态: success
[2026-06-01 10:29:50] [QueryClient] 发送查询请求 - ID: 1780280990.4595706, 类型: get_notes
[2026-06-01 10:29:50] [QueryClient] 收到查询结果 - ID: 1780280990.4595706, 状态: success
[2026-06-01 10:29:50] [QueryClient] 发送查询请求 - ID: 1780280990.5774965, 类型: get_notes
[2026-06-01 10:29:50] [QueryClient] 收到查询结果 - ID: 1780280990.5774965, 状态: success
[2026-06-01 10:29:50] [QueryClient] 发送查询请求 - ID: 1780280990.6802294, 类型: get_notes
[2026-06-01 10:29:50] [QueryClient] 收到查询结果 - ID: 1780280990.6802294, 状态: success
[2026-06-01 10:29:50] [QueryClient] 发送查询请求 - ID: 1780280990.7921023, 类型: get_notes
[2026-06-01 10:29:50] [QueryClient] 收到查询结果 - ID: 1780280990.7921023, 状态: success
[2026-06-01 10:29:50] [QueryClient] 发送查询请求 - ID: 1780280990.9055977, 类型: get_notes
[2026-06-01 10:29:51] [QueryClient] 收到查询结果 - ID: 1780280990.9055977, 状态: success
[2026-06-01 10:29:51] [QueryClient] 发送查询请求 - ID: 1780280991.0147676, 类型: get_notes
[2026-06-01 10:29:51] [QueryClient] 收到查询结果 - ID: 1780280991.0147676, 状态: success
[2026-06-01 10:29:51] [QueryClient] 发送查询请求 - ID: 1780280991.1340945, 类型: get_notes
[2026-06-01 10:29:51] [QueryClient] 收到查询结果 - ID: 1780280991.1340945, 状态: success
[2026-06-01 10:29:51] [QueryClient] 发送查询请求 - ID: 1780280991.2423043, 类型: get_notes
[2026-06-01 10:29:51] [QueryClient] 收到查询结果 - ID: 1780280991.2423043, 状态: success
[2026-06-01 10:29:51] [QueryClient] 发送查询请求 - ID: 1780280991.3576243, 类型: get_notes
[2026-06-01 10:29:51] [QueryClient] 收到查询结果 - ID: 1780280991.3576243, 状态: success
[2026-06-01 10:29:51] [QueryClient] 发送查询请求 - ID: 1780280991.4666784, 类型: get_notes
[2026-06-01 10:29:51] [QueryClient] 收到查询结果 - ID: 1780280991.4666784, 状态: success
[2026-06-01 10:29:51] [QueryClient] 发送查询请求 - ID: 1780280991.5795035, 类型: get_notes
[2026-06-01 10:29:51] [QueryClient] 收到查询结果 - ID: 1780280991.5795035, 状态: success
[2026-06-01 10:29:51] [QueryClient] 发送查询请求 - ID: 1780280991.6891038, 类型: get_notes
[2026-06-01 10:29:51] [QueryClient] 收到查询结果 - ID: 1780280991.6891038, 状态: success
[2026-06-01 10:29:51] [QueryClient] 发送查询请求 - ID: 1780280991.799775, 类型: get_notes
[2026-06-01 10:29:51] [QueryClient] 收到查询结果 - ID: 1780280991.799775, 状态: success
[2026-06-01 10:29:51] [QueryClient] 发送查询请求 - ID: 1780280991.913355, 类型: get_notes
[2026-06-01 10:29:52] [QueryClient] 收到查询结果 - ID: 1780280991.913355, 状态: success
[2026-06-01 10:29:52] [QueryClient] 发送查询请求 - ID: 1780280992.0157945, 类型: get_notes
[2026-06-01 10:29:52] [QueryClient] 收到查询结果 - ID: 1780280992.0157945, 状态: success
[2026-06-01 10:29:52] [QueryClient] 发送查询请求 - ID: 1780280992.1264908, 类型: get_notes
[2026-06-01 10:29:52] [QueryClient] 收到查询结果 - ID: 1780280992.1264908, 状态: success
[2026-06-01 10:29:52] [QueryClient] 发送查询请求 - ID: 1780280992.243126, 类型: get_notes
[2026-06-01 10:29:52] [QueryClient] 收到查询结果 - ID: 1780280992.243126, 状态: success
[2026-06-01 10:29:52] [QueryClient] 发送查询请求 - ID: 1780280992.353577, 类型: get_notes
[2026-06-01 10:29:52] [QueryClient] 收到查询结果 - ID: 1780280992.353577, 状态: success
[2026-06-01 10:29:52] [QueryClient] 发送查询请求 - ID: 1780280992.466357, 类型: get_notes
[2026-06-01 10:29:52] [QueryClient] 收到查询结果 - ID: 1780280992.466357, 状态: success
[2026-06-01 10:29:52] [QueryClient] 发送查询请求 - ID: 1780280992.5778875, 类型: get_notes
[2026-06-01 10:29:52] [QueryClient] 收到查询结果 - ID: 1780280992.5778875, 状态: success
[2026-06-01 10:29:52] [QueryClient] 发送查询请求 - ID: 1780280992.6881723, 类型: get_notes
[2026-06-01 10:29:52] [QueryClient] 收到查询结果 - ID: 1780280992.6881723, 状态: success
[2026-06-01 10:29:52] [QueryClient] 发送查询请求 - ID: 1780280992.8014145, 类型: get_notes
[2026-06-01 10:29:52] [QueryClient] 收到查询结果 - ID: 1780280992.8014145, 状态: success
[2026-06-01 10:29:52] [QueryClient] 发送查询请求 - ID: 1780280992.9508266, 类型: get_notes
[2026-06-01 10:29:53] [QueryClient] 收到查询结果 - ID: 1780280992.9508266, 状态: success
[2026-06-01 10:29:53] [QueryClient] 发送查询请求 - ID: 1780280993.065734, 类型: get_notes
[2026-06-01 10:29:53] [QueryClient] 收到查询结果 - ID: 1780280993.065734, 状态: success
[2026-06-01 10:29:53] [QueryClient] 发送查询请求 - ID: 1780280993.1770608, 类型: get_notes
[2026-06-01 10:29:53] [QueryClient] 收到查询结果 - ID: 1780280993.1770608, 状态: success
[2026-06-01 10:29:53] [QueryClient] 发送查询请求 - ID: 1780280993.2936223, 类型: get_notes
[2026-06-01 10:29:53] [QueryClient] 收到查询结果 - ID: 1780280993.2936223, 状态: success
[2026-06-01 10:29:53] [QueryClient] 发送查询请求 - ID: 1780280993.5134873, 类型: get_notes
[2026-06-01 10:29:53] [QueryClient] 收到查询结果 - ID: 1780280993.5134873, 状态: success
[2026-06-01 10:29:53] [QueryClient] 发送查询请求 - ID: 1780280993.6367264, 类型: get_notes
[2026-06-01 10:29:53] [QueryClient] 收到查询结果 - ID: 1780280993.6367264, 状态: success
[2026-06-01 10:29:53] [QueryClient] 发送查询请求 - ID: 1780280993.748847, 类型: get_notes
[2026-06-01 10:29:53] [QueryClient] 收到查询结果 - ID: 1780280993.748847, 状态: success
[2026-06-01 10:29:53] [QueryClient] 发送查询请求 - ID: 1780280993.8596275, 类型: get_notes
[2026-06-01 10:29:53] [QueryClient] 收到查询结果 - ID: 1780280993.8596275, 状态: success
[2026-06-01 10:29:53] [QueryClient] 发送查询请求 - ID: 1780280993.9700358, 类型: get_notes
[2026-06-01 10:29:54] [QueryClient] 收到查询结果 - ID: 1780280993.9700358, 状态: success
[2026-06-01 10:29:54] [QueryClient] 发送查询请求 - ID: 1780280994.081459, 类型: get_notes
[2026-06-01 10:29:54] [QueryClient] 收到查询结果 - ID: 1780280994.081459, 状态: success
[2026-06-01 10:29:54] [QueryClient] 发送查询请求 - ID: 1780280994.1904316, 类型: get_notes
[2026-06-01 10:29:54] [QueryClient] 收到查询结果 - ID: 1780280994.1904316, 状态: success
[2026-06-01 10:29:54] [QueryClient] 发送查询请求 - ID: 1780280994.3030694, 类型: get_notes
[2026-06-01 10:29:54] [QueryClient] 收到查询结果 - ID: 1780280994.3030694, 状态: success
[2026-06-01 10:29:54] [QueryClient] 发送查询请求 - ID: 1780280994.41419, 类型: get_notes
[2026-06-01 10:29:54] [QueryClient] 收到查询结果 - ID: 1780280994.41419, 状态: success
[2026-06-01 10:29:54] [QueryClient] 发送查询请求 - ID: 1780280994.527947, 类型: get_notes
[2026-06-01 10:29:54] [QueryClient] 收到查询结果 - ID: 1780280994.527947, 状态: success
[2026-06-01 10:29:54] [QueryClient] 发送查询请求 - ID: 1780280994.6379821, 类型: get_notes
[2026-06-01 10:29:54] [QueryClient] 收到查询结果 - ID: 1780280994.6379821, 状态: success
[2026-06-01 10:29:54] [QueryClient] 发送查询请求 - ID: 1780280994.747817, 类型: get_notes
[2026-06-01 10:29:54] [QueryClient] 收到查询结果 - ID: 1780280994.747817, 状态: success
[2026-06-01 10:29:54] [QueryClient] 发送查询请求 - ID: 1780280994.8613214, 类型: get_notes
[2026-06-01 10:29:54] [QueryClient] 收到查询结果 - ID: 1780280994.8613214, 状态: success
[2026-06-01 10:29:54] [QueryClient] 发送查询请求 - ID: 1780280994.9839518, 类型: get_notes
[2026-06-01 10:29:55] [QueryClient] 收到查询结果 - ID: 1780280994.9839518, 状态: success
[2026-06-01 10:29:55] [QueryClient] 发送查询请求 - ID: 1780280995.100433, 类型: get_notes
[2026-06-01 10:29:55] [QueryClient] 收到查询结果 - ID: 1780280995.100433, 状态: success
[2026-06-01 10:29:55] [QueryClient] 发送查询请求 - ID: 1780280995.2095594, 类型: get_notes
[2026-06-01 10:29:55] [QueryClient] 收到查询结果 - ID: 1780280995.2095594, 状态: success
[2026-06-01 10:29:55] [QueryClient] 发送查询请求 - ID: 1780280995.3205976, 类型: get_notes
[2026-06-01 10:29:55] [QueryClient] 收到查询结果 - ID: 1780280995.3205976, 状态: success
[2026-06-01 10:29:55] [QueryClient] 发送查询请求 - ID: 1780280995.432862, 类型: get_notes
[2026-06-01 10:29:55] [QueryClient] 收到查询结果 - ID: 1780280995.432862, 状态: success
[2026-06-01 10:29:55] [QueryClient] 发送查询请求 - ID: 1780280995.5470238, 类型: get_notes
[2026-06-01 10:29:55] [QueryClient] 收到查询结果 - ID: 1780280995.5470238, 状态: success
[2026-06-01 10:29:55] [QueryClient] 发送查询请求 - ID: 1780280995.6631975, 类型: get_notes
[2026-06-01 10:29:55] [QueryClient] 收到查询结果 - ID: 1780280995.6631975, 状态: success
[2026-06-01 10:29:55] [QueryClient] 发送查询请求 - ID: 1780280995.7835946, 类型: get_notes
[2026-06-01 10:29:55] [QueryClient] 收到查询结果 - ID: 1780280995.7835946, 状态: success
[2026-06-01 10:29:55] [QueryClient] 发送查询请求 - ID: 1780280995.8931305, 类型: get_notes
[2026-06-01 10:29:56] [QueryClient] 收到查询结果 - ID: 1780280995.8931305, 状态: success
[2026-06-01 10:29:56] [QueryClient] 发送查询请求 - ID: 1780280996.007911, 类型: get_notes
[2026-06-01 10:29:56] [QueryClient] 收到查询结果 - ID: 1780280996.007911, 状态: success
[2026-06-01 10:29:56] [QueryClient] 发送查询请求 - ID: 1780280996.116506, 类型: get_notes
[2026-06-01 10:29:56] [QueryClient] 收到查询结果 - ID: 1780280996.116506, 状态: success
[2026-06-01 10:29:56] [QueryClient] 发送查询请求 - ID: 1780280996.2372825, 类型: get_notes
[2026-06-01 10:29:56] [QueryClient] 收到查询结果 - ID: 1780280996.2372825, 状态: success
[2026-06-01 10:29:56] [QueryClient] 发送查询请求 - ID: 1780280996.3781147, 类型: get_notes
[2026-06-01 10:29:56] [QueryClient] 收到查询结果 - ID: 1780280996.3781147, 状态: success
[2026-06-01 10:29:56] [QueryClient] 发送查询请求 - ID: 1780280996.4895005, 类型: get_notes
[2026-06-01 10:29:56] [QueryClient] 收到查询结果 - ID: 1780280996.4895005, 状态: success
[2026-06-01 10:29:56] [QueryClient] 发送查询请求 - ID: 1780280996.6008332, 类型: get_notes
[2026-06-01 10:29:56] [QueryClient] 收到查询结果 - ID: 1780280996.6008332, 状态: success
[2026-06-01 10:29:56] [QueryClient] 发送查询请求 - ID: 1780280996.7120404, 类型: get_notes
[2026-06-01 10:29:56] [QueryClient] 收到查询结果 - ID: 1780280996.7120404, 状态: success
[2026-06-01 10:29:56] [QueryClient] 接收响应失败: [WinError 10038] 在一个非套接字上尝试了一个操作。
[2026-06-01 10:29:56] [QueryClient] 已断开与中间件的连接
[2026-06-01 10:29:56] [QueryClient] 已断开与中间件的连接
