[2026-05-26 16:45:27] [Middleware] 服务已启动 127.0.0.1:5001
[2026-05-26 16:45:27] [Middleware] 新节点加入: ('127.0.0.1', 52063)
[2026-05-26 16:45:27] [Middleware] 节点 ('127.0.0.1', 52063) 订阅主题: note/publish
[2026-05-26 16:45:27] [Middleware] 新节点加入: ('127.0.0.1', 52064)
[2026-05-26 16:45:27] [Middleware] 节点 ('127.0.0.1', 52064) 订阅主题: note/like
[2026-05-26 16:45:27] [Middleware] 新节点加入: ('127.0.0.1', 52065)
[2026-05-26 16:45:27] [Middleware] 节点 ('127.0.0.1', 52064) 订阅主题: note/comment
[2026-05-26 16:45:27] [Middleware] 新节点加入: ('127.0.0.1', 52066)
[2026-05-26 16:45:27] [Middleware] 节点 ('127.0.0.1', 52065) 订阅主题: note/like
[2026-05-26 16:45:27] [Middleware] 节点 ('127.0.0.1', 52064) 订阅主题: note/delete
[2026-05-26 16:45:27] [Middleware] 节点 ('127.0.0.1', 52063) 订阅主题: note/publish
[2026-05-26 16:45:27] [Middleware] 节点 ('127.0.0.1', 52066) 订阅主题: query/request
[2026-05-26 16:45:27] [Middleware] 新节点加入: ('127.0.0.1', 52067)
[2026-05-26 16:45:27] [Middleware] 节点 ('127.0.0.1', 52065) 订阅主题: note/comment
[2026-05-26 16:45:27] [Middleware] 节点 ('127.0.0.1', 52064) 订阅主题: note/like
[2026-05-26 16:45:27] [Middleware] 节点 ('127.0.0.1', 52066) 订阅主题: query/request
[2026-05-26 16:45:27] [Middleware] 节点 ('127.0.0.1', 52065) 订阅主题: note/like
[2026-05-26 16:45:27] [Middleware] 节点 ('127.0.0.1', 52064) 订阅主题: note/comment
[2026-05-26 16:45:27] [Middleware] 节点 ('127.0.0.1', 52065) 订阅主题: note/comment
[2026-05-26 16:45:32] [Middleware] 新节点加入: ('127.0.0.1', 63579)
[2026-05-26 16:45:32] [Middleware] 节点 ('127.0.0.1', 63579) 订阅主题: query/response
[2026-05-26 16:45:32] [Middleware] 接收到查询请求放入队列 - ID: 1779785132.7428234, 类型: get_notes
[2026-05-26 16:45:32] [Middleware] 分发查询请求 - 主题: query/request, 内容: {'query_id': '1779785132.7428234', 'query_type': 'get_notes', 'params': {}}
[2026-05-26 16:45:32] [Middleware] 接收到消息 - 主题: query/response, 内容: {'status': 'success', 'data': [{'id': 'a16394cd-45b4-45aa-b129-b92a54fd46a8', 'title': '123', 'content': '123', 'author': 'guest', 'created_at': None, 'likes': 5, 'comments': 0, 'heat': 19, 'status': 'approved'}, {'id': 'c216fe9f-591f-4616-a21c-813aff198c85', 'title': '333', 'content': '333', 'author': 'guest', 'created_at': None, 'likes': 16, 'comments': 1, 'heat': 35, 'status': 'approved'}, {'id': '4cbd6681-8b0d-4de1-ada9-9bf2900a8573', 'title': '111', 'content': '1111', 'author': 'guest', 'created_at': None, 'likes': 0, 'comments': 0, 'heat': 0, 'status': 'approved'}, {'id': 'f4e8c84e-0b91-4105-a36e-701623db2646', 'title': '123', 'content': '123', 'author': 'guest', 'created_at': None, 'likes': 0, 'comments': 0, 'heat': 0, 'status': 'approved'}, {'id': '1da6e627-985d-4349-812a-e7e417697b1d', 'title': '324', 'content': '432', 'author': 'guest', 'created_at': None, 'likes': 0, 'comments': 0, 'heat': 0, 'status': 'approved'}, {'id': 'f5ccadc4-9790-4523-8d87-fe7fa42b9ea3', 'title': '888', 'content': '888', 'author': 'guest', 'created_at': None, 'likes': 5, 'comments': 0, 'heat': 10, 'status': 'approved'}, {'id': '16e53912-a6f0-495d-aa52-e962e746dfa1', 'title': '123222', 'content': 'qqwe', 'author': 'guest', 'created_at': None, 'likes': 0, 'comments': 0, 'heat': 0, 'status': 'approved'}, {'id': '53c9ac4a-4bcf-48f1-9134-31f0a1a32c6a', 'title': '546445654', 'content': '4564', 'author': 'guest', 'created_at': None, 'likes': 0, 'comments': 0, 'heat': 0, 'status': 'approved'}], 'query_id': '1779785132.7428234'}
[2026-05-26 16:45:32] [Middleware] 分发消息 - 主题: query/response, 内容: {'status': 'success', 'data': [{'id': 'a16394cd-45b4-45aa-b129-b92a54fd46a8', 'title': '123', 'content': '123', 'author': 'guest', 'created_at': None, 'likes': 5, 'comments': 0, 'heat': 19, 'status': 'approved'}, {'id': 'c216fe9f-591f-4616-a21c-813aff198c85', 'title': '333', 'content': '333', 'author': 'guest', 'created_at': None, 'likes': 16, 'comments': 1, 'heat': 35, 'status': 'approved'}, {'id': '4cbd6681-8b0d-4de1-ada9-9bf2900a8573', 'title': '111', 'content': '1111', 'author': 'guest', 'created_at': None, 'likes': 0, 'comments': 0, 'heat': 0, 'status': 'approved'}, {'id': 'f4e8c84e-0b91-4105-a36e-701623db2646', 'title': '123', 'content': '123', 'author': 'guest', 'created_at': None, 'likes': 0, 'comments': 0, 'heat': 0, 'status': 'approved'}, {'id': '1da6e627-985d-4349-812a-e7e417697b1d', 'title': '324', 'content': '432', 'author': 'guest', 'created_at': None, 'likes': 0, 'comments': 0, 'heat': 0, 'status': 'approved'}, {'id': 'f5ccadc4-9790-4523-8d87-fe7fa42b9ea3', 'title': '888', 'content': '888', 'author': 'guest', 'created_at': None, 'likes': 5, 'comments': 0, 'heat': 10, 'status': 'approved'}, {'id': '16e53912-a6f0-495d-aa52-e962e746dfa1', 'title': '123222', 'content': 'qqwe', 'author': 'guest', 'created_at': None, 'likes': 0, 'comments': 0, 'heat': 0, 'status': 'approved'}, {'id': '53c9ac4a-4bcf-48f1-9134-31f0a1a32c6a', 'title': '546445654', 'content': '4564', 'author': 'guest', 'created_at': None, 'likes': 0, 'comments': 0, 'heat': 0, 'status': 'approved'}], 'query_id': '1779785132.7428234'}
[2026-05-26 16:45:34] [Middleware] 接收到查询请求放入队列 - ID: 1779785134.7182965, 类型: get_note
[2026-05-26 16:45:34] [Middleware] 分发查询请求 - 主题: query/request, 内容: {'query_id': '1779785134.7182965', 'query_type': 'get_note', 'params': {'note_id': 'c216fe9f-591f-4616-a21c-813aff198c85'}}
[2026-05-26 16:45:34] [Middleware] 接收到消息 - 主题: query/response, 内容: {'status': 'success', 'data': {'id': 'c216fe9f-591f-4616-a21c-813aff198c85', 'title': '333', 'content': '333', 'author': 'guest', 'created_at': None, 'likes': 16, 'comments': 1, 'heat': 35, 'status': 'approved'}, 'query_id': '1779785134.7182965'}
[2026-05-26 16:45:34] [Middleware] 分发消息 - 主题: query/response, 内容: {'status': 'success', 'data': {'id': 'c216fe9f-591f-4616-a21c-813aff198c85', 'title': '333', 'content': '333', 'author': 'guest', 'created_at': None, 'likes': 16, 'comments': 1, 'heat': 35, 'status': 'approved'}, 'query_id': '1779785134.7182965'}
[2026-05-26 16:45:35] [Middleware] 接收到查询请求放入队列 - ID: 1779785135.0427427, 类型: get_comments
[2026-05-26 16:45:35] [Middleware] 分发查询请求 - 主题: query/request, 内容: {'query_id': '1779785135.0427427', 'query_type': 'get_comments', 'params': {'note_id': 'c216fe9f-591f-4616-a21c-813aff198c85'}}
[2026-05-26 16:45:35] [Middleware] 接收到消息 - 主题: query/response, 内容: {'status': 'success', 'data': [{'id': 'eaa0cf99-4632-4741-a1b3-471fb44b9f87', 'note_id': 'c216fe9f-591f-4616-a21c-813aff198c85', 'user_id': 'guest', 'content': '123213321', 'created_at': '2026-05-26T16:25:59.468515'}], 'query_id': '1779785135.0427427'}
[2026-05-26 16:45:35] [Middleware] 分发消息 - 主题: query/response, 内容: {'status': 'success', 'data': [{'id': 'eaa0cf99-4632-4741-a1b3-471fb44b9f87', 'note_id': 'c216fe9f-591f-4616-a21c-813aff198c85', 'user_id': 'guest', 'content': '123213321', 'created_at': '2026-05-26T16:25:59.468515'}], 'query_id': '1779785135.0427427'}
[2026-05-26 16:45:35] [Middleware] 接收到查询请求放入队列 - ID: 1779785135.278148, 类型: get_like_count
[2026-05-26 16:45:35] [Middleware] 分发查询请求 - 主题: query/request, 内容: {'query_id': '1779785135.278148', 'query_type': 'get_like_count', 'params': {'note_id': 'c216fe9f-591f-4616-a21c-813aff198c85'}}
[2026-05-26 16:45:35] [Middleware] 接收到消息 - 主题: query/response, 内容: {'status': 'success', 'data': 16, 'query_id': '1779785135.278148'}
[2026-05-26 16:45:35] [Middleware] 分发消息 - 主题: query/response, 内容: {'status': 'success', 'data': 16, 'query_id': '1779785135.278148'}
[2026-05-26 16:45:36] [Middleware] 新节点加入: ('127.0.0.1', 61251)
[2026-05-26 16:45:36] [Middleware] 接收到消息 - 主题: note/like, 内容: {'note_id': 'c216fe9f-591f-4616-a21c-813aff198c85', 'user_id': 'guest'}
[2026-05-26 16:45:36] [Middleware] 接收到查询请求放入队列 - ID: 1779785136.5993772, 类型: get_note
[2026-05-26 16:45:36] [Middleware] 分发查询请求 - 主题: query/request, 内容: {'query_id': '1779785136.5993772', 'query_type': 'get_note', 'params': {'note_id': 'c216fe9f-591f-4616-a21c-813aff198c85'}}
[2026-05-26 16:45:36] [Middleware] 分发消息 - 主题: note/like, 内容: {'note_id': 'c216fe9f-591f-4616-a21c-813aff198c85', 'user_id': 'guest'}
[2026-05-26 16:45:36] [Middleware] 接收到消息 - 主题: query/response, 内容: {'status': 'success', 'data': {'id': 'c216fe9f-591f-4616-a21c-813aff198c85', 'title': '333', 'content': '333', 'author': 'guest', 'created_at': None, 'likes': 16, 'comments': 1, 'heat': 35, 'status': 'approved'}, 'query_id': '1779785136.5993772'}
[2026-05-26 16:45:36] [Middleware] 分发消息 - 主题: query/response, 内容: {'status': 'success', 'data': {'id': 'c216fe9f-591f-4616-a21c-813aff198c85', 'title': '333', 'content': '333', 'author': 'guest', 'created_at': None, 'likes': 16, 'comments': 1, 'heat': 35, 'status': 'approved'}, 'query_id': '1779785136.5993772'}
[2026-05-26 16:45:36] [Middleware] 接收到查询请求放入队列 - ID: 1779785136.8246787, 类型: get_comments
[2026-05-26 16:45:36] [Middleware] 分发查询请求 - 主题: query/request, 内容: {'query_id': '1779785136.8246787', 'query_type': 'get_comments', 'params': {'note_id': 'c216fe9f-591f-4616-a21c-813aff198c85'}}
[2026-05-26 16:45:36] [Middleware] 接收到消息 - 主题: query/response, 内容: {'status': 'success', 'data': [{'id': 'eaa0cf99-4632-4741-a1b3-471fb44b9f87', 'note_id': 'c216fe9f-591f-4616-a21c-813aff198c85', 'user_id': 'guest', 'content': '123213321', 'created_at': '2026-05-26T16:25:59.468515'}], 'query_id': '1779785136.8246787'}
[2026-05-26 16:45:36] [Middleware] 分发消息 - 主题: query/response, 内容: {'status': 'success', 'data': [{'id': 'eaa0cf99-4632-4741-a1b3-471fb44b9f87', 'note_id': 'c216fe9f-591f-4616-a21c-813aff198c85', 'user_id': 'guest', 'content': '123213321', 'created_at': '2026-05-26T16:25:59.468515'}], 'query_id': '1779785136.8246787'}
[2026-05-26 16:45:36] [Middleware] 接收到查询请求放入队列 - ID: 1779785136.9318395, 类型: get_like_count
[2026-05-26 16:45:36] [Middleware] 分发查询请求 - 主题: query/request, 内容: {'query_id': '1779785136.9318395', 'query_type': 'get_like_count', 'params': {'note_id': 'c216fe9f-591f-4616-a21c-813aff198c85'}}
[2026-05-26 16:45:36] [Middleware] 接收到消息 - 主题: query/response, 内容: {'status': 'success', 'data': 16, 'query_id': '1779785136.9318395'}
[2026-05-26 16:45:37] [Middleware] 分发消息 - 主题: query/response, 内容: {'status': 'success', 'data': 16, 'query_id': '1779785136.9318395'}
[2026-05-26 16:45:38] [Middleware] 接收到消息 - 主题: note/like, 内容: {'note_id': 'c216fe9f-591f-4616-a21c-813aff198c85', 'user_id': 'guest'}
[2026-05-26 16:45:38] [Middleware] 接收到查询请求放入队列 - ID: 1779785138.293969, 类型: get_note
[2026-05-26 16:45:38] [Middleware] 分发消息 - 主题: note/like, 内容: {'note_id': 'c216fe9f-591f-4616-a21c-813aff198c85', 'user_id': 'guest'}
[2026-05-26 16:45:38] [Middleware] 分发查询请求 - 主题: query/request, 内容: {'query_id': '1779785138.293969', 'query_type': 'get_note', 'params': {'note_id': 'c216fe9f-591f-4616-a21c-813aff198c85'}}
[2026-05-26 16:45:38] [Middleware] 接收到消息 - 主题: query/response, 内容: {'status': 'success', 'data': {'id': 'c216fe9f-591f-4616-a21c-813aff198c85', 'title': '333', 'content': '333', 'author': 'guest', 'created_at': None, 'likes': 16, 'comments': 1, 'heat': 39, 'status': 'approved'}, 'query_id': '1779785138.293969'}
[2026-05-26 16:45:38] [Middleware] 分发消息 - 主题: query/response, 内容: {'status': 'success', 'data': {'id': 'c216fe9f-591f-4616-a21c-813aff198c85', 'title': '333', 'content': '333', 'author': 'guest', 'created_at': None, 'likes': 16, 'comments': 1, 'heat': 39, 'status': 'approved'}, 'query_id': '1779785138.293969'}
[2026-05-26 16:45:38] [Middleware] 接收到查询请求放入队列 - ID: 1779785138.5133908, 类型: get_comments
[2026-05-26 16:45:38] [Middleware] 分发查询请求 - 主题: query/request, 内容: {'query_id': '1779785138.5133908', 'query_type': 'get_comments', 'params': {'note_id': 'c216fe9f-591f-4616-a21c-813aff198c85'}}
[2026-05-26 16:45:38] [Middleware] 接收到消息 - 主题: query/response, 内容: {'status': 'success', 'data': [{'id': 'eaa0cf99-4632-4741-a1b3-471fb44b9f87', 'note_id': 'c216fe9f-591f-4616-a21c-813aff198c85', 'user_id': 'guest', 'content': '123213321', 'created_at': '2026-05-26T16:25:59.468515'}], 'query_id': '1779785138.5133908'}
[2026-05-26 16:45:38] [Middleware] 分发消息 - 主题: query/response, 内容: {'status': 'success', 'data': [{'id': 'eaa0cf99-4632-4741-a1b3-471fb44b9f87', 'note_id': 'c216fe9f-591f-4616-a21c-813aff198c85', 'user_id': 'guest', 'content': '123213321', 'created_at': '2026-05-26T16:25:59.468515'}], 'query_id': '1779785138.5133908'}
[2026-05-26 16:45:38] [Middleware] 接收到查询请求放入队列 - ID: 1779785138.730663, 类型: get_like_count
[2026-05-26 16:45:38] [Middleware] 分发查询请求 - 主题: query/request, 内容: {'query_id': '1779785138.730663', 'query_type': 'get_like_count', 'params': {'note_id': 'c216fe9f-591f-4616-a21c-813aff198c85'}}
[2026-05-26 16:45:38] [Middleware] 接收到消息 - 主题: query/response, 内容: {'status': 'success', 'data': 16, 'query_id': '1779785138.730663'}
[2026-05-26 16:45:38] [Middleware] 分发消息 - 主题: query/response, 内容: {'status': 'success', 'data': 16, 'query_id': '1779785138.730663'}
[2026-05-26 16:45:39] [Middleware] 接收到消息 - 主题: note/like, 内容: {'note_id': 'c216fe9f-591f-4616-a21c-813aff198c85', 'user_id': 'guest'}
[2026-05-26 16:45:39] [Middleware] 接收到查询请求放入队列 - ID: 1779785139.5337033, 类型: get_note
[2026-05-26 16:45:39] [Middleware] 分发查询请求 - 主题: query/request, 内容: {'query_id': '1779785139.5337033', 'query_type': 'get_note', 'params': {'note_id': 'c216fe9f-591f-4616-a21c-813aff198c85'}}
[2026-05-26 16:45:39] [Middleware] 接收到消息 - 主题: query/response, 内容: {'status': 'success', 'data': {'id': 'c216fe9f-591f-4616-a21c-813aff198c85', 'title': '333', 'content': '333', 'author': 'guest', 'created_at': None, 'likes': 16, 'comments': 1, 'heat': 39, 'status': 'approved'}, 'query_id': '1779785139.5337033'}
[2026-05-26 16:45:39] [Middleware] 分发消息 - 主题: note/like, 内容: {'note_id': 'c216fe9f-591f-4616-a21c-813aff198c85', 'user_id': 'guest'}
[2026-05-26 16:45:39] [Middleware] 分发消息 - 主题: query/response, 内容: {'status': 'success', 'data': {'id': 'c216fe9f-591f-4616-a21c-813aff198c85', 'title': '333', 'content': '333', 'author': 'guest', 'created_at': None, 'likes': 16, 'comments': 1, 'heat': 39, 'status': 'approved'}, 'query_id': '1779785139.5337033'}
[2026-05-26 16:45:39] [Middleware] 接收到查询请求放入队列 - ID: 1779785139.6440854, 类型: get_comments
[2026-05-26 16:45:39] [Middleware] 分发查询请求 - 主题: query/request, 内容: {'query_id': '1779785139.6440854', 'query_type': 'get_comments', 'params': {'note_id': 'c216fe9f-591f-4616-a21c-813aff198c85'}}
[2026-05-26 16:45:39] [Middleware] 接收到消息 - 主题: query/response, 内容: {'status': 'success', 'data': [{'id': 'eaa0cf99-4632-4741-a1b3-471fb44b9f87', 'note_id': 'c216fe9f-591f-4616-a21c-813aff198c85', 'user_id': 'guest', 'content': '123213321', 'created_at': '2026-05-26T16:25:59.468515'}], 'query_id': '1779785139.6440854'}
[2026-05-26 16:45:39] [Middleware] 分发消息 - 主题: query/response, 内容: {'status': 'success', 'data': [{'id': 'eaa0cf99-4632-4741-a1b3-471fb44b9f87', 'note_id': 'c216fe9f-591f-4616-a21c-813aff198c85', 'user_id': 'guest', 'content': '123213321', 'created_at': '2026-05-26T16:25:59.468515'}], 'query_id': '1779785139.6440854'}
[2026-05-26 16:45:39] [Middleware] 接收到查询请求放入队列 - ID: 1779785139.7622907, 类型: get_like_count
[2026-05-26 16:45:39] [Middleware] 分发查询请求 - 主题: query/request, 内容: {'query_id': '1779785139.7622907', 'query_type': 'get_like_count', 'params': {'note_id': 'c216fe9f-591f-4616-a21c-813aff198c85'}}
[2026-05-26 16:45:39] [Middleware] 接收到消息 - 主题: query/response, 内容: {'status': 'success', 'data': 16, 'query_id': '1779785139.7622907'}
[2026-05-26 16:45:39] [Middleware] 分发消息 - 主题: query/response, 内容: {'status': 'success', 'data': 16, 'query_id': '1779785139.7622907'}
[2026-05-26 16:45:42] [Middleware] 接收到消息 - 主题: note/comment, 内容: {'note_id': 'c216fe9f-591f-4616-a21c-813aff198c85', 'user_id': 'guest', 'comment_text': '2222'}
[2026-05-26 16:45:42] [Middleware] 接收到查询请求放入队列 - ID: 1779785142.343634, 类型: get_note
[2026-05-26 16:45:42] [Middleware] 分发查询请求 - 主题: query/request, 内容: {'query_id': '1779785142.343634', 'query_type': 'get_note', 'params': {'note_id': 'c216fe9f-591f-4616-a21c-813aff198c85'}}
[2026-05-26 16:45:42] [Middleware] 接收到消息 - 主题: query/response, 内容: {'status': 'success', 'data': {'id': 'c216fe9f-591f-4616-a21c-813aff198c85', 'title': '333', 'content': '333', 'author': 'guest', 'created_at': None, 'likes': 16, 'comments': 1, 'heat': 41, 'status': 'approved'}, 'query_id': '1779785142.343634'}
[2026-05-26 16:45:42] [Middleware] 分发消息 - 主题: note/comment, 内容: {'note_id': 'c216fe9f-591f-4616-a21c-813aff198c85', 'user_id': 'guest', 'comment_text': '2222'}
[2026-05-26 16:45:42] [Middleware] 分发消息 - 主题: query/response, 内容: {'status': 'success', 'data': {'id': 'c216fe9f-591f-4616-a21c-813aff198c85', 'title': '333', 'content': '333', 'author': 'guest', 'created_at': None, 'likes': 16, 'comments': 1, 'heat': 41, 'status': 'approved'}, 'query_id': '1779785142.343634'}
[2026-05-26 16:45:42] [Middleware] 接收到查询请求放入队列 - ID: 1779785142.458262, 类型: get_comments
[2026-05-26 16:45:42] [Middleware] 分发查询请求 - 主题: query/request, 内容: {'query_id': '1779785142.458262', 'query_type': 'get_comments', 'params': {'note_id': 'c216fe9f-591f-4616-a21c-813aff198c85'}}
[2026-05-26 16:45:42] [Middleware] 接收到消息 - 主题: query/response, 内容: {'status': 'success', 'data': [{'id': 'eaa0cf99-4632-4741-a1b3-471fb44b9f87', 'note_id': 'c216fe9f-591f-4616-a21c-813aff198c85', 'user_id': 'guest', 'content': '123213321', 'created_at': '2026-05-26T16:25:59.468515'}], 'query_id': '1779785142.458262'}
[2026-05-26 16:45:42] [Middleware] 分发消息 - 主题: query/response, 内容: {'status': 'success', 'data': [{'id': 'eaa0cf99-4632-4741-a1b3-471fb44b9f87', 'note_id': 'c216fe9f-591f-4616-a21c-813aff198c85', 'user_id': 'guest', 'content': '123213321', 'created_at': '2026-05-26T16:25:59.468515'}], 'query_id': '1779785142.458262'}
[2026-05-26 16:45:42] [Middleware] 接收到查询请求放入队列 - ID: 1779785142.5676062, 类型: get_like_count
[2026-05-26 16:45:42] [Middleware] 分发查询请求 - 主题: query/request, 内容: {'query_id': '1779785142.5676062', 'query_type': 'get_like_count', 'params': {'note_id': 'c216fe9f-591f-4616-a21c-813aff198c85'}}
[2026-05-26 16:45:42] [Middleware] 接收到消息 - 主题: query/response, 内容: {'status': 'success', 'data': 16, 'query_id': '1779785142.5676062'}
[2026-05-26 16:45:42] [Middleware] 分发消息 - 主题: query/response, 内容: {'status': 'success', 'data': 16, 'query_id': '1779785142.5676062'}
[2026-05-26 16:45:45] [Middleware] 接收到消息 - 主题: note/comment, 内容: {'note_id': 'c216fe9f-591f-4616-a21c-813aff198c85', 'user_id': 'guest', 'comment_text': '2222'}
[2026-05-26 16:45:45] [Middleware] 接收到查询请求放入队列 - ID: 1779785145.652647, 类型: get_note
[2026-05-26 16:45:45] [Middleware] 分发消息 - 主题: note/comment, 内容: {'note_id': 'c216fe9f-591f-4616-a21c-813aff198c85', 'user_id': 'guest', 'comment_text': '2222'}
[2026-05-26 16:45:45] [Middleware] 分发查询请求 - 主题: query/request, 内容: {'query_id': '1779785145.652647', 'query_type': 'get_note', 'params': {'note_id': 'c216fe9f-591f-4616-a21c-813aff198c85'}}
[2026-05-26 16:45:45] [Middleware] 接收到消息 - 主题: query/response, 内容: {'status': 'success', 'data': {'id': 'c216fe9f-591f-4616-a21c-813aff198c85', 'title': '333', 'content': '333', 'author': 'guest', 'created_at': None, 'likes': 16, 'comments': 1, 'heat': 44, 'status': 'approved'}, 'query_id': '1779785145.652647'}
[2026-05-26 16:45:45] [Middleware] 分发消息 - 主题: query/response, 内容: {'status': 'success', 'data': {'id': 'c216fe9f-591f-4616-a21c-813aff198c85', 'title': '333', 'content': '333', 'author': 'guest', 'created_at': None, 'likes': 16, 'comments': 1, 'heat': 44, 'status': 'approved'}, 'query_id': '1779785145.652647'}
[2026-05-26 16:45:45] [Middleware] 接收到查询请求放入队列 - ID: 1779785145.8599803, 类型: get_comments
[2026-05-26 16:45:45] [Middleware] 分发查询请求 - 主题: query/request, 内容: {'query_id': '1779785145.8599803', 'query_type': 'get_comments', 'params': {'note_id': 'c216fe9f-591f-4616-a21c-813aff198c85'}}
[2026-05-26 16:45:45] [Middleware] 接收到消息 - 主题: query/response, 内容: {'status': 'success', 'data': [{'id': 'eaa0cf99-4632-4741-a1b3-471fb44b9f87', 'note_id': 'c216fe9f-591f-4616-a21c-813aff198c85', 'user_id': 'guest', 'content': '123213321', 'created_at': '2026-05-26T16:25:59.468515'}], 'query_id': '1779785145.8599803'}
[2026-05-26 16:45:46] [Middleware] 分发消息 - 主题: query/response, 内容: {'status': 'success', 'data': [{'id': 'eaa0cf99-4632-4741-a1b3-471fb44b9f87', 'note_id': 'c216fe9f-591f-4616-a21c-813aff198c85', 'user_id': 'guest', 'content': '123213321', 'created_at': '2026-05-26T16:25:59.468515'}], 'query_id': '1779785145.8599803'}
[2026-05-26 16:45:46] [Middleware] 接收到查询请求放入队列 - ID: 1779785146.082728, 类型: get_like_count
[2026-05-26 16:45:46] [Middleware] 分发查询请求 - 主题: query/request, 内容: {'query_id': '1779785146.082728', 'query_type': 'get_like_count', 'params': {'note_id': 'c216fe9f-591f-4616-a21c-813aff198c85'}}
[2026-05-26 16:45:46] [Middleware] 接收到消息 - 主题: query/response, 内容: {'status': 'success', 'data': 16, 'query_id': '1779785146.082728'}
[2026-05-26 16:45:46] [Middleware] 分发消息 - 主题: query/response, 内容: {'status': 'success', 'data': 16, 'query_id': '1779785146.082728'}
[2026-05-26 16:45:54] [Middleware] 接收到查询请求放入队列 - ID: 1779785154.62135, 类型: get_note
[2026-05-26 16:45:54] [Middleware] 分发查询请求 - 主题: query/request, 内容: {'query_id': '1779785154.62135', 'query_type': 'get_note', 'params': {'note_id': 'c216fe9f-591f-4616-a21c-813aff198c85'}}
[2026-05-26 16:45:54] [Middleware] 接收到消息 - 主题: query/response, 内容: {'status': 'success', 'data': {'id': 'c216fe9f-591f-4616-a21c-813aff198c85', 'title': '333', 'content': '333', 'author': 'guest', 'created_at': None, 'likes': 16, 'comments': 1, 'heat': 47, 'status': 'approved'}, 'query_id': '1779785154.62135'}
[2026-05-26 16:45:54] [Middleware] 分发消息 - 主题: query/response, 内容: {'status': 'success', 'data': {'id': 'c216fe9f-591f-4616-a21c-813aff198c85', 'title': '333', 'content': '333', 'author': 'guest', 'created_at': None, 'likes': 16, 'comments': 1, 'heat': 47, 'status': 'approved'}, 'query_id': '1779785154.62135'}
[2026-05-26 16:45:54] [Middleware] 接收到查询请求放入队列 - ID: 1779785154.8438392, 类型: get_comments
[2026-05-26 16:45:54] [Middleware] 分发查询请求 - 主题: query/request, 内容: {'query_id': '1779785154.8438392', 'query_type': 'get_comments', 'params': {'note_id': 'c216fe9f-591f-4616-a21c-813aff198c85'}}
[2026-05-26 16:45:54] [Middleware] 接收到消息 - 主题: query/response, 内容: {'status': 'success', 'data': [{'id': 'eaa0cf99-4632-4741-a1b3-471fb44b9f87', 'note_id': 'c216fe9f-591f-4616-a21c-813aff198c85', 'user_id': 'guest', 'content': '123213321', 'created_at': '2026-05-26T16:25:59.468515'}], 'query_id': '1779785154.8438392'}
[2026-05-26 16:45:55] [Middleware] 分发消息 - 主题: query/response, 内容: {'status': 'success', 'data': [{'id': 'eaa0cf99-4632-4741-a1b3-471fb44b9f87', 'note_id': 'c216fe9f-591f-4616-a21c-813aff198c85', 'user_id': 'guest', 'content': '123213321', 'created_at': '2026-05-26T16:25:59.468515'}], 'query_id': '1779785154.8438392'}
[2026-05-26 16:45:55] [Middleware] 接收到查询请求放入队列 - ID: 1779785155.0685852, 类型: get_like_count
[2026-05-26 16:45:55] [Middleware] 分发查询请求 - 主题: query/request, 内容: {'query_id': '1779785155.0685852', 'query_type': 'get_like_count', 'params': {'note_id': 'c216fe9f-591f-4616-a21c-813aff198c85'}}
[2026-05-26 16:45:55] [Middleware] 接收到消息 - 主题: query/response, 内容: {'status': 'success', 'data': 16, 'query_id': '1779785155.0685852'}
[2026-05-26 16:45:55] [Middleware] 分发消息 - 主题: query/response, 内容: {'status': 'success', 'data': 16, 'query_id': '1779785155.0685852'}
