[2026-05-26 16:45:27] [Producer] 已连接到中间件 127.0.0.1:5001
[2026-05-26 16:45:32] [Producer] 已发送消息 - 主题: query/response, 内容: {'status': 'success', 'data': [{'id': 'a16394cd-45b4-45aa-b129-b92a54fd46a8', 'title': '123', 'content': '123', 'author': 'guest', 'created_at': None, 'likes': 5, 'comments': 0, 'heat': 19, 'status': 'approved'}, {'id': 'c216fe9f-591f-4616-a21c-813aff198c85', 'title': '333', 'content': '333', 'author': 'guest', 'created_at': None, 'likes': 16, 'comments': 1, 'heat': 35, 'status': 'approved'}, {'id': '4cbd6681-8b0d-4de1-ada9-9bf2900a8573', 'title': '111', 'content': '1111', 'author': 'guest', 'created_at': None, 'likes': 0, 'comments': 0, 'heat': 0, 'status': 'approved'}, {'id': 'f4e8c84e-0b91-4105-a36e-701623db2646', 'title': '123', 'content': '123', 'author': 'guest', 'created_at': None, 'likes': 0, 'comments': 0, 'heat': 0, 'status': 'approved'}, {'id': '1da6e627-985d-4349-812a-e7e417697b1d', 'title': '324', 'content': '432', 'author': 'guest', 'created_at': None, 'likes': 0, 'comments': 0, 'heat': 0, 'status': 'approved'}, {'id': 'f5ccadc4-9790-4523-8d87-fe7fa42b9ea3', 'title': '888', 'content': '888', 'author': 'guest', 'created_at': None, 'likes': 5, 'comments': 0, 'heat': 10, 'status': 'approved'}, {'id': '16e53912-a6f0-495d-aa52-e962e746dfa1', 'title': '123222', 'content': 'qqwe', 'author': 'guest', 'created_at': None, 'likes': 0, 'comments': 0, 'heat': 0, 'status': 'approved'}, {'id': '53c9ac4a-4bcf-48f1-9134-31f0a1a32c6a', 'title': '546445654', 'content': '4564', 'author': 'guest', 'created_at': None, 'likes': 0, 'comments': 0, 'heat': 0, 'status': 'approved'}], 'query_id': '1779785132.7428234'}
[2026-05-26 16:45:34] [Producer] 已发送消息 - 主题: query/response, 内容: {'status': 'success', 'data': {'id': 'c216fe9f-591f-4616-a21c-813aff198c85', 'title': '333', 'content': '333', 'author': 'guest', 'created_at': None, 'likes': 16, 'comments': 1, 'heat': 35, 'status': 'approved'}, 'query_id': '1779785134.7182965'}
[2026-05-26 16:45:35] [Producer] 已发送消息 - 主题: query/response, 内容: {'status': 'success', 'data': [{'id': 'eaa0cf99-4632-4741-a1b3-471fb44b9f87', 'note_id': 'c216fe9f-591f-4616-a21c-813aff198c85', 'user_id': 'guest', 'content': '123213321', 'created_at': '2026-05-26T16:25:59.468515'}], 'query_id': '1779785135.0427427'}
[2026-05-26 16:45:35] [Producer] 已发送消息 - 主题: query/response, 内容: {'status': 'success', 'data': 16, 'query_id': '1779785135.278148'}
[2026-05-26 16:45:36] [Producer] 已连接到中间件 127.0.0.1:5001
[2026-05-26 16:45:36] [Producer] 已发送消息 - 主题: note/like, 内容: {'note_id': 'c216fe9f-591f-4616-a21c-813aff198c85', 'user_id': 'guest'}
[2026-05-26 16:45:36] [Producer] 已发送消息 - 主题: query/response, 内容: {'status': 'success', 'data': {'id': 'c216fe9f-591f-4616-a21c-813aff198c85', 'title': '333', 'content': '333', 'author': 'guest', 'created_at': None, 'likes': 16, 'comments': 1, 'heat': 35, 'status': 'approved'}, 'query_id': '1779785136.5993772'}
[2026-05-26 16:45:36] [Producer] 已发送消息 - 主题: query/response, 内容: {'status': 'success', 'data': [{'id': 'eaa0cf99-4632-4741-a1b3-471fb44b9f87', 'note_id': 'c216fe9f-591f-4616-a21c-813aff198c85', 'user_id': 'guest', 'content': '123213321', 'created_at': '2026-05-26T16:25:59.468515'}], 'query_id': '1779785136.8246787'}
[2026-05-26 16:45:36] [Producer] 已发送消息 - 主题: query/response, 内容: {'status': 'success', 'data': 16, 'query_id': '1779785136.9318395'}
[2026-05-26 16:45:38] [Producer] 已发送消息 - 主题: note/like, 内容: {'note_id': 'c216fe9f-591f-4616-a21c-813aff198c85', 'user_id': 'guest'}
[2026-05-26 16:45:38] [Producer] 已发送消息 - 主题: query/response, 内容: {'status': 'success', 'data': {'id': 'c216fe9f-591f-4616-a21c-813aff198c85', 'title': '333', 'content': '333', 'author': 'guest', 'created_at': None, 'likes': 16, 'comments': 1, 'heat': 39, 'status': 'approved'}, 'query_id': '1779785138.293969'}
[2026-05-26 16:45:38] [Producer] 已发送消息 - 主题: query/response, 内容: {'status': 'success', 'data': [{'id': 'eaa0cf99-4632-4741-a1b3-471fb44b9f87', 'note_id': 'c216fe9f-591f-4616-a21c-813aff198c85', 'user_id': 'guest', 'content': '123213321', 'created_at': '2026-05-26T16:25:59.468515'}], 'query_id': '1779785138.5133908'}
[2026-05-26 16:45:38] [Producer] 已发送消息 - 主题: query/response, 内容: {'status': 'success', 'data': 16, 'query_id': '1779785138.730663'}
[2026-05-26 16:45:39] [Producer] 已发送消息 - 主题: note/like, 内容: {'note_id': 'c216fe9f-591f-4616-a21c-813aff198c85', 'user_id': 'guest'}
[2026-05-26 16:45:39] [Producer] 已发送消息 - 主题: query/response, 内容: {'status': 'success', 'data': {'id': 'c216fe9f-591f-4616-a21c-813aff198c85', 'title': '333', 'content': '333', 'author': 'guest', 'created_at': None, 'likes': 16, 'comments': 1, 'heat': 39, 'status': 'approved'}, 'query_id': '1779785139.5337033'}
[2026-05-26 16:45:39] [Producer] 已发送消息 - 主题: query/response, 内容: {'status': 'success', 'data': [{'id': 'eaa0cf99-4632-4741-a1b3-471fb44b9f87', 'note_id': 'c216fe9f-591f-4616-a21c-813aff198c85', 'user_id': 'guest', 'content': '123213321', 'created_at': '2026-05-26T16:25:59.468515'}], 'query_id': '1779785139.6440854'}
[2026-05-26 16:45:39] [Producer] 已发送消息 - 主题: query/response, 内容: {'status': 'success', 'data': 16, 'query_id': '1779785139.7622907'}
[2026-05-26 16:45:42] [Producer] 已发送消息 - 主题: note/comment, 内容: {'note_id': 'c216fe9f-591f-4616-a21c-813aff198c85', 'user_id': 'guest', 'comment_text': '2222'}
[2026-05-26 16:45:42] [Producer] 已发送消息 - 主题: query/response, 内容: {'status': 'success', 'data': {'id': 'c216fe9f-591f-4616-a21c-813aff198c85', 'title': '333', 'content': '333', 'author': 'guest', 'created_at': None, 'likes': 16, 'comments': 1, 'heat': 41, 'status': 'approved'}, 'query_id': '1779785142.343634'}
[2026-05-26 16:45:42] [Producer] 已发送消息 - 主题: query/response, 内容: {'status': 'success', 'data': [{'id': 'eaa0cf99-4632-4741-a1b3-471fb44b9f87', 'note_id': 'c216fe9f-591f-4616-a21c-813aff198c85', 'user_id': 'guest', 'content': '123213321', 'created_at': '2026-05-26T16:25:59.468515'}], 'query_id': '1779785142.458262'}
[2026-05-26 16:45:42] [Producer] 已发送消息 - 主题: query/response, 内容: {'status': 'success', 'data': 16, 'query_id': '1779785142.5676062'}
[2026-05-26 16:45:45] [Producer] 已发送消息 - 主题: note/comment, 内容: {'note_id': 'c216fe9f-591f-4616-a21c-813aff198c85', 'user_id': 'guest', 'comment_text': '2222'}
[2026-05-26 16:45:45] [Producer] 已发送消息 - 主题: query/response, 内容: {'status': 'success', 'data': {'id': 'c216fe9f-591f-4616-a21c-813aff198c85', 'title': '333', 'content': '333', 'author': 'guest', 'created_at': None, 'likes': 16, 'comments': 1, 'heat': 44, 'status': 'approved'}, 'query_id': '1779785145.652647'}
[2026-05-26 16:45:45] [Producer] 已发送消息 - 主题: query/response, 内容: {'status': 'success', 'data': [{'id': 'eaa0cf99-4632-4741-a1b3-471fb44b9f87', 'note_id': 'c216fe9f-591f-4616-a21c-813aff198c85', 'user_id': 'guest', 'content': '123213321', 'created_at': '2026-05-26T16:25:59.468515'}], 'query_id': '1779785145.8599803'}
[2026-05-26 16:45:46] [Producer] 已发送消息 - 主题: query/response, 内容: {'status': 'success', 'data': 16, 'query_id': '1779785146.082728'}
[2026-05-26 16:45:54] [Producer] 已发送消息 - 主题: query/response, 内容: {'status': 'success', 'data': {'id': 'c216fe9f-591f-4616-a21c-813aff198c85', 'title': '333', 'content': '333', 'author': 'guest', 'created_at': None, 'likes': 16, 'comments': 1, 'heat': 47, 'status': 'approved'}, 'query_id': '1779785154.62135'}
[2026-05-26 16:45:54] [Producer] 已发送消息 - 主题: query/response, 内容: {'status': 'success', 'data': [{'id': 'eaa0cf99-4632-4741-a1b3-471fb44b9f87', 'note_id': 'c216fe9f-591f-4616-a21c-813aff198c85', 'user_id': 'guest', 'content': '123213321', 'created_at': '2026-05-26T16:25:59.468515'}], 'query_id': '1779785154.8438392'}
[2026-05-26 16:45:55] [Producer] 已发送消息 - 主题: query/response, 内容: {'status': 'success', 'data': 16, 'query_id': '1779785155.0685852'}
